#
# A fatal error has been detected by the Java Runtime Environment:
#
#  SIGSEGV (0xb) at pc=0x00007fff8afd20dd, pid=87300, tid=1811
#
# JRE version: Java(TM) SE Runtime Environment (8.0_71-b15) (build 1.8.0_71-b15)
# Java VM: Java HotSpot(TM) 64-Bit Server VM (25.71-b15 mixed mode bsd-amd64 compressed oops)
# Problematic frame:
# C  [libobjc.A.dylib+0x10dd]  objc_msgSend+0x1d
#
# Failed to write core dump. Core dumps have been disabled. To enable core dumping, try "ulimit -c unlimited" before starting Java again
#
# If you would like to submit a bug report, please visit:
#   http://bugreport.java.com/bugreport/crash.jsp
# The crash happened outside the Java Virtual Machine in native code.
# See problematic frame for where to report the bug.
#

---------------  T H R E A D  ---------------

Current thread (0x00007fee540b9000):  JavaThread "AWT-AppKit" daemon [_thread_in_native, id=1811, stack(0x00007fff51060000,0x00007fff51860000)]

siginfo: si_signo: 11 (SIGSEGV), si_code: 1 (SEGV_MAPERR), si_addr: 0x0000000000000018

Registers:
RAX=0x00007fee58621430, RBX=0x0000000179ad53b0, RCX=0x000000012c6c3ee0, RDX=0x000000012c6c3160
RSP=0x00007fff5185b458, RBP=0x00007fff5185b510, RSI=0x00007fff8635640f, RDI=0x00007fee5861fae0
R8 =0x0000000000000000, R9 =0x0000000000000f50, R10=0x00007fff8635640f, R11=0x0000000000000000
R12=0x0000000000000000, R13=0x000000017b779ce0, R14=0x0000000179ad53a0, R15=0x00007fee540b9000
RIP=0x00007fff8afd20dd, EFLAGS=0x0000000000010246, ERR=0x0000000000000004
  TRAPNO=0x000000000000000e

Top of Stack: (sp=0x00007fff5185b458)
0x00007fff5185b458:   0000000179ad35d7 00007fff5185b4b0
0x00007fff5185b468:   0000000000000003 00007fff5185b490
0x00007fff5185b478:   000000010eff0d66 000000017b779ce0
0x00007fff5185b488:   000000017b779ce0 00007fee58621430
0x00007fff5185b498:   0000000179ad55c0 0000000179ad5640
0x00007fff5185b4a8:   0000000179ad53b0 00007fff7464d550
0x00007fff5185b4b8:   0000000179ad55d0 00007fff757fec80
0x00007fff5185b4c8:   00007fee58621430 00007fee5861fae0
0x00007fff5185b4d8:   00007fee53d58180 00007fee58621430
0x00007fff5185b4e8:   00007fee5861fae0 00007fff5185b598
0x00007fff5185b4f8:   00007fee540b91f8 000000017b779ce0
0x00007fff5185b508:   00007fff5185b5c0 00007fff5185b588
0x00007fff5185b518:   000000010fdb5954 000000017b779ce0
0x00007fff5185b528:   00007fff5185b5c0 00007fff5185b588
0x00007fff5185b538:   000000010fdb56e7 000000010fdb56a2
0x00007fff5185b548:   00007fff5185b548 000000017b779ce0
0x00007fff5185b558:   00007fff5185b5c0 000000017b77c4d0
0x00007fff5185b568:   0000000000000000 000000017b779ce0
0x00007fff5185b578:   0000000000000000 00007fff5185b5a8
0x00007fff5185b588:   00007fff5185b608 000000010fda7c4d
0x00007fff5185b598:   00000007813ca760 000000010fdaf578
0x00007fff5185b5a8:   00007fee58621430 00007fff5185b608
0x00007fff5185b5b8:   00007fee5861fae0 000000010fdb0d82
0x00007fff5185b5c8:   00007fff5185b5c8 000000017b779eaa
0x00007fff5185b5d8:   00007fff5185b630 000000017b77c4d0
0x00007fff5185b5e8:   0000000000000000 000000017b779eb8
0x00007fff5185b5f8:   00007fff5185b5a8 00007fff5185b618
0x00007fff5185b608:   00007fff5185b678 000000010fda7c4d
0x00007fff5185b618:   00007fee58621430 000000078139a608
0x00007fff5185b628:   00007fee5861fae0 000000078139a608
0x00007fff5185b638:   00007fff5185b638 0000000180f6a636
0x00007fff5185b648:   00007fff5185b688 0000000180f6a6f0 

Instructions: (pc=0x00007fff8afd20dd)
0x00007fff8afd20bd:   00 00 00 48 85 ff 2e 74 7a 40 f6 c7 01 2e 75 7e
0x00007fff8afd20cd:   49 bb f8 ff ff ff ff 7f 00 00 4c 23 1f 49 89 f2
0x00007fff8afd20dd:   45 23 53 18 49 c1 e2 04 4d 03 53 10 49 3b 32 75
0x00007fff8afd20ed:   04 41 ff 62 08 49 83 3a 00 74 6a 4d 3b 53 10 74 

Register to memory mapping:

RAX=0x00007fee58621430 is an unknown value
RBX=0x0000000179ad53b0: Java_jogamp_nativewindow_macosx_OSXUtil_GetScreenRefreshRate0+0x1850 in /private/var/folders/s4/ngcr_7ss02bdrtqp5hllhg2r0000gn/T/jogamp_0000/file_cache/jln6742688025253061045/jln3033663942717878432/libnativewindow_macosx.jnilib at 0x0000000179ace000
RCX=0x000000012c6c3ee0 is an unknown value
RDX=0x000000012c6c3160 is an unknown value
RSP=0x00007fff5185b458 is pointing into the stack for thread: 0x00007fee540b9000
RBP=0x00007fff5185b510 is pointing into the stack for thread: 0x00007fee540b9000
RSI=0x00007fff8635640f is an unknown value
RDI=0x00007fee5861fae0 is an unknown value
R8 =0x0000000000000000 is an unknown value
R9 =0x0000000000000f50 is an unknown value
R10=0x00007fff8635640f is an unknown value
R11=0x0000000000000000 is an unknown value
R12=0x0000000000000000 is an unknown value
R13={method} {0x000000017b779ce0} 'UnsetJAWTRootSurfaceLayer0' '(JJ)V' in 'jogamp/nativewindow/jawt/macosx/MacOSXJAWTWindow'
R14=0x0000000179ad53a0: Java_jogamp_nativewindow_macosx_OSXUtil_GetScreenRefreshRate0+0x1840 in /private/var/folders/s4/ngcr_7ss02bdrtqp5hllhg2r0000gn/T/jogamp_0000/file_cache/jln6742688025253061045/jln3033663942717878432/libnativewindow_macosx.jnilib at 0x0000000179ace000
R15=0x00007fee540b9000 is a thread


Stack: [0x00007fff51060000,0x00007fff51860000],  sp=0x00007fff5185b458,  free space=8173k
Native frames: (J=compiled Java code, j=interpreted, Vv=VM code, C=native code)
C  [libobjc.A.dylib+0x10dd]  objc_msgSend+0x1d
j  jogamp.nativewindow.jawt.macosx.MacOSXJAWTWindow.UnsetJAWTRootSurfaceLayer0(JJ)V+0
j  jogamp.nativewindow.jawt.macosx.MacOSXJAWTWindow.access$200(JJ)V+2
j  jogamp.nativewindow.jawt.macosx.MacOSXJAWTWindow$1.run()V+38
J 2221 C1 com.jogamp.common.util.RunnableTask.run()V (345 bytes) @ 0x000000011044b9d4 [0x000000011044b840+0x194]
v  ~StubRoutines::call_stub
V  [libjvm.dylib+0x2ea59a]  JavaCalls::call_helper(JavaValue*, methodHandle*, JavaCallArguments*, Thread*)+0x6ae
V  [libjvm.dylib+0x3216a3]  jni_invoke_nonstatic(JNIEnv_*, JavaValue*, _jobject*, JNICallType, _jmethodID*, JNI_ArgumentPusher*, Thread*)+0x2ec
V  [libjvm.dylib+0x313e77]  jni_CallVoidMethod+0x16b
C  [libnativewindow_macosx.jnilib+0x57ae]  Java_jogamp_nativewindow_jawt_macosx_MacOSXJAWTWindow_UnsetJAWTRootSurfaceLayer0+0x2be
C  [Foundation+0x92dd0]  __NSThreadPerformPerform+0x125
C  [CoreFoundation+0x80a01]  __CFRUNLOOP_IS_CALLING_OUT_TO_A_SOURCE0_PERFORM_FUNCTION__+0x11
C  [CoreFoundation+0x72c5c]  __CFRunLoopDoSources0+0x1dc
C  [CoreFoundation+0x721bf]  __CFRunLoopRun+0x39f
C  [CoreFoundation+0x71bd8]  CFRunLoopRunSpecific+0x128
C  [HIToolbox+0x3256f]  RunCurrentEventLoopInMode+0xeb
C  [HIToolbox+0x321ee]  ReceiveNextEventCommon+0xb3
C  [HIToolbox+0x3212b]  _BlockUntilNextEventMatchingListInModeWithFilter+0x47
C  [AppKit+0x918ab]  _DPSNextEvent+0x3d2
C  [AppKit+0x90e58]  -[NSApplication nextEventMatchingMask:untilDate:inMode:dequeue:]+0x15a
C  [libosxapp.dylib+0x23aa]  -[NSApplicationAWT nextEventMatchingMask:untilDate:inMode:dequeue:]+0x7c
C  [AppKit+0x86af3]  -[NSApplication run]+0x252
C  [libosxapp.dylib+0x214d]  +[NSApplicationAWT runAWTLoopWithApp:]+0x9c
C  [libawt_lwawt.dylib+0x4455b]  -[AWTStarter starter:]+0x389
C  [Foundation+0x92dd0]  __NSThreadPerformPerform+0x125
C  [CoreFoundation+0x80a01]  __CFRUNLOOP_IS_CALLING_OUT_TO_A_SOURCE0_PERFORM_FUNCTION__+0x11
C  [CoreFoundation+0x72b8d]  __CFRunLoopDoSources0+0x10d
C  [CoreFoundation+0x721bf]  __CFRunLoopRun+0x39f
C  [CoreFoundation+0x71bd8]  CFRunLoopRunSpecific+0x128
C  [java+0x6463]  CreateExecutionEnvironment+0x367
C  [java+0x21ac]  JLI_Launch+0x7a0
C  [java+0x84c0]  main+0x65
C  [java+0x1a04]  start+0x34
C  0x0000000000000007

Java frames: (J=compiled Java code, j=interpreted, Vv=VM code)
j  jogamp.nativewindow.jawt.macosx.MacOSXJAWTWindow.UnsetJAWTRootSurfaceLayer0(JJ)V+0
j  jogamp.nativewindow.jawt.macosx.MacOSXJAWTWindow.access$200(JJ)V+2
j  jogamp.nativewindow.jawt.macosx.MacOSXJAWTWindow$1.run()V+38
J 2221 C1 com.jogamp.common.util.RunnableTask.run()V (345 bytes) @ 0x000000011044b9d4 [0x000000011044b840+0x194]
v  ~StubRoutines::call_stub

---------------  P R O C E S S  ---------------

Java Threads: ( => current thread )
  0x00007fee59004800 JavaThread "Thread-33" [_thread_blocked, id=25451, stack(0x0000000181e49000,0x0000000181f49000)]
  0x00007fee54bb5000 JavaThread "Animation Thread" [_thread_blocked, id=57375, stack(0x0000000179c15000,0x0000000179d15000)]
  0x00007fee54bb3800 JavaThread "AWT-EventQueue-1" [_thread_in_native, id=57871, stack(0x000000017a09c000,0x000000017a19c000)]
  0x00007fee559ad000 JavaThread "DestroyJavaVM" [_thread_blocked, id=4867, stack(0x000000010e4b7000,0x000000010e5b7000)]
  0x00007fee54a57800 JavaThread "AWT-EventQueue-0" [_thread_blocked, id=55303, stack(0x000000012c766000,0x000000012c866000)]
  0x00007fee5417e800 JavaThread "Java2D Disposer" daemon [_thread_blocked, id=51223, stack(0x000000012b0b4000,0x000000012b1b4000)]
  0x00007fee54a0d000 JavaThread "Java2D Queue Flusher" daemon [_thread_blocked, id=49927, stack(0x000000012a02b000,0x000000012a12b000)]
  0x00007fee5485a800 JavaThread "AWT-Shutdown" [_thread_blocked, id=28179, stack(0x00000001275fb000,0x00000001276fb000)]
=>0x00007fee540b9000 JavaThread "AWT-AppKit" daemon [_thread_in_native, id=1811, stack(0x00007fff51060000,0x00007fff51860000)]
  0x00007fee54024000 JavaThread "Service Thread" daemon [_thread_blocked, id=18179, stack(0x00000001255e4000,0x00000001256e4000)]
  0x00007fee5482f000 JavaThread "C1 CompilerThread2" daemon [_thread_blocked, id=17667, stack(0x00000001254e1000,0x00000001255e1000)]
  0x00007fee5482e800 JavaThread "C2 CompilerThread1" daemon [_thread_blocked, id=17155, stack(0x00000001253de000,0x00000001254de000)]
  0x00007fee5481c800 JavaThread "C2 CompilerThread0" daemon [_thread_blocked, id=16643, stack(0x00000001252db000,0x00000001253db000)]
  0x00007fee5480b000 JavaThread "Signal Dispatcher" daemon [_thread_blocked, id=13331, stack(0x00000001251d8000,0x00000001252d8000)]
  0x00007fee5401a000 JavaThread "Finalizer" daemon [_thread_blocked, id=11523, stack(0x00000001237ac000,0x00000001238ac000)]
  0x00007fee54019800 JavaThread "Reference Handler" daemon [_thread_blocked, id=11011, stack(0x00000001236a9000,0x00000001237a9000)]

Other Threads:
  0x00007fee54814000 VMThread [stack: 0x00000001235a6000,0x00000001236a6000] [id=10499]
  0x00007fee55809000 WatcherThread [stack: 0x00000001256e7000,0x00000001257e7000] [id=18691]

VM state:not at safepoint (normal execution)

VM Mutex/Monitor currently owned by a thread: None

Heap:
 PSYoungGen      total 75264K, used 19996K [0x00000007aab00000, 0x00000007afe00000, 0x00000007c0000000)
  eden space 65536K, 23% used [0x00000007aab00000,0x00000007ab9e7018,0x00000007aeb00000)
  from space 9728K, 48% used [0x00000007af480000,0x00000007af920120,0x00000007afe00000)
  to   space 9728K, 0% used [0x00000007aeb00000,0x00000007aeb00000,0x00000007af480000)
 ParOldGen       total 44032K, used 20716K [0x0000000780000000, 0x0000000782b00000, 0x00000007aab00000)
  object space 44032K, 47% used [0x0000000780000000,0x000000078143b1d8,0x0000000782b00000)
 Metaspace       used 19463K, capacity 19657K, committed 19968K, reserved 1067008K
  class space    used 1912K, capacity 1981K, committed 2048K, reserved 1048576K

Card table byte_map: [0x000000011f160000,0x000000011f361000] byte_map_base: 0x000000011b560000

Marking Bits: (ParMarkBitMap*) 0x000000010f6e3ea0
 Begin Bits: [0x000000011f8c3000, 0x00000001208c3000)
 End Bits:   [0x00000001208c3000, 0x00000001218c3000)

Polling page: 0x000000010e5fc000

CodeCache: size=245760Kb used=7367Kb max_used=7380Kb free=238392Kb
 bounds [0x000000010fda0000, 0x00000001104e0000, 0x000000011eda0000]
 total_blobs=3047 nmethods=2163 adapters=798
 compilation: enabled

Compilation events (10 events):
Event: 16.242 Thread 0x00007fee5481c800 2379       4       sun.java2d.pipe.Region::isInsideQuickCheck (57 bytes)
Event: 16.243 Thread 0x00007fee5481c800 nmethod 2379 0x00000001104d8ed0 code [0x00000001104d9020, 0x00000001104d9118]
Event: 16.453 Thread 0x00007fee5482e800 2380       4       processing.opengl.PJOGL::depthMask (11 bytes)
Event: 16.457 Thread 0x00007fee5482e800 nmethod 2380 0x00000001104d8a10 code [0x00000001104d8b80, 0x00000001104d8ce8]
Event: 16.602 Thread 0x00007fee5481c800 2381  s!   4       sun.misc.URLClassPath::getLoader (197 bytes)
Event: 16.603 Thread 0x00007fee5482e800 2382  s    4       sun.misc.URLClassPath::getNextLoader (88 bytes)
Event: 16.604 Thread 0x00007fee5482f000 2383   !   3       sun.lwawt.LWComponentPeer::isShowing (49 bytes)
Event: 16.606 Thread 0x00007fee5482f000 nmethod 2383 0x00000001104d7cd0 code [0x00000001104d7e80, 0x00000001104d8768]
Event: 16.611 Thread 0x00007fee5481c800 nmethod 2381 0x00000001104dae10 code [0x00000001104daf80, 0x00000001104db758]
Event: 16.611 Thread 0x00007fee5482e800 nmethod 2382 0x00000001104dda10 code [0x00000001104ddb80, 0x00000001104de2f8]

GC Heap History (10 events):
Event: 4.304 GC heap before
{Heap before GC invocations=4 (full 0):
 PSYoungGen      total 18944K, used 18803K [0x00000007aab00000, 0x00000007ac000000, 0x00000007c0000000)
  eden space 16384K, 99% used [0x00000007aab00000,0x00000007abae06e8,0x00000007abb00000)
  from space 2560K, 99% used [0x00000007abb00000,0x00000007abd7c768,0x00000007abd80000)
  to   space 2560K, 0% used [0x00000007abd80000,0x00000007abd80000,0x00000007ac000000)
 ParOldGen       total 44032K, used 9764K [0x0000000780000000, 0x0000000782b00000, 0x00000007aab00000)
  object space 44032K, 22% used [0x0000000780000000,0x0000000780989358,0x0000000782b00000)
 Metaspace       used 18526K, capacity 18751K, committed 18944K, reserved 1067008K
  class space    used 1886K, capacity 1980K, committed 2048K, reserved 1048576K
Event: 4.313 GC heap after
Heap after GC invocations=4 (full 0):
 PSYoungGen      total 18944K, used 2544K [0x00000007aab00000, 0x00000007ad000000, 0x00000007c0000000)
  eden space 16384K, 0% used [0x00000007aab00000,0x00000007aab00000,0x00000007abb00000)
  from space 2560K, 99% used [0x00000007abd80000,0x00000007abffc050,0x00000007ac000000)
  to   space 2560K, 0% used [0x00000007abb00000,0x00000007abb00000,0x00000007abd80000)
 ParOldGen       total 44032K, used 15808K [0x0000000780000000, 0x0000000782b00000, 0x00000007aab00000)
  object space 44032K, 35% used [0x0000000780000000,0x0000000780f701b0,0x0000000782b00000)
 Metaspace       used 18526K, capacity 18751K, committed 18944K, reserved 1067008K
  class space    used 1886K, capacity 1980K, committed 2048K, reserved 1048576K
}
Event: 4.569 GC heap before
{Heap before GC invocations=5 (full 0):
 PSYoungGen      total 18944K, used 18928K [0x00000007aab00000, 0x00000007ad000000, 0x00000007c0000000)
  eden space 16384K, 100% used [0x00000007aab00000,0x00000007abb00000,0x00000007abb00000)
  from space 2560K, 99% used [0x00000007abd80000,0x00000007abffc050,0x00000007ac000000)
  to   space 2560K, 0% used [0x00000007abb00000,0x00000007abb00000,0x00000007abd80000)
 ParOldGen       total 44032K, used 15808K [0x0000000780000000, 0x0000000782b00000, 0x00000007aab00000)
  object space 44032K, 35% used [0x0000000780000000,0x0000000780f701b0,0x0000000782b00000)
 Metaspace       used 18627K, capacity 18883K, committed 19200K, reserved 1067008K
  class space    used 1886K, capacity 1980K, committed 2048K, reserved 1048576K
Event: 4.577 GC heap after
Heap after GC invocations=5 (full 0):
 PSYoungGen      total 18944K, used 2528K [0x00000007aab00000, 0x00000007ae000000, 0x00000007c0000000)
  eden space 16384K, 0% used [0x00000007aab00000,0x00000007aab00000,0x00000007abb00000)
  from space 2560K, 98% used [0x00000007abb00000,0x00000007abd78020,0x00000007abd80000)
  to   space 10752K, 0% used [0x00000007ad580000,0x00000007ad580000,0x00000007ae000000)
 ParOldGen       total 44032K, used 18744K [0x0000000780000000, 0x0000000782b00000, 0x00000007aab00000)
  object space 44032K, 42% used [0x0000000780000000,0x000000078124e2e0,0x0000000782b00000)
 Metaspace       used 18627K, capacity 18883K, committed 19200K, reserved 1067008K
  class space    used 1886K, capacity 1980K, committed 2048K, reserved 1048576K
}
Event: 4.857 GC heap before
{Heap before GC invocations=6 (full 0):
 PSYoungGen      total 18944K, used 18740K [0x00000007aab00000, 0x00000007ae000000, 0x00000007c0000000)
  eden space 16384K, 98% used [0x00000007aab00000,0x00000007abad5228,0x00000007abb00000)
  from space 2560K, 98% used [0x00000007abb00000,0x00000007abd78020,0x00000007abd80000)
  to   space 10752K, 0% used [0x00000007ad580000,0x00000007ad580000,0x00000007ae000000)
 ParOldGen       total 44032K, used 18744K [0x0000000780000000, 0x0000000782b00000, 0x00000007aab00000)
  object space 44032K, 42% used [0x0000000780000000,0x000000078124e2e0,0x0000000782b00000)
 Metaspace       used 18688K, capacity 18883K, committed 19200K, reserved 1067008K
  class space    used 1886K, capacity 1980K, committed 2048K, reserved 1048576K
Event: 4.865 GC heap after
Heap after GC invocations=6 (full 0):
 PSYoungGen      total 42496K, used 5506K [0x00000007aab00000, 0x00000007adf00000, 0x00000007c0000000)
  eden space 32768K, 0% used [0x00000007aab00000,0x00000007aab00000,0x00000007acb00000)
  from space 9728K, 56% used [0x00000007ad580000,0x00000007adae0828,0x00000007adf00000)
  to   space 10240K, 0% used [0x00000007acb00000,0x00000007acb00000,0x00000007ad500000)
 ParOldGen       total 44032K, used 18752K [0x0000000780000000, 0x0000000782b00000, 0x00000007aab00000)
  object space 44032K, 42% used [0x0000000780000000,0x00000007812502e0,0x0000000782b00000)
 Metaspace       used 18688K, capacity 18883K, committed 19200K, reserved 1067008K
  class space    used 1886K, capacity 1980K, committed 2048K, reserved 1048576K
}
Event: 8.385 GC heap before
{Heap before GC invocations=7 (full 0):
 PSYoungGen      total 42496K, used 38274K [0x00000007aab00000, 0x00000007adf00000, 0x00000007c0000000)
  eden space 32768K, 100% used [0x00000007aab00000,0x00000007acb00000,0x00000007acb00000)
  from space 9728K, 56% used [0x00000007ad580000,0x00000007adae0828,0x00000007adf00000)
  to   space 10240K, 0% used [0x00000007acb00000,0x00000007acb00000,0x00000007ad500000)
 ParOldGen       total 44032K, used 18752K [0x0000000780000000, 0x0000000782b00000, 0x00000007aab00000)
  object space 44032K, 42% used [0x0000000780000000,0x00000007812502e0,0x0000000782b00000)
 Metaspace       used 19007K, capacity 19267K, committed 19456K, reserved 1067008K
  class space    used 1886K, capacity 1980K, committed 2048K, reserved 1048576K
Event: 8.396 GC heap after
Heap after GC invocations=7 (full 0):
 PSYoungGen      total 43008K, used 5394K [0x00000007aab00000, 0x00000007afe00000, 0x00000007c0000000)
  eden space 32768K, 0% used [0x00000007aab00000,0x00000007aab00000,0x00000007acb00000)
  from space 10240K, 52% used [0x00000007acb00000,0x00000007ad044868,0x00000007ad500000)
  to   space 9728K, 0% used [0x00000007af480000,0x00000007af480000,0x00000007afe00000)
 ParOldGen       total 44032K, used 20071K [0x0000000780000000, 0x0000000782b00000, 0x00000007aab00000)
  object space 44032K, 45% used [0x0000000780000000,0x0000000781399f00,0x0000000782b00000)
 Metaspace       used 19007K, capacity 19267K, committed 19456K, reserved 1067008K
  class space    used 1886K, capacity 1980K, committed 2048K, reserved 1048576K
}
Event: 14.185 GC heap before
{Heap before GC invocations=8 (full 0):
 PSYoungGen      total 43008K, used 38162K [0x00000007aab00000, 0x00000007afe00000, 0x00000007c0000000)
  eden space 32768K, 100% used [0x00000007aab00000,0x00000007acb00000,0x00000007acb00000)
  from space 10240K, 52% used [0x00000007acb00000,0x00000007ad044868,0x00000007ad500000)
  to   space 9728K, 0% used [0x00000007af480000,0x00000007af480000,0x00000007afe00000)
 ParOldGen       total 44032K, used 20071K [0x0000000780000000, 0x0000000782b00000, 0x00000007aab00000)
  object space 44032K, 45% used [0x0000000780000000,0x0000000781399f00,0x0000000782b00000)
 Metaspace       used 19264K, capacity 19459K, committed 19712K, reserved 1067008K
  class space    used 1886K, capacity 1980K, committed 2048K, reserved 1048576K
Event: 14.208 GC heap after
Heap after GC invocations=8 (full 0):
 PSYoungGen      total 75264K, used 4736K [0x00000007aab00000, 0x00000007afe00000, 0x00000007c0000000)
  eden space 65536K, 0% used [0x00000007aab00000,0x00000007aab00000,0x00000007aeb00000)
  from space 9728K, 48% used [0x00000007af480000,0x00000007af920120,0x00000007afe00000)
  to   space 9728K, 0% used [0x00000007aeb00000,0x00000007aeb00000,0x00000007af480000)
 ParOldGen       total 44032K, used 20716K [0x0000000780000000, 0x0000000782b00000, 0x00000007aab00000)
  object space 44032K, 47% used [0x0000000780000000,0x000000078143b1d8,0x0000000782b00000)
 Metaspace       used 19264K, capacity 19459K, committed 19712K, reserved 1067008K
  class space    used 1886K, capacity 1980K, committed 2048K, reserved 1048576K
}

Deoptimization events (10 events):
Event: 2.769 Thread 0x00007fee54bb5000 Uncommon trap: reason=unstable_if action=reinterpret pc=0x000000010ffff414 method=java.lang.String.lastIndexOf([CII[CIII)I @ 66
Event: 2.815 Thread 0x00007fee54bb5000 Uncommon trap: reason=unstable_if action=reinterpret pc=0x000000010ffeed94 method=java.lang.String.indexOf([CII[CIII)I @ 3
Event: 2.815 Thread 0x00007fee54bb5000 Uncommon trap: reason=unstable_if action=reinterpret pc=0x000000010ff5e118 method=java.lang.String.indexOf([CII[CIII)I @ 3
Event: 3.790 Thread 0x00007fee54bb3800 Uncommon trap: reason=unstable_if action=reinterpret pc=0x000000010ff50e10 method=java.lang.AbstractStringBuilder.append(Ljava/lang/String;)Ljava/lang/AbstractStringBuilder; @ 1
Event: 4.014 Thread 0x00007fee54bb3800 Uncommon trap: reason=unstable_if action=reinterpret pc=0x00000001101732fc method=com.jogamp.common.util.IntIntHashMap.get(I)I @ 28
Event: 4.131 Thread 0x00007fee54bb3800 Uncommon trap: reason=unstable_if action=reinterpret pc=0x00000001101e58e8 method=processing.opengl.PGraphicsOpenGL$InGeometry.addVertex(FFFIFFFFFIFIIIFIZ)I @ 218
Event: 4.136 Thread 0x00007fee54bb3800 Uncommon trap: reason=unstable_if action=reinterpret pc=0x00000001101c6724 method=processing.opengl.PGraphicsOpenGL$TessGeometry.setPolyVertex(IFFFIFFFFFIIIFZ)V @ 43
Event: 4.138 Thread 0x00007fee54bb3800 Uncommon trap: reason=unstable_if action=reinterpret pc=0x000000011020bfb0 method=processing.opengl.PGraphicsOpenGL$Tessellator.addLineSegment2D(IIIZZ)I @ 394
Event: 16.567 Thread 0x00007fee5419c800 Uncommon trap: reason=unstable_if action=reinterpret pc=0x000000011019d540 method=java.util.HashMap.putVal(ILjava/lang/Object;Ljava/lang/Object;ZZ)Ljava/lang/Object; @ 81
Event: 16.606 Thread 0x00007fee54a57800 Uncommon trap: reason=unstable_if action=reinterpret pc=0x00000001102debf8 method=java.awt.font.FontRenderContext.equals(Ljava/awt/font/FontRenderContext;)Z @ 2

Internal exceptions (10 events):
Event: 0.199 Thread 0x00007fee54006000 Exception <a 'java/lang/NoSuchFieldError': method resolution failed> (0x00000007aad50530) thrown at [/Users/java_re/workspace/8-2-build-macosx-x86_64/jdk8u71/5731/hotspot/src/share/vm/prims/methodHandles.cpp, line 1146]
Event: 0.201 Thread 0x00007fee54006000 Exception <a 'java/lang/NoSuchFieldError': method resolution failed> (0x00000007aad5dd00) thrown at [/Users/java_re/workspace/8-2-build-macosx-x86_64/jdk8u71/5731/hotspot/src/share/vm/prims/methodHandles.cpp, line 1146]
Event: 0.513 Thread 0x00007fee54006000 Exception <a 'java/io/FileNotFoundException'> (0x00000007aadd9e80) thrown at [/Users/java_re/workspace/8-2-build-macosx-x86_64/jdk8u71/5731/hotspot/src/share/vm/prims/jni.cpp, line 709]
Event: 0.513 Thread 0x00007fee54006000 Exception <a 'java/io/FileNotFoundException'> (0x00000007aadda9c8) thrown at [/Users/java_re/workspace/8-2-build-macosx-x86_64/jdk8u71/5731/hotspot/src/share/vm/prims/jni.cpp, line 709]
Event: 0.635 Thread 0x00007fee54006000 Exception <a 'java/io/FileNotFoundException'> (0x00000007aaec4308) thrown at [/Users/java_re/workspace/8-2-build-macosx-x86_64/jdk8u71/5731/hotspot/src/share/vm/prims/jni.cpp, line 709]
Event: 2.742 Thread 0x00007fee5401a000 Exception <a 'java/lang/NullPointerException'> (0x00000007aab8e770) thrown at [/Users/java_re/workspace/8-2-build-macosx-x86_64/jdk8u71/5731/hotspot/src/share/vm/interpreter/linkResolver.cpp, line 1178]
Event: 2.840 Thread 0x00007fee54bb5000 Exception <a 'java/lang/UnsatisfiedLinkError': com.jogamp.common.util.JarUtil.fixNativeLibAttribs(Ljava/lang/String;)Z> (0x00000007aaf9b238) thrown at [/Users/java_re/workspace/8-2-build-macosx-x86_64/jdk8u71/5731/hotspot/src/share/vm/prims/nativeLookup.c
Event: 3.790 Thread 0x00007fee54bb3800 Exception <a 'java/io/FileNotFoundException'> (0x00000007ab2862d8) thrown at [/Users/java_re/workspace/8-2-build-macosx-x86_64/jdk8u71/5731/hotspot/src/share/vm/prims/jni.cpp, line 709]
Event: 3.790 Thread 0x00007fee54bb3800 Exception <a 'java/io/FileNotFoundException'> (0x00000007ab28d408) thrown at [/Users/java_re/workspace/8-2-build-macosx-x86_64/jdk8u71/5731/hotspot/src/share/vm/prims/jni.cpp, line 709]
Event: 3.790 Thread 0x00007fee54bb3800 Implicit null exception at 0x000000010ff50a73 to 0x000000010ff50dfd

Events (10 events):
Event: 16.605 loading class java/awt/Toolkit$ToolkitEventMulticaster
Event: 16.605 loading class java/awt/Toolkit$ToolkitEventMulticaster done
Event: 16.606 Thread 0x00007fee54a57800 Uncommon trap: trap_request=0xffffff65 fr.pc=0x00000001102debf8
Event: 16.606 Thread 0x00007fee54a57800 DEOPT PACKING pc=0x00000001102debf8 sp=0x000000012c8633a0
Event: 16.606 Thread 0x00007fee54a57800 DEOPT UNPACKING pc=0x000000010fda5229 sp=0x000000012c863360 mode 2
Event: 16.607 Thread 0x00007fee5419c800 Thread exited: 0x00007fee5419c800
Event: 16.608 loading class java/lang/IllegalThreadStateException
Event: 16.608 loading class java/lang/IllegalThreadStateException done
Event: 16.608 loading class java/awt/Window$1DisposeAction
Event: 16.608 loading class java/awt/Window$1DisposeAction done


Dynamic libraries:
0x00000000032e2000 	/System/Library/Frameworks/Cocoa.framework/Versions/A/Cocoa
0x00000000032e2000 	/System/Library/Frameworks/Security.framework/Versions/A/Security
0x00000000032e2000 	/System/Library/Frameworks/ApplicationServices.framework/Versions/A/ApplicationServices
0x00000000032e2000 	/usr/lib/libz.1.dylib
0x00000000032e2000 	/usr/lib/libSystem.B.dylib
0x00000000032e2000 	/usr/lib/libobjc.A.dylib
0x00000000032e2000 	/System/Library/Frameworks/CoreFoundation.framework/Versions/A/CoreFoundation
0x00000000032e2000 	/System/Library/Frameworks/Foundation.framework/Versions/C/Foundation
0x00000000032e2000 	/System/Library/Frameworks/AppKit.framework/Versions/C/AppKit
0x00000000032e2000 	/System/Library/Frameworks/CoreData.framework/Versions/A/CoreData
0x00000000032e2000 	/System/Library/PrivateFrameworks/RemoteViewServices.framework/Versions/A/RemoteViewServices
0x00000000032e2000 	/System/Library/PrivateFrameworks/UIFoundation.framework/Versions/A/UIFoundation
0x00000000032e2000 	/System/Library/Frameworks/IOSurface.framework/Versions/A/IOSurface
0x00000000032e2000 	/System/Library/Frameworks/AudioToolbox.framework/Versions/A/AudioToolbox
0x00000000032e2000 	/System/Library/Frameworks/AudioUnit.framework/Versions/A/AudioUnit
0x00000000032e2000 	/System/Library/PrivateFrameworks/DataDetectorsCore.framework/Versions/A/DataDetectorsCore
0x00000000032e2000 	/System/Library/PrivateFrameworks/DesktopServicesPriv.framework/Versions/A/DesktopServicesPriv
0x00000000032e2000 	/System/Library/Frameworks/Carbon.framework/Versions/A/Frameworks/HIToolbox.framework/Versions/A/HIToolbox
0x00000000032e2000 	/System/Library/Frameworks/QuartzCore.framework/Versions/A/QuartzCore
0x00000000032e2000 	/System/Library/Frameworks/Carbon.framework/Versions/A/Frameworks/SpeechRecognition.framework/Versions/A/SpeechRecognition
0x00000000032e2000 	/usr/lib/libauto.dylib
0x00000000032e2000 	/usr/lib/libicucore.A.dylib
0x00000000032e2000 	/usr/lib/libxml2.2.dylib
0x00000000032e2000 	/System/Library/PrivateFrameworks/CoreUI.framework/Versions/A/CoreUI
0x00000000032e2000 	/System/Library/Frameworks/CoreAudio.framework/Versions/A/CoreAudio
0x00000000032e2000 	/System/Library/Frameworks/DiskArbitration.framework/Versions/A/DiskArbitration
0x00000000032e2000 	/usr/lib/liblangid.dylib
0x00000000032e2000 	/System/Library/PrivateFrameworks/MultitouchSupport.framework/Versions/A/MultitouchSupport
0x00000000032e2000 	/System/Library/Frameworks/IOKit.framework/Versions/A/IOKit
0x00000000032e2000 	/usr/lib/libDiagnosticMessagesClient.dylib
0x00000000032e2000 	/System/Library/Frameworks/CoreServices.framework/Versions/A/CoreServices
0x00000000032e2000 	/System/Library/PrivateFrameworks/PerformanceAnalysis.framework/Versions/A/PerformanceAnalysis
0x00000000032e2000 	/System/Library/PrivateFrameworks/GenerationalStorage.framework/Versions/A/GenerationalStorage
0x00000000032e2000 	/System/Library/Frameworks/OpenGL.framework/Versions/A/OpenGL
0x00000000032e2000 	/System/Library/PrivateFrameworks/Sharing.framework/Versions/A/Sharing
0x00000000032e2000 	/System/Library/Frameworks/CoreGraphics.framework/Versions/A/CoreGraphics
0x00000000032e2000 	/System/Library/Frameworks/CoreText.framework/Versions/A/CoreText
0x00000000032e2000 	/System/Library/Frameworks/ImageIO.framework/Versions/A/ImageIO
0x00000000032e2000 	/usr/lib/libextension.dylib
0x00000000032e2000 	/System/Library/PrivateFrameworks/Backup.framework/Versions/A/Backup
0x00000000032e2000 	/usr/lib/libarchive.2.dylib
0x00000000032e2000 	/System/Library/Frameworks/CFNetwork.framework/Versions/A/CFNetwork
0x00000000032e2000 	/System/Library/Frameworks/SystemConfiguration.framework/Versions/A/SystemConfiguration
0x00000000032e2000 	/usr/lib/libCRFSuite.dylib
0x00000000032e2000 	/usr/lib/libc++.1.dylib
0x00000000032e2000 	/usr/lib/libc++abi.dylib
0x00000000032e2000 	/usr/lib/system/libcache.dylib
0x00000000032e2000 	/usr/lib/system/libcommonCrypto.dylib
0x00000000032e2000 	/usr/lib/system/libcompiler_rt.dylib
0x00000000032e2000 	/usr/lib/system/libcopyfile.dylib
0x00000000032e2000 	/usr/lib/system/libcorecrypto.dylib
0x00000000032e2000 	/usr/lib/system/libdispatch.dylib
0x00000000032e2000 	/usr/lib/system/libdyld.dylib
0x00000000032e2000 	/usr/lib/system/libkeymgr.dylib
0x00000000032e2000 	/usr/lib/system/liblaunch.dylib
0x00000000032e2000 	/usr/lib/system/libmacho.dylib
0x00000000032e2000 	/usr/lib/system/libquarantine.dylib
0x00000000032e2000 	/usr/lib/system/libremovefile.dylib
0x00000000032e2000 	/usr/lib/system/libsystem_asl.dylib
0x00000000032e2000 	/usr/lib/system/libsystem_blocks.dylib
0x00000000032e2000 	/usr/lib/system/libsystem_c.dylib
0x00000000032e2000 	/usr/lib/system/libsystem_configuration.dylib
0x00000000032e2000 	/usr/lib/system/libsystem_coreservices.dylib
0x00000000032e2000 	/usr/lib/system/libsystem_coretls.dylib
0x00000000032e2000 	/usr/lib/system/libsystem_dnssd.dylib
0x00000000032e2000 	/usr/lib/system/libsystem_info.dylib
0x00000000032e2000 	/usr/lib/system/libsystem_kernel.dylib
0x00000000032e2000 	/usr/lib/system/libsystem_m.dylib
0x00000000032e2000 	/usr/lib/system/libsystem_malloc.dylib
0x00000000032e2000 	/usr/lib/system/libsystem_network.dylib
0x00000000032e2000 	/usr/lib/system/libsystem_networkextension.dylib
0x00000000032e2000 	/usr/lib/system/libsystem_notify.dylib
0x00000000032e2000 	/usr/lib/system/libsystem_platform.dylib
0x00000000032e2000 	/usr/lib/system/libsystem_pthread.dylib
0x00000000032e2000 	/usr/lib/system/libsystem_sandbox.dylib
0x00000000032e2000 	/usr/lib/system/libsystem_secinit.dylib
0x00000000032e2000 	/usr/lib/system/libsystem_stats.dylib
0x00000000032e2000 	/usr/lib/system/libsystem_trace.dylib
0x00000000032e2000 	/usr/lib/system/libunc.dylib
0x00000000032e2000 	/usr/lib/system/libunwind.dylib
0x00000000032e2000 	/usr/lib/system/libxpc.dylib
0x00000000032e2000 	/usr/lib/libbz2.1.0.dylib
0x00000000032e2000 	/usr/lib/liblzma.5.dylib
0x00000000032e2000 	/usr/lib/libbsm.0.dylib
0x00000000032e2000 	/usr/lib/libsqlite3.dylib
0x00000000032e2000 	/usr/lib/system/libkxld.dylib
0x00000000032e2000 	/usr/lib/libxar.1.dylib
0x00000000032e2000 	/usr/lib/libpam.2.dylib
0x00000000032e2000 	/usr/lib/libOpenScriptingUtil.dylib
0x00000000032e2000 	/System/Library/Frameworks/CoreServices.framework/Versions/A/Frameworks/FSEvents.framework/Versions/A/FSEvents
0x00000000032e2000 	/System/Library/Frameworks/CoreServices.framework/Versions/A/Frameworks/CarbonCore.framework/Versions/A/CarbonCore
0x00000000032e2000 	/System/Library/Frameworks/CoreServices.framework/Versions/A/Frameworks/Metadata.framework/Versions/A/Metadata
0x00000000032e2000 	/System/Library/Frameworks/CoreServices.framework/Versions/A/Frameworks/OSServices.framework/Versions/A/OSServices
0x00000000032e2000 	/System/Library/Frameworks/CoreServices.framework/Versions/A/Frameworks/SearchKit.framework/Versions/A/SearchKit
0x00000000032e2000 	/System/Library/Frameworks/CoreServices.framework/Versions/A/Frameworks/AE.framework/Versions/A/AE
0x00000000032e2000 	/System/Library/Frameworks/CoreServices.framework/Versions/A/Frameworks/LaunchServices.framework/Versions/A/LaunchServices
0x00000000032e2000 	/System/Library/Frameworks/CoreServices.framework/Versions/A/Frameworks/DictionaryServices.framework/Versions/A/DictionaryServices
0x00000000032e2000 	/System/Library/Frameworks/NetFS.framework/Versions/A/NetFS
0x00000000032e2000 	/System/Library/PrivateFrameworks/NetAuth.framework/Versions/A/NetAuth
0x00000000032e2000 	/System/Library/PrivateFrameworks/login.framework/Versions/A/Frameworks/loginsupport.framework/Versions/A/loginsupport
0x00000000032e2000 	/System/Library/PrivateFrameworks/TCC.framework/Versions/A/TCC
0x00000000032e2000 	/usr/lib/libmecabra.dylib
0x00000000032e2000 	/System/Library/Frameworks/ApplicationServices.framework/Versions/A/Frameworks/ATS.framework/Versions/A/ATS
0x00000000032e2000 	/System/Library/Frameworks/ApplicationServices.framework/Versions/A/Frameworks/ColorSync.framework/Versions/A/ColorSync
0x00000000032e2000 	/System/Library/Frameworks/ApplicationServices.framework/Versions/A/Frameworks/HIServices.framework/Versions/A/HIServices
0x00000000032e2000 	/System/Library/Frameworks/ApplicationServices.framework/Versions/A/Frameworks/LangAnalysis.framework/Versions/A/LangAnalysis
0x00000000032e2000 	/System/Library/Frameworks/ApplicationServices.framework/Versions/A/Frameworks/PrintCore.framework/Versions/A/PrintCore
0x00000000032e2000 	/System/Library/Frameworks/ApplicationServices.framework/Versions/A/Frameworks/QD.framework/Versions/A/QD
0x00000000032e2000 	/System/Library/Frameworks/ApplicationServices.framework/Versions/A/Frameworks/SpeechSynthesis.framework/Versions/A/SpeechSynthesis
0x00000000032e2000 	/System/Library/Frameworks/Accelerate.framework/Versions/A/Accelerate
0x00000000032e2000 	/System/Library/Frameworks/Accelerate.framework/Versions/A/Frameworks/vImage.framework/Versions/A/vImage
0x00000000032e2000 	/System/Library/Frameworks/Accelerate.framework/Versions/A/Frameworks/vecLib.framework/Versions/A/vecLib
0x00000000032e2000 	/System/Library/Frameworks/Accelerate.framework/Versions/A/Frameworks/vecLib.framework/Versions/A/libvDSP.dylib
0x00000000032e2000 	/System/Library/Frameworks/Accelerate.framework/Versions/A/Frameworks/vecLib.framework/Versions/A/libvMisc.dylib
0x00000000032e2000 	/System/Library/Frameworks/Accelerate.framework/Versions/A/Frameworks/vecLib.framework/Versions/A/libLAPACK.dylib
0x00000000032e2000 	/System/Library/Frameworks/Accelerate.framework/Versions/A/Frameworks/vecLib.framework/Versions/A/libBLAS.dylib
0x00000000032e2000 	/System/Library/Frameworks/Accelerate.framework/Versions/A/Frameworks/vecLib.framework/Versions/A/libLinearAlgebra.dylib
0x00000000032e2000 	/System/Library/Frameworks/ApplicationServices.framework/Versions/A/Frameworks/ATS.framework/Versions/A/Resources/libFontParser.dylib
0x00000000032e2000 	/System/Library/Frameworks/ApplicationServices.framework/Versions/A/Frameworks/ATS.framework/Versions/A/Resources/libFontRegistry.dylib
0x00000000032e2000 	/System/Library/PrivateFrameworks/AppleVPA.framework/Versions/A/AppleVPA
0x00000000032e2000 	/System/Library/PrivateFrameworks/AppleJPEG.framework/Versions/A/AppleJPEG
0x00000000032e2000 	/System/Library/Frameworks/ImageIO.framework/Versions/A/Resources/libJPEG.dylib
0x00000000032e2000 	/System/Library/Frameworks/ImageIO.framework/Versions/A/Resources/libTIFF.dylib
0x00000000032e2000 	/System/Library/Frameworks/ImageIO.framework/Versions/A/Resources/libPng.dylib
0x00000000032e2000 	/System/Library/Frameworks/ImageIO.framework/Versions/A/Resources/libGIF.dylib
0x00000000032e2000 	/System/Library/Frameworks/ImageIO.framework/Versions/A/Resources/libJP2.dylib
0x00000000032e2000 	/System/Library/Frameworks/ImageIO.framework/Versions/A/Resources/libRadiance.dylib
0x00000000032e2000 	/System/Library/Frameworks/CoreVideo.framework/Versions/A/CoreVideo
0x00000000032e2000 	/System/Library/Frameworks/OpenGL.framework/Versions/A/Libraries/libGLU.dylib
0x00000000032e2000 	/System/Library/Frameworks/OpenGL.framework/Versions/A/Libraries/libGFXShared.dylib
0x00000000032e2000 	/System/Library/Frameworks/OpenGL.framework/Versions/A/Libraries/libGL.dylib
0x00000000032e2000 	/System/Library/Frameworks/OpenGL.framework/Versions/A/Libraries/libGLImage.dylib
0x00000000032e2000 	/System/Library/Frameworks/OpenGL.framework/Versions/A/Libraries/libCVMSPluginSupport.dylib
0x00000000032e2000 	/System/Library/Frameworks/OpenGL.framework/Versions/A/Libraries/libCoreVMClient.dylib
0x00000000032e2000 	/usr/lib/libcups.2.dylib
0x00000000032e2000 	/System/Library/Frameworks/Kerberos.framework/Versions/A/Kerberos
0x00000000032e2000 	/System/Library/Frameworks/GSS.framework/Versions/A/GSS
0x00000000032e2000 	/usr/lib/libresolv.9.dylib
0x00000000032e2000 	/usr/lib/libiconv.2.dylib
0x00000000032e2000 	/System/Library/PrivateFrameworks/Heimdal.framework/Versions/A/Heimdal
0x00000000032e2000 	/usr/lib/libheimdal-asn1.dylib
0x00000000032e2000 	/System/Library/Frameworks/OpenDirectory.framework/Versions/A/OpenDirectory
0x00000000032e2000 	/System/Library/PrivateFrameworks/CommonAuth.framework/Versions/A/CommonAuth
0x00000000032e2000 	/System/Library/Frameworks/OpenDirectory.framework/Versions/A/Frameworks/CFOpenDirectory.framework/Versions/A/CFOpenDirectory
0x00000000032e2000 	/System/Library/Frameworks/SecurityFoundation.framework/Versions/A/SecurityFoundation
0x00000000032e2000 	/System/Library/PrivateFrameworks/LanguageModeling.framework/Versions/A/LanguageModeling
0x00000000032e2000 	/usr/lib/libcmph.dylib
0x00000000032e2000 	/System/Library/Frameworks/ServiceManagement.framework/Versions/A/ServiceManagement
0x00000000032e2000 	/usr/lib/libxslt.1.dylib
0x00000000032e2000 	/System/Library/Frameworks/Carbon.framework/Versions/A/Frameworks/Ink.framework/Versions/A/Ink
0x00000000032e2000 	/System/Library/Frameworks/QuartzCore.framework/Versions/A/Frameworks/CoreImage.framework/Versions/A/CoreImage
0x00000000032e2000 	/System/Library/PrivateFrameworks/CrashReporterSupport.framework/Versions/A/CrashReporterSupport
0x00000000032e2000 	/System/Library/Frameworks/OpenCL.framework/Versions/A/OpenCL
0x00000000032e2000 	/System/Library/PrivateFrameworks/FaceCore.framework/Versions/A/FaceCore
0x00000000032e2000 	/System/Library/PrivateFrameworks/Ubiquity.framework/Versions/A/Ubiquity
0x00000000032e2000 	/System/Library/PrivateFrameworks/IconServices.framework/Versions/A/IconServices
0x00000000032e2000 	/System/Library/PrivateFrameworks/ChunkingLibrary.framework/Versions/A/ChunkingLibrary
0x00000000032e2000 	/System/Library/PrivateFrameworks/Apple80211.framework/Versions/A/Apple80211
0x00000000032e2000 	/System/Library/Frameworks/CoreWLAN.framework/Versions/A/CoreWLAN
0x00000000032e2000 	/System/Library/Frameworks/IOBluetooth.framework/Versions/A/IOBluetooth
0x00000000032e2000 	/System/Library/PrivateFrameworks/CoreWiFi.framework/Versions/A/CoreWiFi
0x00000000032e2000 	/System/Library/Frameworks/CoreBluetooth.framework/Versions/A/CoreBluetooth
0x00000000032e2000 	/System/Library/PrivateFrameworks/DebugSymbols.framework/Versions/A/DebugSymbols
0x00000000032e2000 	/System/Library/PrivateFrameworks/CoreSymbolication.framework/Versions/A/CoreSymbolication
0x00000000032e2000 	/System/Library/PrivateFrameworks/Symbolication.framework/Versions/A/Symbolication
0x00000000032e2000 	/System/Library/PrivateFrameworks/SpeechRecognitionCore.framework/Versions/A/SpeechRecognitionCore
0x000000010ee00000 	/Library/Java/JavaVirtualMachines/jdk1.8.0_71.jdk/Contents/Home/jre/lib/server/libjvm.dylib
0x00000000032e2000 	/usr/lib/libstdc++.6.dylib
0x000000010e5b9000 	/Library/Java/JavaVirtualMachines/jdk1.8.0_71.jdk/Contents/Home/jre/lib/libverify.dylib
0x000000010e5c7000 	/Library/Java/JavaVirtualMachines/jdk1.8.0_71.jdk/Contents/Home/jre/lib/libjava.dylib
0x000000010fd97000 	/Library/Java/JavaVirtualMachines/jdk1.8.0_71.jdk/Contents/Home/jre/lib/libzip.dylib
0x00000001238ae000 	/System/Library/Frameworks/JavaVM.framework/Frameworks/JavaRuntimeSupport.framework/JavaRuntimeSupport
0x00000001238c6000 	/System/Library/Frameworks/JavaVM.framework/Versions/A/Frameworks/JavaNativeFoundation.framework/Versions/A/JavaNativeFoundation
0x00000001238db000 	/System/Library/Frameworks/JavaVM.framework/Versions/A/JavaVM
0x00000000032e2000 	/System/Library/Frameworks/Carbon.framework/Versions/A/Carbon
0x00000001238e8000 	/System/Library/PrivateFrameworks/JavaLaunching.framework/Versions/A/JavaLaunching
0x00000000032e2000 	/System/Library/Frameworks/Carbon.framework/Versions/A/Frameworks/CommonPanels.framework/Versions/A/CommonPanels
0x00000000032e2000 	/System/Library/Frameworks/Carbon.framework/Versions/A/Frameworks/Help.framework/Versions/A/Help
0x00000000032e2000 	/System/Library/Frameworks/Carbon.framework/Versions/A/Frameworks/ImageCapture.framework/Versions/A/ImageCapture
0x00000000032e2000 	/System/Library/Frameworks/Carbon.framework/Versions/A/Frameworks/OpenScripting.framework/Versions/A/OpenScripting
0x00000000032e2000 	/System/Library/Frameworks/Carbon.framework/Versions/A/Frameworks/Print.framework/Versions/A/Print
0x00000000032e2000 	/System/Library/Frameworks/Carbon.framework/Versions/A/Frameworks/SecurityHI.framework/Versions/A/SecurityHI
0x000000012581d000 	/Library/Java/JavaVirtualMachines/jdk1.8.0_71.jdk/Contents/Home/jre/lib/libawt.dylib
0x00000001258c5000 	/Library/Java/JavaVirtualMachines/jdk1.8.0_71.jdk/Contents/Home/jre/lib/./libmlib_image.dylib
0x0000000125991000 	/Library/Java/JavaVirtualMachines/jdk1.8.0_71.jdk/Contents/Home/jre/lib/libawt_lwawt.dylib
0x0000000125a46000 	/Library/Java/JavaVirtualMachines/jdk1.8.0_71.jdk/Contents/Home/jre/lib/./libosxapp.dylib
0x00000000032e2000 	/System/Library/Frameworks/ExceptionHandling.framework/Versions/A/ExceptionHandling
0x00000000032e2000 	/System/Library/PrivateFrameworks/CoreServicesInternal.framework/Versions/A/CoreServicesInternal
0x00000000032e2000 	/System/Library/PrivateFrameworks/CloudDocs.framework/Versions/A/CloudDocs
0x00000000032e2000 	/System/Library/PrivateFrameworks/CoreDuet.framework/Versions/A/CoreDuet
0x00000000032e2000 	/System/Library/Frameworks/CloudKit.framework/Versions/A/CloudKit
0x00000000032e2000 	/System/Library/PrivateFrameworks/ProtocolBuffer.framework/Versions/A/ProtocolBuffer
0x00000000032e2000 	/System/Library/PrivateFrameworks/CoreDuetDaemonProtocol.framework/Versions/A/CoreDuetDaemonProtocol
0x00000000032e2000 	/System/Library/PrivateFrameworks/CoreDuetDebugLogging.framework/Versions/A/CoreDuetDebugLogging
0x00000000032e2000 	/System/Library/PrivateFrameworks/MMCS.framework/Versions/A/MMCS
0x00000000032e2000 	/System/Library/Frameworks/CoreLocation.framework/Versions/A/CoreLocation
0x00000000032e2000 	/System/Library/PrivateFrameworks/ProtectedCloudStorage.framework/Versions/A/ProtectedCloudStorage
0x00000000032e2000 	/System/Library/PrivateFrameworks/GeoServices.framework/Versions/A/GeoServices
0x00000000032e2000 	/System/Library/Frameworks/CoreGraphics.framework/Versions/A/Resources/libCGCMS.A.dylib
0x00000000032e2000 	/System/Library/Frameworks/CoreGraphics.framework/Versions/A/Resources/libRIP.A.dylib
0x00000000032e2000 	/System/Library/Frameworks/CoreGraphics.framework/Versions/A/Resources/libCGXType.A.dylib
0x00000000032e2000 	/System/Library/Frameworks/OpenCL.framework/Versions/A/Libraries/libcldcpuengine.dylib
0x00000000032e2000 	/System/Library/PrivateFrameworks/DiskImages.framework/Versions/A/DiskImages
0x00000000032e2000 	/System/Library/Frameworks/DiscRecording.framework/Versions/A/DiscRecording
0x00000000032e2000 	/usr/lib/libcsfde.dylib
0x00000000032e2000 	/usr/lib/libcurl.4.dylib
0x00000000032e2000 	/System/Library/PrivateFrameworks/MediaKit.framework/Versions/A/MediaKit
0x00000000032e2000 	/usr/lib/libCoreStorage.dylib
0x00000000032e2000 	/System/Library/PrivateFrameworks/EFILogin.framework/Versions/A/EFILogin
0x00000000032e2000 	/usr/lib/libutil.dylib
0x00000000032e2000 	/System/Library/PrivateFrameworks/FindMyDevice.framework/Versions/A/FindMyDevice
0x00000000032e2000 	/System/Library/Frameworks/LDAP.framework/Versions/A/LDAP
0x00000000032e2000 	/usr/lib/libsasl2.2.dylib
0x00000000032e2000 	/System/Library/PrivateFrameworks/CoreDaemon.framework/Versions/B/CoreDaemon
0x00000000032e2000 	/usr/lib/libcrypto.0.9.8.dylib
0x00000000032e2000 	/System/Library/PrivateFrameworks/AppleSRP.framework/Versions/A/AppleSRP
0x00000000032e2000 	/System/Library/PrivateFrameworks/TrustEvaluationAgent.framework/Versions/A/TrustEvaluationAgent
0x00000001262d3000 	cl_kernels
0x0000000128d40000 	/System/Library/Frameworks/OpenCL.framework/Versions/A/Libraries/ImageFormats/unorm8_bgra.dylib
0x00000001262d8000 	cl_kernels
0x00000000032e2000 	/System/Library/PrivateFrameworks/FamilyControls.framework/Versions/A/FamilyControls
0x00000000032e2000 	/System/Library/PrivateFrameworks/CommerceKit.framework/Versions/A/Frameworks/CommerceCore.framework/Versions/A/CommerceCore
0x00000000032e2000 	/System/Library/PrivateFrameworks/SystemAdministration.framework/Versions/A/SystemAdministration
0x00000000032e2000 	/System/Library/PrivateFrameworks/AppContainer.framework/Versions/A/AppContainer
0x00000000032e2000 	/System/Library/PrivateFrameworks/SecCodeWrapper.framework/Versions/A/SecCodeWrapper
0x00000000032e2000 	/System/Library/Frameworks/DirectoryService.framework/Versions/A/DirectoryService
0x00000000032e2000 	/System/Library/PrivateFrameworks/LoginUIKit.framework/Versions/A/Frameworks/LoginUICore.framework/Versions/A/LoginUICore
0x00000000032e2000 	/usr/lib/libodfde.dylib
0x00000000032e2000 	/System/Library/Frameworks/OpenGL.framework/Versions/A/Resources/GLEngine.bundle/GLEngine
0x00000000032e2000 	/System/Library/Frameworks/OpenGL.framework/Versions/A/Libraries/libGLProgrammability.dylib
0x000000012a12d000 	/System/Library/Extensions/AppleIntelHD5000GraphicsGLDriver.bundle/Contents/MacOS/AppleIntelHD5000GraphicsGLDriver
0x00000000032e2000 	/System/Library/PrivateFrameworks/IOAccelerator.framework/Versions/A/IOAccelerator
0x00000000032e2000 	/System/Library/PrivateFrameworks/GPUSupport.framework/Versions/A/Libraries/libGPUSupportMercury.dylib
0x00000000032e2000 	/System/Library/Frameworks/OpenGL.framework/Versions/A/Resources/GLRendererFloat.bundle/GLRendererFloat
0x000000012b625000 	/Library/Java/JavaVirtualMachines/jdk1.8.0_71.jdk/Contents/Home/jre/lib/libfontmanager.dylib
0x000000012c868000 	/Library/Java/JavaVirtualMachines/jdk1.8.0_71.jdk/Contents/Home/jre/lib/libosxui.dylib
0x000000012c937000 	/Library/Java/JavaVirtualMachines/jdk1.8.0_71.jdk/Contents/Home/jre/lib/libnet.dylib
0x000000012c884000 	/Library/Java/JavaVirtualMachines/jdk1.8.0_71.jdk/Contents/Home/jre/lib/libnio.dylib
0x00000000032e2000 	/System/Library/Frameworks/ApplicationServices.framework/Versions/A/Frameworks/ATS.framework/Versions/A/Resources/libTrueTypeScaler.dylib
0x0000000179ac7000 	/private/var/folders/s4/ngcr_7ss02bdrtqp5hllhg2r0000gn/T/jogamp_0000/file_cache/jln6742688025253061045/jln3033663942717878432/libgluegen-rt.jnilib
0x000000012c8dd000 	/private/var/folders/s4/ngcr_7ss02bdrtqp5hllhg2r0000gn/T/jogamp_0000/file_cache/jln6742688025253061045/jln3033663942717878432/libnativewindow_awt.jnilib
0x0000000179acb000 	/Library/Java/JavaVirtualMachines/jdk1.8.0_71.jdk/Contents/Home/jre/lib/libjawt.dylib
0x0000000179ace000 	/private/var/folders/s4/ngcr_7ss02bdrtqp5hllhg2r0000gn/T/jogamp_0000/file_cache/jln6742688025253061045/jln3033663942717878432/libnativewindow_macosx.jnilib
0x000000017b634000 	/private/var/folders/s4/ngcr_7ss02bdrtqp5hllhg2r0000gn/T/jogamp_0000/file_cache/jln6742688025253061045/jln3033663942717878432/libjogl_desktop.jnilib
0x0000000181613000 	/Library/Java/JavaVirtualMachines/jdk1.8.0_71.jdk/Contents/Home/jre/lib/libt2k.dylib
0x0000000181662000 	/Library/Java/JavaVirtualMachines/jdk1.8.0_71.jdk/Contents/Home/jre/lib/libjpeg.dylib

VM Arguments:
jvm_args: -Djava.security.policy=java.policy.applet -Dfile.encoding=UTF-8 
java_command: sun.applet.AppletViewer module1.YelpDataSet1463354666989.html
java_class_path (initial): /Users/gsingh/Documents/workspace/YelpDataSet/bin:/Users/gsingh/Documents/workspace/YelpDataSet/libs/core.jar:/Users/gsingh/Documents/workspace/YelpDataSet/libs/gluegen-rt.jar:/Users/gsingh/Documents/workspace/YelpDataSet/libs/jogl-all.jar:/Users/gsingh/Documents/workspace/YelpDataSet/libs/json4processing.jar:/Users/gsingh/Documents/workspace/YelpDataSet/libs/libTUIO.jar:/Users/gsingh/Documents/workspace/YelpDataSet/libs/log4j-1.2.15.jar:/Users/gsingh/Documents/workspace/YelpDataSet/libs/sqlite-jdbc-3.7.2.jar:/Users/gsingh/Documents/workspace/YelpDataSet/libs/unfolding.0.9.6.jar
Launcher Type: SUN_STANDARD

Environment Variables:
PATH=/usr/bin:/bin:/usr/sbin:/sbin
SHELL=/bin/bash
DISPLAY=/private/tmp/com.apple.launchd.2mpiTaXw1A/org.macosforge.xquartz:0

Signal Handlers:
SIGSEGV: [libjvm.dylib+0x5a68c5], sa_mask[0]=11111111011111110111111111111111, sa_flags=SA_ONSTACK|SA_RESTART|SA_SIGINFO
SIGBUS: [libjvm.dylib+0x5a68c5], sa_mask[0]=11111111011111110111111111111111, sa_flags=SA_RESTART|SA_SIGINFO
SIGFPE: [libjvm.dylib+0x4805d4], sa_mask[0]=11111111011111110111111111111111, sa_flags=SA_RESTART|SA_SIGINFO
SIGPIPE: [libjvm.dylib+0x4805d4], sa_mask[0]=11111111011111110111111111111111, sa_flags=SA_RESTART|SA_SIGINFO
SIGXFSZ: [libjvm.dylib+0x4805d4], sa_mask[0]=11111111011111110111111111111111, sa_flags=SA_RESTART|SA_SIGINFO
SIGILL: [libjvm.dylib+0x4805d4], sa_mask[0]=11111111011111110111111111111111, sa_flags=SA_RESTART|SA_SIGINFO
SIGUSR1: SIG_DFL, sa_mask[0]=00000000000000000000000000000000, sa_flags=none
SIGUSR2: [libjvm.dylib+0x4800f2], sa_mask[0]=00100000000000000000000000000000, sa_flags=SA_RESTART|SA_SIGINFO
SIGHUP: [libjvm.dylib+0x47e6c9], sa_mask[0]=11111111011111110111111111111111, sa_flags=SA_RESTART|SA_SIGINFO
SIGINT: [libjvm.dylib+0x47e6c9], sa_mask[0]=11111111011111110111111111111111, sa_flags=SA_RESTART|SA_SIGINFO
SIGTERM: [libjvm.dylib+0x47e6c9], sa_mask[0]=11111111011111110111111111111111, sa_flags=SA_RESTART|SA_SIGINFO
SIGQUIT: [libjvm.dylib+0x47e6c9], sa_mask[0]=11111111011111110111111111111111, sa_flags=SA_RESTART|SA_SIGINFO


---------------  S Y S T E M  ---------------

OS:Bsduname:Darwin 14.5.0 Darwin Kernel Version 14.5.0: Tue Sep  1 21:23:09 PDT 2015; root:xnu-2782.50.1~1/RELEASE_X86_64 x86_64
rlimit: STACK 8192k, CORE 0k, NPROC 709, NOFILE 10240, AS infinity
load average:2.65 2.76 2.87

CPU:total 4 (2 cores per cpu, 2 threads per core) family 6 model 69 stepping 1, cmov, cx8, fxsr, mmx, sse, sse2, sse3, ssse3, sse4.1, sse4.2, popcnt, avx, avx2, aes, clmul, erms, lzcnt, ht, tsc, tscinvbit, bmi1, bmi2

Memory: 4k page, physical 4194304k(111292k free)

/proc/meminfo:


vm_info: Java HotSpot(TM) 64-Bit Server VM (25.71-b15) for bsd-amd64 JRE (1.8.0_71-b15), built on Dec 22 2015 15:11:44 by "java_re" with gcc 4.2.1 (Based on Apple Inc. build 5658) (LLVM build 2336.11.00)

time: Sun May 15 19:24:43 2016
elapsed time: 16 seconds (0d 0h 0m 16s)

