#
# A fatal error has been detected by the Java Runtime Environment:
#
#  SIGSEGV (0xb) at pc=0x00007fff8afd20dd, pid=86755, tid=1811
#
# JRE version: Java(TM) SE Runtime Environment (8.0_71-b15) (build 1.8.0_71-b15)
# Java VM: Java HotSpot(TM) 64-Bit Server VM (25.71-b15 mixed mode bsd-amd64 compressed oops)
# Problematic frame:
# C  [libobjc.A.dylib+0x10dd]  objc_msgSend+0x1d
#
# Failed to write core dump. Core dumps have been disabled. To enable core dumping, try "ulimit -c unlimited" before starting Java again
#
# If you would like to submit a bug report, please visit:
#   http://bugreport.java.com/bugreport/crash.jsp
# The crash happened outside the Java Virtual Machine in native code.
# See problematic frame for where to report the bug.
#

---------------  T H R E A D  ---------------

Current thread (0x00007fcb3c832000):  JavaThread "AWT-AppKit" daemon [_thread_in_native, id=1811, stack(0x00007fff5c690000,0x00007fff5ce90000)]

siginfo: si_signo: 11 (SIGSEGV), si_code: 1 (SEGV_MAPERR), si_addr: 0x0000000000000018

Registers:
RAX=0x00007fcb3fc94770, RBX=0x000000016e42b3b0, RCX=0x000000016eb41de0, RDX=0x000000016eb417a0
RSP=0x00007fff5ce8b458, RBP=0x00007fff5ce8b510, RSI=0x00007fff8635640f, RDI=0x00007fcb3fc8dfb0
R8 =0x0000000000000000, R9 =0x0000000000000f50, R10=0x00007fff8635640f, R11=0x0000000000000000
R12=0x0000000000000000, R13=0x0000000170e83e48, R14=0x000000016e42b3a0, R15=0x00007fcb3c832000
RIP=0x00007fff8afd20dd, EFLAGS=0x0000000000010246, ERR=0x0000000000000004
  TRAPNO=0x000000000000000e

Top of Stack: (sp=0x00007fff5ce8b458)
0x00007fff5ce8b458:   000000016e4295d7 00007fff5ce8b4b0
0x00007fff5ce8b468:   0000000000000003 00007fff5ce8b490
0x00007fff5ce8b478:   00000001039f0d66 0000000170e83e48
0x00007fff5ce8b488:   0000000170e83e48 00007fcb3fc94770
0x00007fff5ce8b498:   000000016e42b5c0 000000016e42b640
0x00007fff5ce8b4a8:   000000016e42b3b0 00007fff7464d550
0x00007fff5ce8b4b8:   000000016e42b5d0 00007fff757fec80
0x00007fff5ce8b4c8:   00007fcb3fc94770 00007fcb3fc8dfb0
0x00007fff5ce8b4d8:   00007fcb3b4ad3e0 00007fcb3fc94770
0x00007fff5ce8b4e8:   00007fcb3fc8dfb0 00007fff5ce8b598
0x00007fff5ce8b4f8:   00007fcb3c8321f8 0000000170e83e48
0x00007fff5ce8b508:   00007fff5ce8b5c0 00007fff5ce8b588
0x00007fff5ce8b518:   00000001047a4954 0000000170e83e48
0x00007fff5ce8b528:   00007fff5ce8b5c0 00007fff5ce8b588
0x00007fff5ce8b538:   00000001047a46e7 00000001047a46a2
0x00007fff5ce8b548:   00007fff5ce8b548 0000000170e83e48
0x00007fff5ce8b558:   00007fff5ce8b5c0 0000000170e86638
0x00007fff5ce8b568:   0000000000000000 0000000170e83e48
0x00007fff5ce8b578:   0000000000000000 00007fff5ce8b5a8
0x00007fff5ce8b588:   00007fff5ce8b608 0000000104796c4d
0x00007fff5ce8b598:   0000000780f97108 000000010479e578
0x00007fff5ce8b5a8:   00007fcb3fc94770 00007fff5ce8b608
0x00007fff5ce8b5b8:   00007fcb3fc8dfb0 000000010479fd82
0x00007fff5ce8b5c8:   00007fff5ce8b5c8 0000000170e84012
0x00007fff5ce8b5d8:   00007fff5ce8b630 0000000170e86638
0x00007fff5ce8b5e8:   0000000000000000 0000000170e84020
0x00007fff5ce8b5f8:   00007fff5ce8b5a8 00007fff5ce8b618
0x00007fff5ce8b608:   00007fff5ce8b678 0000000104796c4d
0x00007fff5ce8b618:   00007fcb3fc94770 0000000780f82640
0x00007fff5ce8b628:   00007fcb3fc8dfb0 0000000780f82640
0x00007fff5ce8b638:   00007fff5ce8b638 000000017b60af0e
0x00007fff5ce8b648:   00007fff5ce8b688 000000017b60afc8 

Instructions: (pc=0x00007fff8afd20dd)
0x00007fff8afd20bd:   00 00 00 48 85 ff 2e 74 7a 40 f6 c7 01 2e 75 7e
0x00007fff8afd20cd:   49 bb f8 ff ff ff ff 7f 00 00 4c 23 1f 49 89 f2
0x00007fff8afd20dd:   45 23 53 18 49 c1 e2 04 4d 03 53 10 49 3b 32 75
0x00007fff8afd20ed:   04 41 ff 62 08 49 83 3a 00 74 6a 4d 3b 53 10 74 

Register to memory mapping:

RAX=0x00007fcb3fc94770 is an unknown value
RBX=0x000000016e42b3b0: Java_jogamp_nativewindow_macosx_OSXUtil_GetScreenRefreshRate0+0x1850 in /private/var/folders/s4/ngcr_7ss02bdrtqp5hllhg2r0000gn/T/jogamp_0000/file_cache/jln2112384897906579193/jln8964252530808888388/libnativewindow_macosx.jnilib at 0x000000016e424000
RCX=0x000000016eb41de0 is an unknown value
RDX=0x000000016eb417a0 is an unknown value
RSP=0x00007fff5ce8b458 is pointing into the stack for thread: 0x00007fcb3c832000
RBP=0x00007fff5ce8b510 is pointing into the stack for thread: 0x00007fcb3c832000
RSI=0x00007fff8635640f is an unknown value
RDI=0x00007fcb3fc8dfb0 is an unknown value
R8 =0x0000000000000000 is an unknown value
R9 =0x0000000000000f50 is an unknown value
R10=0x00007fff8635640f is an unknown value
R11=0x0000000000000000 is an unknown value
R12=0x0000000000000000 is an unknown value
R13={method} {0x0000000170e83e48} 'UnsetJAWTRootSurfaceLayer0' '(JJ)V' in 'jogamp/nativewindow/jawt/macosx/MacOSXJAWTWindow'
R14=0x000000016e42b3a0: Java_jogamp_nativewindow_macosx_OSXUtil_GetScreenRefreshRate0+0x1840 in /private/var/folders/s4/ngcr_7ss02bdrtqp5hllhg2r0000gn/T/jogamp_0000/file_cache/jln2112384897906579193/jln8964252530808888388/libnativewindow_macosx.jnilib at 0x000000016e424000
R15=0x00007fcb3c832000 is a thread


Stack: [0x00007fff5c690000,0x00007fff5ce90000],  sp=0x00007fff5ce8b458,  free space=8173k
Native frames: (J=compiled Java code, j=interpreted, Vv=VM code, C=native code)
C  [libobjc.A.dylib+0x10dd]  objc_msgSend+0x1d
j  jogamp.nativewindow.jawt.macosx.MacOSXJAWTWindow.UnsetJAWTRootSurfaceLayer0(JJ)V+0
j  jogamp.nativewindow.jawt.macosx.MacOSXJAWTWindow.access$200(JJ)V+2
j  jogamp.nativewindow.jawt.macosx.MacOSXJAWTWindow$1.run()V+38
J 2267 C1 com.jogamp.common.util.RunnableTask.run()V (345 bytes) @ 0x0000000104e45c14 [0x0000000104e45a80+0x194]
v  ~StubRoutines::call_stub
V  [libjvm.dylib+0x2ea59a]  JavaCalls::call_helper(JavaValue*, methodHandle*, JavaCallArguments*, Thread*)+0x6ae
V  [libjvm.dylib+0x3216a3]  jni_invoke_nonstatic(JNIEnv_*, JavaValue*, _jobject*, JNICallType, _jmethodID*, JNI_ArgumentPusher*, Thread*)+0x2ec
V  [libjvm.dylib+0x313e77]  jni_CallVoidMethod+0x16b
C  [libnativewindow_macosx.jnilib+0x57ae]  Java_jogamp_nativewindow_jawt_macosx_MacOSXJAWTWindow_UnsetJAWTRootSurfaceLayer0+0x2be
C  [Foundation+0x92dd0]  __NSThreadPerformPerform+0x125
C  [CoreFoundation+0x80a01]  __CFRUNLOOP_IS_CALLING_OUT_TO_A_SOURCE0_PERFORM_FUNCTION__+0x11
C  [CoreFoundation+0x72c5c]  __CFRunLoopDoSources0+0x1dc
C  [CoreFoundation+0x721bf]  __CFRunLoopRun+0x39f
C  [CoreFoundation+0x71bd8]  CFRunLoopRunSpecific+0x128
C  [HIToolbox+0x3256f]  RunCurrentEventLoopInMode+0xeb
C  [HIToolbox+0x321ee]  ReceiveNextEventCommon+0xb3
C  [HIToolbox+0x3212b]  _BlockUntilNextEventMatchingListInModeWithFilter+0x47
C  [AppKit+0x918ab]  _DPSNextEvent+0x3d2
C  [AppKit+0x90e58]  -[NSApplication nextEventMatchingMask:untilDate:inMode:dequeue:]+0x15a
C  [libosxapp.dylib+0x23aa]  -[NSApplicationAWT nextEventMatchingMask:untilDate:inMode:dequeue:]+0x7c
C  [AppKit+0x86af3]  -[NSApplication run]+0x252
C  [libosxapp.dylib+0x214d]  +[NSApplicationAWT runAWTLoopWithApp:]+0x9c
C  [libawt_lwawt.dylib+0x4455b]  -[AWTStarter starter:]+0x389
C  [Foundation+0x92dd0]  __NSThreadPerformPerform+0x125
C  [CoreFoundation+0x80a01]  __CFRUNLOOP_IS_CALLING_OUT_TO_A_SOURCE0_PERFORM_FUNCTION__+0x11
C  [CoreFoundation+0x72b8d]  __CFRunLoopDoSources0+0x10d
C  [CoreFoundation+0x721bf]  __CFRunLoopRun+0x39f
C  [CoreFoundation+0x71bd8]  CFRunLoopRunSpecific+0x128
C  [java+0x6463]  CreateExecutionEnvironment+0x367
C  [java+0x21ac]  JLI_Launch+0x7a0
C  [java+0x84c0]  main+0x65
C  [java+0x1a04]  start+0x34
C  0x0000000000000007

Java frames: (J=compiled Java code, j=interpreted, Vv=VM code)
j  jogamp.nativewindow.jawt.macosx.MacOSXJAWTWindow.UnsetJAWTRootSurfaceLayer0(JJ)V+0
j  jogamp.nativewindow.jawt.macosx.MacOSXJAWTWindow.access$200(JJ)V+2
j  jogamp.nativewindow.jawt.macosx.MacOSXJAWTWindow$1.run()V+38
J 2267 C1 com.jogamp.common.util.RunnableTask.run()V (345 bytes) @ 0x0000000104e45c14 [0x0000000104e45a80+0x194]
v  ~StubRoutines::call_stub

---------------  P R O C E S S  ---------------

Java Threads: ( => current thread )
  0x00007fcb3cba1000 JavaThread "Thread-491" [_thread_blocked, id=63071, stack(0x0000000187699000,0x0000000187799000)]
  0x00007fcb3c8a8800 JavaThread "Image Fetcher 3" daemon [_thread_blocked, id=36575, stack(0x00000001887ca000,0x00000001888ca000)]
  0x00007fcb3cb9c800 JavaThread "Image Fetcher 2" daemon [_thread_blocked, id=62327, stack(0x00000001871d0000,0x00000001872d0000)]
  0x00007fcb3cd5c000 JavaThread "Image Fetcher 1" daemon [_thread_blocked, id=64807, stack(0x00000001868d5000,0x00000001869d5000)]
  0x00007fcb42130000 JavaThread "Image Fetcher 0" daemon [_thread_blocked, id=61235, stack(0x00000001870cd000,0x00000001871cd000)]
  0x00007fcb3d32a000 JavaThread "Keep-Alive-Timer" daemon [_thread_blocked, id=63787, stack(0x0000000186c16000,0x0000000186d16000)]
  0x00007fcb3bb4e000 JavaThread "AWT-EventQueue-1" [_thread_in_native, id=56859, stack(0x000000016ea2f000,0x000000016eb2f000)]
  0x00007fcb3c26f000 JavaThread "DestroyJavaVM" [_thread_blocked, id=4867, stack(0x0000000102e87000,0x0000000102f87000)]
  0x00007fcb3ba1c000 JavaThread "AWT-EventQueue-0" [_thread_blocked, id=54275, stack(0x00000001210b3000,0x00000001211b3000)]
  0x00007fcb3c203000 JavaThread "Java2D Disposer" daemon [_thread_blocked, id=50967, stack(0x000000011fa01000,0x000000011fb01000)]
  0x00007fcb3c96b000 JavaThread "Java2D Queue Flusher" daemon [_thread_blocked, id=49415, stack(0x000000011e978000,0x000000011ea78000)]
  0x00007fcb3c8e8000 JavaThread "AWT-Shutdown" [_thread_blocked, id=28179, stack(0x000000011bfcb000,0x000000011c0cb000)]
=>0x00007fcb3c832000 JavaThread "AWT-AppKit" daemon [_thread_in_native, id=1811, stack(0x00007fff5c690000,0x00007fff5ce90000)]
  0x00007fcb3b81f000 JavaThread "Service Thread" daemon [_thread_blocked, id=18179, stack(0x0000000119fb3000,0x000000011a0b3000)]
  0x00007fcb3b81e800 JavaThread "C1 CompilerThread2" daemon [_thread_blocked, id=17667, stack(0x0000000119eb0000,0x0000000119fb0000)]
  0x00007fcb3b81d800 JavaThread "C2 CompilerThread1" daemon [_thread_blocked, id=17155, stack(0x0000000119dad000,0x0000000119ead000)]
  0x00007fcb3c060800 JavaThread "C2 CompilerThread0" daemon [_thread_blocked, id=16643, stack(0x0000000119caa000,0x0000000119daa000)]
  0x00007fcb3c060000 JavaThread "Signal Dispatcher" daemon [_thread_blocked, id=13331, stack(0x0000000119ba7000,0x0000000119ca7000)]
  0x00007fcb3c822800 JavaThread "Finalizer" daemon [_thread_blocked, id=11523, stack(0x0000000118187000,0x0000000118287000)]
  0x00007fcb3d000800 JavaThread "Reference Handler" daemon [_thread_blocked, id=11011, stack(0x0000000118084000,0x0000000118184000)]

Other Threads:
  0x00007fcb3c821800 VMThread [stack: 0x0000000117f81000,0x0000000118081000] [id=10499]
  0x00007fcb3d008000 WatcherThread [stack: 0x000000011a0b6000,0x000000011a1b6000] [id=18691]

VM state:not at safepoint (normal execution)

VM Mutex/Monitor currently owned by a thread: None

Heap:
 PSYoungGen      total 216576K, used 167267K [0x00000007aab00000, 0x00000007bd280000, 0x00000007c0000000)
  eden space 192512K, 86% used [0x00000007aab00000,0x00000007b4e58e68,0x00000007b6700000)
  from space 24064K, 0% used [0x00000007b6700000,0x00000007b6700000,0x00000007b7e80000)
  to   space 24576K, 0% used [0x00000007bba80000,0x00000007bba80000,0x00000007bd280000)
 ParOldGen       total 140800K, used 83361K [0x0000000780000000, 0x0000000788980000, 0x00000007aab00000)
  object space 140800K, 59% used [0x0000000780000000,0x00000007851684e0,0x0000000788980000)
 Metaspace       used 19829K, capacity 20069K, committed 20224K, reserved 1067008K
  class space    used 1886K, capacity 1949K, committed 2048K, reserved 1048576K

Card table byte_map: [0x0000000113b4f000,0x0000000113d50000] byte_map_base: 0x000000010ff4f000

Marking Bits: (ParMarkBitMap*) 0x00000001040e3ea0
 Begin Bits: [0x00000001142b2000, 0x00000001152b2000)
 End Bits:   [0x00000001152b2000, 0x00000001162b2000)

Polling page: 0x0000000102fcc000

CodeCache: size=245760Kb used=10035Kb max_used=10356Kb free=235724Kb
 bounds [0x000000010478f000, 0x00000001051df000, 0x000000011378f000]
 total_blobs=3564 nmethods=2682 adapters=795
 compilation: enabled

Compilation events (10 events):
Event: 66.054 Thread 0x00007fcb3b81e800 3082       1       java.awt.Component::getTreeLock (4 bytes)
Event: 66.055 Thread 0x00007fcb3b81e800 nmethod 3082 0x00000001049ba510 code [0x00000001049ba660, 0x00000001049ba770]
Event: 66.095 Thread 0x00007fcb3b81e800 3083       1       sun.java2d.SurfaceData::isValid (5 bytes)
Event: 66.096 Thread 0x00007fcb3b81e800 nmethod 3083 0x0000000104c771d0 code [0x0000000104c77320, 0x0000000104c77430]
Event: 66.155 Thread 0x00007fcb3b81d800 3084  s!   4       sun.misc.URLClassPath::getLoader (197 bytes)
Event: 66.156 Thread 0x00007fcb3c060800 3085  s    4       sun.misc.URLClassPath::getNextLoader (88 bytes)
Event: 66.156 Thread 0x00007fcb3b81e800 3086   !   3       sun.misc.URLClassPath$JarLoader::getResource (349 bytes)
Event: 66.160 Thread 0x00007fcb3b81e800 nmethod 3086 0x0000000104bb1cd0 code [0x0000000104bb2140, 0x0000000104bb4698]
Event: 66.163 Thread 0x00007fcb3b81d800 nmethod 3084 0x0000000104b4cb90 code [0x0000000104b4cd00, 0x0000000104b4d4d8]
Event: 66.166 Thread 0x00007fcb3c060800 nmethod 3085 0x000000010497fed0 code [0x0000000104980040, 0x00000001049807b8]

GC Heap History (10 events):
Event: 18.758 GC heap before
{Heap before GC invocations=14 (full 2):
 PSYoungGen      total 163840K, used 15648K [0x00000007aab00000, 0x00000007b6180000, 0x00000007c0000000)
  eden space 143872K, 0% used [0x00000007aab00000,0x00000007aab00000,0x00000007b3780000)
  from space 19968K, 78% used [0x00000007b4c80000,0x00000007b5bc83c0,0x00000007b6000000)
  to   space 21504K, 0% used [0x00000007b3780000,0x00000007b3780000,0x00000007b4c80000)
 ParOldGen       total 76288K, used 63530K [0x0000000780000000, 0x0000000784a80000, 0x00000007aab00000)
  object space 76288K, 83% used [0x0000000780000000,0x0000000783e0a9c8,0x0000000784a80000)
 Metaspace       used 19378K, capacity 19557K, committed 19712K, reserved 1067008K
  class space    used 1876K, capacity 1949K, committed 2048K, reserved 1048576K
Event: 18.838 GC heap after
Heap after GC invocations=14 (full 2):
 PSYoungGen      total 163840K, used 1795K [0x00000007aab00000, 0x00000007b6180000, 0x00000007c0000000)
  eden space 143872K, 0% used [0x00000007aab00000,0x00000007aab00000,0x00000007b3780000)
  from space 19968K, 8% used [0x00000007b4c80000,0x00000007b4e40cb0,0x00000007b6000000)
  to   space 21504K, 0% used [0x00000007b3780000,0x00000007b3780000,0x00000007b4c80000)
 ParOldGen       total 119808K, used 76168K [0x0000000780000000, 0x0000000787500000, 0x00000007aab00000)
  object space 119808K, 63% used [0x0000000780000000,0x0000000784a62308,0x0000000787500000)
 Metaspace       used 19378K, capacity 19557K, committed 19712K, reserved 1067008K
  class space    used 1876K, capacity 1949K, committed 2048K, reserved 1048576K
}
Event: 20.828 GC heap before
{Heap before GC invocations=15 (full 2):
 PSYoungGen      total 163840K, used 145667K [0x00000007aab00000, 0x00000007b6180000, 0x00000007c0000000)
  eden space 143872K, 100% used [0x00000007aab00000,0x00000007b3780000,0x00000007b3780000)
  from space 19968K, 8% used [0x00000007b4c80000,0x00000007b4e40cb0,0x00000007b6000000)
  to   space 21504K, 0% used [0x00000007b3780000,0x00000007b3780000,0x00000007b4c80000)
 ParOldGen       total 119808K, used 76742K [0x0000000780000000, 0x0000000787500000, 0x00000007aab00000)
  object space 119808K, 64% used [0x0000000780000000,0x0000000784af1af8,0x0000000787500000)
 Metaspace       used 19467K, capacity 19621K, committed 19968K, reserved 1067008K
  class space    used 1877K, capacity 1949K, committed 2048K, reserved 1048576K
Event: 20.843 GC heap after
Heap after GC invocations=15 (full 2):
 PSYoungGen      total 165376K, used 19393K [0x00000007aab00000, 0x00000007b9600000, 0x00000007c0000000)
  eden space 143872K, 0% used [0x00000007aab00000,0x00000007aab00000,0x00000007b3780000)
  from space 21504K, 90% used [0x00000007b3780000,0x00000007b4a704b0,0x00000007b4c80000)
  to   space 23552K, 0% used [0x00000007b7f00000,0x00000007b7f00000,0x00000007b9600000)
 ParOldGen       total 119808K, used 78542K [0x0000000780000000, 0x0000000787500000, 0x00000007aab00000)
  object space 119808K, 65% used [0x0000000780000000,0x0000000784cb3b68,0x0000000787500000)
 Metaspace       used 19467K, capacity 19621K, committed 19968K, reserved 1067008K
  class space    used 1877K, capacity 1949K, committed 2048K, reserved 1048576K
}
Event: 25.985 GC heap before
{Heap before GC invocations=16 (full 2):
 PSYoungGen      total 165376K, used 163265K [0x00000007aab00000, 0x00000007b9600000, 0x00000007c0000000)
  eden space 143872K, 100% used [0x00000007aab00000,0x00000007b3780000,0x00000007b3780000)
  from space 21504K, 90% used [0x00000007b3780000,0x00000007b4a704b0,0x00000007b4c80000)
  to   space 23552K, 0% used [0x00000007b7f00000,0x00000007b7f00000,0x00000007b9600000)
 ParOldGen       total 119808K, used 78542K [0x0000000780000000, 0x0000000787500000, 0x00000007aab00000)
  object space 119808K, 65% used [0x0000000780000000,0x0000000784cb3b68,0x0000000787500000)
 Metaspace       used 19635K, capacity 19813K, committed 19968K, reserved 1067008K
  class space    used 1877K, capacity 1949K, committed 2048K, reserved 1048576K
Event: 26.032 GC heap after
Heap after GC invocations=16 (full 2):
 PSYoungGen      total 216064K, used 15808K [0x00000007aab00000, 0x00000007b9600000, 0x00000007c0000000)
  eden space 192512K, 0% used [0x00000007aab00000,0x00000007aab00000,0x00000007b6700000)
  from space 23552K, 67% used [0x00000007b7f00000,0x00000007b8e703d0,0x00000007b9600000)
  to   space 24064K, 0% used [0x00000007b6700000,0x00000007b6700000,0x00000007b7e80000)
 ParOldGen       total 119808K, used 96527K [0x0000000780000000, 0x0000000787500000, 0x00000007aab00000)
  object space 119808K, 80% used [0x0000000780000000,0x0000000785e43fc8,0x0000000787500000)
 Metaspace       used 19635K, capacity 19813K, committed 19968K, reserved 1067008K
  class space    used 1877K, capacity 1949K, committed 2048K, reserved 1048576K
}
Event: 39.367 GC heap before
{Heap before GC invocations=17 (full 2):
 PSYoungGen      total 216064K, used 208320K [0x00000007aab00000, 0x00000007b9600000, 0x00000007c0000000)
  eden space 192512K, 100% used [0x00000007aab00000,0x00000007b6700000,0x00000007b6700000)
  from space 23552K, 67% used [0x00000007b7f00000,0x00000007b8e703d0,0x00000007b9600000)
  to   space 24064K, 0% used [0x00000007b6700000,0x00000007b6700000,0x00000007b7e80000)
 ParOldGen       total 119808K, used 96527K [0x0000000780000000, 0x0000000787500000, 0x00000007aab00000)
  object space 119808K, 80% used [0x0000000780000000,0x0000000785e43fc8,0x0000000787500000)
 Metaspace       used 19732K, capacity 19941K, committed 20224K, reserved 1067008K
  class space    used 1877K, capacity 1949K, committed 2048K, reserved 1048576K
Event: 39.440 GC heap after
Heap after GC invocations=17 (full 2):
 PSYoungGen      total 216576K, used 15953K [0x00000007aab00000, 0x00000007bd280000, 0x00000007c0000000)
  eden space 192512K, 0% used [0x00000007aab00000,0x00000007aab00000,0x00000007b6700000)
  from space 24064K, 66% used [0x00000007b6700000,0x00000007b7694400,0x00000007b7e80000)
  to   space 24576K, 0% used [0x00000007bba80000,0x00000007bba80000,0x00000007bd280000)
 ParOldGen       total 119808K, used 111176K [0x0000000780000000, 0x0000000787500000, 0x00000007aab00000)
  object space 119808K, 92% used [0x0000000780000000,0x0000000786c92358,0x0000000787500000)
 Metaspace       used 19732K, capacity 19941K, committed 20224K, reserved 1067008K
  class space    used 1877K, capacity 1949K, committed 2048K, reserved 1048576K
}
Event: 39.440 GC heap before
{Heap before GC invocations=18 (full 3):
 PSYoungGen      total 216576K, used 15953K [0x00000007aab00000, 0x00000007bd280000, 0x00000007c0000000)
  eden space 192512K, 0% used [0x00000007aab00000,0x00000007aab00000,0x00000007b6700000)
  from space 24064K, 66% used [0x00000007b6700000,0x00000007b7694400,0x00000007b7e80000)
  to   space 24576K, 0% used [0x00000007bba80000,0x00000007bba80000,0x00000007bd280000)
 ParOldGen       total 119808K, used 111176K [0x0000000780000000, 0x0000000787500000, 0x00000007aab00000)
  object space 119808K, 92% used [0x0000000780000000,0x0000000786c92358,0x0000000787500000)
 Metaspace       used 19732K, capacity 19941K, committed 20224K, reserved 1067008K
  class space    used 1877K, capacity 1949K, committed 2048K, reserved 1048576K
Event: 39.535 GC heap after
Heap after GC invocations=18 (full 3):
 PSYoungGen      total 216576K, used 0K [0x00000007aab00000, 0x00000007bd280000, 0x00000007c0000000)
  eden space 192512K, 0% used [0x00000007aab00000,0x00000007aab00000,0x00000007b6700000)
  from space 24064K, 0% used [0x00000007b6700000,0x00000007b6700000,0x00000007b7e80000)
  to   space 24576K, 0% used [0x00000007bba80000,0x00000007bba80000,0x00000007bd280000)
 ParOldGen       total 140800K, used 83361K [0x0000000780000000, 0x0000000788980000, 0x00000007aab00000)
  object space 140800K, 59% used [0x0000000780000000,0x00000007851684e0,0x0000000788980000)
 Metaspace       used 19732K, capacity 19941K, committed 20224K, reserved 1067008K
  class space    used 1877K, capacity 1949K, committed 2048K, reserved 1048576K
}

Deoptimization events (10 events):
Event: 63.401 Thread 0x00007fcb3bb4e000 Uncommon trap: reason=unstable_if action=reinterpret pc=0x0000000104ca0be0 method=de.fhpotsdam.unfolding.core.Coordinate.equals(Ljava/lang/Object;)Z @ 38
Event: 66.033 Thread 0x00007fcb3bb4e000 Uncommon trap: reason=class_check action=maybe_recompile pc=0x000000010516f460 method=java.awt.EventQueue.coalesceEvent(Ljava/awt/AWTEvent;I)Z @ 32
Event: 66.053 Thread 0x00007fcb3bb4e000 Uncommon trap: reason=unstable_if action=reinterpret pc=0x000000010518ff3c method=java.awt.EventQueue.isDispatchThreadImpl()Z @ 65
Event: 66.053 Thread 0x00007fcb3ba1c000 Uncommon trap: reason=unstable_if action=reinterpret pc=0x000000010516ed30 method=java.awt.EventQueue.getPriority(Ljava/awt/AWTEvent;)I @ 71
Event: 66.054 Thread 0x00007fcb3bb4e000 Uncommon trap: reason=unstable_if action=reinterpret pc=0x0000000104c99a0c method=java.awt.EventQueue.uncacheEQItem(Lsun/awt/EventQueueItem;)V @ 23
Event: 66.081 Thread 0x00007fcb3ba1c000 Uncommon trap: reason=unstable_if action=reinterpret pc=0x00000001051a410c method=sun.java2d.pipe.Region.intersectsQuickCheck(Lsun/java2d/pipe/Region;)Z @ 41
Event: 66.116 Thread 0x00007fcb3b9e9800 Uncommon trap: reason=unstable_if action=reinterpret pc=0x0000000104ff9a70 method=java.util.HashMap.putVal(ILjava/lang/Object;Ljava/lang/Object;ZZ)Ljava/lang/Object; @ 81
Event: 66.157 Thread 0x00007fcb3bb4e000 Uncommon trap: reason=unstable_if action=reinterpret pc=0x00000001051918d8 method=java.util.LinkedList$ListItr.<init>(Ljava/util/LinkedList;I)V @ 26
Event: 66.157 Thread 0x00007fcb3bb4e000 Uncommon trap: reason=unstable_if action=reinterpret pc=0x0000000104e24810 method=java.security.AccessControlContext.optimize()Ljava/security/AccessControlContext; @ 233
Event: 66.159 Thread 0x00007fcb3bb4e000 Uncommon trap: reason=unstable_if action=reinterpret pc=0x0000000105191404 method=java.util.LinkedList$ListItr.<init>(Ljava/util/LinkedList;I)V @ 26

Internal exceptions (10 events):
Event: 0.215 Thread 0x00007fcb3b809800 Exception <a 'java/lang/NoSuchFieldError': method resolution failed> (0x00000007aad50560) thrown at [/Users/java_re/workspace/8-2-build-macosx-x86_64/jdk8u71/5731/hotspot/src/share/vm/prims/methodHandles.cpp, line 1146]
Event: 0.218 Thread 0x00007fcb3b809800 Exception <a 'java/lang/NoSuchFieldError': method resolution failed> (0x00000007aad5dd30) thrown at [/Users/java_re/workspace/8-2-build-macosx-x86_64/jdk8u71/5731/hotspot/src/share/vm/prims/methodHandles.cpp, line 1146]
Event: 0.476 Thread 0x00007fcb3b809800 Exception <a 'java/io/FileNotFoundException'> (0x00000007aadd9eb0) thrown at [/Users/java_re/workspace/8-2-build-macosx-x86_64/jdk8u71/5731/hotspot/src/share/vm/prims/jni.cpp, line 709]
Event: 0.476 Thread 0x00007fcb3b809800 Exception <a 'java/io/FileNotFoundException'> (0x00000007aadda9f8) thrown at [/Users/java_re/workspace/8-2-build-macosx-x86_64/jdk8u71/5731/hotspot/src/share/vm/prims/jni.cpp, line 709]
Event: 0.638 Thread 0x00007fcb3b809800 Exception <a 'java/io/FileNotFoundException'> (0x00000007aaec4338) thrown at [/Users/java_re/workspace/8-2-build-macosx-x86_64/jdk8u71/5731/hotspot/src/share/vm/prims/jni.cpp, line 709]
Event: 2.936 Thread 0x00007fcb3c822800 Exception <a 'java/lang/NullPointerException'> (0x00000007aab83d90) thrown at [/Users/java_re/workspace/8-2-build-macosx-x86_64/jdk8u71/5731/hotspot/src/share/vm/interpreter/linkResolver.cpp, line 1178]
Event: 3.040 Thread 0x00007fcb3cb58000 Exception <a 'java/lang/UnsatisfiedLinkError': com.jogamp.common.util.JarUtil.fixNativeLibAttribs(Ljava/lang/String;)Z> (0x00000007ab0086c8) thrown at [/Users/java_re/workspace/8-2-build-macosx-x86_64/jdk8u71/5731/hotspot/src/share/vm/prims/nativeLookup.c
Event: 4.040 Thread 0x00007fcb3bb4e000 Exception <a 'java/io/FileNotFoundException'> (0x00000007ab2c2d88) thrown at [/Users/java_re/workspace/8-2-build-macosx-x86_64/jdk8u71/5731/hotspot/src/share/vm/prims/jni.cpp, line 709]
Event: 4.041 Thread 0x00007fcb3bb4e000 Exception <a 'java/io/FileNotFoundException'> (0x00000007ab2c9ea8) thrown at [/Users/java_re/workspace/8-2-build-macosx-x86_64/jdk8u71/5731/hotspot/src/share/vm/prims/jni.cpp, line 709]
Event: 4.041 Thread 0x00007fcb3bb4e000 Implicit null exception at 0x0000000104939b33 to 0x0000000104939ebd

Events (10 events):
Event: 66.163 Thread 0x00007fcb3b81d800 flushing nmethod 0x00000001048f7a50
Event: 66.163 Thread 0x00007fcb3b81d800 flushing nmethod 0x00000001048f9f90
Event: 66.163 Thread 0x00007fcb3b81d800 flushing nmethod 0x00000001048fda50
Event: 66.163 Thread 0x00007fcb3b81d800 flushing nmethod 0x00000001048fdfd0
Event: 66.163 Thread 0x00007fcb3b81d800 flushing nmethod 0x0000000104949310
Event: 66.166 Thread 0x00007fcb3c060800 flushing nmethod 0x0000000104978150
Event: 66.167 Thread 0x00007fcb3c060800 flushing nmethod 0x0000000104979590
Event: 66.167 Thread 0x00007fcb3c060800 flushing nmethod 0x00000001049be710
Event: 66.167 Thread 0x00007fcb3c060800 flushing nmethod 0x00000001049bec90
Event: 66.167 Thread 0x00007fcb3c060800 flushing nmethod 0x00000001049c0090


Dynamic libraries:
0x00000000032e2000 	/System/Library/Frameworks/Cocoa.framework/Versions/A/Cocoa
0x00000000032e2000 	/System/Library/Frameworks/Security.framework/Versions/A/Security
0x00000000032e2000 	/System/Library/Frameworks/ApplicationServices.framework/Versions/A/ApplicationServices
0x00000000032e2000 	/usr/lib/libz.1.dylib
0x00000000032e2000 	/usr/lib/libSystem.B.dylib
0x00000000032e2000 	/usr/lib/libobjc.A.dylib
0x00000000032e2000 	/System/Library/Frameworks/CoreFoundation.framework/Versions/A/CoreFoundation
0x00000000032e2000 	/System/Library/Frameworks/Foundation.framework/Versions/C/Foundation
0x00000000032e2000 	/System/Library/Frameworks/AppKit.framework/Versions/C/AppKit
0x00000000032e2000 	/System/Library/Frameworks/CoreData.framework/Versions/A/CoreData
0x00000000032e2000 	/System/Library/PrivateFrameworks/RemoteViewServices.framework/Versions/A/RemoteViewServices
0x00000000032e2000 	/System/Library/PrivateFrameworks/UIFoundation.framework/Versions/A/UIFoundation
0x00000000032e2000 	/System/Library/Frameworks/IOSurface.framework/Versions/A/IOSurface
0x00000000032e2000 	/System/Library/Frameworks/AudioToolbox.framework/Versions/A/AudioToolbox
0x00000000032e2000 	/System/Library/Frameworks/AudioUnit.framework/Versions/A/AudioUnit
0x00000000032e2000 	/System/Library/PrivateFrameworks/DataDetectorsCore.framework/Versions/A/DataDetectorsCore
0x00000000032e2000 	/System/Library/PrivateFrameworks/DesktopServicesPriv.framework/Versions/A/DesktopServicesPriv
0x00000000032e2000 	/System/Library/Frameworks/Carbon.framework/Versions/A/Frameworks/HIToolbox.framework/Versions/A/HIToolbox
0x00000000032e2000 	/System/Library/Frameworks/QuartzCore.framework/Versions/A/QuartzCore
0x00000000032e2000 	/System/Library/Frameworks/Carbon.framework/Versions/A/Frameworks/SpeechRecognition.framework/Versions/A/SpeechRecognition
0x00000000032e2000 	/usr/lib/libauto.dylib
0x00000000032e2000 	/usr/lib/libicucore.A.dylib
0x00000000032e2000 	/usr/lib/libxml2.2.dylib
0x00000000032e2000 	/System/Library/PrivateFrameworks/CoreUI.framework/Versions/A/CoreUI
0x00000000032e2000 	/System/Library/Frameworks/CoreAudio.framework/Versions/A/CoreAudio
0x00000000032e2000 	/System/Library/Frameworks/DiskArbitration.framework/Versions/A/DiskArbitration
0x00000000032e2000 	/usr/lib/liblangid.dylib
0x00000000032e2000 	/System/Library/PrivateFrameworks/MultitouchSupport.framework/Versions/A/MultitouchSupport
0x00000000032e2000 	/System/Library/Frameworks/IOKit.framework/Versions/A/IOKit
0x00000000032e2000 	/usr/lib/libDiagnosticMessagesClient.dylib
0x00000000032e2000 	/System/Library/Frameworks/CoreServices.framework/Versions/A/CoreServices
0x00000000032e2000 	/System/Library/PrivateFrameworks/PerformanceAnalysis.framework/Versions/A/PerformanceAnalysis
0x00000000032e2000 	/System/Library/PrivateFrameworks/GenerationalStorage.framework/Versions/A/GenerationalStorage
0x00000000032e2000 	/System/Library/Frameworks/OpenGL.framework/Versions/A/OpenGL
0x00000000032e2000 	/System/Library/PrivateFrameworks/Sharing.framework/Versions/A/Sharing
0x00000000032e2000 	/System/Library/Frameworks/CoreGraphics.framework/Versions/A/CoreGraphics
0x00000000032e2000 	/System/Library/Frameworks/CoreText.framework/Versions/A/CoreText
0x00000000032e2000 	/System/Library/Frameworks/ImageIO.framework/Versions/A/ImageIO
0x00000000032e2000 	/usr/lib/libextension.dylib
0x00000000032e2000 	/System/Library/PrivateFrameworks/Backup.framework/Versions/A/Backup
0x00000000032e2000 	/usr/lib/libarchive.2.dylib
0x00000000032e2000 	/System/Library/Frameworks/CFNetwork.framework/Versions/A/CFNetwork
0x00000000032e2000 	/System/Library/Frameworks/SystemConfiguration.framework/Versions/A/SystemConfiguration
0x00000000032e2000 	/usr/lib/libCRFSuite.dylib
0x00000000032e2000 	/usr/lib/libc++.1.dylib
0x00000000032e2000 	/usr/lib/libc++abi.dylib
0x00000000032e2000 	/usr/lib/system/libcache.dylib
0x00000000032e2000 	/usr/lib/system/libcommonCrypto.dylib
0x00000000032e2000 	/usr/lib/system/libcompiler_rt.dylib
0x00000000032e2000 	/usr/lib/system/libcopyfile.dylib
0x00000000032e2000 	/usr/lib/system/libcorecrypto.dylib
0x00000000032e2000 	/usr/lib/system/libdispatch.dylib
0x00000000032e2000 	/usr/lib/system/libdyld.dylib
0x00000000032e2000 	/usr/lib/system/libkeymgr.dylib
0x00000000032e2000 	/usr/lib/system/liblaunch.dylib
0x00000000032e2000 	/usr/lib/system/libmacho.dylib
0x00000000032e2000 	/usr/lib/system/libquarantine.dylib
0x00000000032e2000 	/usr/lib/system/libremovefile.dylib
0x00000000032e2000 	/usr/lib/system/libsystem_asl.dylib
0x00000000032e2000 	/usr/lib/system/libsystem_blocks.dylib
0x00000000032e2000 	/usr/lib/system/libsystem_c.dylib
0x00000000032e2000 	/usr/lib/system/libsystem_configuration.dylib
0x00000000032e2000 	/usr/lib/system/libsystem_coreservices.dylib
0x00000000032e2000 	/usr/lib/system/libsystem_coretls.dylib
0x00000000032e2000 	/usr/lib/system/libsystem_dnssd.dylib
0x00000000032e2000 	/usr/lib/system/libsystem_info.dylib
0x00000000032e2000 	/usr/lib/system/libsystem_kernel.dylib
0x00000000032e2000 	/usr/lib/system/libsystem_m.dylib
0x00000000032e2000 	/usr/lib/system/libsystem_malloc.dylib
0x00000000032e2000 	/usr/lib/system/libsystem_network.dylib
0x00000000032e2000 	/usr/lib/system/libsystem_networkextension.dylib
0x00000000032e2000 	/usr/lib/system/libsystem_notify.dylib
0x00000000032e2000 	/usr/lib/system/libsystem_platform.dylib
0x00000000032e2000 	/usr/lib/system/libsystem_pthread.dylib
0x00000000032e2000 	/usr/lib/system/libsystem_sandbox.dylib
0x00000000032e2000 	/usr/lib/system/libsystem_secinit.dylib
0x00000000032e2000 	/usr/lib/system/libsystem_stats.dylib
0x00000000032e2000 	/usr/lib/system/libsystem_trace.dylib
0x00000000032e2000 	/usr/lib/system/libunc.dylib
0x00000000032e2000 	/usr/lib/system/libunwind.dylib
0x00000000032e2000 	/usr/lib/system/libxpc.dylib
0x00000000032e2000 	/usr/lib/libbz2.1.0.dylib
0x00000000032e2000 	/usr/lib/liblzma.5.dylib
0x00000000032e2000 	/usr/lib/libbsm.0.dylib
0x00000000032e2000 	/usr/lib/libsqlite3.dylib
0x00000000032e2000 	/usr/lib/system/libkxld.dylib
0x00000000032e2000 	/usr/lib/libxar.1.dylib
0x00000000032e2000 	/usr/lib/libpam.2.dylib
0x00000000032e2000 	/usr/lib/libOpenScriptingUtil.dylib
0x00000000032e2000 	/System/Library/Frameworks/CoreServices.framework/Versions/A/Frameworks/FSEvents.framework/Versions/A/FSEvents
0x00000000032e2000 	/System/Library/Frameworks/CoreServices.framework/Versions/A/Frameworks/CarbonCore.framework/Versions/A/CarbonCore
0x00000000032e2000 	/System/Library/Frameworks/CoreServices.framework/Versions/A/Frameworks/Metadata.framework/Versions/A/Metadata
0x00000000032e2000 	/System/Library/Frameworks/CoreServices.framework/Versions/A/Frameworks/OSServices.framework/Versions/A/OSServices
0x00000000032e2000 	/System/Library/Frameworks/CoreServices.framework/Versions/A/Frameworks/SearchKit.framework/Versions/A/SearchKit
0x00000000032e2000 	/System/Library/Frameworks/CoreServices.framework/Versions/A/Frameworks/AE.framework/Versions/A/AE
0x00000000032e2000 	/System/Library/Frameworks/CoreServices.framework/Versions/A/Frameworks/LaunchServices.framework/Versions/A/LaunchServices
0x00000000032e2000 	/System/Library/Frameworks/CoreServices.framework/Versions/A/Frameworks/DictionaryServices.framework/Versions/A/DictionaryServices
0x00000000032e2000 	/System/Library/Frameworks/NetFS.framework/Versions/A/NetFS
0x00000000032e2000 	/System/Library/PrivateFrameworks/NetAuth.framework/Versions/A/NetAuth
0x00000000032e2000 	/System/Library/PrivateFrameworks/login.framework/Versions/A/Frameworks/loginsupport.framework/Versions/A/loginsupport
0x00000000032e2000 	/System/Library/PrivateFrameworks/TCC.framework/Versions/A/TCC
0x00000000032e2000 	/usr/lib/libmecabra.dylib
0x00000000032e2000 	/System/Library/Frameworks/ApplicationServices.framework/Versions/A/Frameworks/ATS.framework/Versions/A/ATS
0x00000000032e2000 	/System/Library/Frameworks/ApplicationServices.framework/Versions/A/Frameworks/ColorSync.framework/Versions/A/ColorSync
0x00000000032e2000 	/System/Library/Frameworks/ApplicationServices.framework/Versions/A/Frameworks/HIServices.framework/Versions/A/HIServices
0x00000000032e2000 	/System/Library/Frameworks/ApplicationServices.framework/Versions/A/Frameworks/LangAnalysis.framework/Versions/A/LangAnalysis
0x00000000032e2000 	/System/Library/Frameworks/ApplicationServices.framework/Versions/A/Frameworks/PrintCore.framework/Versions/A/PrintCore
0x00000000032e2000 	/System/Library/Frameworks/ApplicationServices.framework/Versions/A/Frameworks/QD.framework/Versions/A/QD
0x00000000032e2000 	/System/Library/Frameworks/ApplicationServices.framework/Versions/A/Frameworks/SpeechSynthesis.framework/Versions/A/SpeechSynthesis
0x00000000032e2000 	/System/Library/Frameworks/Accelerate.framework/Versions/A/Accelerate
0x00000000032e2000 	/System/Library/Frameworks/Accelerate.framework/Versions/A/Frameworks/vImage.framework/Versions/A/vImage
0x00000000032e2000 	/System/Library/Frameworks/Accelerate.framework/Versions/A/Frameworks/vecLib.framework/Versions/A/vecLib
0x00000000032e2000 	/System/Library/Frameworks/Accelerate.framework/Versions/A/Frameworks/vecLib.framework/Versions/A/libvDSP.dylib
0x00000000032e2000 	/System/Library/Frameworks/Accelerate.framework/Versions/A/Frameworks/vecLib.framework/Versions/A/libvMisc.dylib
0x00000000032e2000 	/System/Library/Frameworks/Accelerate.framework/Versions/A/Frameworks/vecLib.framework/Versions/A/libLAPACK.dylib
0x00000000032e2000 	/System/Library/Frameworks/Accelerate.framework/Versions/A/Frameworks/vecLib.framework/Versions/A/libBLAS.dylib
0x00000000032e2000 	/System/Library/Frameworks/Accelerate.framework/Versions/A/Frameworks/vecLib.framework/Versions/A/libLinearAlgebra.dylib
0x00000000032e2000 	/System/Library/Frameworks/ApplicationServices.framework/Versions/A/Frameworks/ATS.framework/Versions/A/Resources/libFontParser.dylib
0x00000000032e2000 	/System/Library/Frameworks/ApplicationServices.framework/Versions/A/Frameworks/ATS.framework/Versions/A/Resources/libFontRegistry.dylib
0x00000000032e2000 	/System/Library/PrivateFrameworks/AppleVPA.framework/Versions/A/AppleVPA
0x00000000032e2000 	/System/Library/PrivateFrameworks/AppleJPEG.framework/Versions/A/AppleJPEG
0x00000000032e2000 	/System/Library/Frameworks/ImageIO.framework/Versions/A/Resources/libJPEG.dylib
0x00000000032e2000 	/System/Library/Frameworks/ImageIO.framework/Versions/A/Resources/libTIFF.dylib
0x00000000032e2000 	/System/Library/Frameworks/ImageIO.framework/Versions/A/Resources/libPng.dylib
0x00000000032e2000 	/System/Library/Frameworks/ImageIO.framework/Versions/A/Resources/libGIF.dylib
0x00000000032e2000 	/System/Library/Frameworks/ImageIO.framework/Versions/A/Resources/libJP2.dylib
0x00000000032e2000 	/System/Library/Frameworks/ImageIO.framework/Versions/A/Resources/libRadiance.dylib
0x00000000032e2000 	/System/Library/Frameworks/CoreVideo.framework/Versions/A/CoreVideo
0x00000000032e2000 	/System/Library/Frameworks/OpenGL.framework/Versions/A/Libraries/libGLU.dylib
0x00000000032e2000 	/System/Library/Frameworks/OpenGL.framework/Versions/A/Libraries/libGFXShared.dylib
0x00000000032e2000 	/System/Library/Frameworks/OpenGL.framework/Versions/A/Libraries/libGL.dylib
0x00000000032e2000 	/System/Library/Frameworks/OpenGL.framework/Versions/A/Libraries/libGLImage.dylib
0x00000000032e2000 	/System/Library/Frameworks/OpenGL.framework/Versions/A/Libraries/libCVMSPluginSupport.dylib
0x00000000032e2000 	/System/Library/Frameworks/OpenGL.framework/Versions/A/Libraries/libCoreVMClient.dylib
0x00000000032e2000 	/usr/lib/libcups.2.dylib
0x00000000032e2000 	/System/Library/Frameworks/Kerberos.framework/Versions/A/Kerberos
0x00000000032e2000 	/System/Library/Frameworks/GSS.framework/Versions/A/GSS
0x00000000032e2000 	/usr/lib/libresolv.9.dylib
0x00000000032e2000 	/usr/lib/libiconv.2.dylib
0x00000000032e2000 	/System/Library/PrivateFrameworks/Heimdal.framework/Versions/A/Heimdal
0x00000000032e2000 	/usr/lib/libheimdal-asn1.dylib
0x00000000032e2000 	/System/Library/Frameworks/OpenDirectory.framework/Versions/A/OpenDirectory
0x00000000032e2000 	/System/Library/PrivateFrameworks/CommonAuth.framework/Versions/A/CommonAuth
0x00000000032e2000 	/System/Library/Frameworks/OpenDirectory.framework/Versions/A/Frameworks/CFOpenDirectory.framework/Versions/A/CFOpenDirectory
0x00000000032e2000 	/System/Library/Frameworks/SecurityFoundation.framework/Versions/A/SecurityFoundation
0x00000000032e2000 	/System/Library/PrivateFrameworks/LanguageModeling.framework/Versions/A/LanguageModeling
0x00000000032e2000 	/usr/lib/libcmph.dylib
0x00000000032e2000 	/System/Library/Frameworks/ServiceManagement.framework/Versions/A/ServiceManagement
0x00000000032e2000 	/usr/lib/libxslt.1.dylib
0x00000000032e2000 	/System/Library/Frameworks/Carbon.framework/Versions/A/Frameworks/Ink.framework/Versions/A/Ink
0x00000000032e2000 	/System/Library/Frameworks/QuartzCore.framework/Versions/A/Frameworks/CoreImage.framework/Versions/A/CoreImage
0x00000000032e2000 	/System/Library/PrivateFrameworks/CrashReporterSupport.framework/Versions/A/CrashReporterSupport
0x00000000032e2000 	/System/Library/Frameworks/OpenCL.framework/Versions/A/OpenCL
0x00000000032e2000 	/System/Library/PrivateFrameworks/FaceCore.framework/Versions/A/FaceCore
0x00000000032e2000 	/System/Library/PrivateFrameworks/Ubiquity.framework/Versions/A/Ubiquity
0x00000000032e2000 	/System/Library/PrivateFrameworks/IconServices.framework/Versions/A/IconServices
0x00000000032e2000 	/System/Library/PrivateFrameworks/ChunkingLibrary.framework/Versions/A/ChunkingLibrary
0x00000000032e2000 	/System/Library/PrivateFrameworks/Apple80211.framework/Versions/A/Apple80211
0x00000000032e2000 	/System/Library/Frameworks/CoreWLAN.framework/Versions/A/CoreWLAN
0x00000000032e2000 	/System/Library/Frameworks/IOBluetooth.framework/Versions/A/IOBluetooth
0x00000000032e2000 	/System/Library/PrivateFrameworks/CoreWiFi.framework/Versions/A/CoreWiFi
0x00000000032e2000 	/System/Library/Frameworks/CoreBluetooth.framework/Versions/A/CoreBluetooth
0x00000000032e2000 	/System/Library/PrivateFrameworks/DebugSymbols.framework/Versions/A/DebugSymbols
0x00000000032e2000 	/System/Library/PrivateFrameworks/CoreSymbolication.framework/Versions/A/CoreSymbolication
0x00000000032e2000 	/System/Library/PrivateFrameworks/Symbolication.framework/Versions/A/Symbolication
0x00000000032e2000 	/System/Library/PrivateFrameworks/SpeechRecognitionCore.framework/Versions/A/SpeechRecognitionCore
0x0000000103800000 	/Library/Java/JavaVirtualMachines/jdk1.8.0_71.jdk/Contents/Home/jre/lib/server/libjvm.dylib
0x00000000032e2000 	/usr/lib/libstdc++.6.dylib
0x0000000102f89000 	/Library/Java/JavaVirtualMachines/jdk1.8.0_71.jdk/Contents/Home/jre/lib/libverify.dylib
0x0000000102f97000 	/Library/Java/JavaVirtualMachines/jdk1.8.0_71.jdk/Contents/Home/jre/lib/libjava.dylib
0x0000000102fd6000 	/Library/Java/JavaVirtualMachines/jdk1.8.0_71.jdk/Contents/Home/jre/lib/libzip.dylib
0x0000000118289000 	/System/Library/Frameworks/JavaVM.framework/Frameworks/JavaRuntimeSupport.framework/JavaRuntimeSupport
0x00000001182a1000 	/System/Library/Frameworks/JavaVM.framework/Versions/A/Frameworks/JavaNativeFoundation.framework/Versions/A/JavaNativeFoundation
0x00000001182b6000 	/System/Library/Frameworks/JavaVM.framework/Versions/A/JavaVM
0x00000000032e2000 	/System/Library/Frameworks/Carbon.framework/Versions/A/Carbon
0x0000000102ff4000 	/System/Library/PrivateFrameworks/JavaLaunching.framework/Versions/A/JavaLaunching
0x00000000032e2000 	/System/Library/Frameworks/Carbon.framework/Versions/A/Frameworks/CommonPanels.framework/Versions/A/CommonPanels
0x00000000032e2000 	/System/Library/Frameworks/Carbon.framework/Versions/A/Frameworks/Help.framework/Versions/A/Help
0x00000000032e2000 	/System/Library/Frameworks/Carbon.framework/Versions/A/Frameworks/ImageCapture.framework/Versions/A/ImageCapture
0x00000000032e2000 	/System/Library/Frameworks/Carbon.framework/Versions/A/Frameworks/OpenScripting.framework/Versions/A/OpenScripting
0x00000000032e2000 	/System/Library/Frameworks/Carbon.framework/Versions/A/Frameworks/Print.framework/Versions/A/Print
0x00000000032e2000 	/System/Library/Frameworks/Carbon.framework/Versions/A/Frameworks/SecurityHI.framework/Versions/A/SecurityHI
0x000000011a1ee000 	/Library/Java/JavaVirtualMachines/jdk1.8.0_71.jdk/Contents/Home/jre/lib/libawt.dylib
0x000000011a296000 	/Library/Java/JavaVirtualMachines/jdk1.8.0_71.jdk/Contents/Home/jre/lib/./libmlib_image.dylib
0x000000011a362000 	/Library/Java/JavaVirtualMachines/jdk1.8.0_71.jdk/Contents/Home/jre/lib/libawt_lwawt.dylib
0x000000011a417000 	/Library/Java/JavaVirtualMachines/jdk1.8.0_71.jdk/Contents/Home/jre/lib/./libosxapp.dylib
0x00000000032e2000 	/System/Library/Frameworks/ExceptionHandling.framework/Versions/A/ExceptionHandling
0x00000000032e2000 	/System/Library/PrivateFrameworks/CoreServicesInternal.framework/Versions/A/CoreServicesInternal
0x00000000032e2000 	/System/Library/PrivateFrameworks/CloudDocs.framework/Versions/A/CloudDocs
0x00000000032e2000 	/System/Library/PrivateFrameworks/CoreDuet.framework/Versions/A/CoreDuet
0x00000000032e2000 	/System/Library/Frameworks/CloudKit.framework/Versions/A/CloudKit
0x00000000032e2000 	/System/Library/PrivateFrameworks/ProtocolBuffer.framework/Versions/A/ProtocolBuffer
0x00000000032e2000 	/System/Library/PrivateFrameworks/CoreDuetDaemonProtocol.framework/Versions/A/CoreDuetDaemonProtocol
0x00000000032e2000 	/System/Library/PrivateFrameworks/CoreDuetDebugLogging.framework/Versions/A/CoreDuetDebugLogging
0x00000000032e2000 	/System/Library/PrivateFrameworks/MMCS.framework/Versions/A/MMCS
0x00000000032e2000 	/System/Library/Frameworks/CoreLocation.framework/Versions/A/CoreLocation
0x00000000032e2000 	/System/Library/PrivateFrameworks/ProtectedCloudStorage.framework/Versions/A/ProtectedCloudStorage
0x00000000032e2000 	/System/Library/PrivateFrameworks/GeoServices.framework/Versions/A/GeoServices
0x00000000032e2000 	/System/Library/Frameworks/CoreGraphics.framework/Versions/A/Resources/libCGCMS.A.dylib
0x00000000032e2000 	/System/Library/Frameworks/CoreGraphics.framework/Versions/A/Resources/libRIP.A.dylib
0x00000000032e2000 	/System/Library/Frameworks/CoreGraphics.framework/Versions/A/Resources/libCGXType.A.dylib
0x00000000032e2000 	/System/Library/Frameworks/OpenCL.framework/Versions/A/Libraries/libcldcpuengine.dylib
0x00000000032e2000 	/System/Library/PrivateFrameworks/DiskImages.framework/Versions/A/DiskImages
0x00000000032e2000 	/System/Library/Frameworks/DiscRecording.framework/Versions/A/DiscRecording
0x00000000032e2000 	/usr/lib/libcsfde.dylib
0x00000000032e2000 	/usr/lib/libcurl.4.dylib
0x00000000032e2000 	/System/Library/PrivateFrameworks/MediaKit.framework/Versions/A/MediaKit
0x00000000032e2000 	/usr/lib/libCoreStorage.dylib
0x00000000032e2000 	/System/Library/PrivateFrameworks/EFILogin.framework/Versions/A/EFILogin
0x00000000032e2000 	/usr/lib/libutil.dylib
0x00000000032e2000 	/System/Library/PrivateFrameworks/FindMyDevice.framework/Versions/A/FindMyDevice
0x00000000032e2000 	/System/Library/Frameworks/LDAP.framework/Versions/A/LDAP
0x00000000032e2000 	/usr/lib/libsasl2.2.dylib
0x00000000032e2000 	/System/Library/PrivateFrameworks/CoreDaemon.framework/Versions/B/CoreDaemon
0x00000000032e2000 	/usr/lib/libcrypto.0.9.8.dylib
0x00000000032e2000 	/System/Library/PrivateFrameworks/AppleSRP.framework/Versions/A/AppleSRP
0x00000000032e2000 	/System/Library/PrivateFrameworks/TrustEvaluationAgent.framework/Versions/A/TrustEvaluationAgent
0x000000011aca3000 	cl_kernels
0x000000011d710000 	/System/Library/Frameworks/OpenCL.framework/Versions/A/Libraries/ImageFormats/unorm8_bgra.dylib
0x000000011aca8000 	cl_kernels
0x00000000032e2000 	/System/Library/PrivateFrameworks/FamilyControls.framework/Versions/A/FamilyControls
0x00000000032e2000 	/System/Library/PrivateFrameworks/CommerceKit.framework/Versions/A/Frameworks/CommerceCore.framework/Versions/A/CommerceCore
0x00000000032e2000 	/System/Library/PrivateFrameworks/SystemAdministration.framework/Versions/A/SystemAdministration
0x00000000032e2000 	/System/Library/PrivateFrameworks/AppContainer.framework/Versions/A/AppContainer
0x00000000032e2000 	/System/Library/PrivateFrameworks/SecCodeWrapper.framework/Versions/A/SecCodeWrapper
0x00000000032e2000 	/System/Library/Frameworks/DirectoryService.framework/Versions/A/DirectoryService
0x00000000032e2000 	/System/Library/PrivateFrameworks/LoginUIKit.framework/Versions/A/Frameworks/LoginUICore.framework/Versions/A/LoginUICore
0x00000000032e2000 	/usr/lib/libodfde.dylib
0x00000000032e2000 	/System/Library/Frameworks/OpenGL.framework/Versions/A/Resources/GLEngine.bundle/GLEngine
0x00000000032e2000 	/System/Library/Frameworks/OpenGL.framework/Versions/A/Libraries/libGLProgrammability.dylib
0x000000011ea7a000 	/System/Library/Extensions/AppleIntelHD5000GraphicsGLDriver.bundle/Contents/MacOS/AppleIntelHD5000GraphicsGLDriver
0x00000000032e2000 	/System/Library/PrivateFrameworks/IOAccelerator.framework/Versions/A/IOAccelerator
0x00000000032e2000 	/System/Library/PrivateFrameworks/GPUSupport.framework/Versions/A/Libraries/libGPUSupportMercury.dylib
0x00000000032e2000 	/System/Library/Frameworks/OpenGL.framework/Versions/A/Resources/GLRendererFloat.bundle/GLRendererFloat
0x000000011ff72000 	/Library/Java/JavaVirtualMachines/jdk1.8.0_71.jdk/Contents/Home/jre/lib/libfontmanager.dylib
0x0000000121049000 	/Library/Java/JavaVirtualMachines/jdk1.8.0_71.jdk/Contents/Home/jre/lib/libosxui.dylib
0x000000012126f000 	/Library/Java/JavaVirtualMachines/jdk1.8.0_71.jdk/Contents/Home/jre/lib/libnet.dylib
0x0000000121286000 	/Library/Java/JavaVirtualMachines/jdk1.8.0_71.jdk/Contents/Home/jre/lib/libnio.dylib
0x00000000032e2000 	/System/Library/Frameworks/ApplicationServices.framework/Versions/A/Frameworks/ATS.framework/Versions/A/Resources/libTrueTypeScaler.dylib
0x000000016e419000 	/private/var/folders/s4/ngcr_7ss02bdrtqp5hllhg2r0000gn/T/jogamp_0000/file_cache/jln2112384897906579193/jln8964252530808888388/libgluegen-rt.jnilib
0x000000016e41e000 	/private/var/folders/s4/ngcr_7ss02bdrtqp5hllhg2r0000gn/T/jogamp_0000/file_cache/jln2112384897906579193/jln8964252530808888388/libnativewindow_awt.jnilib
0x000000016e421000 	/Library/Java/JavaVirtualMachines/jdk1.8.0_71.jdk/Contents/Home/jre/lib/libjawt.dylib
0x000000016e424000 	/private/var/folders/s4/ngcr_7ss02bdrtqp5hllhg2r0000gn/T/jogamp_0000/file_cache/jln2112384897906579193/jln8964252530808888388/libnativewindow_macosx.jnilib
0x0000000170d3e000 	/private/var/folders/s4/ngcr_7ss02bdrtqp5hllhg2r0000gn/T/jogamp_0000/file_cache/jln2112384897906579193/jln8964252530808888388/libjogl_desktop.jnilib
0x000000017a2b6000 	/Library/Java/JavaVirtualMachines/jdk1.8.0_71.jdk/Contents/Home/jre/lib/libjpeg.dylib

VM Arguments:
jvm_args: -Djava.security.policy=java.policy.applet -Dfile.encoding=UTF-8 
java_command: sun.applet.AppletViewer module1.YelpDataSet1463354040338.html
java_class_path (initial): /Users/gsingh/Documents/workspace/YelpDataSet/bin:/Users/gsingh/Documents/workspace/YelpDataSet/libs/core.jar:/Users/gsingh/Documents/workspace/YelpDataSet/libs/gluegen-rt.jar:/Users/gsingh/Documents/workspace/YelpDataSet/libs/jogl-all.jar:/Users/gsingh/Documents/workspace/YelpDataSet/libs/json4processing.jar:/Users/gsingh/Documents/workspace/YelpDataSet/libs/libTUIO.jar:/Users/gsingh/Documents/workspace/YelpDataSet/libs/log4j-1.2.15.jar:/Users/gsingh/Documents/workspace/YelpDataSet/libs/sqlite-jdbc-3.7.2.jar:/Users/gsingh/Documents/workspace/YelpDataSet/libs/unfolding.0.9.6.jar
Launcher Type: SUN_STANDARD

Environment Variables:
PATH=/usr/bin:/bin:/usr/sbin:/sbin
SHELL=/bin/bash
DISPLAY=/private/tmp/com.apple.launchd.2mpiTaXw1A/org.macosforge.xquartz:0

Signal Handlers:
SIGSEGV: [libjvm.dylib+0x5a68c5], sa_mask[0]=11111111011111110111111111111111, sa_flags=SA_ONSTACK|SA_RESTART|SA_SIGINFO
SIGBUS: [libjvm.dylib+0x5a68c5], sa_mask[0]=11111111011111110111111111111111, sa_flags=SA_RESTART|SA_SIGINFO
SIGFPE: [libjvm.dylib+0x4805d4], sa_mask[0]=11111111011111110111111111111111, sa_flags=SA_RESTART|SA_SIGINFO
SIGPIPE: [libjvm.dylib+0x4805d4], sa_mask[0]=11111111011111110111111111111111, sa_flags=SA_RESTART|SA_SIGINFO
SIGXFSZ: [libjvm.dylib+0x4805d4], sa_mask[0]=11111111011111110111111111111111, sa_flags=SA_RESTART|SA_SIGINFO
SIGILL: [libjvm.dylib+0x4805d4], sa_mask[0]=11111111011111110111111111111111, sa_flags=SA_RESTART|SA_SIGINFO
SIGUSR1: SIG_DFL, sa_mask[0]=00000000000000000000000000000000, sa_flags=none
SIGUSR2: [libjvm.dylib+0x4800f2], sa_mask[0]=00100000000000000000000000000000, sa_flags=SA_RESTART|SA_SIGINFO
SIGHUP: [libjvm.dylib+0x47e6c9], sa_mask[0]=11111111011111110111111111111111, sa_flags=SA_RESTART|SA_SIGINFO
SIGINT: [libjvm.dylib+0x47e6c9], sa_mask[0]=11111111011111110111111111111111, sa_flags=SA_RESTART|SA_SIGINFO
SIGTERM: [libjvm.dylib+0x47e6c9], sa_mask[0]=11111111011111110111111111111111, sa_flags=SA_RESTART|SA_SIGINFO
SIGQUIT: [libjvm.dylib+0x47e6c9], sa_mask[0]=11111111011111110111111111111111, sa_flags=SA_RESTART|SA_SIGINFO


---------------  S Y S T E M  ---------------

OS:Bsduname:Darwin 14.5.0 Darwin Kernel Version 14.5.0: Tue Sep  1 21:23:09 PDT 2015; root:xnu-2782.50.1~1/RELEASE_X86_64 x86_64
rlimit: STACK 8192k, CORE 0k, NPROC 709, NOFILE 10240, AS infinity
load average:3.02 3.33 3.12

CPU:total 4 (2 cores per cpu, 2 threads per core) family 6 model 69 stepping 1, cmov, cx8, fxsr, mmx, sse, sse2, sse3, ssse3, sse4.1, sse4.2, popcnt, avx, avx2, aes, clmul, erms, lzcnt, ht, tsc, tscinvbit, bmi1, bmi2

Memory: 4k page, physical 4194304k(23412k free)

/proc/meminfo:


vm_info: Java HotSpot(TM) 64-Bit Server VM (25.71-b15) for bsd-amd64 JRE (1.8.0_71-b15), built on Dec 22 2015 15:11:44 by "java_re" with gcc 4.2.1 (Based on Apple Inc. build 5658) (LLVM build 2336.11.00)

time: Sun May 15 19:15:06 2016
elapsed time: 66 seconds (0d 0h 1m 6s)

