#
# A fatal error has been detected by the Java Runtime Environment:
#
#  SIGSEGV (0xb) at pc=0x00007fff8afd20dd, pid=83171, tid=1811
#
# JRE version: Java(TM) SE Runtime Environment (8.0_71-b15) (build 1.8.0_71-b15)
# Java VM: Java HotSpot(TM) 64-Bit Server VM (25.71-b15 mixed mode bsd-amd64 compressed oops)
# Problematic frame:
# C  [libobjc.A.dylib+0x10dd]  objc_msgSend+0x1d
#
# Failed to write core dump. Core dumps have been disabled. To enable core dumping, try "ulimit -c unlimited" before starting Java again
#
# If you would like to submit a bug report, please visit:
#   http://bugreport.java.com/bugreport/crash.jsp
# The crash happened outside the Java Virtual Machine in native code.
# See problematic frame for where to report the bug.
#

---------------  T H R E A D  ---------------

Current thread (0x00007fe19d030000):  JavaThread "AWT-AppKit" daemon [_thread_in_native, id=1811, stack(0x00007fff57002000,0x00007fff57802000)]

siginfo: si_signo: 11 (SIGSEGV), si_code: 1 (SEGV_MAPERR), si_addr: 0x0000000000000018

Registers:
RAX=0x00007fe1a0687150, RBX=0x0000000173b103b0, RCX=0x00000001267585a0, RDX=0x0000000126758320
RSP=0x00007fff577fd548, RBP=0x00007fff577fd600, RSI=0x00007fff8635640f, RDI=0x00007fe1a06896f0
R8 =0x0000000000000000, R9 =0x0000000000000f50, R10=0x00007fff8635640f, R11=0x0000000000000000
R12=0x0000000000000000, R13=0x00000001753e7948, R14=0x0000000173b103a0, R15=0x00007fe19d030000
RIP=0x00007fff8afd20dd, EFLAGS=0x0000000000010246, ERR=0x0000000000000004
  TRAPNO=0x000000000000000e

Top of Stack: (sp=0x00007fff577fd548)
0x00007fff577fd548:   0000000173b0e5d7 00007fff577fd5a0
0x00007fff577fd558:   0000000000000003 00007fff577fd580
0x00007fff577fd568:   0000000108ff0d66 00000001753e7948
0x00007fff577fd578:   00000001753e7948 00007fe1a0687150
0x00007fff577fd588:   0000000173b105c0 0000000173b10640
0x00007fff577fd598:   0000000173b103b0 00007fff7464d550
0x00007fff577fd5a8:   0000000173b105d0 00007fff757fec80
0x00007fff577fd5b8:   00007fe1a0687150 00007fe1a06896f0
0x00007fff577fd5c8:   00007fe19b655ea0 00007fe1a0687150
0x00007fff577fd5d8:   00007fe1a06896f0 00007fff577fd688
0x00007fff577fd5e8:   00007fe19d0301f8 00000001753e7948
0x00007fff577fd5f8:   00007fff577fd6b0 00007fff577fd678
0x00007fff577fd608:   0000000109ea7954 00000001753e7948
0x00007fff577fd618:   00007fff577fd6b0 00007fff577fd678
0x00007fff577fd628:   0000000109ea76e7 0000000109ea76a2
0x00007fff577fd638:   00007fff577fd638 00000001753e7948
0x00007fff577fd648:   00007fff577fd6b0 00000001753ea138
0x00007fff577fd658:   0000000000000000 00000001753e7948
0x00007fff577fd668:   0000000000000000 00007fff577fd698
0x00007fff577fd678:   00007fff577fd6f8 0000000109e99c4d
0x00007fff577fd688:   0000000780a71640 0000000109ea1578
0x00007fff577fd698:   00007fe1a0687150 00007fff577fd6f8
0x00007fff577fd6a8:   00007fe1a06896f0 0000000109ea2d82
0x00007fff577fd6b8:   00007fff577fd6b8 00000001753e7b12
0x00007fff577fd6c8:   00007fff577fd720 00000001753ea138
0x00007fff577fd6d8:   0000000000000000 00000001753e7b20
0x00007fff577fd6e8:   00007fff577fd698 00007fff577fd708
0x00007fff577fd6f8:   00007fff577fd768 0000000109e99c4d
0x00007fff577fd708:   00007fe1a0687150 0000000781229e28
0x00007fff577fd718:   00007fe1a06896f0 0000000781229e28
0x00007fff577fd728:   00007fff577fd728 0000000179fe605e
0x00007fff577fd738:   00007fff577fd778 0000000179fe6118 

Instructions: (pc=0x00007fff8afd20dd)
0x00007fff8afd20bd:   00 00 00 48 85 ff 2e 74 7a 40 f6 c7 01 2e 75 7e
0x00007fff8afd20cd:   49 bb f8 ff ff ff ff 7f 00 00 4c 23 1f 49 89 f2
0x00007fff8afd20dd:   45 23 53 18 49 c1 e2 04 4d 03 53 10 49 3b 32 75
0x00007fff8afd20ed:   04 41 ff 62 08 49 83 3a 00 74 6a 4d 3b 53 10 74 

Register to memory mapping:

RAX=0x00007fe1a0687150 is an unknown value
RBX=0x0000000173b103b0: Java_jogamp_nativewindow_macosx_OSXUtil_GetScreenRefreshRate0+0x1850 in /private/var/folders/s4/ngcr_7ss02bdrtqp5hllhg2r0000gn/T/jogamp_0000/file_cache/jln5010752003589509778/jln7979358430265856539/libnativewindow_macosx.jnilib at 0x0000000173b09000
RCX=0x00000001267585a0 is an unknown value
RDX=0x0000000126758320 is an unknown value
RSP=0x00007fff577fd548 is pointing into the stack for thread: 0x00007fe19d030000
RBP=0x00007fff577fd600 is pointing into the stack for thread: 0x00007fe19d030000
RSI=0x00007fff8635640f is an unknown value
RDI=0x00007fe1a06896f0 is an unknown value
R8 =0x0000000000000000 is an unknown value
R9 =0x0000000000000f50 is an unknown value
R10=0x00007fff8635640f is an unknown value
R11=0x0000000000000000 is an unknown value
R12=0x0000000000000000 is an unknown value
R13={method} {0x00000001753e7948} 'UnsetJAWTRootSurfaceLayer0' '(JJ)V' in 'jogamp/nativewindow/jawt/macosx/MacOSXJAWTWindow'
R14=0x0000000173b103a0: Java_jogamp_nativewindow_macosx_OSXUtil_GetScreenRefreshRate0+0x1840 in /private/var/folders/s4/ngcr_7ss02bdrtqp5hllhg2r0000gn/T/jogamp_0000/file_cache/jln5010752003589509778/jln7979358430265856539/libnativewindow_macosx.jnilib at 0x0000000173b09000
R15=0x00007fe19d030000 is a thread


Stack: [0x00007fff57002000,0x00007fff57802000],  sp=0x00007fff577fd548,  free space=8173k
Native frames: (J=compiled Java code, j=interpreted, Vv=VM code, C=native code)
C  [libobjc.A.dylib+0x10dd]  objc_msgSend+0x1d
j  jogamp.nativewindow.jawt.macosx.MacOSXJAWTWindow.UnsetJAWTRootSurfaceLayer0(JJ)V+0
j  jogamp.nativewindow.jawt.macosx.MacOSXJAWTWindow.access$200(JJ)V+2
j  jogamp.nativewindow.jawt.macosx.MacOSXJAWTWindow$1.run()V+38
j  com.jogamp.common.util.RunnableTask.run()V+24
v  ~StubRoutines::call_stub
V  [libjvm.dylib+0x2ea59a]
V  [libjvm.dylib+0x3216a3]
V  [libjvm.dylib+0x313e77]
C  [libnativewindow_macosx.jnilib+0x57ae]  Java_jogamp_nativewindow_jawt_macosx_MacOSXJAWTWindow_UnsetJAWTRootSurfaceLayer0+0x2be
C  [Foundation+0x92dd0]  __NSThreadPerformPerform+0x125
C  [CoreFoundation+0x80a01]  __CFRUNLOOP_IS_CALLING_OUT_TO_A_SOURCE0_PERFORM_FUNCTION__+0x11
C  [CoreFoundation+0x72b8d]  __CFRunLoopDoSources0+0x10d
C  [CoreFoundation+0x721bf]  __CFRunLoopRun+0x39f
C  [CoreFoundation+0x71bd8]  CFRunLoopRunSpecific+0x128
C  [HIToolbox+0x3256f]  RunCurrentEventLoopInMode+0xeb
C  [HIToolbox+0x321ee]  ReceiveNextEventCommon+0xb3
C  [HIToolbox+0x3212b]  _BlockUntilNextEventMatchingListInModeWithFilter+0x47
C  [AppKit+0x918ab]  _DPSNextEvent+0x3d2
C  [AppKit+0x90e58]  -[NSApplication nextEventMatchingMask:untilDate:inMode:dequeue:]+0x15a
C  [libosxapp.dylib+0x23aa]  -[NSApplicationAWT nextEventMatchingMask:untilDate:inMode:dequeue:]+0x7c
C  [AppKit+0x86af3]  -[NSApplication run]+0x252
C  [libosxapp.dylib+0x214d]  +[NSApplicationAWT runAWTLoopWithApp:]+0x9c
C  [libawt_lwawt.dylib+0x4455b]  -[AWTStarter starter:]+0x389
C  [Foundation+0x92dd0]  __NSThreadPerformPerform+0x125
C  [CoreFoundation+0x80a01]  __CFRUNLOOP_IS_CALLING_OUT_TO_A_SOURCE0_PERFORM_FUNCTION__+0x11
C  [CoreFoundation+0x72b8d]  __CFRunLoopDoSources0+0x10d
C  [CoreFoundation+0x721bf]  __CFRunLoopRun+0x39f
C  [CoreFoundation+0x71bd8]  CFRunLoopRunSpecific+0x128
C  [java+0x6463]  CreateExecutionEnvironment+0x367
C  [java+0x21ac]  JLI_Launch+0x7a0
C  [java+0x84c0]  main+0x65
C  [java+0x1a04]  start+0x34
C  0x0000000000000007

Java frames: (J=compiled Java code, j=interpreted, Vv=VM code)
j  jogamp.nativewindow.jawt.macosx.MacOSXJAWTWindow.UnsetJAWTRootSurfaceLayer0(JJ)V+0
j  jogamp.nativewindow.jawt.macosx.MacOSXJAWTWindow.access$200(JJ)V+2
j  jogamp.nativewindow.jawt.macosx.MacOSXJAWTWindow$1.run()V+38
j  com.jogamp.common.util.RunnableTask.run()V+24
v  ~StubRoutines::call_stub

---------------  P R O C E S S  ---------------

Java Threads: ( => current thread )
  0x00007fe19d0e8800 JavaThread "Thread-27" [_thread_blocked, id=21519, stack(0x000000017a7e1000,0x000000017a8e1000)]
  0x00007fe19ca0d000 JavaThread "AWT-EventQueue-1" [_thread_in_native, id=57111, stack(0x0000000174125000,0x0000000174225000)]
  0x00007fe19b800000 JavaThread "DestroyJavaVM" [_thread_blocked, id=4867, stack(0x0000000109d90000,0x0000000109e90000)]
  0x00007fe19cb32800 JavaThread "AWT-EventQueue-0" [_thread_blocked, id=55559, stack(0x00000001267c4000,0x00000001268c4000)]
  0x00007fe19cace800 JavaThread "Java2D Disposer" daemon [_thread_blocked, id=51479, stack(0x0000000125112000,0x0000000125212000)]
  0x00007fe19c17d800 JavaThread "Java2D Queue Flusher" daemon [_thread_blocked, id=49927, stack(0x0000000124094000,0x0000000124194000)]
  0x00007fe19b846000 JavaThread "AWT-Shutdown" [_thread_blocked, id=28435, stack(0x00000001216b2000,0x00000001217b2000)]
=>0x00007fe19d030000 JavaThread "AWT-AppKit" daemon [_thread_in_native, id=1811, stack(0x00007fff57002000,0x00007fff57802000)]
  0x00007fe19b841800 JavaThread "Service Thread" daemon [_thread_blocked, id=18179, stack(0x000000011f642000,0x000000011f742000)]
  0x00007fe19c865000 JavaThread "C1 CompilerThread2" daemon [_thread_blocked, id=17667, stack(0x000000011f53f000,0x000000011f63f000)]
  0x00007fe19c864000 JavaThread "C2 CompilerThread1" daemon [_thread_blocked, id=17155, stack(0x000000011f43c000,0x000000011f53c000)]
  0x00007fe19c851800 JavaThread "C2 CompilerThread0" daemon [_thread_blocked, id=16643, stack(0x000000011f339000,0x000000011f439000)]
  0x00007fe19c83e800 JavaThread "Signal Dispatcher" daemon [_thread_blocked, id=13335, stack(0x000000011f236000,0x000000011f336000)]
  0x00007fe19c839800 JavaThread "Finalizer" daemon [_thread_blocked, id=11523, stack(0x000000011d811000,0x000000011d911000)]
  0x00007fe19c839000 JavaThread "Reference Handler" daemon [_thread_blocked, id=11011, stack(0x000000011d70e000,0x000000011d80e000)]

Other Threads:
  0x00007fe19b808000 VMThread [stack: 0x000000011d60b000,0x000000011d70b000] [id=10499]
  0x00007fe19c85a800 WatcherThread [stack: 0x000000011f745000,0x000000011f845000] [id=18691]

VM state:not at safepoint (normal execution)

VM Mutex/Monitor currently owned by a thread: None

Heap:
 PSYoungGen      total 19456K, used 11613K [0x00000007aab00000, 0x00000007adf00000, 0x00000007c0000000)
  eden space 18944K, 60% used [0x00000007aab00000,0x00000007ab647560,0x00000007abd80000)
  from space 512K, 12% used [0x00000007ade80000,0x00000007ade90000,0x00000007adf00000)
  to   space 512K, 0% used [0x00000007ade00000,0x00000007ade00000,0x00000007ade80000)
 ParOldGen       total 44032K, used 19757K [0x0000000780000000, 0x0000000782b00000, 0x00000007aab00000)
  object space 44032K, 44% used [0x0000000780000000,0x000000078134b670,0x0000000782b00000)
 Metaspace       used 19210K, capacity 19355K, committed 19712K, reserved 1067008K
  class space    used 1890K, capacity 1948K, committed 2048K, reserved 1048576K

Card table byte_map: [0x0000000119252000,0x0000000119453000] byte_map_base: 0x0000000115652000

Marking Bits: (ParMarkBitMap*) 0x00000001096e3ea0
 Begin Bits: [0x00000001199b5000, 0x000000011a9b5000)
 End Bits:   [0x000000011a9b5000, 0x000000011b9b5000)

Polling page: 0x0000000108557000

CodeCache: size=245760Kb used=7045Kb max_used=7531Kb free=238714Kb
 bounds [0x0000000109e92000, 0x000000010a602000, 0x0000000118e92000]
 total_blobs=2828 nmethods=1945 adapters=797
 compilation: enabled

Compilation events (10 events):
Event: 2100.870 Thread 0x00007fe19c865000 2277       3       java.awt.EventQueue::eventToCacheIndex (80 bytes)
Event: 2100.871 Thread 0x00007fe19c865000 nmethod 2277 0x000000010a23d7d0 code [0x000000010a23d960, 0x000000010a23de30]
Event: 2101.177 Thread 0x00007fe19c865000 2278       1       sun.java2d.SurfaceData::isSurfaceLost (5 bytes)
Event: 2101.177 Thread 0x00007fe19c865000 nmethod 2278 0x000000010a523c50 code [0x000000010a523da0, 0x000000010a523eb0]
Event: 2101.256 Thread 0x00007fe19c865000 2279       3       java.util.Stack::empty (13 bytes)
Event: 2101.257 Thread 0x00007fe19c865000 nmethod 2279 0x000000010a055510 code [0x000000010a055680, 0x000000010a055a50]
Event: 2101.295 Thread 0x00007fe19c851800 2280  s!   4       sun.misc.URLClassPath::getLoader (197 bytes)
Event: 2101.306 Thread 0x00007fe19c851800 nmethod 2280 0x0000000109fb54d0 code [0x0000000109fb5640, 0x0000000109fb5e18]
Event: 2101.306 Thread 0x00007fe19c865000 2281       3       sun.font.FontDesignMetrics::getLatinCharWidth (29 bytes)
Event: 2101.307 Thread 0x00007fe19c865000 nmethod 2281 0x000000010a393a90 code [0x000000010a393c40, 0x000000010a393f88]

GC Heap History (10 events):
Event: 2071.953 GC heap before
{Heap before GC invocations=300 (full 0):
 PSYoungGen      total 19456K, used 19040K [0x00000007aab00000, 0x00000007adf00000, 0x00000007c0000000)
  eden space 18944K, 100% used [0x00000007aab00000,0x00000007abd80000,0x00000007abd80000)
  from space 512K, 18% used [0x00000007ade00000,0x00000007ade18000,0x00000007ade80000)
  to   space 512K, 0% used [0x00000007ade80000,0x00000007ade80000,0x00000007adf00000)
 ParOldGen       total 44032K, used 19757K [0x0000000780000000, 0x0000000782b00000, 0x00000007aab00000)
  object space 44032K, 44% used [0x0000000780000000,0x000000078134b670,0x0000000782b00000)
 Metaspace       used 19149K, capacity 19355K, committed 19712K, reserved 1067008K
  class space    used 1879K, capacity 1948K, committed 2048K, reserved 1048576K
Event: 2071.956 GC heap after
Heap after GC invocations=300 (full 0):
 PSYoungGen      total 19456K, used 64K [0x00000007aab00000, 0x00000007adf00000, 0x00000007c0000000)
  eden space 18944K, 0% used [0x00000007aab00000,0x00000007aab00000,0x00000007abd80000)
  from space 512K, 12% used [0x00000007ade80000,0x00000007ade90000,0x00000007adf00000)
  to   space 512K, 0% used [0x00000007ade00000,0x00000007ade00000,0x00000007ade80000)
 ParOldGen       total 44032K, used 19757K [0x0000000780000000, 0x0000000782b00000, 0x00000007aab00000)
  object space 44032K, 44% used [0x0000000780000000,0x000000078134b670,0x0000000782b00000)
 Metaspace       used 19149K, capacity 19355K, committed 19712K, reserved 1067008K
  class space    used 1879K, capacity 1948K, committed 2048K, reserved 1048576K
}
Event: 2078.121 GC heap before
{Heap before GC invocations=301 (full 0):
 PSYoungGen      total 19456K, used 19008K [0x00000007aab00000, 0x00000007adf00000, 0x00000007c0000000)
  eden space 18944K, 100% used [0x00000007aab00000,0x00000007abd80000,0x00000007abd80000)
  from space 512K, 12% used [0x00000007ade80000,0x00000007ade90000,0x00000007adf00000)
  to   space 512K, 0% used [0x00000007ade00000,0x00000007ade00000,0x00000007ade80000)
 ParOldGen       total 44032K, used 19757K [0x0000000780000000, 0x0000000782b00000, 0x00000007aab00000)
  object space 44032K, 44% used [0x0000000780000000,0x000000078134b670,0x0000000782b00000)
 Metaspace       used 19149K, capacity 19355K, committed 19712K, reserved 1067008K
  class space    used 1879K, capacity 1948K, committed 2048K, reserved 1048576K
Event: 2078.124 GC heap after
Heap after GC invocations=301 (full 0):
 PSYoungGen      total 19456K, used 96K [0x00000007aab00000, 0x00000007adf00000, 0x00000007c0000000)
  eden space 18944K, 0% used [0x00000007aab00000,0x00000007aab00000,0x00000007abd80000)
  from space 512K, 18% used [0x00000007ade00000,0x00000007ade18000,0x00000007ade80000)
  to   space 512K, 0% used [0x00000007ade80000,0x00000007ade80000,0x00000007adf00000)
 ParOldGen       total 44032K, used 19757K [0x0000000780000000, 0x0000000782b00000, 0x00000007aab00000)
  object space 44032K, 44% used [0x0000000780000000,0x000000078134b670,0x0000000782b00000)
 Metaspace       used 19149K, capacity 19355K, committed 19712K, reserved 1067008K
  class space    used 1879K, capacity 1948K, committed 2048K, reserved 1048576K
}
Event: 2084.104 GC heap before
{Heap before GC invocations=302 (full 0):
 PSYoungGen      total 19456K, used 19040K [0x00000007aab00000, 0x00000007adf00000, 0x00000007c0000000)
  eden space 18944K, 100% used [0x00000007aab00000,0x00000007abd80000,0x00000007abd80000)
  from space 512K, 18% used [0x00000007ade00000,0x00000007ade18000,0x00000007ade80000)
  to   space 512K, 0% used [0x00000007ade80000,0x00000007ade80000,0x00000007adf00000)
 ParOldGen       total 44032K, used 19757K [0x0000000780000000, 0x0000000782b00000, 0x00000007aab00000)
  object space 44032K, 44% used [0x0000000780000000,0x000000078134b670,0x0000000782b00000)
 Metaspace       used 19149K, capacity 19355K, committed 19712K, reserved 1067008K
  class space    used 1879K, capacity 1948K, committed 2048K, reserved 1048576K
Event: 2084.109 GC heap after
Heap after GC invocations=302 (full 0):
 PSYoungGen      total 19456K, used 96K [0x00000007aab00000, 0x00000007adf00000, 0x00000007c0000000)
  eden space 18944K, 0% used [0x00000007aab00000,0x00000007aab00000,0x00000007abd80000)
  from space 512K, 18% used [0x00000007ade80000,0x00000007ade98000,0x00000007adf00000)
  to   space 512K, 0% used [0x00000007ade00000,0x00000007ade00000,0x00000007ade80000)
 ParOldGen       total 44032K, used 19757K [0x0000000780000000, 0x0000000782b00000, 0x00000007aab00000)
  object space 44032K, 44% used [0x0000000780000000,0x000000078134b670,0x0000000782b00000)
 Metaspace       used 19149K, capacity 19355K, committed 19712K, reserved 1067008K
  class space    used 1879K, capacity 1948K, committed 2048K, reserved 1048576K
}
Event: 2090.103 GC heap before
{Heap before GC invocations=303 (full 0):
 PSYoungGen      total 19456K, used 19040K [0x00000007aab00000, 0x00000007adf00000, 0x00000007c0000000)
  eden space 18944K, 100% used [0x00000007aab00000,0x00000007abd80000,0x00000007abd80000)
  from space 512K, 18% used [0x00000007ade80000,0x00000007ade98000,0x00000007adf00000)
  to   space 512K, 0% used [0x00000007ade00000,0x00000007ade00000,0x00000007ade80000)
 ParOldGen       total 44032K, used 19757K [0x0000000780000000, 0x0000000782b00000, 0x00000007aab00000)
  object space 44032K, 44% used [0x0000000780000000,0x000000078134b670,0x0000000782b00000)
 Metaspace       used 19149K, capacity 19355K, committed 19712K, reserved 1067008K
  class space    used 1879K, capacity 1948K, committed 2048K, reserved 1048576K
Event: 2090.108 GC heap after
Heap after GC invocations=303 (full 0):
 PSYoungGen      total 19456K, used 64K [0x00000007aab00000, 0x00000007adf00000, 0x00000007c0000000)
  eden space 18944K, 0% used [0x00000007aab00000,0x00000007aab00000,0x00000007abd80000)
  from space 512K, 12% used [0x00000007ade00000,0x00000007ade10000,0x00000007ade80000)
  to   space 512K, 0% used [0x00000007ade80000,0x00000007ade80000,0x00000007adf00000)
 ParOldGen       total 44032K, used 19757K [0x0000000780000000, 0x0000000782b00000, 0x00000007aab00000)
  object space 44032K, 44% used [0x0000000780000000,0x000000078134b670,0x0000000782b00000)
 Metaspace       used 19149K, capacity 19355K, committed 19712K, reserved 1067008K
  class space    used 1879K, capacity 1948K, committed 2048K, reserved 1048576K
}
Event: 2096.188 GC heap before
{Heap before GC invocations=304 (full 0):
 PSYoungGen      total 19456K, used 19008K [0x00000007aab00000, 0x00000007adf00000, 0x00000007c0000000)
  eden space 18944K, 100% used [0x00000007aab00000,0x00000007abd80000,0x00000007abd80000)
  from space 512K, 12% used [0x00000007ade00000,0x00000007ade10000,0x00000007ade80000)
  to   space 512K, 0% used [0x00000007ade80000,0x00000007ade80000,0x00000007adf00000)
 ParOldGen       total 44032K, used 19757K [0x0000000780000000, 0x0000000782b00000, 0x00000007aab00000)
  object space 44032K, 44% used [0x0000000780000000,0x000000078134b670,0x0000000782b00000)
 Metaspace       used 19149K, capacity 19355K, committed 19712K, reserved 1067008K
  class space    used 1879K, capacity 1948K, committed 2048K, reserved 1048576K
Event: 2096.193 GC heap after
Heap after GC invocations=304 (full 0):
 PSYoungGen      total 19456K, used 64K [0x00000007aab00000, 0x00000007adf00000, 0x00000007c0000000)
  eden space 18944K, 0% used [0x00000007aab00000,0x00000007aab00000,0x00000007abd80000)
  from space 512K, 12% used [0x00000007ade80000,0x00000007ade90000,0x00000007adf00000)
  to   space 512K, 0% used [0x00000007ade00000,0x00000007ade00000,0x00000007ade80000)
 ParOldGen       total 44032K, used 19757K [0x0000000780000000, 0x0000000782b00000, 0x00000007aab00000)
  object space 44032K, 44% used [0x0000000780000000,0x000000078134b670,0x0000000782b00000)
 Metaspace       used 19149K, capacity 19355K, committed 19712K, reserved 1067008K
  class space    used 1879K, capacity 1948K, committed 2048K, reserved 1048576K
}

Deoptimization events (10 events):
Event: 2101.057 Thread 0x00007fe19ca0d000 Uncommon trap: reason=unstable_if action=reinterpret pc=0x0000000109fa10a0 method=java.security.AccessController.getContext()Ljava/security/AccessControlContext; @ 5
Event: 2101.061 Thread 0x00007fe19cb32800 Uncommon trap: reason=unstable_if action=reinterpret pc=0x000000010a255cec method=sun.lwawt.LWContainerPeer.cutChildren(Lsun/java2d/pipe/Region;Lsun/lwawt/LWComponentPeer;)Lsun/java2d/pipe/Region; @ 67
Event: 2101.122 Thread 0x00007fe19c8a8000 Uncommon trap: reason=unstable_if action=reinterpret pc=0x0000000109fa51ac method=processing.core.PApplet.run()V @ 272
Event: 2101.167 Thread 0x00007fe19b897800 Uncommon trap: reason=unstable_if action=reinterpret pc=0x000000010a4db5f0 method=java.util.HashMap.putVal(ILjava/lang/Object;Ljava/lang/Object;ZZ)Ljava/lang/Object; @ 81
Event: 2101.231 Thread 0x00007fe19d030000 Uncommon trap: reason=class_check action=maybe_recompile pc=0x000000010a228ac0 method=com.jogamp.common.util.RunnableTask.run()V @ 24
Event: 2101.232 Thread 0x00007fe19d030000 Uncommon trap: reason=unstable_if action=reinterpret pc=0x000000010a284fb4 method=jogamp.nativewindow.macosx.OSXUtil.RunOnMainThread(ZLjava/lang/Runnable;)V @ 3
Event: 2101.247 Thread 0x00007fe19ca0d000 Uncommon trap: reason=unstable_if action=reinterpret pc=0x000000010a5ce494 method=jogamp.opengl.GLContextImpl.release(Z)V @ 257
Event: 2101.297 Thread 0x00007fe19ca0d000 Uncommon trap: reason=unstable_if action=reinterpret pc=0x000000010a548018 method=java.util.LinkedList$ListItr.<init>(Ljava/util/LinkedList;I)V @ 26
Event: 2101.300 Thread 0x00007fe19ca0d000 Uncommon trap: reason=unstable_if action=reinterpret pc=0x000000010a5410cc method=java.security.AccessControlContext.optimize()Ljava/security/AccessControlContext; @ 233
Event: 2101.308 Thread 0x00007fe19d030000 Uncommon trap: reason=class_check action=maybe_recompile pc=0x000000010a228ac0 method=com.jogamp.common.util.RunnableTask.run()V @ 24

Internal exceptions (10 events):
Event: 0.473 Thread 0x00007fe19c801000 Exception <a 'java/lang/NoSuchFieldError': method resolution failed> (0x00000007aad5dd00) thrown at [/Users/java_re/workspace/8-2-build-macosx-x86_64/jdk8u71/5731/hotspot/src/share/vm/prims/methodHandles.cpp, line 1146]
Event: 1.485 Thread 0x00007fe19c801000 Exception <a 'java/io/FileNotFoundException'> (0x00000007aadd9e80) thrown at [/Users/java_re/workspace/8-2-build-macosx-x86_64/jdk8u71/5731/hotspot/src/share/vm/prims/jni.cpp, line 709]
Event: 1.485 Thread 0x00007fe19c801000 Exception <a 'java/io/FileNotFoundException'> (0x00000007aadda9c8) thrown at [/Users/java_re/workspace/8-2-build-macosx-x86_64/jdk8u71/5731/hotspot/src/share/vm/prims/jni.cpp, line 709]
Event: 1.787 Thread 0x00007fe19c801000 Exception <a 'java/io/FileNotFoundException'> (0x00000007aaec4308) thrown at [/Users/java_re/workspace/8-2-build-macosx-x86_64/jdk8u71/5731/hotspot/src/share/vm/prims/jni.cpp, line 709]
Event: 5.783 Thread 0x00007fe19c839800 Exception <a 'java/lang/NullPointerException'> (0x00000007aab32ba0) thrown at [/Users/java_re/workspace/8-2-build-macosx-x86_64/jdk8u71/5731/hotspot/src/share/vm/interpreter/linkResolver.cpp, line 1178]
Event: 5.948 Thread 0x00007fe19c8a8000 Exception <a 'java/lang/UnsatisfiedLinkError': com.jogamp.common.util.JarUtil.fixNativeLibAttribs(Ljava/lang/String;)Z> (0x00000007aafbb2a0) thrown at [/Users/java_re/workspace/8-2-build-macosx-x86_64/jdk8u71/5731/hotspot/src/share/vm/prims/nativeLookup.c
Event: 7.100 Thread 0x00007fe19ca0d000 Exception <a 'java/io/FileNotFoundException'> (0x00000007ab24add8) thrown at [/Users/java_re/workspace/8-2-build-macosx-x86_64/jdk8u71/5731/hotspot/src/share/vm/prims/jni.cpp, line 709]
Event: 7.100 Thread 0x00007fe19ca0d000 Exception <a 'java/io/FileNotFoundException'> (0x00000007ab251f08) thrown at [/Users/java_re/workspace/8-2-build-macosx-x86_64/jdk8u71/5731/hotspot/src/share/vm/prims/jni.cpp, line 709]
Event: 7.100 Thread 0x00007fe19ca0d000 Implicit null exception at 0x000000010a0422f5 to 0x000000010a042659
Event: 7.151 Thread 0x00007fe19ca0d000 Exception <a 'sun/nio/fs/UnixException'> (0x00000007ab397300) thrown at [/Users/java_re/workspace/8-2-build-macosx-x86_64/jdk8u71/5731/hotspot/src/share/vm/prims/jni.cpp, line 709]

Events (10 events):
Event: 2101.304 Executing VM operation: RevokeBias
Event: 2101.304 Executing VM operation: RevokeBias done
Event: 2101.304 Thread 0x00007fe19b897800 Thread exited: 0x00007fe19b897800
Event: 2101.305 loading class java/lang/IllegalThreadStateException
Event: 2101.306 loading class java/lang/IllegalThreadStateException done
Event: 2101.307 loading class java/awt/Window$1DisposeAction
Event: 2101.307 loading class java/awt/Window$1DisposeAction done
Event: 2101.308 Thread 0x00007fe19d030000 Uncommon trap: trap_request=0xffffffde fr.pc=0x000000010a228ac0
Event: 2101.308 Thread 0x00007fe19d030000 DEOPT PACKING pc=0x000000010a228ac0 sp=0x00007fff577fd7c0
Event: 2101.308 Thread 0x00007fe19d030000 DEOPT UNPACKING pc=0x0000000109e97229 sp=0x00007fff577fd768 mode 2


Dynamic libraries:
0x00000000032e2000 	/System/Library/Frameworks/Cocoa.framework/Versions/A/Cocoa
0x00000000032e2000 	/System/Library/Frameworks/Security.framework/Versions/A/Security
0x00000000032e2000 	/System/Library/Frameworks/ApplicationServices.framework/Versions/A/ApplicationServices
0x00000000032e2000 	/usr/lib/libz.1.dylib
0x00000000032e2000 	/usr/lib/libSystem.B.dylib
0x00000000032e2000 	/usr/lib/libobjc.A.dylib
0x00000000032e2000 	/System/Library/Frameworks/CoreFoundation.framework/Versions/A/CoreFoundation
0x00000000032e2000 	/System/Library/Frameworks/Foundation.framework/Versions/C/Foundation
0x00000000032e2000 	/System/Library/Frameworks/AppKit.framework/Versions/C/AppKit
0x00000000032e2000 	/System/Library/Frameworks/CoreData.framework/Versions/A/CoreData
0x00000000032e2000 	/System/Library/PrivateFrameworks/RemoteViewServices.framework/Versions/A/RemoteViewServices
0x00000000032e2000 	/System/Library/PrivateFrameworks/UIFoundation.framework/Versions/A/UIFoundation
0x00000000032e2000 	/System/Library/Frameworks/IOSurface.framework/Versions/A/IOSurface
0x00000000032e2000 	/System/Library/Frameworks/AudioToolbox.framework/Versions/A/AudioToolbox
0x00000000032e2000 	/System/Library/Frameworks/AudioUnit.framework/Versions/A/AudioUnit
0x00000000032e2000 	/System/Library/PrivateFrameworks/DataDetectorsCore.framework/Versions/A/DataDetectorsCore
0x00000000032e2000 	/System/Library/PrivateFrameworks/DesktopServicesPriv.framework/Versions/A/DesktopServicesPriv
0x00000000032e2000 	/System/Library/Frameworks/Carbon.framework/Versions/A/Frameworks/HIToolbox.framework/Versions/A/HIToolbox
0x00000000032e2000 	/System/Library/Frameworks/QuartzCore.framework/Versions/A/QuartzCore
0x00000000032e2000 	/System/Library/Frameworks/Carbon.framework/Versions/A/Frameworks/SpeechRecognition.framework/Versions/A/SpeechRecognition
0x00000000032e2000 	/usr/lib/libauto.dylib
0x00000000032e2000 	/usr/lib/libicucore.A.dylib
0x00000000032e2000 	/usr/lib/libxml2.2.dylib
0x00000000032e2000 	/System/Library/PrivateFrameworks/CoreUI.framework/Versions/A/CoreUI
0x00000000032e2000 	/System/Library/Frameworks/CoreAudio.framework/Versions/A/CoreAudio
0x00000000032e2000 	/System/Library/Frameworks/DiskArbitration.framework/Versions/A/DiskArbitration
0x00000000032e2000 	/usr/lib/liblangid.dylib
0x00000000032e2000 	/System/Library/PrivateFrameworks/MultitouchSupport.framework/Versions/A/MultitouchSupport
0x00000000032e2000 	/System/Library/Frameworks/IOKit.framework/Versions/A/IOKit
0x00000000032e2000 	/usr/lib/libDiagnosticMessagesClient.dylib
0x00000000032e2000 	/System/Library/Frameworks/CoreServices.framework/Versions/A/CoreServices
0x00000000032e2000 	/System/Library/PrivateFrameworks/PerformanceAnalysis.framework/Versions/A/PerformanceAnalysis
0x00000000032e2000 	/System/Library/PrivateFrameworks/GenerationalStorage.framework/Versions/A/GenerationalStorage
0x00000000032e2000 	/System/Library/Frameworks/OpenGL.framework/Versions/A/OpenGL
0x00000000032e2000 	/System/Library/PrivateFrameworks/Sharing.framework/Versions/A/Sharing
0x00000000032e2000 	/System/Library/Frameworks/CoreGraphics.framework/Versions/A/CoreGraphics
0x00000000032e2000 	/System/Library/Frameworks/CoreText.framework/Versions/A/CoreText
0x00000000032e2000 	/System/Library/Frameworks/ImageIO.framework/Versions/A/ImageIO
0x00000000032e2000 	/usr/lib/libextension.dylib
0x00000000032e2000 	/System/Library/PrivateFrameworks/Backup.framework/Versions/A/Backup
0x00000000032e2000 	/usr/lib/libarchive.2.dylib
0x00000000032e2000 	/System/Library/Frameworks/CFNetwork.framework/Versions/A/CFNetwork
0x00000000032e2000 	/System/Library/Frameworks/SystemConfiguration.framework/Versions/A/SystemConfiguration
0x00000000032e2000 	/usr/lib/libCRFSuite.dylib
0x00000000032e2000 	/usr/lib/libc++.1.dylib
0x00000000032e2000 	/usr/lib/libc++abi.dylib
0x00000000032e2000 	/usr/lib/system/libcache.dylib
0x00000000032e2000 	/usr/lib/system/libcommonCrypto.dylib
0x00000000032e2000 	/usr/lib/system/libcompiler_rt.dylib
0x00000000032e2000 	/usr/lib/system/libcopyfile.dylib
0x00000000032e2000 	/usr/lib/system/libcorecrypto.dylib
0x00000000032e2000 	/usr/lib/system/libdispatch.dylib
0x00000000032e2000 	/usr/lib/system/libdyld.dylib
0x00000000032e2000 	/usr/lib/system/libkeymgr.dylib
0x00000000032e2000 	/usr/lib/system/liblaunch.dylib
0x00000000032e2000 	/usr/lib/system/libmacho.dylib
0x00000000032e2000 	/usr/lib/system/libquarantine.dylib
0x00000000032e2000 	/usr/lib/system/libremovefile.dylib
0x00000000032e2000 	/usr/lib/system/libsystem_asl.dylib
0x00000000032e2000 	/usr/lib/system/libsystem_blocks.dylib
0x00000000032e2000 	/usr/lib/system/libsystem_c.dylib
0x00000000032e2000 	/usr/lib/system/libsystem_configuration.dylib
0x00000000032e2000 	/usr/lib/system/libsystem_coreservices.dylib
0x00000000032e2000 	/usr/lib/system/libsystem_coretls.dylib
0x00000000032e2000 	/usr/lib/system/libsystem_dnssd.dylib
0x00000000032e2000 	/usr/lib/system/libsystem_info.dylib
0x00000000032e2000 	/usr/lib/system/libsystem_kernel.dylib
0x00000000032e2000 	/usr/lib/system/libsystem_m.dylib
0x00000000032e2000 	/usr/lib/system/libsystem_malloc.dylib
0x00000000032e2000 	/usr/lib/system/libsystem_network.dylib
0x00000000032e2000 	/usr/lib/system/libsystem_networkextension.dylib
0x00000000032e2000 	/usr/lib/system/libsystem_notify.dylib
0x00000000032e2000 	/usr/lib/system/libsystem_platform.dylib
0x00000000032e2000 	/usr/lib/system/libsystem_pthread.dylib
0x00000000032e2000 	/usr/lib/system/libsystem_sandbox.dylib
0x00000000032e2000 	/usr/lib/system/libsystem_secinit.dylib
0x00000000032e2000 	/usr/lib/system/libsystem_stats.dylib
0x00000000032e2000 	/usr/lib/system/libsystem_trace.dylib
0x00000000032e2000 	/usr/lib/system/libunc.dylib
0x00000000032e2000 	/usr/lib/system/libunwind.dylib
0x00000000032e2000 	/usr/lib/system/libxpc.dylib
0x00000000032e2000 	/usr/lib/libbz2.1.0.dylib
0x00000000032e2000 	/usr/lib/liblzma.5.dylib
0x00000000032e2000 	/usr/lib/libbsm.0.dylib
0x00000000032e2000 	/usr/lib/libsqlite3.dylib
0x00000000032e2000 	/usr/lib/system/libkxld.dylib
0x00000000032e2000 	/usr/lib/libxar.1.dylib
0x00000000032e2000 	/usr/lib/libpam.2.dylib
0x00000000032e2000 	/usr/lib/libOpenScriptingUtil.dylib
0x00000000032e2000 	/System/Library/Frameworks/CoreServices.framework/Versions/A/Frameworks/FSEvents.framework/Versions/A/FSEvents
0x00000000032e2000 	/System/Library/Frameworks/CoreServices.framework/Versions/A/Frameworks/CarbonCore.framework/Versions/A/CarbonCore
0x00000000032e2000 	/System/Library/Frameworks/CoreServices.framework/Versions/A/Frameworks/Metadata.framework/Versions/A/Metadata
0x00000000032e2000 	/System/Library/Frameworks/CoreServices.framework/Versions/A/Frameworks/OSServices.framework/Versions/A/OSServices
0x00000000032e2000 	/System/Library/Frameworks/CoreServices.framework/Versions/A/Frameworks/SearchKit.framework/Versions/A/SearchKit
0x00000000032e2000 	/System/Library/Frameworks/CoreServices.framework/Versions/A/Frameworks/AE.framework/Versions/A/AE
0x00000000032e2000 	/System/Library/Frameworks/CoreServices.framework/Versions/A/Frameworks/LaunchServices.framework/Versions/A/LaunchServices
0x00000000032e2000 	/System/Library/Frameworks/CoreServices.framework/Versions/A/Frameworks/DictionaryServices.framework/Versions/A/DictionaryServices
0x00000000032e2000 	/System/Library/Frameworks/NetFS.framework/Versions/A/NetFS
0x00000000032e2000 	/System/Library/PrivateFrameworks/NetAuth.framework/Versions/A/NetAuth
0x00000000032e2000 	/System/Library/PrivateFrameworks/login.framework/Versions/A/Frameworks/loginsupport.framework/Versions/A/loginsupport
0x00000000032e2000 	/System/Library/PrivateFrameworks/TCC.framework/Versions/A/TCC
0x00000000032e2000 	/usr/lib/libmecabra.dylib
0x00000000032e2000 	/System/Library/Frameworks/ApplicationServices.framework/Versions/A/Frameworks/ATS.framework/Versions/A/ATS
0x00000000032e2000 	/System/Library/Frameworks/ApplicationServices.framework/Versions/A/Frameworks/ColorSync.framework/Versions/A/ColorSync
0x00000000032e2000 	/System/Library/Frameworks/ApplicationServices.framework/Versions/A/Frameworks/HIServices.framework/Versions/A/HIServices
0x00000000032e2000 	/System/Library/Frameworks/ApplicationServices.framework/Versions/A/Frameworks/LangAnalysis.framework/Versions/A/LangAnalysis
0x00000000032e2000 	/System/Library/Frameworks/ApplicationServices.framework/Versions/A/Frameworks/PrintCore.framework/Versions/A/PrintCore
0x00000000032e2000 	/System/Library/Frameworks/ApplicationServices.framework/Versions/A/Frameworks/QD.framework/Versions/A/QD
0x00000000032e2000 	/System/Library/Frameworks/ApplicationServices.framework/Versions/A/Frameworks/SpeechSynthesis.framework/Versions/A/SpeechSynthesis
0x00000000032e2000 	/System/Library/Frameworks/Accelerate.framework/Versions/A/Accelerate
0x00000000032e2000 	/System/Library/Frameworks/Accelerate.framework/Versions/A/Frameworks/vImage.framework/Versions/A/vImage
0x00000000032e2000 	/System/Library/Frameworks/Accelerate.framework/Versions/A/Frameworks/vecLib.framework/Versions/A/vecLib
0x00000000032e2000 	/System/Library/Frameworks/Accelerate.framework/Versions/A/Frameworks/vecLib.framework/Versions/A/libvDSP.dylib
0x00000000032e2000 	/System/Library/Frameworks/Accelerate.framework/Versions/A/Frameworks/vecLib.framework/Versions/A/libvMisc.dylib
0x00000000032e2000 	/System/Library/Frameworks/Accelerate.framework/Versions/A/Frameworks/vecLib.framework/Versions/A/libLAPACK.dylib
0x00000000032e2000 	/System/Library/Frameworks/Accelerate.framework/Versions/A/Frameworks/vecLib.framework/Versions/A/libBLAS.dylib
0x00000000032e2000 	/System/Library/Frameworks/Accelerate.framework/Versions/A/Frameworks/vecLib.framework/Versions/A/libLinearAlgebra.dylib
0x00000000032e2000 	/System/Library/Frameworks/ApplicationServices.framework/Versions/A/Frameworks/ATS.framework/Versions/A/Resources/libFontParser.dylib
0x00000000032e2000 	/System/Library/Frameworks/ApplicationServices.framework/Versions/A/Frameworks/ATS.framework/Versions/A/Resources/libFontRegistry.dylib
0x00000000032e2000 	/System/Library/PrivateFrameworks/AppleVPA.framework/Versions/A/AppleVPA
0x00000000032e2000 	/System/Library/PrivateFrameworks/AppleJPEG.framework/Versions/A/AppleJPEG
0x00000000032e2000 	/System/Library/Frameworks/ImageIO.framework/Versions/A/Resources/libJPEG.dylib
0x00000000032e2000 	/System/Library/Frameworks/ImageIO.framework/Versions/A/Resources/libTIFF.dylib
0x00000000032e2000 	/System/Library/Frameworks/ImageIO.framework/Versions/A/Resources/libPng.dylib
0x00000000032e2000 	/System/Library/Frameworks/ImageIO.framework/Versions/A/Resources/libGIF.dylib
0x00000000032e2000 	/System/Library/Frameworks/ImageIO.framework/Versions/A/Resources/libJP2.dylib
0x00000000032e2000 	/System/Library/Frameworks/ImageIO.framework/Versions/A/Resources/libRadiance.dylib
0x00000000032e2000 	/System/Library/Frameworks/CoreVideo.framework/Versions/A/CoreVideo
0x00000000032e2000 	/System/Library/Frameworks/OpenGL.framework/Versions/A/Libraries/libGLU.dylib
0x00000000032e2000 	/System/Library/Frameworks/OpenGL.framework/Versions/A/Libraries/libGFXShared.dylib
0x00000000032e2000 	/System/Library/Frameworks/OpenGL.framework/Versions/A/Libraries/libGL.dylib
0x00000000032e2000 	/System/Library/Frameworks/OpenGL.framework/Versions/A/Libraries/libGLImage.dylib
0x00000000032e2000 	/System/Library/Frameworks/OpenGL.framework/Versions/A/Libraries/libCVMSPluginSupport.dylib
0x00000000032e2000 	/System/Library/Frameworks/OpenGL.framework/Versions/A/Libraries/libCoreVMClient.dylib
0x00000000032e2000 	/usr/lib/libcups.2.dylib
0x00000000032e2000 	/System/Library/Frameworks/Kerberos.framework/Versions/A/Kerberos
0x00000000032e2000 	/System/Library/Frameworks/GSS.framework/Versions/A/GSS
0x00000000032e2000 	/usr/lib/libresolv.9.dylib
0x00000000032e2000 	/usr/lib/libiconv.2.dylib
0x00000000032e2000 	/System/Library/PrivateFrameworks/Heimdal.framework/Versions/A/Heimdal
0x00000000032e2000 	/usr/lib/libheimdal-asn1.dylib
0x00000000032e2000 	/System/Library/Frameworks/OpenDirectory.framework/Versions/A/OpenDirectory
0x00000000032e2000 	/System/Library/PrivateFrameworks/CommonAuth.framework/Versions/A/CommonAuth
0x00000000032e2000 	/System/Library/Frameworks/OpenDirectory.framework/Versions/A/Frameworks/CFOpenDirectory.framework/Versions/A/CFOpenDirectory
0x00000000032e2000 	/System/Library/Frameworks/SecurityFoundation.framework/Versions/A/SecurityFoundation
0x00000000032e2000 	/System/Library/PrivateFrameworks/LanguageModeling.framework/Versions/A/LanguageModeling
0x00000000032e2000 	/usr/lib/libcmph.dylib
0x00000000032e2000 	/System/Library/Frameworks/ServiceManagement.framework/Versions/A/ServiceManagement
0x00000000032e2000 	/usr/lib/libxslt.1.dylib
0x00000000032e2000 	/System/Library/Frameworks/Carbon.framework/Versions/A/Frameworks/Ink.framework/Versions/A/Ink
0x00000000032e2000 	/System/Library/Frameworks/QuartzCore.framework/Versions/A/Frameworks/CoreImage.framework/Versions/A/CoreImage
0x00000000032e2000 	/System/Library/PrivateFrameworks/CrashReporterSupport.framework/Versions/A/CrashReporterSupport
0x00000000032e2000 	/System/Library/Frameworks/OpenCL.framework/Versions/A/OpenCL
0x00000000032e2000 	/System/Library/PrivateFrameworks/FaceCore.framework/Versions/A/FaceCore
0x00000000032e2000 	/System/Library/PrivateFrameworks/Ubiquity.framework/Versions/A/Ubiquity
0x00000000032e2000 	/System/Library/PrivateFrameworks/IconServices.framework/Versions/A/IconServices
0x00000000032e2000 	/System/Library/PrivateFrameworks/ChunkingLibrary.framework/Versions/A/ChunkingLibrary
0x00000000032e2000 	/System/Library/PrivateFrameworks/Apple80211.framework/Versions/A/Apple80211
0x00000000032e2000 	/System/Library/Frameworks/CoreWLAN.framework/Versions/A/CoreWLAN
0x00000000032e2000 	/System/Library/Frameworks/IOBluetooth.framework/Versions/A/IOBluetooth
0x00000000032e2000 	/System/Library/PrivateFrameworks/CoreWiFi.framework/Versions/A/CoreWiFi
0x00000000032e2000 	/System/Library/Frameworks/CoreBluetooth.framework/Versions/A/CoreBluetooth
0x00000000032e2000 	/System/Library/PrivateFrameworks/DebugSymbols.framework/Versions/A/DebugSymbols
0x00000000032e2000 	/System/Library/PrivateFrameworks/CoreSymbolication.framework/Versions/A/CoreSymbolication
0x00000000032e2000 	/System/Library/PrivateFrameworks/Symbolication.framework/Versions/A/Symbolication
0x00000000032e2000 	/System/Library/PrivateFrameworks/SpeechRecognitionCore.framework/Versions/A/SpeechRecognitionCore
0x0000000108e00000 	/Library/Java/JavaVirtualMachines/jdk1.8.0_71.jdk/Contents/Home/jre/lib/server/libjvm.dylib
0x00000000032e2000 	/usr/lib/libstdc++.6.dylib
0x0000000108514000 	/Library/Java/JavaVirtualMachines/jdk1.8.0_71.jdk/Contents/Home/jre/lib/libverify.dylib
0x0000000108522000 	/Library/Java/JavaVirtualMachines/jdk1.8.0_71.jdk/Contents/Home/jre/lib/libjava.dylib
0x0000000108561000 	/Library/Java/JavaVirtualMachines/jdk1.8.0_71.jdk/Contents/Home/jre/lib/libzip.dylib
0x000000011d913000 	/System/Library/Frameworks/JavaVM.framework/Frameworks/JavaRuntimeSupport.framework/JavaRuntimeSupport
0x000000011d92b000 	/System/Library/Frameworks/JavaVM.framework/Versions/A/Frameworks/JavaNativeFoundation.framework/Versions/A/JavaNativeFoundation
0x000000011d940000 	/System/Library/Frameworks/JavaVM.framework/Versions/A/JavaVM
0x00000000032e2000 	/System/Library/Frameworks/Carbon.framework/Versions/A/Carbon
0x000000011d94d000 	/System/Library/PrivateFrameworks/JavaLaunching.framework/Versions/A/JavaLaunching
0x00000000032e2000 	/System/Library/Frameworks/Carbon.framework/Versions/A/Frameworks/CommonPanels.framework/Versions/A/CommonPanels
0x00000000032e2000 	/System/Library/Frameworks/Carbon.framework/Versions/A/Frameworks/Help.framework/Versions/A/Help
0x00000000032e2000 	/System/Library/Frameworks/Carbon.framework/Versions/A/Frameworks/ImageCapture.framework/Versions/A/ImageCapture
0x00000000032e2000 	/System/Library/Frameworks/Carbon.framework/Versions/A/Frameworks/OpenScripting.framework/Versions/A/OpenScripting
0x00000000032e2000 	/System/Library/Frameworks/Carbon.framework/Versions/A/Frameworks/Print.framework/Versions/A/Print
0x00000000032e2000 	/System/Library/Frameworks/Carbon.framework/Versions/A/Frameworks/SecurityHI.framework/Versions/A/SecurityHI
0x000000011f87b000 	/Library/Java/JavaVirtualMachines/jdk1.8.0_71.jdk/Contents/Home/jre/lib/libawt.dylib
0x000000011f923000 	/Library/Java/JavaVirtualMachines/jdk1.8.0_71.jdk/Contents/Home/jre/lib/./libmlib_image.dylib
0x000000011f9ef000 	/Library/Java/JavaVirtualMachines/jdk1.8.0_71.jdk/Contents/Home/jre/lib/libawt_lwawt.dylib
0x000000011faa4000 	/Library/Java/JavaVirtualMachines/jdk1.8.0_71.jdk/Contents/Home/jre/lib/./libosxapp.dylib
0x00000000032e2000 	/System/Library/Frameworks/ExceptionHandling.framework/Versions/A/ExceptionHandling
0x00000000032e2000 	/System/Library/PrivateFrameworks/CoreServicesInternal.framework/Versions/A/CoreServicesInternal
0x00000000032e2000 	/System/Library/PrivateFrameworks/CloudDocs.framework/Versions/A/CloudDocs
0x00000000032e2000 	/System/Library/PrivateFrameworks/CoreDuet.framework/Versions/A/CoreDuet
0x00000000032e2000 	/System/Library/Frameworks/CloudKit.framework/Versions/A/CloudKit
0x00000000032e2000 	/System/Library/PrivateFrameworks/ProtocolBuffer.framework/Versions/A/ProtocolBuffer
0x00000000032e2000 	/System/Library/PrivateFrameworks/CoreDuetDaemonProtocol.framework/Versions/A/CoreDuetDaemonProtocol
0x00000000032e2000 	/System/Library/PrivateFrameworks/CoreDuetDebugLogging.framework/Versions/A/CoreDuetDebugLogging
0x00000000032e2000 	/System/Library/PrivateFrameworks/MMCS.framework/Versions/A/MMCS
0x00000000032e2000 	/System/Library/Frameworks/CoreLocation.framework/Versions/A/CoreLocation
0x00000000032e2000 	/System/Library/PrivateFrameworks/ProtectedCloudStorage.framework/Versions/A/ProtectedCloudStorage
0x00000000032e2000 	/System/Library/PrivateFrameworks/GeoServices.framework/Versions/A/GeoServices
0x00000000032e2000 	/System/Library/Frameworks/CoreGraphics.framework/Versions/A/Resources/libCGCMS.A.dylib
0x00000000032e2000 	/System/Library/Frameworks/CoreGraphics.framework/Versions/A/Resources/libRIP.A.dylib
0x00000000032e2000 	/System/Library/Frameworks/CoreGraphics.framework/Versions/A/Resources/libCGXType.A.dylib
0x00000000032e2000 	/System/Library/Frameworks/OpenCL.framework/Versions/A/Libraries/libcldcpuengine.dylib
0x00000000032e2000 	/System/Library/PrivateFrameworks/DiskImages.framework/Versions/A/DiskImages
0x00000000032e2000 	/System/Library/Frameworks/DiscRecording.framework/Versions/A/DiscRecording
0x00000000032e2000 	/usr/lib/libcsfde.dylib
0x00000000032e2000 	/usr/lib/libcurl.4.dylib
0x00000000032e2000 	/System/Library/PrivateFrameworks/MediaKit.framework/Versions/A/MediaKit
0x00000000032e2000 	/usr/lib/libCoreStorage.dylib
0x00000000032e2000 	/System/Library/PrivateFrameworks/EFILogin.framework/Versions/A/EFILogin
0x00000000032e2000 	/usr/lib/libutil.dylib
0x00000000032e2000 	/System/Library/PrivateFrameworks/FindMyDevice.framework/Versions/A/FindMyDevice
0x00000000032e2000 	/System/Library/Frameworks/LDAP.framework/Versions/A/LDAP
0x00000000032e2000 	/usr/lib/libsasl2.2.dylib
0x00000000032e2000 	/System/Library/PrivateFrameworks/CoreDaemon.framework/Versions/B/CoreDaemon
0x00000000032e2000 	/usr/lib/libcrypto.0.9.8.dylib
0x00000000032e2000 	/System/Library/PrivateFrameworks/AppleSRP.framework/Versions/A/AppleSRP
0x00000000032e2000 	/System/Library/PrivateFrameworks/TrustEvaluationAgent.framework/Versions/A/TrustEvaluationAgent
0x0000000122e24000 	cl_kernels
0x0000000122e26000 	/System/Library/Frameworks/OpenCL.framework/Versions/A/Libraries/ImageFormats/unorm8_bgra.dylib
0x0000000122e15000 	cl_kernels
0x00000000032e2000 	/System/Library/PrivateFrameworks/FamilyControls.framework/Versions/A/FamilyControls
0x00000000032e2000 	/System/Library/PrivateFrameworks/CommerceKit.framework/Versions/A/Frameworks/CommerceCore.framework/Versions/A/CommerceCore
0x00000000032e2000 	/System/Library/PrivateFrameworks/SystemAdministration.framework/Versions/A/SystemAdministration
0x00000000032e2000 	/System/Library/PrivateFrameworks/AppContainer.framework/Versions/A/AppContainer
0x00000000032e2000 	/System/Library/PrivateFrameworks/SecCodeWrapper.framework/Versions/A/SecCodeWrapper
0x00000000032e2000 	/System/Library/Frameworks/DirectoryService.framework/Versions/A/DirectoryService
0x00000000032e2000 	/System/Library/PrivateFrameworks/LoginUIKit.framework/Versions/A/Frameworks/LoginUICore.framework/Versions/A/LoginUICore
0x00000000032e2000 	/usr/lib/libodfde.dylib
0x00000000032e2000 	/System/Library/Frameworks/OpenGL.framework/Versions/A/Resources/GLEngine.bundle/GLEngine
0x00000000032e2000 	/System/Library/Frameworks/OpenGL.framework/Versions/A/Libraries/libGLProgrammability.dylib
0x0000000124196000 	/System/Library/Extensions/AppleIntelHD5000GraphicsGLDriver.bundle/Contents/MacOS/AppleIntelHD5000GraphicsGLDriver
0x00000000032e2000 	/System/Library/PrivateFrameworks/IOAccelerator.framework/Versions/A/IOAccelerator
0x00000000032e2000 	/System/Library/PrivateFrameworks/GPUSupport.framework/Versions/A/Libraries/libGPUSupportMercury.dylib
0x00000000032e2000 	/System/Library/Frameworks/OpenGL.framework/Versions/A/Resources/GLRendererFloat.bundle/GLRendererFloat
0x0000000125683000 	/Library/Java/JavaVirtualMachines/jdk1.8.0_71.jdk/Contents/Home/jre/lib/libfontmanager.dylib
0x00000001268c6000 	/Library/Java/JavaVirtualMachines/jdk1.8.0_71.jdk/Contents/Home/jre/lib/libosxui.dylib
0x0000000126995000 	/Library/Java/JavaVirtualMachines/jdk1.8.0_71.jdk/Contents/Home/jre/lib/libnet.dylib
0x00000001268e2000 	/Library/Java/JavaVirtualMachines/jdk1.8.0_71.jdk/Contents/Home/jre/lib/libnio.dylib
0x00000000032e2000 	/System/Library/Frameworks/ApplicationServices.framework/Versions/A/Frameworks/ATS.framework/Versions/A/Resources/libTrueTypeScaler.dylib
0x0000000173aff000 	/private/var/folders/s4/ngcr_7ss02bdrtqp5hllhg2r0000gn/T/jogamp_0000/file_cache/jln5010752003589509778/jln7979358430265856539/libgluegen-rt.jnilib
0x0000000173b03000 	/private/var/folders/s4/ngcr_7ss02bdrtqp5hllhg2r0000gn/T/jogamp_0000/file_cache/jln5010752003589509778/jln7979358430265856539/libnativewindow_awt.jnilib
0x0000000173b06000 	/Library/Java/JavaVirtualMachines/jdk1.8.0_71.jdk/Contents/Home/jre/lib/libjawt.dylib
0x0000000173b09000 	/private/var/folders/s4/ngcr_7ss02bdrtqp5hllhg2r0000gn/T/jogamp_0000/file_cache/jln5010752003589509778/jln7979358430265856539/libnativewindow_macosx.jnilib
0x00000001752a2000 	/private/var/folders/s4/ngcr_7ss02bdrtqp5hllhg2r0000gn/T/jogamp_0000/file_cache/jln5010752003589509778/jln7979358430265856539/libjogl_desktop.jnilib
0x000000017a986000 	/Library/Java/JavaVirtualMachines/jdk1.8.0_71.jdk/Contents/Home/jre/lib/libjpeg.dylib

VM Arguments:
jvm_args: -Djava.security.policy=java.policy.applet -Dfile.encoding=UTF-8 
java_command: sun.applet.AppletViewer module1.YelpDataSet1463349876869.html
java_class_path (initial): /Users/gsingh/Documents/workspace/YelpDataSet/bin:/Users/gsingh/Documents/workspace/YelpDataSet/libs/core.jar:/Users/gsingh/Documents/workspace/YelpDataSet/libs/gluegen-rt.jar:/Users/gsingh/Documents/workspace/YelpDataSet/libs/jogl-all.jar:/Users/gsingh/Documents/workspace/YelpDataSet/libs/json4processing.jar:/Users/gsingh/Documents/workspace/YelpDataSet/libs/libTUIO.jar:/Users/gsingh/Documents/workspace/YelpDataSet/libs/log4j-1.2.15.jar:/Users/gsingh/Documents/workspace/YelpDataSet/libs/sqlite-jdbc-3.7.2.jar:/Users/gsingh/Documents/workspace/YelpDataSet/libs/unfolding.0.9.6.jar
Launcher Type: SUN_STANDARD

Environment Variables:
PATH=/usr/bin:/bin:/usr/sbin:/sbin
SHELL=/bin/bash
DISPLAY=/private/tmp/com.apple.launchd.2mpiTaXw1A/org.macosforge.xquartz:0

Signal Handlers:
SIGSEGV: [libjvm.dylib+0x5a68c5], sa_mask[0]=11111111011111110111111111111111, sa_flags=SA_ONSTACK|SA_RESTART|SA_SIGINFO
SIGBUS: [libjvm.dylib+0x5a68c5], sa_mask[0]=11111111011111110111111111111111, sa_flags=SA_RESTART|SA_SIGINFO
SIGFPE: [libjvm.dylib+0x4805d4], sa_mask[0]=11111111011111110111111111111111, sa_flags=SA_RESTART|SA_SIGINFO
SIGPIPE: [libjvm.dylib+0x4805d4], sa_mask[0]=11111111011111110111111111111111, sa_flags=SA_RESTART|SA_SIGINFO
SIGXFSZ: [libjvm.dylib+0x4805d4], sa_mask[0]=11111111011111110111111111111111, sa_flags=SA_RESTART|SA_SIGINFO
SIGILL: [libjvm.dylib+0x4805d4], sa_mask[0]=11111111011111110111111111111111, sa_flags=SA_RESTART|SA_SIGINFO
SIGUSR1: SIG_DFL, sa_mask[0]=00000000000000000000000000000000, sa_flags=none
SIGUSR2: [libjvm.dylib+0x4800f2], sa_mask[0]=00100000000000000000000000000000, sa_flags=SA_RESTART|SA_SIGINFO
SIGHUP: [libjvm.dylib+0x47e6c9], sa_mask[0]=11111111011111110111111111111111, sa_flags=SA_RESTART|SA_SIGINFO
SIGINT: [libjvm.dylib+0x47e6c9], sa_mask[0]=11111111011111110111111111111111, sa_flags=SA_RESTART|SA_SIGINFO
SIGTERM: [libjvm.dylib+0x47e6c9], sa_mask[0]=11111111011111110111111111111111, sa_flags=SA_RESTART|SA_SIGINFO
SIGQUIT: [libjvm.dylib+0x47e6c9], sa_mask[0]=11111111011111110111111111111111, sa_flags=SA_RESTART|SA_SIGINFO


---------------  S Y S T E M  ---------------

OS:Bsduname:Darwin 14.5.0 Darwin Kernel Version 14.5.0: Tue Sep  1 21:23:09 PDT 2015; root:xnu-2782.50.1~1/RELEASE_X86_64 x86_64
rlimit: STACK 8192k, CORE 0k, NPROC 709, NOFILE 10240, AS infinity
load average:3.50 4.06 3.72

CPU:total 4 (2 cores per cpu, 2 threads per core) family 6 model 69 stepping 1, cmov, cx8, fxsr, mmx, sse, sse2, sse3, ssse3, sse4.1, sse4.2, popcnt, avx, avx2, aes, clmul, erms, lzcnt, ht, tsc, tscinvbit, bmi1, bmi2

Memory: 4k page, physical 4194304k(87040k free)

/proc/meminfo:


vm_info: Java HotSpot(TM) 64-Bit Server VM (25.71-b15) for bsd-amd64 JRE (1.8.0_71-b15), built on Dec 22 2015 15:11:44 by "java_re" with gcc 4.2.1 (Based on Apple Inc. build 5658) (LLVM build 2336.11.00)

time: Sun May 15 18:39:38 2016
elapsed time: 2101 seconds (0d 0h 35m 1s)

