#
# A fatal error has been detected by the Java Runtime Environment:
#
#  SIGSEGV (0xb) at pc=0x00007fff8afd20dd, pid=88064, tid=1811
#
# JRE version: Java(TM) SE Runtime Environment (8.0_71-b15) (build 1.8.0_71-b15)
# Java VM: Java HotSpot(TM) 64-Bit Server VM (25.71-b15 mixed mode bsd-amd64 compressed oops)
# Problematic frame:
# C  [libobjc.A.dylib+0x10dd]  objc_msgSend+0x1d
#
# Failed to write core dump. Core dumps have been disabled. To enable core dumping, try "ulimit -c unlimited" before starting Java again
#
# If you would like to submit a bug report, please visit:
#   http://bugreport.java.com/bugreport/crash.jsp
# The crash happened outside the Java Virtual Machine in native code.
# See problematic frame for where to report the bug.
#

---------------  T H R E A D  ---------------

Current thread (0x00007fc404153800):  JavaThread "AWT-AppKit" daemon [_thread_in_native, id=1811, stack(0x00007fff5b924000,0x00007fff5c124000)]

siginfo: si_signo: 11 (SIGSEGV), si_code: 1 (SEGV_MAPERR), si_addr: 0x0000000000000018

Registers:
RAX=0x00007fc407e2eb20, RBX=0x00000001ef3073b0, RCX=0x00000001a0ffb800, RDX=0x00000001ef9765a0
RSP=0x00007fff5c11f458, RBP=0x00007fff5c11f510, RSI=0x00007fff8635640f, RDI=0x00007fc407f29d60
R8 =0x0000000000000000, R9 =0x0000000000000f50, R10=0x00007fff8635640f, R11=0x0000000000000000
R12=0x0000000000000000, R13=0x00000001f1021d90, R14=0x00000001ef3073a0, R15=0x00007fc404153800
RIP=0x00007fff8afd20dd, EFLAGS=0x0000000000010246, ERR=0x0000000000000004
  TRAPNO=0x000000000000000e

Top of Stack: (sp=0x00007fff5c11f458)
0x00007fff5c11f458:   00000001ef3055d7 00007fff5c11f4b0
0x00007fff5c11f468:   0000000000000003 00007fff5c11f490
0x00007fff5c11f478:   00000001045f0d66 00000001f1021d90
0x00007fff5c11f488:   00000001f1021d90 00007fc407e2eb20
0x00007fff5c11f498:   00000001ef3075c0 00000001ef307640
0x00007fff5c11f4a8:   00000001ef3073b0 00007fff7464d550
0x00007fff5c11f4b8:   00000001ef3075d0 00007fff757fec80
0x00007fff5c11f4c8:   00007fc407e2eb20 00007fc407f29d60
0x00007fff5c11f4d8:   00007fc402f349e0 00007fc407e2eb20
0x00007fff5c11f4e8:   00007fc407f29d60 00007fff5c11f598
0x00007fff5c11f4f8:   00007fc4041539f8 00000001f1021d90
0x00007fff5c11f508:   00007fff5c11f5c0 00007fff5c11f588
0x00007fff5c11f518:   00000001054ef954 00000001f1021d90
0x00007fff5c11f528:   00007fff5c11f5c0 00007fff5c11f588
0x00007fff5c11f538:   00000001054ef6e7 00000001054ef6a2
0x00007fff5c11f548:   00007fff5c11f548 00000001f1021d90
0x00007fff5c11f558:   00007fff5c11f5c0 00000001f1024580
0x00007fff5c11f568:   0000000000000000 00000001f1021d90
0x00007fff5c11f578:   0000000000000000 00007fff5c11f5a8
0x00007fff5c11f588:   00007fff5c11f608 00000001054e1c4d
0x00007fff5c11f598:   000000014373b7d0 00000001054e9578
0x00007fff5c11f5a8:   00007fc407e2eb20 00007fff5c11f608
0x00007fff5c11f5b8:   00007fc407f29d60 00000001054ead82
0x00007fff5c11f5c8:   00007fff5c11f5c8 00000001f1021f5a
0x00007fff5c11f5d8:   00007fff5c11f630 00000001f1024580
0x00007fff5c11f5e8:   0000000000000000 00000001f1021f68
0x00007fff5c11f5f8:   00007fff5c11f5a8 00007fff5c11f618
0x00007fff5c11f608:   00007fff5c11f678 00000001054e1c4d
0x00007fff5c11f618:   00007fc407e2eb20 0000000143718c18
0x00007fff5c11f628:   00007fc407f29d60 0000000143718c18
0x00007fff5c11f638:   00007fff5c11f638 00000001f6d2f9ae
0x00007fff5c11f648:   00007fff5c11f688 00000001f6d2fa68 

Instructions: (pc=0x00007fff8afd20dd)
0x00007fff8afd20bd:   00 00 00 48 85 ff 2e 74 7a 40 f6 c7 01 2e 75 7e
0x00007fff8afd20cd:   49 bb f8 ff ff ff ff 7f 00 00 4c 23 1f 49 89 f2
0x00007fff8afd20dd:   45 23 53 18 49 c1 e2 04 4d 03 53 10 49 3b 32 75
0x00007fff8afd20ed:   04 41 ff 62 08 49 83 3a 00 74 6a 4d 3b 53 10 74 

Register to memory mapping:

RAX=0x00007fc407e2eb20 is an unknown value
RBX=0x00000001ef3073b0: Java_jogamp_nativewindow_macosx_OSXUtil_GetScreenRefreshRate0+0x1850 in /private/var/folders/s4/ngcr_7ss02bdrtqp5hllhg2r0000gn/T/jogamp_0000/file_cache/jln7964205264807518187/jln1711970824309894751/libnativewindow_macosx.jnilib at 0x00000001ef300000
RCX=0x00000001a0ffb800 is an unknown value
RDX=0x00000001ef9765a0 is an unknown value
RSP=0x00007fff5c11f458 is pointing into the stack for thread: 0x00007fc404153800
RBP=0x00007fff5c11f510 is pointing into the stack for thread: 0x00007fc404153800
RSI=0x00007fff8635640f is an unknown value
RDI=0x00007fc407f29d60 is an unknown value
R8 =0x0000000000000000 is an unknown value
R9 =0x0000000000000f50 is an unknown value
R10=0x00007fff8635640f is an unknown value
R11=0x0000000000000000 is an unknown value
R12=0x0000000000000000 is an unknown value
R13={method} {0x00000001f1021d90} 'UnsetJAWTRootSurfaceLayer0' '(JJ)V' in 'jogamp/nativewindow/jawt/macosx/MacOSXJAWTWindow'
R14=0x00000001ef3073a0: Java_jogamp_nativewindow_macosx_OSXUtil_GetScreenRefreshRate0+0x1840 in /private/var/folders/s4/ngcr_7ss02bdrtqp5hllhg2r0000gn/T/jogamp_0000/file_cache/jln7964205264807518187/jln1711970824309894751/libnativewindow_macosx.jnilib at 0x00000001ef300000
R15=0x00007fc404153800 is a thread


Stack: [0x00007fff5b924000,0x00007fff5c124000],  sp=0x00007fff5c11f458,  free space=8173k
Native frames: (J=compiled Java code, j=interpreted, Vv=VM code, C=native code)
C  [libobjc.A.dylib+0x10dd]  objc_msgSend+0x1d
j  jogamp.nativewindow.jawt.macosx.MacOSXJAWTWindow.UnsetJAWTRootSurfaceLayer0(JJ)V+0
j  jogamp.nativewindow.jawt.macosx.MacOSXJAWTWindow.access$200(JJ)V+2
j  jogamp.nativewindow.jawt.macosx.MacOSXJAWTWindow$1.run()V+38
J 2144 C1 com.jogamp.common.util.RunnableTask.run()V (345 bytes) @ 0x0000000105b85f94 [0x0000000105b85e00+0x194]
v  ~StubRoutines::call_stub
V  [libjvm.dylib+0x2ea59a]
V  [libjvm.dylib+0x3216a3]
V  [libjvm.dylib+0x313e77]
C  [libnativewindow_macosx.jnilib+0x57ae]  Java_jogamp_nativewindow_jawt_macosx_MacOSXJAWTWindow_UnsetJAWTRootSurfaceLayer0+0x2be
C  [Foundation+0x92dd0]  __NSThreadPerformPerform+0x125
C  [CoreFoundation+0x80a01]  __CFRUNLOOP_IS_CALLING_OUT_TO_A_SOURCE0_PERFORM_FUNCTION__+0x11
C  [CoreFoundation+0x72c5c]  __CFRunLoopDoSources0+0x1dc
C  [CoreFoundation+0x721bf]  __CFRunLoopRun+0x39f
C  [CoreFoundation+0x71bd8]  CFRunLoopRunSpecific+0x128
C  [HIToolbox+0x3256f]  RunCurrentEventLoopInMode+0xeb
C  [HIToolbox+0x321ee]  ReceiveNextEventCommon+0xb3
C  [HIToolbox+0x3212b]  _BlockUntilNextEventMatchingListInModeWithFilter+0x47
C  [AppKit+0x918ab]  _DPSNextEvent+0x3d2
C  [AppKit+0x90e58]  -[NSApplication nextEventMatchingMask:untilDate:inMode:dequeue:]+0x15a
C  [libosxapp.dylib+0x23aa]  -[NSApplicationAWT nextEventMatchingMask:untilDate:inMode:dequeue:]+0x7c
C  [AppKit+0x86af3]  -[NSApplication run]+0x252
C  [libosxapp.dylib+0x214d]  +[NSApplicationAWT runAWTLoopWithApp:]+0x9c
C  [libawt_lwawt.dylib+0x4455b]  -[AWTStarter starter:]+0x389
C  [Foundation+0x92dd0]  __NSThreadPerformPerform+0x125
C  [CoreFoundation+0x80a01]  __CFRUNLOOP_IS_CALLING_OUT_TO_A_SOURCE0_PERFORM_FUNCTION__+0x11
C  [CoreFoundation+0x72b8d]  __CFRunLoopDoSources0+0x10d
C  [CoreFoundation+0x721bf]  __CFRunLoopRun+0x39f
C  [CoreFoundation+0x71bd8]  CFRunLoopRunSpecific+0x128
C  [java+0x6463]  CreateExecutionEnvironment+0x367
C  [java+0x21ac]  JLI_Launch+0x7a0
C  [java+0x84c0]  main+0x65
C  [java+0x1a04]  start+0x34
C  0x0000000000000007

Java frames: (J=compiled Java code, j=interpreted, Vv=VM code)
j  jogamp.nativewindow.jawt.macosx.MacOSXJAWTWindow.UnsetJAWTRootSurfaceLayer0(JJ)V+0
j  jogamp.nativewindow.jawt.macosx.MacOSXJAWTWindow.access$200(JJ)V+2
j  jogamp.nativewindow.jawt.macosx.MacOSXJAWTWindow$1.run()V+38
J 2144 C1 com.jogamp.common.util.RunnableTask.run()V (345 bytes) @ 0x0000000105b85f94 [0x0000000105b85e00+0x194]
v  ~StubRoutines::call_stub

---------------  P R O C E S S  ---------------

Java Threads: ( => current thread )
  0x00007fc403008800 JavaThread "Thread-58" [_thread_blocked, id=14443, stack(0x00000001f94df000,0x00000001f95df000)]
  0x00007fc4032f8000 JavaThread "AWT-EventQueue-1" [_thread_in_native, id=56859, stack(0x00000001ef978000,0x00000001efa78000)]
  0x00007fc404240800 JavaThread "DestroyJavaVM" [_thread_blocked, id=4867, stack(0x0000000105390000,0x0000000105490000)]
  0x00007fc4031d0000 JavaThread "AWT-EventQueue-0" [_thread_blocked, id=54275, stack(0x00000001a1fcf000,0x00000001a20cf000)]
  0x00007fc4031b5800 JavaThread "Java2D Disposer" daemon [_thread_blocked, id=50967, stack(0x00000001a096d000,0x00000001a0a6d000)]
  0x00007fc4038f1000 JavaThread "Java2D Queue Flusher" daemon [_thread_blocked, id=49671, stack(0x000000019f8e4000,0x000000019f9e4000)]
  0x00007fc403007800 JavaThread "AWT-Shutdown" [_thread_blocked, id=28435, stack(0x000000019cf37000,0x000000019d037000)]
=>0x00007fc404153800 JavaThread "AWT-AppKit" daemon [_thread_in_native, id=1811, stack(0x00007fff5b924000,0x00007fff5c124000)]
  0x00007fc40401c800 JavaThread "Service Thread" daemon [_thread_blocked, id=18179, stack(0x000000019af1f000,0x000000019b01f000)]
  0x00007fc40480b000 JavaThread "C1 CompilerThread2" daemon [_thread_blocked, id=17667, stack(0x000000019ae1c000,0x000000019af1c000)]
  0x00007fc40401c000 JavaThread "C2 CompilerThread1" daemon [_thread_blocked, id=17155, stack(0x000000019ad19000,0x000000019ae19000)]
  0x00007fc40304f800 JavaThread "C2 CompilerThread0" daemon [_thread_blocked, id=16643, stack(0x000000019ac16000,0x000000019ad16000)]
  0x00007fc40300e000 JavaThread "Signal Dispatcher" daemon [_thread_blocked, id=13579, stack(0x000000019ab13000,0x000000019ac13000)]
  0x00007fc403814000 JavaThread "Finalizer" daemon [_thread_blocked, id=11523, stack(0x00000001990f6000,0x00000001991f6000)]
  0x00007fc403031800 JavaThread "Reference Handler" daemon [_thread_blocked, id=11011, stack(0x0000000198ff3000,0x00000001990f3000)]

Other Threads:
  0x00007fc404817800 VMThread [stack: 0x0000000198ef0000,0x0000000198ff0000] [id=10499]
  0x00007fc403818800 WatcherThread [stack: 0x000000019b022000,0x000000019b122000] [id=18691]

VM state:not at safepoint (normal execution)

VM Mutex/Monitor currently owned by a thread: None

Heap:
 PSYoungGen      total 77312K, used 69802K [0x000000013f700000, 0x0000000148f00000, 0x0000000154c00000)
  eden space 65536K, 91% used [0x000000013f700000,0x00000001431b2888,0x0000000143700000)
  from space 11776K, 82% used [0x0000000143700000,0x0000000144078230,0x0000000144280000)
  to   space 12288K, 0% used [0x0000000148300000,0x0000000148300000,0x0000000148f00000)
 ParOldGen       total 44032K, used 23045K [0x0000000114c00000, 0x0000000117700000, 0x000000013f700000)
  object space 44032K, 52% used [0x0000000114c00000,0x0000000116281460,0x0000000117700000)
 Metaspace       used 19539K, capacity 19781K, committed 19968K, reserved 1067008K
  class space    used 1914K, capacity 1981K, committed 2048K, reserved 1048576K

Card table byte_map: [0x0000000154c00000,0x0000000154e01000] byte_map_base: 0x000000015435a000

Marking Bits: (ParMarkBitMap*) 0x0000000104ce3ea0
 Begin Bits: [0x000000015520d000, 0x000000015620d000)
 End Bits:   [0x000000015620d000, 0x000000015720d000)

Polling page: 0x00000001054c7000

CodeCache: size=245760Kb used=7696Kb max_used=7867Kb free=238063Kb
 bounds [0x00000001054da000, 0x0000000105c9a000, 0x00000001144da000]
 total_blobs=3155 nmethods=2266 adapters=802
 compilation: enabled

Compilation events (10 events):
Event: 30.074 Thread 0x00007fc40480b000 2487       3       java.awt.EventQueue$4::run (5 bytes)
Event: 30.075 Thread 0x00007fc40480b000 nmethod 2487 0x00000001058c2110 code [0x00000001058c2300, 0x00000001058c29b8]
Event: 30.075 Thread 0x00007fc40480b000 2488       3       java.awt.EventQueue$4::run (19 bytes)
Event: 30.076 Thread 0x00007fc40480b000 nmethod 2488 0x00000001058f6e50 code [0x00000001058f7040, 0x00000001058f7678]
Event: 30.081 Thread 0x00007fc40401c000 2489  s    4       sun.misc.URLClassPath::getNextLoader (88 bytes)
Event: 30.090 Thread 0x00007fc40401c000 nmethod 2489 0x00000001058c4210 code [0x00000001058c4380, 0x00000001058c4af8]
Event: 30.093 Thread 0x00007fc40480b000 2490   !   3       sun.misc.URLClassPath$JarLoader::getResource (349 bytes)
Event: 30.098 Thread 0x00007fc40480b000 nmethod 2490 0x00000001058d81d0 code [0x00000001058d8640, 0x00000001058dab98]
Event: 30.098 Thread 0x00007fc40480b000 2491       3       sun.misc.JarIndex::get (49 bytes)
Event: 30.099 Thread 0x00007fc40480b000 nmethod 2491 0x00000001059af190 code [0x00000001059af360, 0x00000001059afbd8]

GC Heap History (10 events):
Event: 4.846 GC heap before
{Heap before GC invocations=3 (full 0):
 PSYoungGen      total 18944K, used 18738K [0x000000013f700000, 0x0000000141c00000, 0x0000000154c00000)
  eden space 16384K, 98% used [0x000000013f700000,0x00000001406d0a98,0x0000000140700000)
  from space 2560K, 99% used [0x0000000140980000,0x0000000140bfc030,0x0000000140c00000)
  to   space 2560K, 0% used [0x0000000140700000,0x0000000140700000,0x0000000140980000)
 ParOldGen       total 44032K, used 2450K [0x0000000114c00000, 0x0000000117700000, 0x000000013f700000)
  object space 44032K, 5% used [0x0000000114c00000,0x0000000114e64bc0,0x0000000117700000)
 Metaspace       used 17698K, capacity 17851K, committed 18048K, reserved 1064960K
  class space    used 1800K, capacity 1852K, committed 1920K, reserved 1048576K
Event: 4.859 GC heap after
Heap after GC invocations=3 (full 0):
 PSYoungGen      total 18944K, used 2545K [0x000000013f700000, 0x0000000141c00000, 0x0000000154c00000)
  eden space 16384K, 0% used [0x000000013f700000,0x000000013f700000,0x0000000140700000)
  from space 2560K, 99% used [0x0000000140700000,0x000000014097c788,0x0000000140980000)
  to   space 2560K, 0% used [0x0000000141980000,0x0000000141980000,0x0000000141c00000)
 ParOldGen       total 44032K, used 10036K [0x0000000114c00000, 0x0000000117700000, 0x000000013f700000)
  object space 44032K, 22% used [0x0000000114c00000,0x00000001155cd0b8,0x0000000117700000)
 Metaspace       used 17698K, capacity 17851K, committed 18048K, reserved 1064960K
  class space    used 1800K, capacity 1852K, committed 1920K, reserved 1048576K
}
Event: 5.363 GC heap before
{Heap before GC invocations=4 (full 0):
 PSYoungGen      total 18944K, used 18758K [0x000000013f700000, 0x0000000141c00000, 0x0000000154c00000)
  eden space 16384K, 98% used [0x000000013f700000,0x00000001406d51b0,0x0000000140700000)
  from space 2560K, 99% used [0x0000000140700000,0x000000014097c788,0x0000000140980000)
  to   space 2560K, 0% used [0x0000000141980000,0x0000000141980000,0x0000000141c00000)
 ParOldGen       total 44032K, used 10036K [0x0000000114c00000, 0x0000000117700000, 0x000000013f700000)
  object space 44032K, 22% used [0x0000000114c00000,0x00000001155cd0b8,0x0000000117700000)
 Metaspace       used 18639K, capacity 18843K, committed 19200K, reserved 1067008K
  class space    used 1887K, capacity 1948K, committed 2048K, reserved 1048576K
Event: 5.409 GC heap after
Heap after GC invocations=4 (full 0):
 PSYoungGen      total 35328K, used 2545K [0x000000013f700000, 0x0000000141c00000, 0x0000000154c00000)
  eden space 32768K, 0% used [0x000000013f700000,0x000000013f700000,0x0000000141700000)
  from space 2560K, 99% used [0x0000000141980000,0x0000000141bfc788,0x0000000141c00000)
  to   space 2560K, 0% used [0x0000000141700000,0x0000000141700000,0x0000000141980000)
 ParOldGen       total 44032K, used 15565K [0x0000000114c00000, 0x0000000117700000, 0x000000013f700000)
  object space 44032K, 35% used [0x0000000114c00000,0x0000000115b335e8,0x0000000117700000)
 Metaspace       used 18639K, capacity 18843K, committed 19200K, reserved 1067008K
  class space    used 1887K, capacity 1948K, committed 2048K, reserved 1048576K
}
Event: 6.012 GC heap before
{Heap before GC invocations=5 (full 0):
 PSYoungGen      total 35328K, used 35111K [0x000000013f700000, 0x0000000141c00000, 0x0000000154c00000)
  eden space 32768K, 99% used [0x000000013f700000,0x00000001416cd700,0x0000000141700000)
  from space 2560K, 99% used [0x0000000141980000,0x0000000141bfc788,0x0000000141c00000)
  to   space 2560K, 0% used [0x0000000141700000,0x0000000141700000,0x0000000141980000)
 ParOldGen       total 44032K, used 15565K [0x0000000114c00000, 0x0000000117700000, 0x000000013f700000)
  object space 44032K, 35% used [0x0000000114c00000,0x0000000115b335e8,0x0000000117700000)
 Metaspace       used 18756K, capacity 18975K, committed 19200K, reserved 1067008K
  class space    used 1887K, capacity 1948K, committed 2048K, reserved 1048576K
Event: 6.030 GC heap after
Heap after GC invocations=5 (full 0):
 PSYoungGen      total 35328K, used 2544K [0x000000013f700000, 0x0000000144f00000, 0x0000000154c00000)
  eden space 32768K, 0% used [0x000000013f700000,0x000000013f700000,0x0000000141700000)
  from space 2560K, 99% used [0x0000000141700000,0x000000014197c030,0x0000000141980000)
  to   space 12288K, 0% used [0x0000000144300000,0x0000000144300000,0x0000000144f00000)
 ParOldGen       total 44032K, used 22030K [0x0000000114c00000, 0x0000000117700000, 0x000000013f700000)
  object space 44032K, 50% used [0x0000000114c00000,0x0000000116183838,0x0000000117700000)
 Metaspace       used 18756K, capacity 18975K, committed 19200K, reserved 1067008K
  class space    used 1887K, capacity 1948K, committed 2048K, reserved 1048576K
}
Event: 10.241 GC heap before
{Heap before GC invocations=6 (full 0):
 PSYoungGen      total 35328K, used 35299K [0x000000013f700000, 0x0000000144f00000, 0x0000000154c00000)
  eden space 32768K, 99% used [0x000000013f700000,0x00000001416fcd78,0x0000000141700000)
  from space 2560K, 99% used [0x0000000141700000,0x000000014197c030,0x0000000141980000)
  to   space 12288K, 0% used [0x0000000144300000,0x0000000144300000,0x0000000144f00000)
 ParOldGen       total 44032K, used 22030K [0x0000000114c00000, 0x0000000117700000, 0x000000013f700000)
  object space 44032K, 50% used [0x0000000114c00000,0x0000000116183838,0x0000000117700000)
 Metaspace       used 19158K, capacity 19365K, committed 19712K, reserved 1067008K
  class space    used 1890K, capacity 1949K, committed 2048K, reserved 1048576K
Event: 10.253 GC heap after
Heap after GC invocations=6 (full 0):
 PSYoungGen      total 76800K, used 5552K [0x000000013f700000, 0x0000000144e00000, 0x0000000154c00000)
  eden space 65536K, 0% used [0x000000013f700000,0x000000013f700000,0x0000000143700000)
  from space 11264K, 49% used [0x0000000144300000,0x000000014486c110,0x0000000144e00000)
  to   space 11776K, 0% used [0x0000000143700000,0x0000000143700000,0x0000000144280000)
 ParOldGen       total 44032K, used 22038K [0x0000000114c00000, 0x0000000117700000, 0x000000013f700000)
  object space 44032K, 50% used [0x0000000114c00000,0x0000000116185838,0x0000000117700000)
 Metaspace       used 19158K, capacity 19365K, committed 19712K, reserved 1067008K
  class space    used 1890K, capacity 1949K, committed 2048K, reserved 1048576K
}
Event: 17.202 GC heap before
{Heap before GC invocations=7 (full 0):
 PSYoungGen      total 76800K, used 71088K [0x000000013f700000, 0x0000000144e00000, 0x0000000154c00000)
  eden space 65536K, 100% used [0x000000013f700000,0x0000000143700000,0x0000000143700000)
  from space 11264K, 49% used [0x0000000144300000,0x000000014486c110,0x0000000144e00000)
  to   space 11776K, 0% used [0x0000000143700000,0x0000000143700000,0x0000000144280000)
 ParOldGen       total 44032K, used 22038K [0x0000000114c00000, 0x0000000117700000, 0x000000013f700000)
  object space 44032K, 50% used [0x0000000114c00000,0x0000000116185838,0x0000000117700000)
 Metaspace       used 19497K, capacity 19653K, committed 19968K, reserved 1067008K
  class space    used 1906K, capacity 1981K, committed 2048K, reserved 1048576K
Event: 17.230 GC heap after
Heap after GC invocations=7 (full 0):
 PSYoungGen      total 77312K, used 9696K [0x000000013f700000, 0x0000000148f00000, 0x0000000154c00000)
  eden space 65536K, 0% used [0x000000013f700000,0x000000013f700000,0x0000000143700000)
  from space 11776K, 82% used [0x0000000143700000,0x0000000144078230,0x0000000144280000)
  to   space 12288K, 0% used [0x0000000148300000,0x0000000148300000,0x0000000148f00000)
 ParOldGen       total 44032K, used 23045K [0x0000000114c00000, 0x0000000117700000, 0x000000013f700000)
  object space 44032K, 52% used [0x0000000114c00000,0x0000000116281460,0x0000000117700000)
 Metaspace       used 19497K, capacity 19653K, committed 19968K, reserved 1067008K
  class space    used 1906K, capacity 1981K, committed 2048K, reserved 1048576K
}

Deoptimization events (10 events):
Event: 4.501 Thread 0x00007fc4032f8000 Uncommon trap: reason=unstable_if action=reinterpret pc=0x000000010568136c method=java.lang.AbstractStringBuilder.append(Ljava/lang/String;)Ljava/lang/AbstractStringBuilder; @ 1
Event: 4.863 Thread 0x00007fc4032f8000 Uncommon trap: reason=unstable_if action=reinterpret pc=0x00000001058af93c method=com.jogamp.common.util.IntIntHashMap.get(I)I @ 28
Event: 5.072 Thread 0x00007fc4032f8000 Uncommon trap: reason=unstable_if action=reinterpret pc=0x0000000105927d28 method=processing.opengl.PGraphicsOpenGL$InGeometry.addVertex(FFFIFFFFFIFIIIFIZ)I @ 218
Event: 5.073 Thread 0x00007fc4032f8000 Uncommon trap: reason=unstable_if action=reinterpret pc=0x000000010590cce4 method=processing.opengl.PGraphicsOpenGL$TessGeometry.setPolyVertex(IFFFIFFFFFIIIFZ)V @ 43
Event: 5.073 Thread 0x00007fc4032f8000 Uncommon trap: reason=unstable_if action=reinterpret pc=0x000000010592a070 method=processing.opengl.PGraphicsOpenGL$Tessellator.addLineSegment2D(IIIZZ)I @ 394
Event: 10.161 Thread 0x00007fc4032f8000 Uncommon trap: reason=unstable_if action=reinterpret pc=0x0000000105b59e68 method=de.fhpotsdam.unfolding.mapdisplay.AbstractMapDisplay$ZoomComparator.compare(Lde/fhpotsdam/unfolding/core/Coordinate;Lde/fhpotsdam/unfolding/core/Coordinate;)I @ 9
Event: 10.259 Thread 0x00007fc4032f8000 Uncommon trap: reason=null_check action=make_not_entrant pc=0x0000000105b464a8 method=processing.opengl.PGraphicsOpenGL.initCache(Lprocessing/core/PImage;)Ljava/lang/Object; @ 14
Event: 14.637 Thread 0x00007fc404153800 Uncommon trap: reason=unstable_if action=reinterpret pc=0x0000000105b041c4 method=java.util.HashMap.putVal(ILjava/lang/Object;Ljava/lang/Object;ZZ)Ljava/lang/Object; @ 81
Event: 30.045 Thread 0x00007fc4031d0000 Uncommon trap: reason=unstable_if action=reinterpret pc=0x00000001058f9278 method=java.awt.font.FontRenderContext.equals(Ljava/awt/font/FontRenderContext;)Z @ 2
Event: 30.096 Thread 0x00007fc4032f8000 Uncommon trap: reason=unstable_if action=reinterpret pc=0x0000000105c357b0 method=java.security.AccessControlContext.optimize()Ljava/security/AccessControlContext; @ 233

Internal exceptions (10 events):
Event: 0.235 Thread 0x00007fc40300c000 Exception <a 'java/lang/NoSuchFieldError': method resolution failed> (0x000000013f950530) thrown at [/Users/java_re/workspace/8-2-build-macosx-x86_64/jdk8u71/5731/hotspot/src/share/vm/prims/methodHandles.cpp, line 1146]
Event: 0.238 Thread 0x00007fc40300c000 Exception <a 'java/lang/NoSuchFieldError': method resolution failed> (0x000000013f95dd00) thrown at [/Users/java_re/workspace/8-2-build-macosx-x86_64/jdk8u71/5731/hotspot/src/share/vm/prims/methodHandles.cpp, line 1146]
Event: 0.722 Thread 0x00007fc40300c000 Exception <a 'java/io/FileNotFoundException'> (0x000000013f9d9e80) thrown at [/Users/java_re/workspace/8-2-build-macosx-x86_64/jdk8u71/5731/hotspot/src/share/vm/prims/jni.cpp, line 709]
Event: 0.722 Thread 0x00007fc40300c000 Exception <a 'java/io/FileNotFoundException'> (0x000000013f9da9c8) thrown at [/Users/java_re/workspace/8-2-build-macosx-x86_64/jdk8u71/5731/hotspot/src/share/vm/prims/jni.cpp, line 709]
Event: 0.857 Thread 0x00007fc40300c000 Exception <a 'java/io/FileNotFoundException'> (0x000000013fac4308) thrown at [/Users/java_re/workspace/8-2-build-macosx-x86_64/jdk8u71/5731/hotspot/src/share/vm/prims/jni.cpp, line 709]
Event: 3.193 Thread 0x00007fc403814000 Exception <a 'java/lang/NullPointerException'> (0x000000013f7839f8) thrown at [/Users/java_re/workspace/8-2-build-macosx-x86_64/jdk8u71/5731/hotspot/src/share/vm/interpreter/linkResolver.cpp, line 1178]
Event: 3.294 Thread 0x00007fc403ab0800 Exception <a 'java/lang/UnsatisfiedLinkError': com.jogamp.common.util.JarUtil.fixNativeLibAttribs(Ljava/lang/String;)Z> (0x000000013fba8d28) thrown at [/Users/java_re/workspace/8-2-build-macosx-x86_64/jdk8u71/5731/hotspot/src/share/vm/prims/nativeLookup.c
Event: 4.500 Thread 0x00007fc4032f8000 Exception <a 'java/io/FileNotFoundException'> (0x000000013fe54488) thrown at [/Users/java_re/workspace/8-2-build-macosx-x86_64/jdk8u71/5731/hotspot/src/share/vm/prims/jni.cpp, line 709]
Event: 4.501 Thread 0x00007fc4032f8000 Exception <a 'java/io/FileNotFoundException'> (0x000000013fe5b5a8) thrown at [/Users/java_re/workspace/8-2-build-macosx-x86_64/jdk8u71/5731/hotspot/src/share/vm/prims/jni.cpp, line 709]
Event: 4.501 Thread 0x00007fc4032f8000 Implicit null exception at 0x0000000105680ff5 to 0x0000000105681359

Events (10 events):
Event: 30.097 loading class java/awt/LightweightDispatcher$2 done
Event: 30.097 loading class java/awt/event/AWTEventListenerProxy
Event: 30.097 loading class java/awt/event/AWTEventListenerProxy done
Event: 30.097 loading class java/awt/Toolkit$ToolkitEventMulticaster
Event: 30.097 loading class java/awt/Toolkit$ToolkitEventMulticaster done
Event: 30.098 Thread 0x00007fc404937000 Thread exited: 0x00007fc404937000
Event: 30.098 loading class java/lang/IllegalThreadStateException
Event: 30.098 loading class java/lang/IllegalThreadStateException done
Event: 30.098 loading class java/awt/Window$1DisposeAction
Event: 30.099 loading class java/awt/Window$1DisposeAction done


Dynamic libraries:
0x00000000032e2000 	/System/Library/Frameworks/Cocoa.framework/Versions/A/Cocoa
0x00000000032e2000 	/System/Library/Frameworks/Security.framework/Versions/A/Security
0x00000000032e2000 	/System/Library/Frameworks/ApplicationServices.framework/Versions/A/ApplicationServices
0x00000000032e2000 	/usr/lib/libz.1.dylib
0x00000000032e2000 	/usr/lib/libSystem.B.dylib
0x00000000032e2000 	/usr/lib/libobjc.A.dylib
0x00000000032e2000 	/System/Library/Frameworks/CoreFoundation.framework/Versions/A/CoreFoundation
0x00000000032e2000 	/System/Library/Frameworks/Foundation.framework/Versions/C/Foundation
0x00000000032e2000 	/System/Library/Frameworks/AppKit.framework/Versions/C/AppKit
0x00000000032e2000 	/System/Library/Frameworks/CoreData.framework/Versions/A/CoreData
0x00000000032e2000 	/System/Library/PrivateFrameworks/RemoteViewServices.framework/Versions/A/RemoteViewServices
0x00000000032e2000 	/System/Library/PrivateFrameworks/UIFoundation.framework/Versions/A/UIFoundation
0x00000000032e2000 	/System/Library/Frameworks/IOSurface.framework/Versions/A/IOSurface
0x00000000032e2000 	/System/Library/Frameworks/AudioToolbox.framework/Versions/A/AudioToolbox
0x00000000032e2000 	/System/Library/Frameworks/AudioUnit.framework/Versions/A/AudioUnit
0x00000000032e2000 	/System/Library/PrivateFrameworks/DataDetectorsCore.framework/Versions/A/DataDetectorsCore
0x00000000032e2000 	/System/Library/PrivateFrameworks/DesktopServicesPriv.framework/Versions/A/DesktopServicesPriv
0x00000000032e2000 	/System/Library/Frameworks/Carbon.framework/Versions/A/Frameworks/HIToolbox.framework/Versions/A/HIToolbox
0x00000000032e2000 	/System/Library/Frameworks/QuartzCore.framework/Versions/A/QuartzCore
0x00000000032e2000 	/System/Library/Frameworks/Carbon.framework/Versions/A/Frameworks/SpeechRecognition.framework/Versions/A/SpeechRecognition
0x00000000032e2000 	/usr/lib/libauto.dylib
0x00000000032e2000 	/usr/lib/libicucore.A.dylib
0x00000000032e2000 	/usr/lib/libxml2.2.dylib
0x00000000032e2000 	/System/Library/PrivateFrameworks/CoreUI.framework/Versions/A/CoreUI
0x00000000032e2000 	/System/Library/Frameworks/CoreAudio.framework/Versions/A/CoreAudio
0x00000000032e2000 	/System/Library/Frameworks/DiskArbitration.framework/Versions/A/DiskArbitration
0x00000000032e2000 	/usr/lib/liblangid.dylib
0x00000000032e2000 	/System/Library/PrivateFrameworks/MultitouchSupport.framework/Versions/A/MultitouchSupport
0x00000000032e2000 	/System/Library/Frameworks/IOKit.framework/Versions/A/IOKit
0x00000000032e2000 	/usr/lib/libDiagnosticMessagesClient.dylib
0x00000000032e2000 	/System/Library/Frameworks/CoreServices.framework/Versions/A/CoreServices
0x00000000032e2000 	/System/Library/PrivateFrameworks/PerformanceAnalysis.framework/Versions/A/PerformanceAnalysis
0x00000000032e2000 	/System/Library/PrivateFrameworks/GenerationalStorage.framework/Versions/A/GenerationalStorage
0x00000000032e2000 	/System/Library/Frameworks/OpenGL.framework/Versions/A/OpenGL
0x00000000032e2000 	/System/Library/PrivateFrameworks/Sharing.framework/Versions/A/Sharing
0x00000000032e2000 	/System/Library/Frameworks/CoreGraphics.framework/Versions/A/CoreGraphics
0x00000000032e2000 	/System/Library/Frameworks/CoreText.framework/Versions/A/CoreText
0x00000000032e2000 	/System/Library/Frameworks/ImageIO.framework/Versions/A/ImageIO
0x00000000032e2000 	/usr/lib/libextension.dylib
0x00000000032e2000 	/System/Library/PrivateFrameworks/Backup.framework/Versions/A/Backup
0x00000000032e2000 	/usr/lib/libarchive.2.dylib
0x00000000032e2000 	/System/Library/Frameworks/CFNetwork.framework/Versions/A/CFNetwork
0x00000000032e2000 	/System/Library/Frameworks/SystemConfiguration.framework/Versions/A/SystemConfiguration
0x00000000032e2000 	/usr/lib/libCRFSuite.dylib
0x00000000032e2000 	/usr/lib/libc++.1.dylib
0x00000000032e2000 	/usr/lib/libc++abi.dylib
0x00000000032e2000 	/usr/lib/system/libcache.dylib
0x00000000032e2000 	/usr/lib/system/libcommonCrypto.dylib
0x00000000032e2000 	/usr/lib/system/libcompiler_rt.dylib
0x00000000032e2000 	/usr/lib/system/libcopyfile.dylib
0x00000000032e2000 	/usr/lib/system/libcorecrypto.dylib
0x00000000032e2000 	/usr/lib/system/libdispatch.dylib
0x00000000032e2000 	/usr/lib/system/libdyld.dylib
0x00000000032e2000 	/usr/lib/system/libkeymgr.dylib
0x00000000032e2000 	/usr/lib/system/liblaunch.dylib
0x00000000032e2000 	/usr/lib/system/libmacho.dylib
0x00000000032e2000 	/usr/lib/system/libquarantine.dylib
0x00000000032e2000 	/usr/lib/system/libremovefile.dylib
0x00000000032e2000 	/usr/lib/system/libsystem_asl.dylib
0x00000000032e2000 	/usr/lib/system/libsystem_blocks.dylib
0x00000000032e2000 	/usr/lib/system/libsystem_c.dylib
0x00000000032e2000 	/usr/lib/system/libsystem_configuration.dylib
0x00000000032e2000 	/usr/lib/system/libsystem_coreservices.dylib
0x00000000032e2000 	/usr/lib/system/libsystem_coretls.dylib
0x00000000032e2000 	/usr/lib/system/libsystem_dnssd.dylib
0x00000000032e2000 	/usr/lib/system/libsystem_info.dylib
0x00000000032e2000 	/usr/lib/system/libsystem_kernel.dylib
0x00000000032e2000 	/usr/lib/system/libsystem_m.dylib
0x00000000032e2000 	/usr/lib/system/libsystem_malloc.dylib
0x00000000032e2000 	/usr/lib/system/libsystem_network.dylib
0x00000000032e2000 	/usr/lib/system/libsystem_networkextension.dylib
0x00000000032e2000 	/usr/lib/system/libsystem_notify.dylib
0x00000000032e2000 	/usr/lib/system/libsystem_platform.dylib
0x00000000032e2000 	/usr/lib/system/libsystem_pthread.dylib
0x00000000032e2000 	/usr/lib/system/libsystem_sandbox.dylib
0x00000000032e2000 	/usr/lib/system/libsystem_secinit.dylib
0x00000000032e2000 	/usr/lib/system/libsystem_stats.dylib
0x00000000032e2000 	/usr/lib/system/libsystem_trace.dylib
0x00000000032e2000 	/usr/lib/system/libunc.dylib
0x00000000032e2000 	/usr/lib/system/libunwind.dylib
0x00000000032e2000 	/usr/lib/system/libxpc.dylib
0x00000000032e2000 	/usr/lib/libbz2.1.0.dylib
0x00000000032e2000 	/usr/lib/liblzma.5.dylib
0x00000000032e2000 	/usr/lib/libbsm.0.dylib
0x00000000032e2000 	/usr/lib/libsqlite3.dylib
0x00000000032e2000 	/usr/lib/system/libkxld.dylib
0x00000000032e2000 	/usr/lib/libxar.1.dylib
0x00000000032e2000 	/usr/lib/libpam.2.dylib
0x00000000032e2000 	/usr/lib/libOpenScriptingUtil.dylib
0x00000000032e2000 	/System/Library/Frameworks/CoreServices.framework/Versions/A/Frameworks/FSEvents.framework/Versions/A/FSEvents
0x00000000032e2000 	/System/Library/Frameworks/CoreServices.framework/Versions/A/Frameworks/CarbonCore.framework/Versions/A/CarbonCore
0x00000000032e2000 	/System/Library/Frameworks/CoreServices.framework/Versions/A/Frameworks/Metadata.framework/Versions/A/Metadata
0x00000000032e2000 	/System/Library/Frameworks/CoreServices.framework/Versions/A/Frameworks/OSServices.framework/Versions/A/OSServices
0x00000000032e2000 	/System/Library/Frameworks/CoreServices.framework/Versions/A/Frameworks/SearchKit.framework/Versions/A/SearchKit
0x00000000032e2000 	/System/Library/Frameworks/CoreServices.framework/Versions/A/Frameworks/AE.framework/Versions/A/AE
0x00000000032e2000 	/System/Library/Frameworks/CoreServices.framework/Versions/A/Frameworks/LaunchServices.framework/Versions/A/LaunchServices
0x00000000032e2000 	/System/Library/Frameworks/CoreServices.framework/Versions/A/Frameworks/DictionaryServices.framework/Versions/A/DictionaryServices
0x00000000032e2000 	/System/Library/Frameworks/NetFS.framework/Versions/A/NetFS
0x00000000032e2000 	/System/Library/PrivateFrameworks/NetAuth.framework/Versions/A/NetAuth
0x00000000032e2000 	/System/Library/PrivateFrameworks/login.framework/Versions/A/Frameworks/loginsupport.framework/Versions/A/loginsupport
0x00000000032e2000 	/System/Library/PrivateFrameworks/TCC.framework/Versions/A/TCC
0x00000000032e2000 	/usr/lib/libmecabra.dylib
0x00000000032e2000 	/System/Library/Frameworks/ApplicationServices.framework/Versions/A/Frameworks/ATS.framework/Versions/A/ATS
0x00000000032e2000 	/System/Library/Frameworks/ApplicationServices.framework/Versions/A/Frameworks/ColorSync.framework/Versions/A/ColorSync
0x00000000032e2000 	/System/Library/Frameworks/ApplicationServices.framework/Versions/A/Frameworks/HIServices.framework/Versions/A/HIServices
0x00000000032e2000 	/System/Library/Frameworks/ApplicationServices.framework/Versions/A/Frameworks/LangAnalysis.framework/Versions/A/LangAnalysis
0x00000000032e2000 	/System/Library/Frameworks/ApplicationServices.framework/Versions/A/Frameworks/PrintCore.framework/Versions/A/PrintCore
0x00000000032e2000 	/System/Library/Frameworks/ApplicationServices.framework/Versions/A/Frameworks/QD.framework/Versions/A/QD
0x00000000032e2000 	/System/Library/Frameworks/ApplicationServices.framework/Versions/A/Frameworks/SpeechSynthesis.framework/Versions/A/SpeechSynthesis
0x00000000032e2000 	/System/Library/Frameworks/Accelerate.framework/Versions/A/Accelerate
0x00000000032e2000 	/System/Library/Frameworks/Accelerate.framework/Versions/A/Frameworks/vImage.framework/Versions/A/vImage
0x00000000032e2000 	/System/Library/Frameworks/Accelerate.framework/Versions/A/Frameworks/vecLib.framework/Versions/A/vecLib
0x00000000032e2000 	/System/Library/Frameworks/Accelerate.framework/Versions/A/Frameworks/vecLib.framework/Versions/A/libvDSP.dylib
0x00000000032e2000 	/System/Library/Frameworks/Accelerate.framework/Versions/A/Frameworks/vecLib.framework/Versions/A/libvMisc.dylib
0x00000000032e2000 	/System/Library/Frameworks/Accelerate.framework/Versions/A/Frameworks/vecLib.framework/Versions/A/libLAPACK.dylib
0x00000000032e2000 	/System/Library/Frameworks/Accelerate.framework/Versions/A/Frameworks/vecLib.framework/Versions/A/libBLAS.dylib
0x00000000032e2000 	/System/Library/Frameworks/Accelerate.framework/Versions/A/Frameworks/vecLib.framework/Versions/A/libLinearAlgebra.dylib
0x00000000032e2000 	/System/Library/Frameworks/ApplicationServices.framework/Versions/A/Frameworks/ATS.framework/Versions/A/Resources/libFontParser.dylib
0x00000000032e2000 	/System/Library/Frameworks/ApplicationServices.framework/Versions/A/Frameworks/ATS.framework/Versions/A/Resources/libFontRegistry.dylib
0x00000000032e2000 	/System/Library/PrivateFrameworks/AppleVPA.framework/Versions/A/AppleVPA
0x00000000032e2000 	/System/Library/PrivateFrameworks/AppleJPEG.framework/Versions/A/AppleJPEG
0x00000000032e2000 	/System/Library/Frameworks/ImageIO.framework/Versions/A/Resources/libJPEG.dylib
0x00000000032e2000 	/System/Library/Frameworks/ImageIO.framework/Versions/A/Resources/libTIFF.dylib
0x00000000032e2000 	/System/Library/Frameworks/ImageIO.framework/Versions/A/Resources/libPng.dylib
0x00000000032e2000 	/System/Library/Frameworks/ImageIO.framework/Versions/A/Resources/libGIF.dylib
0x00000000032e2000 	/System/Library/Frameworks/ImageIO.framework/Versions/A/Resources/libJP2.dylib
0x00000000032e2000 	/System/Library/Frameworks/ImageIO.framework/Versions/A/Resources/libRadiance.dylib
0x00000000032e2000 	/System/Library/Frameworks/CoreVideo.framework/Versions/A/CoreVideo
0x00000000032e2000 	/System/Library/Frameworks/OpenGL.framework/Versions/A/Libraries/libGLU.dylib
0x00000000032e2000 	/System/Library/Frameworks/OpenGL.framework/Versions/A/Libraries/libGFXShared.dylib
0x00000000032e2000 	/System/Library/Frameworks/OpenGL.framework/Versions/A/Libraries/libGL.dylib
0x00000000032e2000 	/System/Library/Frameworks/OpenGL.framework/Versions/A/Libraries/libGLImage.dylib
0x00000000032e2000 	/System/Library/Frameworks/OpenGL.framework/Versions/A/Libraries/libCVMSPluginSupport.dylib
0x00000000032e2000 	/System/Library/Frameworks/OpenGL.framework/Versions/A/Libraries/libCoreVMClient.dylib
0x00000000032e2000 	/usr/lib/libcups.2.dylib
0x00000000032e2000 	/System/Library/Frameworks/Kerberos.framework/Versions/A/Kerberos
0x00000000032e2000 	/System/Library/Frameworks/GSS.framework/Versions/A/GSS
0x00000000032e2000 	/usr/lib/libresolv.9.dylib
0x00000000032e2000 	/usr/lib/libiconv.2.dylib
0x00000000032e2000 	/System/Library/PrivateFrameworks/Heimdal.framework/Versions/A/Heimdal
0x00000000032e2000 	/usr/lib/libheimdal-asn1.dylib
0x00000000032e2000 	/System/Library/Frameworks/OpenDirectory.framework/Versions/A/OpenDirectory
0x00000000032e2000 	/System/Library/PrivateFrameworks/CommonAuth.framework/Versions/A/CommonAuth
0x00000000032e2000 	/System/Library/Frameworks/OpenDirectory.framework/Versions/A/Frameworks/CFOpenDirectory.framework/Versions/A/CFOpenDirectory
0x00000000032e2000 	/System/Library/Frameworks/SecurityFoundation.framework/Versions/A/SecurityFoundation
0x00000000032e2000 	/System/Library/PrivateFrameworks/LanguageModeling.framework/Versions/A/LanguageModeling
0x00000000032e2000 	/usr/lib/libcmph.dylib
0x00000000032e2000 	/System/Library/Frameworks/ServiceManagement.framework/Versions/A/ServiceManagement
0x00000000032e2000 	/usr/lib/libxslt.1.dylib
0x00000000032e2000 	/System/Library/Frameworks/Carbon.framework/Versions/A/Frameworks/Ink.framework/Versions/A/Ink
0x00000000032e2000 	/System/Library/Frameworks/QuartzCore.framework/Versions/A/Frameworks/CoreImage.framework/Versions/A/CoreImage
0x00000000032e2000 	/System/Library/PrivateFrameworks/CrashReporterSupport.framework/Versions/A/CrashReporterSupport
0x00000000032e2000 	/System/Library/Frameworks/OpenCL.framework/Versions/A/OpenCL
0x00000000032e2000 	/System/Library/PrivateFrameworks/FaceCore.framework/Versions/A/FaceCore
0x00000000032e2000 	/System/Library/PrivateFrameworks/Ubiquity.framework/Versions/A/Ubiquity
0x00000000032e2000 	/System/Library/PrivateFrameworks/IconServices.framework/Versions/A/IconServices
0x00000000032e2000 	/System/Library/PrivateFrameworks/ChunkingLibrary.framework/Versions/A/ChunkingLibrary
0x00000000032e2000 	/System/Library/PrivateFrameworks/Apple80211.framework/Versions/A/Apple80211
0x00000000032e2000 	/System/Library/Frameworks/CoreWLAN.framework/Versions/A/CoreWLAN
0x00000000032e2000 	/System/Library/Frameworks/IOBluetooth.framework/Versions/A/IOBluetooth
0x00000000032e2000 	/System/Library/PrivateFrameworks/CoreWiFi.framework/Versions/A/CoreWiFi
0x00000000032e2000 	/System/Library/Frameworks/CoreBluetooth.framework/Versions/A/CoreBluetooth
0x00000000032e2000 	/System/Library/PrivateFrameworks/DebugSymbols.framework/Versions/A/DebugSymbols
0x00000000032e2000 	/System/Library/PrivateFrameworks/CoreSymbolication.framework/Versions/A/CoreSymbolication
0x00000000032e2000 	/System/Library/PrivateFrameworks/Symbolication.framework/Versions/A/Symbolication
0x00000000032e2000 	/System/Library/PrivateFrameworks/SpeechRecognitionCore.framework/Versions/A/SpeechRecognitionCore
0x0000000104400000 	/Library/Java/JavaVirtualMachines/jdk1.8.0_71.jdk/Contents/Home/jre/lib/server/libjvm.dylib
0x00000000032e2000 	/usr/lib/libstdc++.6.dylib
0x0000000103bf2000 	/Library/Java/JavaVirtualMachines/jdk1.8.0_71.jdk/Contents/Home/jre/lib/libverify.dylib
0x0000000105492000 	/Library/Java/JavaVirtualMachines/jdk1.8.0_71.jdk/Contents/Home/jre/lib/libjava.dylib
0x00000001054d1000 	/Library/Java/JavaVirtualMachines/jdk1.8.0_71.jdk/Contents/Home/jre/lib/libzip.dylib
0x00000001991f8000 	/System/Library/Frameworks/JavaVM.framework/Frameworks/JavaRuntimeSupport.framework/JavaRuntimeSupport
0x0000000199210000 	/System/Library/Frameworks/JavaVM.framework/Versions/A/Frameworks/JavaNativeFoundation.framework/Versions/A/JavaNativeFoundation
0x00000001149f1000 	/System/Library/Frameworks/JavaVM.framework/Versions/A/JavaVM
0x00000000032e2000 	/System/Library/Frameworks/Carbon.framework/Versions/A/Carbon
0x0000000199225000 	/System/Library/PrivateFrameworks/JavaLaunching.framework/Versions/A/JavaLaunching
0x00000000032e2000 	/System/Library/Frameworks/Carbon.framework/Versions/A/Frameworks/CommonPanels.framework/Versions/A/CommonPanels
0x00000000032e2000 	/System/Library/Frameworks/Carbon.framework/Versions/A/Frameworks/Help.framework/Versions/A/Help
0x00000000032e2000 	/System/Library/Frameworks/Carbon.framework/Versions/A/Frameworks/ImageCapture.framework/Versions/A/ImageCapture
0x00000000032e2000 	/System/Library/Frameworks/Carbon.framework/Versions/A/Frameworks/OpenScripting.framework/Versions/A/OpenScripting
0x00000000032e2000 	/System/Library/Frameworks/Carbon.framework/Versions/A/Frameworks/Print.framework/Versions/A/Print
0x00000000032e2000 	/System/Library/Frameworks/Carbon.framework/Versions/A/Frameworks/SecurityHI.framework/Versions/A/SecurityHI
0x000000019b15a000 	/Library/Java/JavaVirtualMachines/jdk1.8.0_71.jdk/Contents/Home/jre/lib/libawt.dylib
0x000000019b202000 	/Library/Java/JavaVirtualMachines/jdk1.8.0_71.jdk/Contents/Home/jre/lib/./libmlib_image.dylib
0x000000019b2ce000 	/Library/Java/JavaVirtualMachines/jdk1.8.0_71.jdk/Contents/Home/jre/lib/libawt_lwawt.dylib
0x000000019b383000 	/Library/Java/JavaVirtualMachines/jdk1.8.0_71.jdk/Contents/Home/jre/lib/./libosxapp.dylib
0x00000000032e2000 	/System/Library/Frameworks/ExceptionHandling.framework/Versions/A/ExceptionHandling
0x00000000032e2000 	/System/Library/PrivateFrameworks/CoreServicesInternal.framework/Versions/A/CoreServicesInternal
0x00000000032e2000 	/System/Library/PrivateFrameworks/CloudDocs.framework/Versions/A/CloudDocs
0x00000000032e2000 	/System/Library/PrivateFrameworks/CoreDuet.framework/Versions/A/CoreDuet
0x00000000032e2000 	/System/Library/Frameworks/CloudKit.framework/Versions/A/CloudKit
0x00000000032e2000 	/System/Library/PrivateFrameworks/ProtocolBuffer.framework/Versions/A/ProtocolBuffer
0x00000000032e2000 	/System/Library/PrivateFrameworks/CoreDuetDaemonProtocol.framework/Versions/A/CoreDuetDaemonProtocol
0x00000000032e2000 	/System/Library/PrivateFrameworks/CoreDuetDebugLogging.framework/Versions/A/CoreDuetDebugLogging
0x00000000032e2000 	/System/Library/PrivateFrameworks/MMCS.framework/Versions/A/MMCS
0x00000000032e2000 	/System/Library/Frameworks/CoreLocation.framework/Versions/A/CoreLocation
0x00000000032e2000 	/System/Library/PrivateFrameworks/ProtectedCloudStorage.framework/Versions/A/ProtectedCloudStorage
0x00000000032e2000 	/System/Library/PrivateFrameworks/GeoServices.framework/Versions/A/GeoServices
0x00000000032e2000 	/System/Library/Frameworks/CoreGraphics.framework/Versions/A/Resources/libCGCMS.A.dylib
0x00000000032e2000 	/System/Library/Frameworks/CoreGraphics.framework/Versions/A/Resources/libRIP.A.dylib
0x00000000032e2000 	/System/Library/Frameworks/CoreGraphics.framework/Versions/A/Resources/libCGXType.A.dylib
0x00000000032e2000 	/System/Library/Frameworks/OpenCL.framework/Versions/A/Libraries/libcldcpuengine.dylib
0x00000000032e2000 	/System/Library/PrivateFrameworks/DiskImages.framework/Versions/A/DiskImages
0x00000000032e2000 	/System/Library/Frameworks/DiscRecording.framework/Versions/A/DiscRecording
0x00000000032e2000 	/usr/lib/libcsfde.dylib
0x00000000032e2000 	/usr/lib/libcurl.4.dylib
0x00000000032e2000 	/System/Library/PrivateFrameworks/MediaKit.framework/Versions/A/MediaKit
0x00000000032e2000 	/usr/lib/libCoreStorage.dylib
0x00000000032e2000 	/System/Library/PrivateFrameworks/EFILogin.framework/Versions/A/EFILogin
0x00000000032e2000 	/usr/lib/libutil.dylib
0x00000000032e2000 	/System/Library/PrivateFrameworks/FindMyDevice.framework/Versions/A/FindMyDevice
0x00000000032e2000 	/System/Library/Frameworks/LDAP.framework/Versions/A/LDAP
0x00000000032e2000 	/usr/lib/libsasl2.2.dylib
0x00000000032e2000 	/System/Library/PrivateFrameworks/CoreDaemon.framework/Versions/B/CoreDaemon
0x00000000032e2000 	/usr/lib/libcrypto.0.9.8.dylib
0x00000000032e2000 	/System/Library/PrivateFrameworks/AppleSRP.framework/Versions/A/AppleSRP
0x00000000032e2000 	/System/Library/PrivateFrameworks/TrustEvaluationAgent.framework/Versions/A/TrustEvaluationAgent
0x000000019bc0f000 	cl_kernels
0x000000019e67c000 	/System/Library/Frameworks/OpenCL.framework/Versions/A/Libraries/ImageFormats/unorm8_bgra.dylib
0x000000019bc14000 	cl_kernels
0x00000000032e2000 	/System/Library/PrivateFrameworks/FamilyControls.framework/Versions/A/FamilyControls
0x00000000032e2000 	/System/Library/PrivateFrameworks/CommerceKit.framework/Versions/A/Frameworks/CommerceCore.framework/Versions/A/CommerceCore
0x00000000032e2000 	/System/Library/PrivateFrameworks/SystemAdministration.framework/Versions/A/SystemAdministration
0x00000000032e2000 	/System/Library/PrivateFrameworks/AppContainer.framework/Versions/A/AppContainer
0x00000000032e2000 	/System/Library/PrivateFrameworks/SecCodeWrapper.framework/Versions/A/SecCodeWrapper
0x00000000032e2000 	/System/Library/Frameworks/DirectoryService.framework/Versions/A/DirectoryService
0x00000000032e2000 	/System/Library/PrivateFrameworks/LoginUIKit.framework/Versions/A/Frameworks/LoginUICore.framework/Versions/A/LoginUICore
0x00000000032e2000 	/usr/lib/libodfde.dylib
0x00000000032e2000 	/System/Library/Frameworks/OpenGL.framework/Versions/A/Resources/GLEngine.bundle/GLEngine
0x00000000032e2000 	/System/Library/Frameworks/OpenGL.framework/Versions/A/Libraries/libGLProgrammability.dylib
0x000000019f9e6000 	/System/Library/Extensions/AppleIntelHD5000GraphicsGLDriver.bundle/Contents/MacOS/AppleIntelHD5000GraphicsGLDriver
0x00000000032e2000 	/System/Library/PrivateFrameworks/IOAccelerator.framework/Versions/A/IOAccelerator
0x00000000032e2000 	/System/Library/PrivateFrameworks/GPUSupport.framework/Versions/A/Libraries/libGPUSupportMercury.dylib
0x00000000032e2000 	/System/Library/Frameworks/OpenGL.framework/Versions/A/Resources/GLRendererFloat.bundle/GLRendererFloat
0x00000001a0e8e000 	/Library/Java/JavaVirtualMachines/jdk1.8.0_71.jdk/Contents/Home/jre/lib/libfontmanager.dylib
0x00000001a1f65000 	/Library/Java/JavaVirtualMachines/jdk1.8.0_71.jdk/Contents/Home/jre/lib/libosxui.dylib
0x00000001a218b000 	/Library/Java/JavaVirtualMachines/jdk1.8.0_71.jdk/Contents/Home/jre/lib/libnet.dylib
0x00000001a21a2000 	/Library/Java/JavaVirtualMachines/jdk1.8.0_71.jdk/Contents/Home/jre/lib/libnio.dylib
0x00000000032e2000 	/System/Library/Frameworks/ApplicationServices.framework/Versions/A/Frameworks/ATS.framework/Versions/A/Resources/libTrueTypeScaler.dylib
0x00000001ef2f5000 	/private/var/folders/s4/ngcr_7ss02bdrtqp5hllhg2r0000gn/T/jogamp_0000/file_cache/jln7964205264807518187/jln1711970824309894751/libgluegen-rt.jnilib
0x00000001ef2fa000 	/private/var/folders/s4/ngcr_7ss02bdrtqp5hllhg2r0000gn/T/jogamp_0000/file_cache/jln7964205264807518187/jln1711970824309894751/libnativewindow_awt.jnilib
0x00000001ef2fd000 	/Library/Java/JavaVirtualMachines/jdk1.8.0_71.jdk/Contents/Home/jre/lib/libjawt.dylib
0x00000001ef300000 	/private/var/folders/s4/ngcr_7ss02bdrtqp5hllhg2r0000gn/T/jogamp_0000/file_cache/jln7964205264807518187/jln1711970824309894751/libnativewindow_macosx.jnilib
0x00000001f0edc000 	/private/var/folders/s4/ngcr_7ss02bdrtqp5hllhg2r0000gn/T/jogamp_0000/file_cache/jln7964205264807518187/jln1711970824309894751/libjogl_desktop.jnilib
0x00000001f74ff000 	/Library/Java/JavaVirtualMachines/jdk1.8.0_71.jdk/Contents/Home/jre/lib/libjpeg.dylib
0x00000001f5531000 	/Library/Java/JavaVirtualMachines/jdk1.8.0_71.jdk/Contents/Home/jre/lib/libt2k.dylib

VM Arguments:
jvm_args: -Djava.security.policy=java.policy.applet -Dfile.encoding=UTF-8 
java_command: sun.applet.AppletViewer module1.YelpDataSet1463355438469.html
java_class_path (initial): /Users/gsingh/Documents/workspace/YelpDataSet/bin:/Users/gsingh/Documents/workspace/YelpDataSet/libs/core.jar:/Users/gsingh/Documents/workspace/YelpDataSet/libs/gluegen-rt.jar:/Users/gsingh/Documents/workspace/YelpDataSet/libs/jogl-all.jar:/Users/gsingh/Documents/workspace/YelpDataSet/libs/json4processing.jar:/Users/gsingh/Documents/workspace/YelpDataSet/libs/libTUIO.jar:/Users/gsingh/Documents/workspace/YelpDataSet/libs/log4j-1.2.15.jar:/Users/gsingh/Documents/workspace/YelpDataSet/libs/sqlite-jdbc-3.7.2.jar:/Users/gsingh/Documents/workspace/YelpDataSet/libs/unfolding.0.9.6.jar
Launcher Type: SUN_STANDARD

Environment Variables:
PATH=/usr/bin:/bin:/usr/sbin:/sbin
SHELL=/bin/bash
DISPLAY=/private/tmp/com.apple.launchd.2mpiTaXw1A/org.macosforge.xquartz:0

Signal Handlers:
SIGSEGV: [libjvm.dylib+0x5a68c5], sa_mask[0]=11111111011111110111111111111111, sa_flags=SA_ONSTACK|SA_RESTART|SA_SIGINFO
SIGBUS: [libjvm.dylib+0x5a68c5], sa_mask[0]=11111111011111110111111111111111, sa_flags=SA_RESTART|SA_SIGINFO
SIGFPE: [libjvm.dylib+0x4805d4], sa_mask[0]=11111111011111110111111111111111, sa_flags=SA_RESTART|SA_SIGINFO
SIGPIPE: [libjvm.dylib+0x4805d4], sa_mask[0]=11111111011111110111111111111111, sa_flags=SA_RESTART|SA_SIGINFO
SIGXFSZ: [libjvm.dylib+0x4805d4], sa_mask[0]=11111111011111110111111111111111, sa_flags=SA_RESTART|SA_SIGINFO
SIGILL: [libjvm.dylib+0x4805d4], sa_mask[0]=11111111011111110111111111111111, sa_flags=SA_RESTART|SA_SIGINFO
SIGUSR1: SIG_DFL, sa_mask[0]=00000000000000000000000000000000, sa_flags=none
SIGUSR2: [libjvm.dylib+0x4800f2], sa_mask[0]=00100000000000000000000000000000, sa_flags=SA_RESTART|SA_SIGINFO
SIGHUP: [libjvm.dylib+0x47e6c9], sa_mask[0]=11111111011111110111111111111111, sa_flags=SA_RESTART|SA_SIGINFO
SIGINT: [libjvm.dylib+0x47e6c9], sa_mask[0]=11111111011111110111111111111111, sa_flags=SA_RESTART|SA_SIGINFO
SIGTERM: [libjvm.dylib+0x47e6c9], sa_mask[0]=11111111011111110111111111111111, sa_flags=SA_RESTART|SA_SIGINFO
SIGQUIT: [libjvm.dylib+0x47e6c9], sa_mask[0]=11111111011111110111111111111111, sa_flags=SA_RESTART|SA_SIGINFO


---------------  S Y S T E M  ---------------

OS:Bsduname:Darwin 14.5.0 Darwin Kernel Version 14.5.0: Tue Sep  1 21:23:09 PDT 2015; root:xnu-2782.50.1~1/RELEASE_X86_64 x86_64
rlimit: STACK 8192k, CORE 0k, NPROC 709, NOFILE 10240, AS infinity
load average:4.03 2.98 2.76

CPU:total 4 (2 cores per cpu, 2 threads per core) family 6 model 69 stepping 1, cmov, cx8, fxsr, mmx, sse, sse2, sse3, ssse3, sse4.1, sse4.2, popcnt, avx, avx2, aes, clmul, erms, lzcnt, ht, tsc, tscinvbit, bmi1, bmi2

Memory: 4k page, physical 4194304k(60768k free)

/proc/meminfo:


vm_info: Java HotSpot(TM) 64-Bit Server VM (25.71-b15) for bsd-amd64 JRE (1.8.0_71-b15), built on Dec 22 2015 15:11:44 by "java_re" with gcc 4.2.1 (Based on Apple Inc. build 5658) (LLVM build 2336.11.00)

time: Sun May 15 19:37:48 2016
elapsed time: 30 seconds (0d 0h 0m 30s)

