#
# A fatal error has been detected by the Java Runtime Environment:
#
#  SIGSEGV (0xb) at pc=0x00007fff8afd20dd, pid=87337, tid=1811
#
# JRE version: Java(TM) SE Runtime Environment (8.0_71-b15) (build 1.8.0_71-b15)
# Java VM: Java HotSpot(TM) 64-Bit Server VM (25.71-b15 mixed mode bsd-amd64 compressed oops)
# Problematic frame:
# C  [libobjc.A.dylib+0x10dd]  objc_msgSend+0x1d
#
# Failed to write core dump. Core dumps have been disabled. To enable core dumping, try "ulimit -c unlimited" before starting Java again
#
# If you would like to submit a bug report, please visit:
#   http://bugreport.java.com/bugreport/crash.jsp
# The crash happened outside the Java Virtual Machine in native code.
# See problematic frame for where to report the bug.
#

---------------  T H R E A D  ---------------

Current thread (0x00007ff798903000):  JavaThread "AWT-AppKit" daemon [_thread_in_native, id=1811, stack(0x00007fff54660000,0x00007fff54e60000)]

siginfo: si_signo: 11 (SIGSEGV), si_code: 1 (SEGV_MAPERR), si_addr: 0x0000000000000018

Registers:
RAX=0x00007ff79d5b6880, RBX=0x000000017642f3b0, RCX=0x0000000129077ca0, RDX=0x0000000129077fe0
RSP=0x00007fff54e5b548, RBP=0x00007fff54e5b600, RSI=0x00007fff8635640f, RDI=0x00007ff79d5e1280
R8 =0x0000000000000000, R9 =0x0000000000000f50, R10=0x00007fff8635640f, R11=0x0000000000000000
R12=0x0000000000000000, R13=0x000000017818ace0, R14=0x000000017642f3a0, R15=0x00007ff798903000
RIP=0x00007fff8afd20dd, EFLAGS=0x0000000000010246, ERR=0x0000000000000004
  TRAPNO=0x000000000000000e

Top of Stack: (sp=0x00007fff54e5b548)
0x00007fff54e5b548:   000000017642d5d7 00007fff54e5b5a0
0x00007fff54e5b558:   0000000000000003 00007fff54e5b580
0x00007fff54e5b568:   000000010b9f0d66 000000017818ace0
0x00007fff54e5b578:   000000017818ace0 00007ff79d5b6880
0x00007fff54e5b588:   000000017642f5c0 000000017642f640
0x00007fff54e5b598:   000000017642f3b0 00007fff7464d550
0x00007fff54e5b5a8:   000000017642f5d0 00007fff757fec80
0x00007fff54e5b5b8:   00007ff79d5b6880 00007ff79d5e1280
0x00007fff54e5b5c8:   00007ff79855fe00 00007ff79d5b6880
0x00007fff54e5b5d8:   00007ff79d5e1280 00007fff54e5b688
0x00007fff54e5b5e8:   00007ff7989031f8 000000017818ace0
0x00007fff54e5b5f8:   00007fff54e5b6b0 00007fff54e5b678
0x00007fff54e5b608:   000000010c7b5954 000000017818ace0
0x00007fff54e5b618:   00007fff54e5b6b0 00007fff54e5b678
0x00007fff54e5b628:   000000010c7b56e7 000000010c7b56a2
0x00007fff54e5b638:   00007fff54e5b638 000000017818ace0
0x00007fff54e5b648:   00007fff54e5b6b0 000000017818d4d0
0x00007fff54e5b658:   0000000000000000 000000017818ace0
0x00007fff54e5b668:   0000000000000000 00007fff54e5b698
0x00007fff54e5b678:   00007fff54e5b6f8 000000010c7a7c4d
0x00007fff54e5b688:   0000000781344738 000000010c7af578
0x00007fff54e5b698:   00007ff79d5b6880 00007fff54e5b6f8
0x00007fff54e5b6a8:   00007ff79d5e1280 000000010c7b0d82
0x00007fff54e5b6b8:   00007fff54e5b6b8 000000017818aeaa
0x00007fff54e5b6c8:   00007fff54e5b720 000000017818d4d0
0x00007fff54e5b6d8:   0000000000000000 000000017818aeb8
0x00007fff54e5b6e8:   00007fff54e5b698 00007fff54e5b708
0x00007fff54e5b6f8:   00007fff54e5b768 000000010c7a7c4d
0x00007fff54e5b708:   00007ff79d5b6880 000000078132d028
0x00007fff54e5b718:   00007ff79d5e1280 000000078132d028
0x00007fff54e5b728:   00007fff54e5b728 000000017da524b6
0x00007fff54e5b738:   00007fff54e5b778 000000017da52570 

Instructions: (pc=0x00007fff8afd20dd)
0x00007fff8afd20bd:   00 00 00 48 85 ff 2e 74 7a 40 f6 c7 01 2e 75 7e
0x00007fff8afd20cd:   49 bb f8 ff ff ff ff 7f 00 00 4c 23 1f 49 89 f2
0x00007fff8afd20dd:   45 23 53 18 49 c1 e2 04 4d 03 53 10 49 3b 32 75
0x00007fff8afd20ed:   04 41 ff 62 08 49 83 3a 00 74 6a 4d 3b 53 10 74 

Register to memory mapping:

RAX=0x00007ff79d5b6880 is an unknown value
RBX=0x000000017642f3b0: Java_jogamp_nativewindow_macosx_OSXUtil_GetScreenRefreshRate0+0x1850 in /private/var/folders/s4/ngcr_7ss02bdrtqp5hllhg2r0000gn/T/jogamp_0000/file_cache/jln7030521698733309784/jln3512656086023127026/libnativewindow_macosx.jnilib at 0x0000000176428000
RCX=0x0000000129077ca0 is an unknown value
RDX=0x0000000129077fe0 is an unknown value
RSP=0x00007fff54e5b548 is pointing into the stack for thread: 0x00007ff798903000
RBP=0x00007fff54e5b600 is pointing into the stack for thread: 0x00007ff798903000
RSI=0x00007fff8635640f is an unknown value
RDI=0x00007ff79d5e1280 is an unknown value
R8 =0x0000000000000000 is an unknown value
R9 =0x0000000000000f50 is an unknown value
R10=0x00007fff8635640f is an unknown value
R11=0x0000000000000000 is an unknown value
R12=0x0000000000000000 is an unknown value
R13={method} {0x000000017818ace0} 'UnsetJAWTRootSurfaceLayer0' '(JJ)V' in 'jogamp/nativewindow/jawt/macosx/MacOSXJAWTWindow'
R14=0x000000017642f3a0: Java_jogamp_nativewindow_macosx_OSXUtil_GetScreenRefreshRate0+0x1840 in /private/var/folders/s4/ngcr_7ss02bdrtqp5hllhg2r0000gn/T/jogamp_0000/file_cache/jln7030521698733309784/jln3512656086023127026/libnativewindow_macosx.jnilib at 0x0000000176428000
R15=0x00007ff798903000 is a thread


Stack: [0x00007fff54660000,0x00007fff54e60000],  sp=0x00007fff54e5b548,  free space=8173k
Native frames: (J=compiled Java code, j=interpreted, Vv=VM code, C=native code)
C  [libobjc.A.dylib+0x10dd]  objc_msgSend+0x1d
j  jogamp.nativewindow.jawt.macosx.MacOSXJAWTWindow.UnsetJAWTRootSurfaceLayer0(JJ)V+0
j  jogamp.nativewindow.jawt.macosx.MacOSXJAWTWindow.access$200(JJ)V+2
j  jogamp.nativewindow.jawt.macosx.MacOSXJAWTWindow$1.run()V+38
j  com.jogamp.common.util.RunnableTask.run()V+24
v  ~StubRoutines::call_stub
V  [libjvm.dylib+0x2ea59a]
V  [libjvm.dylib+0x3216a3]
V  [libjvm.dylib+0x313e77]
C  [libnativewindow_macosx.jnilib+0x57ae]  Java_jogamp_nativewindow_jawt_macosx_MacOSXJAWTWindow_UnsetJAWTRootSurfaceLayer0+0x2be
C  [Foundation+0x92dd0]  __NSThreadPerformPerform+0x125
C  [CoreFoundation+0x80a01]  __CFRUNLOOP_IS_CALLING_OUT_TO_A_SOURCE0_PERFORM_FUNCTION__+0x11
C  [CoreFoundation+0x72b8d]  __CFRunLoopDoSources0+0x10d
C  [CoreFoundation+0x721bf]  __CFRunLoopRun+0x39f
C  [CoreFoundation+0x71bd8]  CFRunLoopRunSpecific+0x128
C  [HIToolbox+0x3256f]  RunCurrentEventLoopInMode+0xeb
C  [HIToolbox+0x322ea]  ReceiveNextEventCommon+0x1af
C  [HIToolbox+0x3212b]  _BlockUntilNextEventMatchingListInModeWithFilter+0x47
C  [AppKit+0x918ab]  _DPSNextEvent+0x3d2
C  [AppKit+0x90e58]  -[NSApplication nextEventMatchingMask:untilDate:inMode:dequeue:]+0x15a
C  [libosxapp.dylib+0x23aa]  -[NSApplicationAWT nextEventMatchingMask:untilDate:inMode:dequeue:]+0x7c
C  [AppKit+0x86af3]  -[NSApplication run]+0x252
C  [libosxapp.dylib+0x214d]  +[NSApplicationAWT runAWTLoopWithApp:]+0x9c
C  [libawt_lwawt.dylib+0x4455b]  -[AWTStarter starter:]+0x389
C  [Foundation+0x92dd0]  __NSThreadPerformPerform+0x125
C  [CoreFoundation+0x80a01]  __CFRUNLOOP_IS_CALLING_OUT_TO_A_SOURCE0_PERFORM_FUNCTION__+0x11
C  [CoreFoundation+0x72b8d]  __CFRunLoopDoSources0+0x10d
C  [CoreFoundation+0x721bf]  __CFRunLoopRun+0x39f
C  [CoreFoundation+0x71bd8]  CFRunLoopRunSpecific+0x128
C  [java+0x6463]  CreateExecutionEnvironment+0x367
C  [java+0x21ac]  JLI_Launch+0x7a0
C  [java+0x84c0]  main+0x65
C  [java+0x1a04]  start+0x34
C  0x0000000000000007

Java frames: (J=compiled Java code, j=interpreted, Vv=VM code)
j  jogamp.nativewindow.jawt.macosx.MacOSXJAWTWindow.UnsetJAWTRootSurfaceLayer0(JJ)V+0
j  jogamp.nativewindow.jawt.macosx.MacOSXJAWTWindow.access$200(JJ)V+2
j  jogamp.nativewindow.jawt.macosx.MacOSXJAWTWindow$1.run()V+38
j  com.jogamp.common.util.RunnableTask.run()V+24
v  ~StubRoutines::call_stub

---------------  P R O C E S S  ---------------

Java Threads: ( => current thread )
  0x00007ff79a3fe000 JavaThread "Thread-33" [_thread_blocked, id=36627, stack(0x000000017f9a6000,0x000000017faa6000)]
  0x00007ff798ae9000 JavaThread "AWT-EventQueue-1" [_thread_in_native, id=56859, stack(0x0000000176a81000,0x0000000176b81000)]
  0x00007ff79a2b8000 JavaThread "DestroyJavaVM" [_thread_blocked, id=4867, stack(0x000000010aeb7000,0x000000010afb7000)]
  0x00007ff7991bd800 JavaThread "AWT-EventQueue-0" [_thread_blocked, id=54275, stack(0x00000001290e3000,0x00000001291e3000)]
  0x00007ff798946800 JavaThread "Java2D Disposer" daemon [_thread_blocked, id=50967, stack(0x0000000127a31000,0x0000000127b31000)]
  0x00007ff79913f000 JavaThread "Java2D Queue Flusher" daemon [_thread_blocked, id=49415, stack(0x00000001269b3000,0x0000000126ab3000)]
  0x00007ff7990fb000 JavaThread "AWT-Shutdown" [_thread_blocked, id=28179, stack(0x0000000123fd1000,0x00000001240d1000)]
=>0x00007ff798903000 JavaThread "AWT-AppKit" daemon [_thread_in_native, id=1811, stack(0x00007fff54660000,0x00007fff54e60000)]
  0x00007ff79a033800 JavaThread "Service Thread" daemon [_thread_blocked, id=18179, stack(0x0000000121fe4000,0x00000001220e4000)]
  0x00007ff79a032800 JavaThread "C1 CompilerThread2" daemon [_thread_blocked, id=17667, stack(0x0000000121ee1000,0x0000000121fe1000)]
  0x00007ff799813000 JavaThread "C2 CompilerThread1" daemon [_thread_blocked, id=17155, stack(0x0000000121dde000,0x0000000121ede000)]
  0x00007ff79a032000 JavaThread "C2 CompilerThread0" daemon [_thread_blocked, id=16643, stack(0x0000000121cdb000,0x0000000121ddb000)]
  0x00007ff79a030000 JavaThread "Signal Dispatcher" daemon [_thread_blocked, id=13071, stack(0x0000000121bd8000,0x0000000121cd8000)]
  0x00007ff798832800 JavaThread "Finalizer" daemon [_thread_blocked, id=11523, stack(0x00000001201ac000,0x00000001202ac000)]
  0x00007ff79980f800 JavaThread "Reference Handler" daemon [_thread_blocked, id=11011, stack(0x00000001200a9000,0x00000001201a9000)]

Other Threads:
  0x00007ff798805800 VMThread [stack: 0x000000011ffa6000,0x00000001200a6000] [id=10499]
  0x00007ff79901d800 WatcherThread [stack: 0x00000001220e7000,0x00000001221e7000] [id=18691]

VM state:not at safepoint (normal execution)

VM Mutex/Monitor currently owned by a thread: None

Heap:
 PSYoungGen      total 45568K, used 36606K [0x00000007aab00000, 0x00000007aed00000, 0x00000007c0000000)
  eden space 45056K, 81% used [0x00000007aab00000,0x00000007acea7ad0,0x00000007ad700000)
  from space 512K, 18% used [0x00000007aec80000,0x00000007aec98000,0x00000007aed00000)
  to   space 8704K, 0% used [0x00000007adc00000,0x00000007adc00000,0x00000007ae480000)
 ParOldGen       total 44032K, used 25328K [0x0000000780000000, 0x0000000782b00000, 0x00000007aab00000)
  object space 44032K, 57% used [0x0000000780000000,0x00000007818bc308,0x0000000782b00000)
 Metaspace       used 19462K, capacity 19689K, committed 19968K, reserved 1067008K
  class space    used 1903K, capacity 1949K, committed 2048K, reserved 1048576K

Card table byte_map: [0x000000011bb60000,0x000000011bd61000] byte_map_base: 0x0000000117f60000

Marking Bits: (ParMarkBitMap*) 0x000000010c0e3ea0
 Begin Bits: [0x000000011c2c3000, 0x000000011d2c3000)
 End Bits:   [0x000000011d2c3000, 0x000000011e2c3000)

Polling page: 0x000000010affc000

CodeCache: size=245760Kb used=8255Kb max_used=8255Kb free=237504Kb
 bounds [0x000000010c7a0000, 0x000000010cfd0000, 0x000000011b7a0000]
 total_blobs=3215 nmethods=2331 adapters=798
 compilation: enabled

Compilation events (10 events):
Event: 140.774 Thread 0x00007ff79a032800 2666   !   3       sun.lwawt.LWComponentPeer::isShowing (49 bytes)
Event: 140.776 Thread 0x00007ff79a032800 nmethod 2666 0x000000010ccd2f90 code [0x000000010ccd3140, 0x000000010ccd3a28]
Event: 140.801 Thread 0x00007ff79a032800 2667       1       sun.java2d.SurfaceData::isValid (5 bytes)
Event: 140.801 Thread 0x00007ff79a032800 nmethod 2667 0x000000010cbafad0 code [0x000000010cbafc20, 0x000000010cbafd30]
Event: 140.802 Thread 0x00007ff799813000 2668       4       java.beans.WeakIdentityMap$Entry::isMatched (22 bytes)
Event: 140.807 Thread 0x00007ff799813000 nmethod 2668 0x000000010cccfe10 code [0x000000010cccff60, 0x000000010ccd0018]
Event: 140.814 Thread 0x00007ff79a032000 2669  s    4       sun.misc.URLClassPath::getNextLoader (88 bytes)
Event: 140.827 Thread 0x00007ff79a032000 nmethod 2669 0x000000010cbb1c90 code [0x000000010cbb1e00, 0x000000010cbb2578]
Event: 140.846 Thread 0x00007ff79a032800 2670   !   3       sun.misc.URLClassPath$JarLoader::getResource (349 bytes)
Event: 140.851 Thread 0x00007ff79a032800 nmethod 2670 0x000000010cfc4fd0 code [0x000000010cfc5440, 0x000000010cfc7998]

GC Heap History (10 events):
Event: 99.353 GC heap before
{Heap before GC invocations=16 (full 0):
 PSYoungGen      total 63488K, used 52832K [0x00000007aab00000, 0x00000007b0800000, 0x00000007c0000000)
  eden space 52736K, 100% used [0x00000007aab00000,0x00000007ade80000,0x00000007ade80000)
  from space 10752K, 0% used [0x00000007af300000,0x00000007af318000,0x00000007afd80000)
  to   space 10240K, 0% used [0x00000007afe00000,0x00000007afe00000,0x00000007b0800000)
 ParOldGen       total 44032K, used 25232K [0x0000000780000000, 0x0000000782b00000, 0x00000007aab00000)
  object space 44032K, 57% used [0x0000000780000000,0x00000007818a4308,0x0000000782b00000)
 Metaspace       used 19420K, capacity 19625K, committed 19968K, reserved 1067008K
  class space    used 1895K, capacity 1949K, committed 2048K, reserved 1048576K
Event: 99.355 GC heap after
Heap after GC invocations=16 (full 0):
 PSYoungGen      total 51712K, used 128K [0x00000007aab00000, 0x00000007afe80000, 0x00000007c0000000)
  eden space 51200K, 0% used [0x00000007aab00000,0x00000007aab00000,0x00000007add00000)
  from space 512K, 25% used [0x00000007afe00000,0x00000007afe20000,0x00000007afe80000)
  to   space 10240K, 0% used [0x00000007aea80000,0x00000007aea80000,0x00000007af480000)
 ParOldGen       total 44032K, used 25240K [0x0000000780000000, 0x0000000782b00000, 0x00000007aab00000)
  object space 44032K, 57% used [0x0000000780000000,0x00000007818a6308,0x0000000782b00000)
 Metaspace       used 19420K, capacity 19625K, committed 19968K, reserved 1067008K
  class space    used 1895K, capacity 1949K, committed 2048K, reserved 1048576K
}
Event: 108.502 GC heap before
{Heap before GC invocations=17 (full 0):
 PSYoungGen      total 51712K, used 51328K [0x00000007aab00000, 0x00000007afe80000, 0x00000007c0000000)
  eden space 51200K, 100% used [0x00000007aab00000,0x00000007add00000,0x00000007add00000)
  from space 512K, 25% used [0x00000007afe00000,0x00000007afe20000,0x00000007afe80000)
  to   space 10240K, 0% used [0x00000007aea80000,0x00000007aea80000,0x00000007af480000)
 ParOldGen       total 44032K, used 25240K [0x0000000780000000, 0x0000000782b00000, 0x00000007aab00000)
  object space 44032K, 57% used [0x0000000780000000,0x00000007818a6308,0x0000000782b00000)
 Metaspace       used 19420K, capacity 19625K, committed 19968K, reserved 1067008K
  class space    used 1895K, capacity 1949K, committed 2048K, reserved 1048576K
Event: 108.503 GC heap after
Heap after GC invocations=17 (full 0):
 PSYoungGen      total 59904K, used 96K [0x00000007aab00000, 0x00000007afe80000, 0x00000007c0000000)
  eden space 49664K, 0% used [0x00000007aab00000,0x00000007aab00000,0x00000007adb80000)
  from space 10240K, 0% used [0x00000007aea80000,0x00000007aea98000,0x00000007af480000)
  to   space 9728K, 0% used [0x00000007af500000,0x00000007af500000,0x00000007afe80000)
 ParOldGen       total 44032K, used 25296K [0x0000000780000000, 0x0000000782b00000, 0x00000007aab00000)
  object space 44032K, 57% used [0x0000000780000000,0x00000007818b4308,0x0000000782b00000)
 Metaspace       used 19420K, capacity 19625K, committed 19968K, reserved 1067008K
  class space    used 1895K, capacity 1949K, committed 2048K, reserved 1048576K
}
Event: 117.403 GC heap before
{Heap before GC invocations=18 (full 0):
 PSYoungGen      total 59904K, used 49760K [0x00000007aab00000, 0x00000007afe80000, 0x00000007c0000000)
  eden space 49664K, 100% used [0x00000007aab00000,0x00000007adb80000,0x00000007adb80000)
  from space 10240K, 0% used [0x00000007aea80000,0x00000007aea98000,0x00000007af480000)
  to   space 9728K, 0% used [0x00000007af500000,0x00000007af500000,0x00000007afe80000)
 ParOldGen       total 44032K, used 25296K [0x0000000780000000, 0x0000000782b00000, 0x00000007aab00000)
  object space 44032K, 57% used [0x0000000780000000,0x00000007818b4308,0x0000000782b00000)
 Metaspace       used 19421K, capacity 19625K, committed 19968K, reserved 1067008K
  class space    used 1895K, capacity 1949K, committed 2048K, reserved 1048576K
Event: 117.405 GC heap after
Heap after GC invocations=18 (full 0):
 PSYoungGen      total 48640K, used 128K [0x00000007aab00000, 0x00000007af580000, 0x00000007c0000000)
  eden space 48128K, 0% used [0x00000007aab00000,0x00000007aab00000,0x00000007ada00000)
  from space 512K, 25% used [0x00000007af500000,0x00000007af520000,0x00000007af580000)
  to   space 9728K, 0% used [0x00000007ae280000,0x00000007ae280000,0x00000007aec00000)
 ParOldGen       total 44032K, used 25312K [0x0000000780000000, 0x0000000782b00000, 0x00000007aab00000)
  object space 44032K, 57% used [0x0000000780000000,0x00000007818b8308,0x0000000782b00000)
 Metaspace       used 19421K, capacity 19625K, committed 19968K, reserved 1067008K
  class space    used 1895K, capacity 1949K, committed 2048K, reserved 1048576K
}
Event: 126.056 GC heap before
{Heap before GC invocations=19 (full 0):
 PSYoungGen      total 48640K, used 48256K [0x00000007aab00000, 0x00000007af580000, 0x00000007c0000000)
  eden space 48128K, 100% used [0x00000007aab00000,0x00000007ada00000,0x00000007ada00000)
  from space 512K, 25% used [0x00000007af500000,0x00000007af520000,0x00000007af580000)
  to   space 9728K, 0% used [0x00000007ae280000,0x00000007ae280000,0x00000007aec00000)
 ParOldGen       total 44032K, used 25312K [0x0000000780000000, 0x0000000782b00000, 0x00000007aab00000)
  object space 44032K, 57% used [0x0000000780000000,0x00000007818b8308,0x0000000782b00000)
 Metaspace       used 19421K, capacity 19625K, committed 19968K, reserved 1067008K
  class space    used 1895K, capacity 1949K, committed 2048K, reserved 1048576K
Event: 126.058 GC heap after
Heap after GC invocations=19 (full 0):
 PSYoungGen      total 56320K, used 96K [0x00000007aab00000, 0x00000007af580000, 0x00000007c0000000)
  eden space 46592K, 0% used [0x00000007aab00000,0x00000007aab00000,0x00000007ad880000)
  from space 9728K, 0% used [0x00000007ae280000,0x00000007ae298000,0x00000007aec00000)
  to   space 9216K, 0% used [0x00000007aec80000,0x00000007aec80000,0x00000007af580000)
 ParOldGen       total 44032K, used 25328K [0x0000000780000000, 0x0000000782b00000, 0x00000007aab00000)
  object space 44032K, 57% used [0x0000000780000000,0x00000007818bc308,0x0000000782b00000)
 Metaspace       used 19421K, capacity 19625K, committed 19968K, reserved 1067008K
  class space    used 1895K, capacity 1949K, committed 2048K, reserved 1048576K
}
Event: 134.452 GC heap before
{Heap before GC invocations=20 (full 0):
 PSYoungGen      total 56320K, used 46688K [0x00000007aab00000, 0x00000007af580000, 0x00000007c0000000)
  eden space 46592K, 100% used [0x00000007aab00000,0x00000007ad880000,0x00000007ad880000)
  from space 9728K, 0% used [0x00000007ae280000,0x00000007ae298000,0x00000007aec00000)
  to   space 9216K, 0% used [0x00000007aec80000,0x00000007aec80000,0x00000007af580000)
 ParOldGen       total 44032K, used 25328K [0x0000000780000000, 0x0000000782b00000, 0x00000007aab00000)
  object space 44032K, 57% used [0x0000000780000000,0x00000007818bc308,0x0000000782b00000)
 Metaspace       used 19421K, capacity 19625K, committed 19968K, reserved 1067008K
  class space    used 1895K, capacity 1949K, committed 2048K, reserved 1048576K
Event: 134.454 GC heap after
Heap after GC invocations=20 (full 0):
 PSYoungGen      total 45568K, used 96K [0x00000007aab00000, 0x00000007aed00000, 0x00000007c0000000)
  eden space 45056K, 0% used [0x00000007aab00000,0x00000007aab00000,0x00000007ad700000)
  from space 512K, 18% used [0x00000007aec80000,0x00000007aec98000,0x00000007aed00000)
  to   space 8704K, 0% used [0x00000007adc00000,0x00000007adc00000,0x00000007ae480000)
 ParOldGen       total 44032K, used 25328K [0x0000000780000000, 0x0000000782b00000, 0x00000007aab00000)
  object space 44032K, 57% used [0x0000000780000000,0x00000007818bc308,0x0000000782b00000)
 Metaspace       used 19421K, capacity 19625K, committed 19968K, reserved 1067008K
  class space    used 1895K, capacity 1949K, committed 2048K, reserved 1048576K
}

Deoptimization events (10 events):
Event: 140.799 Thread 0x00007ff7998b7800 Uncommon trap: reason=unstable_if action=reinterpret pc=0x000000010cdf8e44 method=java.util.HashMap.putVal(ILjava/lang/Object;Ljava/lang/Object;ZZ)Ljava/lang/Object; @ 81
Event: 140.800 Thread 0x00007ff7991bd800 Uncommon trap: reason=class_check action=maybe_recompile pc=0x000000010cf9465c method=java.awt.Component.getGraphics()Ljava/awt/Graphics; @ 114
Event: 140.801 Thread 0x00007ff798ae9000 Uncommon trap: reason=class_check action=maybe_recompile pc=0x000000010cf8fecc method=java.awt.event.InvocationEvent.dispatch()V @ 11
Event: 140.811 Thread 0x00007ff798903000 Uncommon trap: reason=class_check action=maybe_recompile pc=0x000000010cc9f0c0 method=com.jogamp.common.util.RunnableTask.run()V @ 24
Event: 140.812 Thread 0x00007ff798903000 Uncommon trap: reason=unstable_if action=reinterpret pc=0x000000010cf53b74 method=jogamp.nativewindow.macosx.OSXUtil.RunOnMainThread(ZLjava/lang/Runnable;)V @ 3
Event: 140.846 Thread 0x00007ff798ae9000 Uncommon trap: reason=unstable_if action=reinterpret pc=0x000000010cf98914 method=jogamp.opengl.GLContextImpl.release(Z)V @ 257
Event: 140.850 Thread 0x00007ff798ae9000 Uncommon trap: reason=unstable_if action=reinterpret pc=0x000000010cf0e598 method=java.util.LinkedList$ListItr.<init>(Ljava/util/LinkedList;I)V @ 26
Event: 140.851 Thread 0x00007ff798ae9000 Uncommon trap: reason=unstable_if action=reinterpret pc=0x000000010cf05780 method=java.security.AccessControlContext.optimize()Ljava/security/AccessControlContext; @ 233
Event: 140.851 Thread 0x00007ff798903000 Uncommon trap: reason=class_check action=maybe_recompile pc=0x000000010cc9f0c0 method=com.jogamp.common.util.RunnableTask.run()V @ 24
Event: 140.851 Thread 0x00007ff798ae9000 Uncommon trap: reason=unstable_if action=reinterpret pc=0x000000010cf0eac4 method=java.util.LinkedList$ListItr.<init>(Ljava/util/LinkedList;I)V @ 26

Internal exceptions (10 events):
Event: 0.239 Thread 0x00007ff799802800 Exception <a 'java/lang/NoSuchFieldError': method resolution failed> (0x00000007aad50530) thrown at [/Users/java_re/workspace/8-2-build-macosx-x86_64/jdk8u71/5731/hotspot/src/share/vm/prims/methodHandles.cpp, line 1146]
Event: 0.245 Thread 0x00007ff799802800 Exception <a 'java/lang/NoSuchFieldError': method resolution failed> (0x00000007aad5dd00) thrown at [/Users/java_re/workspace/8-2-build-macosx-x86_64/jdk8u71/5731/hotspot/src/share/vm/prims/methodHandles.cpp, line 1146]
Event: 0.628 Thread 0x00007ff799802800 Exception <a 'java/io/FileNotFoundException'> (0x00000007aadd9e80) thrown at [/Users/java_re/workspace/8-2-build-macosx-x86_64/jdk8u71/5731/hotspot/src/share/vm/prims/jni.cpp, line 709]
Event: 0.628 Thread 0x00007ff799802800 Exception <a 'java/io/FileNotFoundException'> (0x00000007aadda9c8) thrown at [/Users/java_re/workspace/8-2-build-macosx-x86_64/jdk8u71/5731/hotspot/src/share/vm/prims/jni.cpp, line 709]
Event: 0.798 Thread 0x00007ff799802800 Exception <a 'java/io/FileNotFoundException'> (0x00000007aaec4308) thrown at [/Users/java_re/workspace/8-2-build-macosx-x86_64/jdk8u71/5731/hotspot/src/share/vm/prims/jni.cpp, line 709]
Event: 2.957 Thread 0x00007ff798832800 Exception <a 'java/lang/NullPointerException'> (0x00000007aab89078) thrown at [/Users/java_re/workspace/8-2-build-macosx-x86_64/jdk8u71/5731/hotspot/src/share/vm/interpreter/linkResolver.cpp, line 1178]
Event: 3.048 Thread 0x00007ff7992fe000 Exception <a 'java/lang/UnsatisfiedLinkError': com.jogamp.common.util.JarUtil.fixNativeLibAttribs(Ljava/lang/String;)Z> (0x00000007aaf803b8) thrown at [/Users/java_re/workspace/8-2-build-macosx-x86_64/jdk8u71/5731/hotspot/src/share/vm/prims/nativeLookup.c
Event: 4.121 Thread 0x00007ff798ae9000 Exception <a 'java/io/FileNotFoundException'> (0x00000007ab235ba8) thrown at [/Users/java_re/workspace/8-2-build-macosx-x86_64/jdk8u71/5731/hotspot/src/share/vm/prims/jni.cpp, line 709]
Event: 4.121 Thread 0x00007ff798ae9000 Exception <a 'java/io/FileNotFoundException'> (0x00000007ab23ccc8) thrown at [/Users/java_re/workspace/8-2-build-macosx-x86_64/jdk8u71/5731/hotspot/src/share/vm/prims/jni.cpp, line 709]
Event: 4.122 Thread 0x00007ff798ae9000 Implicit null exception at 0x000000010c95a3f3 to 0x000000010c95a77d

Events (10 events):
Event: 140.851 loading class java/awt/event/AWTEventListenerProxy
Event: 140.851 loading class java/awt/event/AWTEventListenerProxy done
Event: 140.851 loading class java/awt/Toolkit$ToolkitEventMulticaster
Event: 140.851 Thread 0x00007ff798903000 Uncommon trap: trap_request=0xffffffde fr.pc=0x000000010cc9f0c0
Event: 140.851 loading class java/awt/Toolkit$ToolkitEventMulticaster done
Event: 140.851 Thread 0x00007ff798903000 DEOPT PACKING pc=0x000000010cc9f0c0 sp=0x00007fff54e5b7c0
Event: 140.851 Thread 0x00007ff798903000 DEOPT UNPACKING pc=0x000000010c7a5229 sp=0x00007fff54e5b768 mode 2
Event: 140.851 Thread 0x00007ff798ae9000 Uncommon trap: trap_request=0xffffff65 fr.pc=0x000000010cf0eac4
Event: 140.851 Thread 0x00007ff798ae9000 DEOPT PACKING pc=0x000000010cf0eac4 sp=0x0000000176b7e940
Event: 140.851 Thread 0x00007ff798ae9000 DEOPT UNPACKING pc=0x000000010c7a5229 sp=0x0000000176b7e898 mode 2


Dynamic libraries:
0x00000000032e2000 	/System/Library/Frameworks/Cocoa.framework/Versions/A/Cocoa
0x00000000032e2000 	/System/Library/Frameworks/Security.framework/Versions/A/Security
0x00000000032e2000 	/System/Library/Frameworks/ApplicationServices.framework/Versions/A/ApplicationServices
0x00000000032e2000 	/usr/lib/libz.1.dylib
0x00000000032e2000 	/usr/lib/libSystem.B.dylib
0x00000000032e2000 	/usr/lib/libobjc.A.dylib
0x00000000032e2000 	/System/Library/Frameworks/CoreFoundation.framework/Versions/A/CoreFoundation
0x00000000032e2000 	/System/Library/Frameworks/Foundation.framework/Versions/C/Foundation
0x00000000032e2000 	/System/Library/Frameworks/AppKit.framework/Versions/C/AppKit
0x00000000032e2000 	/System/Library/Frameworks/CoreData.framework/Versions/A/CoreData
0x00000000032e2000 	/System/Library/PrivateFrameworks/RemoteViewServices.framework/Versions/A/RemoteViewServices
0x00000000032e2000 	/System/Library/PrivateFrameworks/UIFoundation.framework/Versions/A/UIFoundation
0x00000000032e2000 	/System/Library/Frameworks/IOSurface.framework/Versions/A/IOSurface
0x00000000032e2000 	/System/Library/Frameworks/AudioToolbox.framework/Versions/A/AudioToolbox
0x00000000032e2000 	/System/Library/Frameworks/AudioUnit.framework/Versions/A/AudioUnit
0x00000000032e2000 	/System/Library/PrivateFrameworks/DataDetectorsCore.framework/Versions/A/DataDetectorsCore
0x00000000032e2000 	/System/Library/PrivateFrameworks/DesktopServicesPriv.framework/Versions/A/DesktopServicesPriv
0x00000000032e2000 	/System/Library/Frameworks/Carbon.framework/Versions/A/Frameworks/HIToolbox.framework/Versions/A/HIToolbox
0x00000000032e2000 	/System/Library/Frameworks/QuartzCore.framework/Versions/A/QuartzCore
0x00000000032e2000 	/System/Library/Frameworks/Carbon.framework/Versions/A/Frameworks/SpeechRecognition.framework/Versions/A/SpeechRecognition
0x00000000032e2000 	/usr/lib/libauto.dylib
0x00000000032e2000 	/usr/lib/libicucore.A.dylib
0x00000000032e2000 	/usr/lib/libxml2.2.dylib
0x00000000032e2000 	/System/Library/PrivateFrameworks/CoreUI.framework/Versions/A/CoreUI
0x00000000032e2000 	/System/Library/Frameworks/CoreAudio.framework/Versions/A/CoreAudio
0x00000000032e2000 	/System/Library/Frameworks/DiskArbitration.framework/Versions/A/DiskArbitration
0x00000000032e2000 	/usr/lib/liblangid.dylib
0x00000000032e2000 	/System/Library/PrivateFrameworks/MultitouchSupport.framework/Versions/A/MultitouchSupport
0x00000000032e2000 	/System/Library/Frameworks/IOKit.framework/Versions/A/IOKit
0x00000000032e2000 	/usr/lib/libDiagnosticMessagesClient.dylib
0x00000000032e2000 	/System/Library/Frameworks/CoreServices.framework/Versions/A/CoreServices
0x00000000032e2000 	/System/Library/PrivateFrameworks/PerformanceAnalysis.framework/Versions/A/PerformanceAnalysis
0x00000000032e2000 	/System/Library/PrivateFrameworks/GenerationalStorage.framework/Versions/A/GenerationalStorage
0x00000000032e2000 	/System/Library/Frameworks/OpenGL.framework/Versions/A/OpenGL
0x00000000032e2000 	/System/Library/PrivateFrameworks/Sharing.framework/Versions/A/Sharing
0x00000000032e2000 	/System/Library/Frameworks/CoreGraphics.framework/Versions/A/CoreGraphics
0x00000000032e2000 	/System/Library/Frameworks/CoreText.framework/Versions/A/CoreText
0x00000000032e2000 	/System/Library/Frameworks/ImageIO.framework/Versions/A/ImageIO
0x00000000032e2000 	/usr/lib/libextension.dylib
0x00000000032e2000 	/System/Library/PrivateFrameworks/Backup.framework/Versions/A/Backup
0x00000000032e2000 	/usr/lib/libarchive.2.dylib
0x00000000032e2000 	/System/Library/Frameworks/CFNetwork.framework/Versions/A/CFNetwork
0x00000000032e2000 	/System/Library/Frameworks/SystemConfiguration.framework/Versions/A/SystemConfiguration
0x00000000032e2000 	/usr/lib/libCRFSuite.dylib
0x00000000032e2000 	/usr/lib/libc++.1.dylib
0x00000000032e2000 	/usr/lib/libc++abi.dylib
0x00000000032e2000 	/usr/lib/system/libcache.dylib
0x00000000032e2000 	/usr/lib/system/libcommonCrypto.dylib
0x00000000032e2000 	/usr/lib/system/libcompiler_rt.dylib
0x00000000032e2000 	/usr/lib/system/libcopyfile.dylib
0x00000000032e2000 	/usr/lib/system/libcorecrypto.dylib
0x00000000032e2000 	/usr/lib/system/libdispatch.dylib
0x00000000032e2000 	/usr/lib/system/libdyld.dylib
0x00000000032e2000 	/usr/lib/system/libkeymgr.dylib
0x00000000032e2000 	/usr/lib/system/liblaunch.dylib
0x00000000032e2000 	/usr/lib/system/libmacho.dylib
0x00000000032e2000 	/usr/lib/system/libquarantine.dylib
0x00000000032e2000 	/usr/lib/system/libremovefile.dylib
0x00000000032e2000 	/usr/lib/system/libsystem_asl.dylib
0x00000000032e2000 	/usr/lib/system/libsystem_blocks.dylib
0x00000000032e2000 	/usr/lib/system/libsystem_c.dylib
0x00000000032e2000 	/usr/lib/system/libsystem_configuration.dylib
0x00000000032e2000 	/usr/lib/system/libsystem_coreservices.dylib
0x00000000032e2000 	/usr/lib/system/libsystem_coretls.dylib
0x00000000032e2000 	/usr/lib/system/libsystem_dnssd.dylib
0x00000000032e2000 	/usr/lib/system/libsystem_info.dylib
0x00000000032e2000 	/usr/lib/system/libsystem_kernel.dylib
0x00000000032e2000 	/usr/lib/system/libsystem_m.dylib
0x00000000032e2000 	/usr/lib/system/libsystem_malloc.dylib
0x00000000032e2000 	/usr/lib/system/libsystem_network.dylib
0x00000000032e2000 	/usr/lib/system/libsystem_networkextension.dylib
0x00000000032e2000 	/usr/lib/system/libsystem_notify.dylib
0x00000000032e2000 	/usr/lib/system/libsystem_platform.dylib
0x00000000032e2000 	/usr/lib/system/libsystem_pthread.dylib
0x00000000032e2000 	/usr/lib/system/libsystem_sandbox.dylib
0x00000000032e2000 	/usr/lib/system/libsystem_secinit.dylib
0x00000000032e2000 	/usr/lib/system/libsystem_stats.dylib
0x00000000032e2000 	/usr/lib/system/libsystem_trace.dylib
0x00000000032e2000 	/usr/lib/system/libunc.dylib
0x00000000032e2000 	/usr/lib/system/libunwind.dylib
0x00000000032e2000 	/usr/lib/system/libxpc.dylib
0x00000000032e2000 	/usr/lib/libbz2.1.0.dylib
0x00000000032e2000 	/usr/lib/liblzma.5.dylib
0x00000000032e2000 	/usr/lib/libbsm.0.dylib
0x00000000032e2000 	/usr/lib/libsqlite3.dylib
0x00000000032e2000 	/usr/lib/system/libkxld.dylib
0x00000000032e2000 	/usr/lib/libxar.1.dylib
0x00000000032e2000 	/usr/lib/libpam.2.dylib
0x00000000032e2000 	/usr/lib/libOpenScriptingUtil.dylib
0x00000000032e2000 	/System/Library/Frameworks/CoreServices.framework/Versions/A/Frameworks/FSEvents.framework/Versions/A/FSEvents
0x00000000032e2000 	/System/Library/Frameworks/CoreServices.framework/Versions/A/Frameworks/CarbonCore.framework/Versions/A/CarbonCore
0x00000000032e2000 	/System/Library/Frameworks/CoreServices.framework/Versions/A/Frameworks/Metadata.framework/Versions/A/Metadata
0x00000000032e2000 	/System/Library/Frameworks/CoreServices.framework/Versions/A/Frameworks/OSServices.framework/Versions/A/OSServices
0x00000000032e2000 	/System/Library/Frameworks/CoreServices.framework/Versions/A/Frameworks/SearchKit.framework/Versions/A/SearchKit
0x00000000032e2000 	/System/Library/Frameworks/CoreServices.framework/Versions/A/Frameworks/AE.framework/Versions/A/AE
0x00000000032e2000 	/System/Library/Frameworks/CoreServices.framework/Versions/A/Frameworks/LaunchServices.framework/Versions/A/LaunchServices
0x00000000032e2000 	/System/Library/Frameworks/CoreServices.framework/Versions/A/Frameworks/DictionaryServices.framework/Versions/A/DictionaryServices
0x00000000032e2000 	/System/Library/Frameworks/NetFS.framework/Versions/A/NetFS
0x00000000032e2000 	/System/Library/PrivateFrameworks/NetAuth.framework/Versions/A/NetAuth
0x00000000032e2000 	/System/Library/PrivateFrameworks/login.framework/Versions/A/Frameworks/loginsupport.framework/Versions/A/loginsupport
0x00000000032e2000 	/System/Library/PrivateFrameworks/TCC.framework/Versions/A/TCC
0x00000000032e2000 	/usr/lib/libmecabra.dylib
0x00000000032e2000 	/System/Library/Frameworks/ApplicationServices.framework/Versions/A/Frameworks/ATS.framework/Versions/A/ATS
0x00000000032e2000 	/System/Library/Frameworks/ApplicationServices.framework/Versions/A/Frameworks/ColorSync.framework/Versions/A/ColorSync
0x00000000032e2000 	/System/Library/Frameworks/ApplicationServices.framework/Versions/A/Frameworks/HIServices.framework/Versions/A/HIServices
0x00000000032e2000 	/System/Library/Frameworks/ApplicationServices.framework/Versions/A/Frameworks/LangAnalysis.framework/Versions/A/LangAnalysis
0x00000000032e2000 	/System/Library/Frameworks/ApplicationServices.framework/Versions/A/Frameworks/PrintCore.framework/Versions/A/PrintCore
0x00000000032e2000 	/System/Library/Frameworks/ApplicationServices.framework/Versions/A/Frameworks/QD.framework/Versions/A/QD
0x00000000032e2000 	/System/Library/Frameworks/ApplicationServices.framework/Versions/A/Frameworks/SpeechSynthesis.framework/Versions/A/SpeechSynthesis
0x00000000032e2000 	/System/Library/Frameworks/Accelerate.framework/Versions/A/Accelerate
0x00000000032e2000 	/System/Library/Frameworks/Accelerate.framework/Versions/A/Frameworks/vImage.framework/Versions/A/vImage
0x00000000032e2000 	/System/Library/Frameworks/Accelerate.framework/Versions/A/Frameworks/vecLib.framework/Versions/A/vecLib
0x00000000032e2000 	/System/Library/Frameworks/Accelerate.framework/Versions/A/Frameworks/vecLib.framework/Versions/A/libvDSP.dylib
0x00000000032e2000 	/System/Library/Frameworks/Accelerate.framework/Versions/A/Frameworks/vecLib.framework/Versions/A/libvMisc.dylib
0x00000000032e2000 	/System/Library/Frameworks/Accelerate.framework/Versions/A/Frameworks/vecLib.framework/Versions/A/libLAPACK.dylib
0x00000000032e2000 	/System/Library/Frameworks/Accelerate.framework/Versions/A/Frameworks/vecLib.framework/Versions/A/libBLAS.dylib
0x00000000032e2000 	/System/Library/Frameworks/Accelerate.framework/Versions/A/Frameworks/vecLib.framework/Versions/A/libLinearAlgebra.dylib
0x00000000032e2000 	/System/Library/Frameworks/ApplicationServices.framework/Versions/A/Frameworks/ATS.framework/Versions/A/Resources/libFontParser.dylib
0x00000000032e2000 	/System/Library/Frameworks/ApplicationServices.framework/Versions/A/Frameworks/ATS.framework/Versions/A/Resources/libFontRegistry.dylib
0x00000000032e2000 	/System/Library/PrivateFrameworks/AppleVPA.framework/Versions/A/AppleVPA
0x00000000032e2000 	/System/Library/PrivateFrameworks/AppleJPEG.framework/Versions/A/AppleJPEG
0x00000000032e2000 	/System/Library/Frameworks/ImageIO.framework/Versions/A/Resources/libJPEG.dylib
0x00000000032e2000 	/System/Library/Frameworks/ImageIO.framework/Versions/A/Resources/libTIFF.dylib
0x00000000032e2000 	/System/Library/Frameworks/ImageIO.framework/Versions/A/Resources/libPng.dylib
0x00000000032e2000 	/System/Library/Frameworks/ImageIO.framework/Versions/A/Resources/libGIF.dylib
0x00000000032e2000 	/System/Library/Frameworks/ImageIO.framework/Versions/A/Resources/libJP2.dylib
0x00000000032e2000 	/System/Library/Frameworks/ImageIO.framework/Versions/A/Resources/libRadiance.dylib
0x00000000032e2000 	/System/Library/Frameworks/CoreVideo.framework/Versions/A/CoreVideo
0x00000000032e2000 	/System/Library/Frameworks/OpenGL.framework/Versions/A/Libraries/libGLU.dylib
0x00000000032e2000 	/System/Library/Frameworks/OpenGL.framework/Versions/A/Libraries/libGFXShared.dylib
0x00000000032e2000 	/System/Library/Frameworks/OpenGL.framework/Versions/A/Libraries/libGL.dylib
0x00000000032e2000 	/System/Library/Frameworks/OpenGL.framework/Versions/A/Libraries/libGLImage.dylib
0x00000000032e2000 	/System/Library/Frameworks/OpenGL.framework/Versions/A/Libraries/libCVMSPluginSupport.dylib
0x00000000032e2000 	/System/Library/Frameworks/OpenGL.framework/Versions/A/Libraries/libCoreVMClient.dylib
0x00000000032e2000 	/usr/lib/libcups.2.dylib
0x00000000032e2000 	/System/Library/Frameworks/Kerberos.framework/Versions/A/Kerberos
0x00000000032e2000 	/System/Library/Frameworks/GSS.framework/Versions/A/GSS
0x00000000032e2000 	/usr/lib/libresolv.9.dylib
0x00000000032e2000 	/usr/lib/libiconv.2.dylib
0x00000000032e2000 	/System/Library/PrivateFrameworks/Heimdal.framework/Versions/A/Heimdal
0x00000000032e2000 	/usr/lib/libheimdal-asn1.dylib
0x00000000032e2000 	/System/Library/Frameworks/OpenDirectory.framework/Versions/A/OpenDirectory
0x00000000032e2000 	/System/Library/PrivateFrameworks/CommonAuth.framework/Versions/A/CommonAuth
0x00000000032e2000 	/System/Library/Frameworks/OpenDirectory.framework/Versions/A/Frameworks/CFOpenDirectory.framework/Versions/A/CFOpenDirectory
0x00000000032e2000 	/System/Library/Frameworks/SecurityFoundation.framework/Versions/A/SecurityFoundation
0x00000000032e2000 	/System/Library/PrivateFrameworks/LanguageModeling.framework/Versions/A/LanguageModeling
0x00000000032e2000 	/usr/lib/libcmph.dylib
0x00000000032e2000 	/System/Library/Frameworks/ServiceManagement.framework/Versions/A/ServiceManagement
0x00000000032e2000 	/usr/lib/libxslt.1.dylib
0x00000000032e2000 	/System/Library/Frameworks/Carbon.framework/Versions/A/Frameworks/Ink.framework/Versions/A/Ink
0x00000000032e2000 	/System/Library/Frameworks/QuartzCore.framework/Versions/A/Frameworks/CoreImage.framework/Versions/A/CoreImage
0x00000000032e2000 	/System/Library/PrivateFrameworks/CrashReporterSupport.framework/Versions/A/CrashReporterSupport
0x00000000032e2000 	/System/Library/Frameworks/OpenCL.framework/Versions/A/OpenCL
0x00000000032e2000 	/System/Library/PrivateFrameworks/FaceCore.framework/Versions/A/FaceCore
0x00000000032e2000 	/System/Library/PrivateFrameworks/Ubiquity.framework/Versions/A/Ubiquity
0x00000000032e2000 	/System/Library/PrivateFrameworks/IconServices.framework/Versions/A/IconServices
0x00000000032e2000 	/System/Library/PrivateFrameworks/ChunkingLibrary.framework/Versions/A/ChunkingLibrary
0x00000000032e2000 	/System/Library/PrivateFrameworks/Apple80211.framework/Versions/A/Apple80211
0x00000000032e2000 	/System/Library/Frameworks/CoreWLAN.framework/Versions/A/CoreWLAN
0x00000000032e2000 	/System/Library/Frameworks/IOBluetooth.framework/Versions/A/IOBluetooth
0x00000000032e2000 	/System/Library/PrivateFrameworks/CoreWiFi.framework/Versions/A/CoreWiFi
0x00000000032e2000 	/System/Library/Frameworks/CoreBluetooth.framework/Versions/A/CoreBluetooth
0x00000000032e2000 	/System/Library/PrivateFrameworks/DebugSymbols.framework/Versions/A/DebugSymbols
0x00000000032e2000 	/System/Library/PrivateFrameworks/CoreSymbolication.framework/Versions/A/CoreSymbolication
0x00000000032e2000 	/System/Library/PrivateFrameworks/Symbolication.framework/Versions/A/Symbolication
0x00000000032e2000 	/System/Library/PrivateFrameworks/SpeechRecognitionCore.framework/Versions/A/SpeechRecognitionCore
0x000000010b800000 	/Library/Java/JavaVirtualMachines/jdk1.8.0_71.jdk/Contents/Home/jre/lib/server/libjvm.dylib
0x00000000032e2000 	/usr/lib/libstdc++.6.dylib
0x000000010afb9000 	/Library/Java/JavaVirtualMachines/jdk1.8.0_71.jdk/Contents/Home/jre/lib/libverify.dylib
0x000000010afc7000 	/Library/Java/JavaVirtualMachines/jdk1.8.0_71.jdk/Contents/Home/jre/lib/libjava.dylib
0x000000010c797000 	/Library/Java/JavaVirtualMachines/jdk1.8.0_71.jdk/Contents/Home/jre/lib/libzip.dylib
0x00000001202ae000 	/System/Library/Frameworks/JavaVM.framework/Frameworks/JavaRuntimeSupport.framework/JavaRuntimeSupport
0x00000001202c6000 	/System/Library/Frameworks/JavaVM.framework/Versions/A/Frameworks/JavaNativeFoundation.framework/Versions/A/JavaNativeFoundation
0x00000001202db000 	/System/Library/Frameworks/JavaVM.framework/Versions/A/JavaVM
0x00000000032e2000 	/System/Library/Frameworks/Carbon.framework/Versions/A/Carbon
0x00000001202e8000 	/System/Library/PrivateFrameworks/JavaLaunching.framework/Versions/A/JavaLaunching
0x00000000032e2000 	/System/Library/Frameworks/Carbon.framework/Versions/A/Frameworks/CommonPanels.framework/Versions/A/CommonPanels
0x00000000032e2000 	/System/Library/Frameworks/Carbon.framework/Versions/A/Frameworks/Help.framework/Versions/A/Help
0x00000000032e2000 	/System/Library/Frameworks/Carbon.framework/Versions/A/Frameworks/ImageCapture.framework/Versions/A/ImageCapture
0x00000000032e2000 	/System/Library/Frameworks/Carbon.framework/Versions/A/Frameworks/OpenScripting.framework/Versions/A/OpenScripting
0x00000000032e2000 	/System/Library/Frameworks/Carbon.framework/Versions/A/Frameworks/Print.framework/Versions/A/Print
0x00000000032e2000 	/System/Library/Frameworks/Carbon.framework/Versions/A/Frameworks/SecurityHI.framework/Versions/A/SecurityHI
0x000000012221d000 	/Library/Java/JavaVirtualMachines/jdk1.8.0_71.jdk/Contents/Home/jre/lib/libawt.dylib
0x00000001222c5000 	/Library/Java/JavaVirtualMachines/jdk1.8.0_71.jdk/Contents/Home/jre/lib/./libmlib_image.dylib
0x0000000122391000 	/Library/Java/JavaVirtualMachines/jdk1.8.0_71.jdk/Contents/Home/jre/lib/libawt_lwawt.dylib
0x0000000122446000 	/Library/Java/JavaVirtualMachines/jdk1.8.0_71.jdk/Contents/Home/jre/lib/./libosxapp.dylib
0x00000000032e2000 	/System/Library/Frameworks/ExceptionHandling.framework/Versions/A/ExceptionHandling
0x00000000032e2000 	/System/Library/PrivateFrameworks/CoreServicesInternal.framework/Versions/A/CoreServicesInternal
0x00000000032e2000 	/System/Library/PrivateFrameworks/CloudDocs.framework/Versions/A/CloudDocs
0x00000000032e2000 	/System/Library/PrivateFrameworks/CoreDuet.framework/Versions/A/CoreDuet
0x00000000032e2000 	/System/Library/Frameworks/CloudKit.framework/Versions/A/CloudKit
0x00000000032e2000 	/System/Library/PrivateFrameworks/ProtocolBuffer.framework/Versions/A/ProtocolBuffer
0x00000000032e2000 	/System/Library/PrivateFrameworks/CoreDuetDaemonProtocol.framework/Versions/A/CoreDuetDaemonProtocol
0x00000000032e2000 	/System/Library/PrivateFrameworks/CoreDuetDebugLogging.framework/Versions/A/CoreDuetDebugLogging
0x00000000032e2000 	/System/Library/PrivateFrameworks/MMCS.framework/Versions/A/MMCS
0x00000000032e2000 	/System/Library/Frameworks/CoreLocation.framework/Versions/A/CoreLocation
0x00000000032e2000 	/System/Library/PrivateFrameworks/ProtectedCloudStorage.framework/Versions/A/ProtectedCloudStorage
0x00000000032e2000 	/System/Library/PrivateFrameworks/GeoServices.framework/Versions/A/GeoServices
0x00000000032e2000 	/System/Library/Frameworks/CoreGraphics.framework/Versions/A/Resources/libCGCMS.A.dylib
0x00000000032e2000 	/System/Library/Frameworks/CoreGraphics.framework/Versions/A/Resources/libRIP.A.dylib
0x00000000032e2000 	/System/Library/Frameworks/CoreGraphics.framework/Versions/A/Resources/libCGXType.A.dylib
0x00000000032e2000 	/System/Library/Frameworks/OpenCL.framework/Versions/A/Libraries/libcldcpuengine.dylib
0x00000000032e2000 	/System/Library/PrivateFrameworks/DiskImages.framework/Versions/A/DiskImages
0x00000000032e2000 	/System/Library/Frameworks/DiscRecording.framework/Versions/A/DiscRecording
0x00000000032e2000 	/usr/lib/libcsfde.dylib
0x00000000032e2000 	/usr/lib/libcurl.4.dylib
0x00000000032e2000 	/System/Library/PrivateFrameworks/MediaKit.framework/Versions/A/MediaKit
0x00000000032e2000 	/usr/lib/libCoreStorage.dylib
0x00000000032e2000 	/System/Library/PrivateFrameworks/EFILogin.framework/Versions/A/EFILogin
0x00000000032e2000 	/usr/lib/libutil.dylib
0x00000000032e2000 	/System/Library/PrivateFrameworks/FindMyDevice.framework/Versions/A/FindMyDevice
0x00000000032e2000 	/System/Library/Frameworks/LDAP.framework/Versions/A/LDAP
0x00000000032e2000 	/usr/lib/libsasl2.2.dylib
0x00000000032e2000 	/System/Library/PrivateFrameworks/CoreDaemon.framework/Versions/B/CoreDaemon
0x00000000032e2000 	/usr/lib/libcrypto.0.9.8.dylib
0x00000000032e2000 	/System/Library/PrivateFrameworks/AppleSRP.framework/Versions/A/AppleSRP
0x00000000032e2000 	/System/Library/PrivateFrameworks/TrustEvaluationAgent.framework/Versions/A/TrustEvaluationAgent
0x0000000125743000 	cl_kernels
0x0000000125745000 	/System/Library/Frameworks/OpenCL.framework/Versions/A/Libraries/ImageFormats/unorm8_bgra.dylib
0x0000000125734000 	cl_kernels
0x00000000032e2000 	/System/Library/PrivateFrameworks/FamilyControls.framework/Versions/A/FamilyControls
0x00000000032e2000 	/System/Library/PrivateFrameworks/CommerceKit.framework/Versions/A/Frameworks/CommerceCore.framework/Versions/A/CommerceCore
0x00000000032e2000 	/System/Library/PrivateFrameworks/SystemAdministration.framework/Versions/A/SystemAdministration
0x00000000032e2000 	/System/Library/PrivateFrameworks/AppContainer.framework/Versions/A/AppContainer
0x00000000032e2000 	/System/Library/PrivateFrameworks/SecCodeWrapper.framework/Versions/A/SecCodeWrapper
0x00000000032e2000 	/System/Library/Frameworks/DirectoryService.framework/Versions/A/DirectoryService
0x00000000032e2000 	/System/Library/PrivateFrameworks/LoginUIKit.framework/Versions/A/Frameworks/LoginUICore.framework/Versions/A/LoginUICore
0x00000000032e2000 	/usr/lib/libodfde.dylib
0x00000000032e2000 	/System/Library/Frameworks/OpenGL.framework/Versions/A/Resources/GLEngine.bundle/GLEngine
0x00000000032e2000 	/System/Library/Frameworks/OpenGL.framework/Versions/A/Libraries/libGLProgrammability.dylib
0x0000000126ab5000 	/System/Library/Extensions/AppleIntelHD5000GraphicsGLDriver.bundle/Contents/MacOS/AppleIntelHD5000GraphicsGLDriver
0x00000000032e2000 	/System/Library/PrivateFrameworks/IOAccelerator.framework/Versions/A/IOAccelerator
0x00000000032e2000 	/System/Library/PrivateFrameworks/GPUSupport.framework/Versions/A/Libraries/libGPUSupportMercury.dylib
0x00000000032e2000 	/System/Library/Frameworks/OpenGL.framework/Versions/A/Resources/GLRendererFloat.bundle/GLRendererFloat
0x0000000127fa2000 	/Library/Java/JavaVirtualMachines/jdk1.8.0_71.jdk/Contents/Home/jre/lib/libfontmanager.dylib
0x00000001291e5000 	/Library/Java/JavaVirtualMachines/jdk1.8.0_71.jdk/Contents/Home/jre/lib/libosxui.dylib
0x00000001292b4000 	/Library/Java/JavaVirtualMachines/jdk1.8.0_71.jdk/Contents/Home/jre/lib/libnet.dylib
0x0000000129201000 	/Library/Java/JavaVirtualMachines/jdk1.8.0_71.jdk/Contents/Home/jre/lib/libnio.dylib
0x00000000032e2000 	/System/Library/Frameworks/ApplicationServices.framework/Versions/A/Frameworks/ATS.framework/Versions/A/Resources/libTrueTypeScaler.dylib
0x000000017641e000 	/private/var/folders/s4/ngcr_7ss02bdrtqp5hllhg2r0000gn/T/jogamp_0000/file_cache/jln7030521698733309784/jln3512656086023127026/libgluegen-rt.jnilib
0x0000000176422000 	/private/var/folders/s4/ngcr_7ss02bdrtqp5hllhg2r0000gn/T/jogamp_0000/file_cache/jln7030521698733309784/jln3512656086023127026/libnativewindow_awt.jnilib
0x0000000176425000 	/Library/Java/JavaVirtualMachines/jdk1.8.0_71.jdk/Contents/Home/jre/lib/libjawt.dylib
0x0000000176428000 	/private/var/folders/s4/ngcr_7ss02bdrtqp5hllhg2r0000gn/T/jogamp_0000/file_cache/jln7030521698733309784/jln3512656086023127026/libnativewindow_macosx.jnilib
0x0000000178025000 	/private/var/folders/s4/ngcr_7ss02bdrtqp5hllhg2r0000gn/T/jogamp_0000/file_cache/jln7030521698733309784/jln3512656086023127026/libjogl_desktop.jnilib
0x000000017e19c000 	/Library/Java/JavaVirtualMachines/jdk1.8.0_71.jdk/Contents/Home/jre/lib/libt2k.dylib
0x000000017e1e9000 	/Library/Java/JavaVirtualMachines/jdk1.8.0_71.jdk/Contents/Home/jre/lib/libjpeg.dylib

VM Arguments:
jvm_args: -Djava.security.policy=java.policy.applet -Dfile.encoding=UTF-8 
java_command: sun.applet.AppletViewer module1.YelpDataSet1463354691571.html
java_class_path (initial): /Users/gsingh/Documents/workspace/YelpDataSet/bin:/Users/gsingh/Documents/workspace/YelpDataSet/libs/core.jar:/Users/gsingh/Documents/workspace/YelpDataSet/libs/gluegen-rt.jar:/Users/gsingh/Documents/workspace/YelpDataSet/libs/jogl-all.jar:/Users/gsingh/Documents/workspace/YelpDataSet/libs/json4processing.jar:/Users/gsingh/Documents/workspace/YelpDataSet/libs/libTUIO.jar:/Users/gsingh/Documents/workspace/YelpDataSet/libs/log4j-1.2.15.jar:/Users/gsingh/Documents/workspace/YelpDataSet/libs/sqlite-jdbc-3.7.2.jar:/Users/gsingh/Documents/workspace/YelpDataSet/libs/unfolding.0.9.6.jar
Launcher Type: SUN_STANDARD

Environment Variables:
PATH=/usr/bin:/bin:/usr/sbin:/sbin
SHELL=/bin/bash
DISPLAY=/private/tmp/com.apple.launchd.2mpiTaXw1A/org.macosforge.xquartz:0

Signal Handlers:
SIGSEGV: [libjvm.dylib+0x5a68c5], sa_mask[0]=11111111011111110111111111111111, sa_flags=SA_ONSTACK|SA_RESTART|SA_SIGINFO
SIGBUS: [libjvm.dylib+0x5a68c5], sa_mask[0]=11111111011111110111111111111111, sa_flags=SA_RESTART|SA_SIGINFO
SIGFPE: [libjvm.dylib+0x4805d4], sa_mask[0]=11111111011111110111111111111111, sa_flags=SA_RESTART|SA_SIGINFO
SIGPIPE: [libjvm.dylib+0x4805d4], sa_mask[0]=11111111011111110111111111111111, sa_flags=SA_RESTART|SA_SIGINFO
SIGXFSZ: [libjvm.dylib+0x4805d4], sa_mask[0]=11111111011111110111111111111111, sa_flags=SA_RESTART|SA_SIGINFO
SIGILL: [libjvm.dylib+0x4805d4], sa_mask[0]=11111111011111110111111111111111, sa_flags=SA_RESTART|SA_SIGINFO
SIGUSR1: SIG_DFL, sa_mask[0]=00000000000000000000000000000000, sa_flags=none
SIGUSR2: [libjvm.dylib+0x4800f2], sa_mask[0]=00100000000000000000000000000000, sa_flags=SA_RESTART|SA_SIGINFO
SIGHUP: [libjvm.dylib+0x47e6c9], sa_mask[0]=11111111011111110111111111111111, sa_flags=SA_RESTART|SA_SIGINFO
SIGINT: [libjvm.dylib+0x47e6c9], sa_mask[0]=11111111011111110111111111111111, sa_flags=SA_RESTART|SA_SIGINFO
SIGTERM: [libjvm.dylib+0x47e6c9], sa_mask[0]=11111111011111110111111111111111, sa_flags=SA_RESTART|SA_SIGINFO
SIGQUIT: [libjvm.dylib+0x47e6c9], sa_mask[0]=11111111011111110111111111111111, sa_flags=SA_RESTART|SA_SIGINFO


---------------  S Y S T E M  ---------------

OS:Bsduname:Darwin 14.5.0 Darwin Kernel Version 14.5.0: Tue Sep  1 21:23:09 PDT 2015; root:xnu-2782.50.1~1/RELEASE_X86_64 x86_64
rlimit: STACK 8192k, CORE 0k, NPROC 709, NOFILE 10240, AS infinity
load average:1.96 2.46 2.73

CPU:total 4 (2 cores per cpu, 2 threads per core) family 6 model 69 stepping 1, cmov, cx8, fxsr, mmx, sse, sse2, sse3, ssse3, sse4.1, sse4.2, popcnt, avx, avx2, aes, clmul, erms, lzcnt, ht, tsc, tscinvbit, bmi1, bmi2

Memory: 4k page, physical 4194304k(16016k free)

/proc/meminfo:


vm_info: Java HotSpot(TM) 64-Bit Server VM (25.71-b15) for bsd-amd64 JRE (1.8.0_71-b15), built on Dec 22 2015 15:11:44 by "java_re" with gcc 4.2.1 (Based on Apple Inc. build 5658) (LLVM build 2336.11.00)

time: Sun May 15 19:27:12 2016
elapsed time: 140 seconds (0d 0h 2m 20s)

