#
# A fatal error has been detected by the Java Runtime Environment:
#
#  SIGSEGV (0xb) at pc=0x00007fff8afd20dd, pid=87947, tid=1811
#
# JRE version: Java(TM) SE Runtime Environment (8.0_71-b15) (build 1.8.0_71-b15)
# Java VM: Java HotSpot(TM) 64-Bit Server VM (25.71-b15 mixed mode bsd-amd64 compressed oops)
# Problematic frame:
# C  [libobjc.A.dylib+0x10dd]  objc_msgSend+0x1d
#
# Failed to write core dump. Core dumps have been disabled. To enable core dumping, try "ulimit -c unlimited" before starting Java again
#
# If you would like to submit a bug report, please visit:
#   http://bugreport.java.com/bugreport/crash.jsp
# The crash happened outside the Java Virtual Machine in native code.
# See problematic frame for where to report the bug.
#

---------------  T H R E A D  ---------------

Current thread (0x00007fcbc9824000):  JavaThread "AWT-AppKit" daemon [_thread_in_native, id=1811, stack(0x00007fff52611000,0x00007fff52e11000)]

siginfo: si_signo: 11 (SIGSEGV), si_code: 1 (SEGV_MAPERR), si_addr: 0x0000000000000018

Registers:
RAX=0x00007fcbcd564730, RBX=0x00000001785243b0, RCX=0x000000012a214a00, RDX=0x000000012b17c640
RSP=0x00007fff52e0c458, RBP=0x00007fff52e0c510, RSI=0x00007fff8635640f, RDI=0x00007fcbcd731720
R8 =0x0000000000000000, R9 =0x0000000000000f50, R10=0x00007fff8635640f, R11=0x0000000000000000
R12=0x0000000000000000, R13=0x000000017a4d4d90, R14=0x00000001785243a0, R15=0x00007fcbc9824000
RIP=0x00007fff8afd20dd, EFLAGS=0x0000000000010246, ERR=0x0000000000000004
  TRAPNO=0x000000000000000e

Top of Stack: (sp=0x00007fff52e0c458)
0x00007fff52e0c458:   00000001785225d7 00007fff52e0c4b0
0x00007fff52e0c468:   0000000000000003 00007fff52e0c490
0x00007fff52e0c478:   000000010d9f0d66 000000017a4d4d90
0x00007fff52e0c488:   000000017a4d4d90 00007fcbcd564730
0x00007fff52e0c498:   00000001785245c0 0000000178524640
0x00007fff52e0c4a8:   00000001785243b0 00007fff7464d550
0x00007fff52e0c4b8:   00000001785245d0 00007fff757fec80
0x00007fff52e0c4c8:   00007fcbcd564730 00007fcbcd731720
0x00007fff52e0c4d8:   00007fcbc8c41510 00007fcbcd564730
0x00007fff52e0c4e8:   00007fcbcd731720 00007fff52e0c598
0x00007fff52e0c4f8:   00007fcbc98241f8 000000017a4d4d90
0x00007fff52e0c508:   00007fff52e0c5c0 00007fff52e0c588
0x00007fff52e0c518:   000000010e8a7954 000000017a4d4d90
0x00007fff52e0c528:   00007fff52e0c5c0 00007fff52e0c588
0x00007fff52e0c538:   000000010e8a76e7 000000010e8a76a2
0x00007fff52e0c548:   00007fff52e0c548 000000017a4d4d90
0x00007fff52e0c558:   00007fff52e0c5c0 000000017a4d7580
0x00007fff52e0c568:   0000000000000000 000000017a4d4d90
0x00007fff52e0c578:   0000000000000000 00007fff52e0c5a8
0x00007fff52e0c588:   00007fff52e0c608 000000010e899c4d
0x00007fff52e0c598:   000000078102c848 000000010e8a1578
0x00007fff52e0c5a8:   00007fcbcd564730 00007fff52e0c608
0x00007fff52e0c5b8:   00007fcbcd731720 000000010e8a2d82
0x00007fff52e0c5c8:   00007fff52e0c5c8 000000017a4d4f5a
0x00007fff52e0c5d8:   00007fff52e0c630 000000017a4d7580
0x00007fff52e0c5e8:   0000000000000000 000000017a4d4f68
0x00007fff52e0c5f8:   00007fff52e0c5a8 00007fff52e0c618
0x00007fff52e0c608:   00007fff52e0c678 000000010e899c4d
0x00007fff52e0c618:   00007fcbcd564730 0000000780fbbf80
0x00007fff52e0c628:   00007fcbcd731720 0000000780fbbf80
0x00007fff52e0c638:   00007fff52e0c638 000000017fe3e1ce
0x00007fff52e0c648:   00007fff52e0c688 000000017fe3e288 

Instructions: (pc=0x00007fff8afd20dd)
0x00007fff8afd20bd:   00 00 00 48 85 ff 2e 74 7a 40 f6 c7 01 2e 75 7e
0x00007fff8afd20cd:   49 bb f8 ff ff ff ff 7f 00 00 4c 23 1f 49 89 f2
0x00007fff8afd20dd:   45 23 53 18 49 c1 e2 04 4d 03 53 10 49 3b 32 75
0x00007fff8afd20ed:   04 41 ff 62 08 49 83 3a 00 74 6a 4d 3b 53 10 74 

Register to memory mapping:

RAX=0x00007fcbcd564730 is an unknown value
RBX=0x00000001785243b0: Java_jogamp_nativewindow_macosx_OSXUtil_GetScreenRefreshRate0+0x1850 in /private/var/folders/s4/ngcr_7ss02bdrtqp5hllhg2r0000gn/T/jogamp_0000/file_cache/jln2525138662590465364/jln4421444787184729030/libnativewindow_macosx.jnilib at 0x000000017851d000
RCX=0x000000012a214a00 is an unknown value
RDX=0x000000012b17c640 is an unknown value
RSP=0x00007fff52e0c458 is pointing into the stack for thread: 0x00007fcbc9824000
RBP=0x00007fff52e0c510 is pointing into the stack for thread: 0x00007fcbc9824000
RSI=0x00007fff8635640f is an unknown value
RDI=0x00007fcbcd731720 is an unknown value
R8 =0x0000000000000000 is an unknown value
R9 =0x0000000000000f50 is an unknown value
R10=0x00007fff8635640f is an unknown value
R11=0x0000000000000000 is an unknown value
R12=0x0000000000000000 is an unknown value
R13={method} {0x000000017a4d4d90} 'UnsetJAWTRootSurfaceLayer0' '(JJ)V' in 'jogamp/nativewindow/jawt/macosx/MacOSXJAWTWindow'
R14=0x00000001785243a0: Java_jogamp_nativewindow_macosx_OSXUtil_GetScreenRefreshRate0+0x1840 in /private/var/folders/s4/ngcr_7ss02bdrtqp5hllhg2r0000gn/T/jogamp_0000/file_cache/jln2525138662590465364/jln4421444787184729030/libnativewindow_macosx.jnilib at 0x000000017851d000
R15=0x00007fcbc9824000 is a thread


Stack: [0x00007fff52611000,0x00007fff52e11000],  sp=0x00007fff52e0c458,  free space=8173k
Native frames: (J=compiled Java code, j=interpreted, Vv=VM code, C=native code)
C  [libobjc.A.dylib+0x10dd]  objc_msgSend+0x1d
j  jogamp.nativewindow.jawt.macosx.MacOSXJAWTWindow.UnsetJAWTRootSurfaceLayer0(JJ)V+0
j  jogamp.nativewindow.jawt.macosx.MacOSXJAWTWindow.access$200(JJ)V+2
j  jogamp.nativewindow.jawt.macosx.MacOSXJAWTWindow$1.run()V+38
J 2087 C1 com.jogamp.common.util.RunnableTask.run()V (345 bytes) @ 0x000000010eed9514 [0x000000010eed9380+0x194]
v  ~StubRoutines::call_stub
V  [libjvm.dylib+0x2ea59a]  JavaCalls::call_helper(JavaValue*, methodHandle*, JavaCallArguments*, Thread*)+0x6ae
V  [libjvm.dylib+0x3216a3]  jni_invoke_nonstatic(JNIEnv_*, JavaValue*, _jobject*, JNICallType, _jmethodID*, JNI_ArgumentPusher*, Thread*)+0x2ec
V  [libjvm.dylib+0x313e77]  jni_CallVoidMethod+0x16b
C  [libnativewindow_macosx.jnilib+0x57ae]  Java_jogamp_nativewindow_jawt_macosx_MacOSXJAWTWindow_UnsetJAWTRootSurfaceLayer0+0x2be
C  [Foundation+0x92dd0]  __NSThreadPerformPerform+0x125
C  [CoreFoundation+0x80a01]  __CFRUNLOOP_IS_CALLING_OUT_TO_A_SOURCE0_PERFORM_FUNCTION__+0x11
C  [CoreFoundation+0x72c5c]  __CFRunLoopDoSources0+0x1dc
C  [CoreFoundation+0x721bf]  __CFRunLoopRun+0x39f
C  [CoreFoundation+0x71bd8]  CFRunLoopRunSpecific+0x128
C  [HIToolbox+0x3256f]  RunCurrentEventLoopInMode+0xeb
C  [HIToolbox+0x321ee]  ReceiveNextEventCommon+0xb3
C  [HIToolbox+0x3212b]  _BlockUntilNextEventMatchingListInModeWithFilter+0x47
C  [AppKit+0x918ab]  _DPSNextEvent+0x3d2
C  [AppKit+0x90e58]  -[NSApplication nextEventMatchingMask:untilDate:inMode:dequeue:]+0x15a
C  [libosxapp.dylib+0x23aa]  -[NSApplicationAWT nextEventMatchingMask:untilDate:inMode:dequeue:]+0x7c
C  [AppKit+0x86af3]  -[NSApplication run]+0x252
C  [libosxapp.dylib+0x214d]  +[NSApplicationAWT runAWTLoopWithApp:]+0x9c
C  [libawt_lwawt.dylib+0x4455b]  -[AWTStarter starter:]+0x389
C  [Foundation+0x92dd0]  __NSThreadPerformPerform+0x125
C  [CoreFoundation+0x80a01]  __CFRUNLOOP_IS_CALLING_OUT_TO_A_SOURCE0_PERFORM_FUNCTION__+0x11
C  [CoreFoundation+0x72b8d]  __CFRunLoopDoSources0+0x10d
C  [CoreFoundation+0x721bf]  __CFRunLoopRun+0x39f
C  [CoreFoundation+0x71bd8]  CFRunLoopRunSpecific+0x128
C  [java+0x6463]  CreateExecutionEnvironment+0x367
C  [java+0x21ac]  JLI_Launch+0x7a0
C  [java+0x84c0]  main+0x65
C  [java+0x1a04]  start+0x34
C  0x0000000000000007

Java frames: (J=compiled Java code, j=interpreted, Vv=VM code)
j  jogamp.nativewindow.jawt.macosx.MacOSXJAWTWindow.UnsetJAWTRootSurfaceLayer0(JJ)V+0
j  jogamp.nativewindow.jawt.macosx.MacOSXJAWTWindow.access$200(JJ)V+2
j  jogamp.nativewindow.jawt.macosx.MacOSXJAWTWindow$1.run()V+38
J 2087 C1 com.jogamp.common.util.RunnableTask.run()V (345 bytes) @ 0x000000010eed9514 [0x000000010eed9380+0x194]
v  ~StubRoutines::call_stub

---------------  P R O C E S S  ---------------

Java Threads: ( => current thread )
  0x00007fcbca237800 JavaThread "Thread-436" [_thread_blocked, id=12407, stack(0x000000018b997000,0x000000018ba97000)]
  0x00007fcbca38a000 JavaThread "AWT-EventQueue-1" [_thread_in_native, id=57367, stack(0x0000000178b6a000,0x0000000178c6a000)]
  0x00007fcbca007000 JavaThread "DestroyJavaVM" [_thread_blocked, id=4867, stack(0x000000010e790000,0x000000010e890000)]
  0x00007fcbc99ba800 JavaThread "AWT-EventQueue-0" [_thread_blocked, id=55815, stack(0x000000012b1e8000,0x000000012b2e8000)]
  0x00007fcbca173000 JavaThread "Java2D Disposer" daemon [_thread_blocked, id=51735, stack(0x0000000129b86000,0x0000000129c86000)]
  0x00007fcbca8e9800 JavaThread "Java2D Queue Flusher" daemon [_thread_blocked, id=50183, stack(0x0000000128afd000,0x0000000128bfd000)]
  0x00007fcbca12a000 JavaThread "AWT-Shutdown" [_thread_blocked, id=28179, stack(0x000000012604a000,0x000000012614a000)]
=>0x00007fcbc9824000 JavaThread "AWT-AppKit" daemon [_thread_in_native, id=1811, stack(0x00007fff52611000,0x00007fff52e11000)]
  0x00007fcbc9012800 JavaThread "Service Thread" daemon [_thread_blocked, id=18179, stack(0x0000000124032000,0x0000000124132000)]
  0x00007fcbca05c000 JavaThread "C1 CompilerThread2" daemon [_thread_blocked, id=17667, stack(0x0000000123f2f000,0x000000012402f000)]
  0x00007fcbca05b000 JavaThread "C2 CompilerThread1" daemon [_thread_blocked, id=17155, stack(0x0000000123e2c000,0x0000000123f2c000)]
  0x00007fcbca059800 JavaThread "C2 CompilerThread0" daemon [_thread_blocked, id=16643, stack(0x0000000123d29000,0x0000000123e29000)]
  0x00007fcbca056800 JavaThread "Signal Dispatcher" daemon [_thread_blocked, id=13335, stack(0x0000000123c26000,0x0000000123d26000)]
  0x00007fcbc9024000 JavaThread "Finalizer" daemon [_thread_blocked, id=11523, stack(0x0000000122207000,0x0000000122307000)]
  0x00007fcbc9007000 JavaThread "Reference Handler" daemon [_thread_blocked, id=11011, stack(0x0000000122104000,0x0000000122204000)]

Other Threads:
  0x00007fcbca03f000 VMThread [stack: 0x0000000122001000,0x0000000122101000] [id=10499]
  0x00007fcbca049800 WatcherThread [stack: 0x0000000124135000,0x0000000124235000] [id=18691]

VM state:not at safepoint (normal execution)

VM Mutex/Monitor currently owned by a thread: None

Heap:
 PSYoungGen      total 209920K, used 108831K [0x00000007aab00000, 0x00000007bc980000, 0x00000007c0000000)
  eden space 188928K, 51% used [0x00000007aab00000,0x00000007b094fc78,0x00000007b6380000)
  from space 20992K, 58% used [0x00000007b6380000,0x00000007b6f782f0,0x00000007b7800000)
  to   space 20992K, 0% used [0x00000007bb500000,0x00000007bb500000,0x00000007bc980000)
 ParOldGen       total 126976K, used 105983K [0x0000000780000000, 0x0000000787c00000, 0x00000007aab00000)
  object space 126976K, 83% used [0x0000000780000000,0x000000078677ffb8,0x0000000787c00000)
 Metaspace       used 20175K, capacity 20393K, committed 20736K, reserved 1069056K
  class space    used 1928K, capacity 2013K, committed 2048K, reserved 1048576K

Card table byte_map: [0x000000011dc52000,0x000000011de53000] byte_map_base: 0x000000011a052000

Marking Bits: (ParMarkBitMap*) 0x000000010e0e3ea0
 Begin Bits: [0x000000011e3b5000, 0x000000011f3b5000)
 End Bits:   [0x000000011f3b5000, 0x00000001203b5000)

Polling page: 0x000000010cf48000

CodeCache: size=245760Kb used=10270Kb max_used=10275Kb free=235489Kb
 bounds [0x000000010e892000, 0x000000010f2b2000, 0x000000011d892000]
 total_blobs=3755 nmethods=2861 adapters=807
 compilation: enabled

Compilation events (10 events):
Event: 76.656 Thread 0x00007fcbca05c000 nmethod 3207 0x000000010ed81610 code [0x000000010ed81780, 0x000000010ed819c8]
Event: 76.660 Thread 0x00007fcbca05c000 3208   !   3       sun.misc.URLClassPath$JarLoader::getResource (349 bytes)
Event: 76.668 Thread 0x00007fcbca05c000 nmethod 3208 0x000000010f2aa450 code [0x000000010f2aa8c0, 0x000000010f2ace18]
Event: 76.674 Thread 0x00007fcbca05b000 nmethod 3205 0x000000010edd0f10 code [0x000000010edd10e0, 0x000000010edd17a0]
Event: 76.679 Thread 0x00007fcbca059800 3209       4       com.jogamp.nativewindow.awt.AWTGraphicsConfiguration::getNativeGraphicsConfiguration (17 bytes)
Event: 76.679 Thread 0x00007fcbca059800 nmethod 3209 0x000000010ec92110 code [0x000000010ec92260, 0x000000010ec922f8]
Event: 76.691 Thread 0x00007fcbca05c000 3210       3       sun.awt.SunToolkit::executeOnEventHandlerThread (14 bytes)
Event: 76.693 Thread 0x00007fcbca05c000 nmethod 3210 0x000000010ed49990 code [0x000000010ed49b80, 0x000000010ed4a4d8]
Event: 76.693 Thread 0x00007fcbca05c000 3211       3       sun.awt.SunToolkit::executeOnEventHandlerThread (12 bytes)
Event: 76.696 Thread 0x00007fcbca05c000 nmethod 3211 0x000000010ed48e10 code [0x000000010ed48fc0, 0x000000010ed496a8]

GC Heap History (10 events):
Event: 28.887 GC heap before
{Heap before GC invocations=13 (full 1):
 PSYoungGen      total 116224K, used 116160K [0x00000007aab00000, 0x00000007b5500000, 0x00000007c0000000)
  eden space 101888K, 100% used [0x00000007aab00000,0x00000007b0e80000,0x00000007b0e80000)
  from space 14336K, 99% used [0x00000007b0e80000,0x00000007b1c70370,0x00000007b1c80000)
  to   space 16384K, 0% used [0x00000007b4500000,0x00000007b4500000,0x00000007b5500000)
 ParOldGen       total 76288K, used 45127K [0x0000000780000000, 0x0000000784a80000, 0x00000007aab00000)
  object space 76288K, 59% used [0x0000000780000000,0x0000000782c11f90,0x0000000784a80000)
 Metaspace       used 19838K, capacity 20041K, committed 20224K, reserved 1067008K
  class space    used 1905K, capacity 1981K, committed 2048K, reserved 1048576K
Event: 28.944 GC heap after
Heap after GC invocations=13 (full 1):
 PSYoungGen      total 156160K, used 14784K [0x00000007aab00000, 0x00000007b5700000, 0x00000007c0000000)
  eden space 139776K, 0% used [0x00000007aab00000,0x00000007aab00000,0x00000007b3380000)
  from space 16384K, 90% used [0x00000007b4500000,0x00000007b5370390,0x00000007b5500000)
  to   space 17920K, 0% used [0x00000007b3380000,0x00000007b3380000,0x00000007b4500000)
 ParOldGen       total 76288K, used 59272K [0x0000000780000000, 0x0000000784a80000, 0x00000007aab00000)
  object space 76288K, 77% used [0x0000000780000000,0x00000007839e2300,0x0000000784a80000)
 Metaspace       used 19838K, capacity 20041K, committed 20224K, reserved 1067008K
  class space    used 1905K, capacity 1981K, committed 2048K, reserved 1048576K
}
Event: 30.911 GC heap before
{Heap before GC invocations=14 (full 1):
 PSYoungGen      total 156160K, used 154431K [0x00000007aab00000, 0x00000007b5700000, 0x00000007c0000000)
  eden space 139776K, 99% used [0x00000007aab00000,0x00000007b335fc28,0x00000007b3380000)
  from space 16384K, 90% used [0x00000007b4500000,0x00000007b5370390,0x00000007b5500000)
  to   space 17920K, 0% used [0x00000007b3380000,0x00000007b3380000,0x00000007b4500000)
 ParOldGen       total 76288K, used 59272K [0x0000000780000000, 0x0000000784a80000, 0x00000007aab00000)
  object space 76288K, 77% used [0x0000000780000000,0x00000007839e2300,0x0000000784a80000)
 Metaspace       used 19923K, capacity 20105K, committed 20480K, reserved 1067008K
  class space    used 1905K, capacity 1981K, committed 2048K, reserved 1048576K
Event: 30.952 GC heap after
Heap after GC invocations=14 (full 1):
 PSYoungGen      total 157696K, used 17857K [0x00000007aab00000, 0x00000007b9280000, 0x00000007c0000000)
  eden space 139776K, 0% used [0x00000007aab00000,0x00000007aab00000,0x00000007b3380000)
  from space 17920K, 99% used [0x00000007b3380000,0x00000007b44f0450,0x00000007b4500000)
  to   space 20480K, 0% used [0x00000007b7e80000,0x00000007b7e80000,0x00000007b9280000)
 ParOldGen       total 78848K, used 78289K [0x0000000780000000, 0x0000000784d00000, 0x00000007aab00000)
  object space 78848K, 99% used [0x0000000780000000,0x0000000784c747a0,0x0000000784d00000)
 Metaspace       used 19923K, capacity 20105K, committed 20480K, reserved 1067008K
  class space    used 1905K, capacity 1981K, committed 2048K, reserved 1048576K
}
Event: 30.952 GC heap before
{Heap before GC invocations=15 (full 2):
 PSYoungGen      total 157696K, used 17857K [0x00000007aab00000, 0x00000007b9280000, 0x00000007c0000000)
  eden space 139776K, 0% used [0x00000007aab00000,0x00000007aab00000,0x00000007b3380000)
  from space 17920K, 99% used [0x00000007b3380000,0x00000007b44f0450,0x00000007b4500000)
  to   space 20480K, 0% used [0x00000007b7e80000,0x00000007b7e80000,0x00000007b9280000)
 ParOldGen       total 78848K, used 78289K [0x0000000780000000, 0x0000000784d00000, 0x00000007aab00000)
  object space 78848K, 99% used [0x0000000780000000,0x0000000784c747a0,0x0000000784d00000)
 Metaspace       used 19923K, capacity 20105K, committed 20480K, reserved 1067008K
  class space    used 1905K, capacity 1981K, committed 2048K, reserved 1048576K
Event: 31.074 GC heap after
Heap after GC invocations=15 (full 2):
 PSYoungGen      total 157696K, used 16186K [0x00000007aab00000, 0x00000007b9280000, 0x00000007c0000000)
  eden space 139776K, 0% used [0x00000007aab00000,0x00000007aab00000,0x00000007b3380000)
  from space 17920K, 90% used [0x00000007b3380000,0x00000007b434eaf8,0x00000007b4500000)
  to   space 20480K, 0% used [0x00000007b7e80000,0x00000007b7e80000,0x00000007b9280000)
 ParOldGen       total 126976K, used 78726K [0x0000000780000000, 0x0000000787c00000, 0x00000007aab00000)
  object space 126976K, 62% used [0x0000000780000000,0x0000000784ce1918,0x0000000787c00000)
 Metaspace       used 19923K, capacity 20105K, committed 20480K, reserved 1067008K
  class space    used 1905K, capacity 1981K, committed 2048K, reserved 1048576K
}
Event: 38.321 GC heap before
{Heap before GC invocations=16 (full 2):
 PSYoungGen      total 157696K, used 155962K [0x00000007aab00000, 0x00000007b9280000, 0x00000007c0000000)
  eden space 139776K, 100% used [0x00000007aab00000,0x00000007b3380000,0x00000007b3380000)
  from space 17920K, 90% used [0x00000007b3380000,0x00000007b434eaf8,0x00000007b4500000)
  to   space 20480K, 0% used [0x00000007b7e80000,0x00000007b7e80000,0x00000007b9280000)
 ParOldGen       total 126976K, used 78726K [0x0000000780000000, 0x0000000787c00000, 0x00000007aab00000)
  object space 126976K, 62% used [0x0000000780000000,0x0000000784ce1918,0x0000000787c00000)
 Metaspace       used 19990K, capacity 20169K, committed 20480K, reserved 1067008K
  class space    used 1906K, capacity 1981K, committed 2048K, reserved 1048576K
Event: 38.346 GC heap after
Heap after GC invocations=16 (full 2):
 PSYoungGen      total 203264K, used 13984K [0x00000007aab00000, 0x00000007b8c80000, 0x00000007c0000000)
  eden space 188928K, 0% used [0x00000007aab00000,0x00000007aab00000,0x00000007b6380000)
  from space 14336K, 97% used [0x00000007b7e80000,0x00000007b8c28360,0x00000007b8c80000)
  to   space 20992K, 0% used [0x00000007b6380000,0x00000007b6380000,0x00000007b7800000)
 ParOldGen       total 126976K, used 93127K [0x0000000780000000, 0x0000000787c00000, 0x00000007aab00000)
  object space 126976K, 73% used [0x0000000780000000,0x0000000785af1c98,0x0000000787c00000)
 Metaspace       used 19990K, capacity 20169K, committed 20480K, reserved 1067008K
  class space    used 1906K, capacity 1981K, committed 2048K, reserved 1048576K
}
Event: 57.338 GC heap before
{Heap before GC invocations=17 (full 2):
 PSYoungGen      total 203264K, used 202912K [0x00000007aab00000, 0x00000007b8c80000, 0x00000007c0000000)
  eden space 188928K, 100% used [0x00000007aab00000,0x00000007b6380000,0x00000007b6380000)
  from space 14336K, 97% used [0x00000007b7e80000,0x00000007b8c28360,0x00000007b8c80000)
  to   space 20992K, 0% used [0x00000007b6380000,0x00000007b6380000,0x00000007b7800000)
 ParOldGen       total 126976K, used 93127K [0x0000000780000000, 0x0000000787c00000, 0x00000007aab00000)
  object space 126976K, 73% used [0x0000000780000000,0x0000000785af1c98,0x0000000787c00000)
 Metaspace       used 20138K, capacity 20393K, committed 20736K, reserved 1069056K
  class space    used 1920K, capacity 2013K, committed 2048K, reserved 1048576K
Event: 57.432 GC heap after
Heap after GC invocations=17 (full 2):
 PSYoungGen      total 209920K, used 12256K [0x00000007aab00000, 0x00000007bc980000, 0x00000007c0000000)
  eden space 188928K, 0% used [0x00000007aab00000,0x00000007aab00000,0x00000007b6380000)
  from space 20992K, 58% used [0x00000007b6380000,0x00000007b6f782f0,0x00000007b7800000)
  to   space 20992K, 0% used [0x00000007bb500000,0x00000007bb500000,0x00000007bc980000)
 ParOldGen       total 126976K, used 105983K [0x0000000780000000, 0x0000000787c00000, 0x00000007aab00000)
  object space 126976K, 83% used [0x0000000780000000,0x000000078677ffb8,0x0000000787c00000)
 Metaspace       used 20138K, capacity 20393K, committed 20736K, reserved 1069056K
  class space    used 1920K, capacity 2013K, committed 2048K, reserved 1048576K
}

Deoptimization events (10 events):
Event: 51.496 Thread 0x00007fcbc9824000 Uncommon trap: reason=unstable_if action=reinterpret pc=0x000000010eea3b04 method=java.util.HashMap.putVal(ILjava/lang/Object;Ljava/lang/Object;ZZ)Ljava/lang/Object; @ 81
Event: 75.237 Thread 0x00007fcbca38a000 Uncommon trap: reason=unstable_if action=reinterpret pc=0x000000010f26d33c method=java.awt.EventQueue.isDispatchThreadImpl()Z @ 65
Event: 75.238 Thread 0x00007fcbca38a000 Uncommon trap: reason=unstable_if action=reinterpret pc=0x000000010f26c084 method=java.util.LinkedList$ListItr.<init>(Ljava/util/LinkedList;I)V @ 26
Event: 76.605 Thread 0x00007fcbc99ba800 Uncommon trap: reason=unstable_if action=reinterpret pc=0x000000010f160a38 method=java.awt.EventQueue.getPriority(Ljava/awt/AWTEvent;)I @ 71
Event: 76.606 Thread 0x00007fcbc99ba800 Uncommon trap: reason=unstable_if action=reinterpret pc=0x000000010edd324c method=sun.lwawt.LWContainerPeer.cutChildren(Lsun/java2d/pipe/Region;Lsun/lwawt/LWComponentPeer;)Lsun/java2d/pipe/Region; @ 67
Event: 76.606 Thread 0x00007fcbc99ba800 Uncommon trap: reason=unstable_if action=reinterpret pc=0x000000010ee10eac method=sun.java2d.SunGraphics2D.validateCompClip()V @ 9
Event: 76.607 Thread 0x00007fcbca38a000 Uncommon trap: reason=unstable_if action=reinterpret pc=0x000000010f26ecfc method=java.awt.EventQueue.uncacheEQItem(Lsun/awt/EventQueueItem;)V @ 23
Event: 76.621 Thread 0x00007fcbc99ba800 Uncommon trap: reason=unstable_if action=reinterpret pc=0x000000010f286d2c method=sun.java2d.pipe.Region.intersectsQuickCheck(Lsun/java2d/pipe/Region;)Z @ 41
Event: 76.622 Thread 0x00007fcbc99ba800 Uncommon trap: reason=unstable_if action=reinterpret pc=0x000000010ee121c4 method=java.awt.font.FontRenderContext.equals(Ljava/awt/font/FontRenderContext;)Z @ 2
Event: 76.679 Thread 0x00007fcbca38a000 Uncommon trap: reason=unstable_if action=reinterpret pc=0x000000010f26bb58 method=java.util.LinkedList$ListItr.<init>(Ljava/util/LinkedList;I)V @ 26

Internal exceptions (10 events):
Event: 0.247 Thread 0x00007fcbca007000 Exception <a 'java/lang/NoSuchFieldError': method resolution failed> (0x00000007aad50530) thrown at [/Users/java_re/workspace/8-2-build-macosx-x86_64/jdk8u71/5731/hotspot/src/share/vm/prims/methodHandles.cpp, line 1146]
Event: 0.249 Thread 0x00007fcbca007000 Exception <a 'java/lang/NoSuchFieldError': method resolution failed> (0x00000007aad5dd00) thrown at [/Users/java_re/workspace/8-2-build-macosx-x86_64/jdk8u71/5731/hotspot/src/share/vm/prims/methodHandles.cpp, line 1146]
Event: 0.652 Thread 0x00007fcbca007000 Exception <a 'java/io/FileNotFoundException'> (0x00000007aadd9e80) thrown at [/Users/java_re/workspace/8-2-build-macosx-x86_64/jdk8u71/5731/hotspot/src/share/vm/prims/jni.cpp, line 709]
Event: 0.652 Thread 0x00007fcbca007000 Exception <a 'java/io/FileNotFoundException'> (0x00000007aadda9c8) thrown at [/Users/java_re/workspace/8-2-build-macosx-x86_64/jdk8u71/5731/hotspot/src/share/vm/prims/jni.cpp, line 709]
Event: 0.851 Thread 0x00007fcbca007000 Exception <a 'java/io/FileNotFoundException'> (0x00000007aaec4308) thrown at [/Users/java_re/workspace/8-2-build-macosx-x86_64/jdk8u71/5731/hotspot/src/share/vm/prims/jni.cpp, line 709]
Event: 4.032 Thread 0x00007fcbc9024000 Exception <a 'java/lang/NullPointerException'> (0x00000007aab84998) thrown at [/Users/java_re/workspace/8-2-build-macosx-x86_64/jdk8u71/5731/hotspot/src/share/vm/interpreter/linkResolver.cpp, line 1178]
Event: 4.160 Thread 0x00007fcbc9a66000 Exception <a 'java/lang/UnsatisfiedLinkError': com.jogamp.common.util.JarUtil.fixNativeLibAttribs(Ljava/lang/String;)Z> (0x00000007aafbdb40) thrown at [/Users/java_re/workspace/8-2-build-macosx-x86_64/jdk8u71/5731/hotspot/src/share/vm/prims/nativeLookup.c
Event: 5.350 Thread 0x00007fcbca38a000 Exception <a 'java/io/FileNotFoundException'> (0x00000007ab28bbf8) thrown at [/Users/java_re/workspace/8-2-build-macosx-x86_64/jdk8u71/5731/hotspot/src/share/vm/prims/jni.cpp, line 709]
Event: 5.350 Thread 0x00007fcbca38a000 Exception <a 'java/io/FileNotFoundException'> (0x00000007ab292d28) thrown at [/Users/java_re/workspace/8-2-build-macosx-x86_64/jdk8u71/5731/hotspot/src/share/vm/prims/jni.cpp, line 709]
Event: 5.350 Thread 0x00007fcbca38a000 Implicit null exception at 0x000000010ea39f35 to 0x000000010ea3a299

Events (10 events):
Event: 76.681 loading class java/awt/event/AWTEventListenerProxy done
Event: 76.681 Executing VM operation: Deoptimize
Event: 76.690 Executing VM operation: Deoptimize done
Event: 76.690 loading class java/awt/Toolkit$ToolkitEventMulticaster
Event: 76.691 loading class java/awt/Toolkit$ToolkitEventMulticaster done
Event: 76.692 Thread 0x00007fcbca1a2800 Thread exited: 0x00007fcbca1a2800
Event: 76.694 loading class java/lang/IllegalThreadStateException
Event: 76.695 loading class java/lang/IllegalThreadStateException done
Event: 76.696 loading class java/awt/Window$1DisposeAction
Event: 76.696 loading class java/awt/Window$1DisposeAction done


Dynamic libraries:
0x00000000032e2000 	/System/Library/Frameworks/Cocoa.framework/Versions/A/Cocoa
0x00000000032e2000 	/System/Library/Frameworks/Security.framework/Versions/A/Security
0x00000000032e2000 	/System/Library/Frameworks/ApplicationServices.framework/Versions/A/ApplicationServices
0x00000000032e2000 	/usr/lib/libz.1.dylib
0x00000000032e2000 	/usr/lib/libSystem.B.dylib
0x00000000032e2000 	/usr/lib/libobjc.A.dylib
0x00000000032e2000 	/System/Library/Frameworks/CoreFoundation.framework/Versions/A/CoreFoundation
0x00000000032e2000 	/System/Library/Frameworks/Foundation.framework/Versions/C/Foundation
0x00000000032e2000 	/System/Library/Frameworks/AppKit.framework/Versions/C/AppKit
0x00000000032e2000 	/System/Library/Frameworks/CoreData.framework/Versions/A/CoreData
0x00000000032e2000 	/System/Library/PrivateFrameworks/RemoteViewServices.framework/Versions/A/RemoteViewServices
0x00000000032e2000 	/System/Library/PrivateFrameworks/UIFoundation.framework/Versions/A/UIFoundation
0x00000000032e2000 	/System/Library/Frameworks/IOSurface.framework/Versions/A/IOSurface
0x00000000032e2000 	/System/Library/Frameworks/AudioToolbox.framework/Versions/A/AudioToolbox
0x00000000032e2000 	/System/Library/Frameworks/AudioUnit.framework/Versions/A/AudioUnit
0x00000000032e2000 	/System/Library/PrivateFrameworks/DataDetectorsCore.framework/Versions/A/DataDetectorsCore
0x00000000032e2000 	/System/Library/PrivateFrameworks/DesktopServicesPriv.framework/Versions/A/DesktopServicesPriv
0x00000000032e2000 	/System/Library/Frameworks/Carbon.framework/Versions/A/Frameworks/HIToolbox.framework/Versions/A/HIToolbox
0x00000000032e2000 	/System/Library/Frameworks/QuartzCore.framework/Versions/A/QuartzCore
0x00000000032e2000 	/System/Library/Frameworks/Carbon.framework/Versions/A/Frameworks/SpeechRecognition.framework/Versions/A/SpeechRecognition
0x00000000032e2000 	/usr/lib/libauto.dylib
0x00000000032e2000 	/usr/lib/libicucore.A.dylib
0x00000000032e2000 	/usr/lib/libxml2.2.dylib
0x00000000032e2000 	/System/Library/PrivateFrameworks/CoreUI.framework/Versions/A/CoreUI
0x00000000032e2000 	/System/Library/Frameworks/CoreAudio.framework/Versions/A/CoreAudio
0x00000000032e2000 	/System/Library/Frameworks/DiskArbitration.framework/Versions/A/DiskArbitration
0x00000000032e2000 	/usr/lib/liblangid.dylib
0x00000000032e2000 	/System/Library/PrivateFrameworks/MultitouchSupport.framework/Versions/A/MultitouchSupport
0x00000000032e2000 	/System/Library/Frameworks/IOKit.framework/Versions/A/IOKit
0x00000000032e2000 	/usr/lib/libDiagnosticMessagesClient.dylib
0x00000000032e2000 	/System/Library/Frameworks/CoreServices.framework/Versions/A/CoreServices
0x00000000032e2000 	/System/Library/PrivateFrameworks/PerformanceAnalysis.framework/Versions/A/PerformanceAnalysis
0x00000000032e2000 	/System/Library/PrivateFrameworks/GenerationalStorage.framework/Versions/A/GenerationalStorage
0x00000000032e2000 	/System/Library/Frameworks/OpenGL.framework/Versions/A/OpenGL
0x00000000032e2000 	/System/Library/PrivateFrameworks/Sharing.framework/Versions/A/Sharing
0x00000000032e2000 	/System/Library/Frameworks/CoreGraphics.framework/Versions/A/CoreGraphics
0x00000000032e2000 	/System/Library/Frameworks/CoreText.framework/Versions/A/CoreText
0x00000000032e2000 	/System/Library/Frameworks/ImageIO.framework/Versions/A/ImageIO
0x00000000032e2000 	/usr/lib/libextension.dylib
0x00000000032e2000 	/System/Library/PrivateFrameworks/Backup.framework/Versions/A/Backup
0x00000000032e2000 	/usr/lib/libarchive.2.dylib
0x00000000032e2000 	/System/Library/Frameworks/CFNetwork.framework/Versions/A/CFNetwork
0x00000000032e2000 	/System/Library/Frameworks/SystemConfiguration.framework/Versions/A/SystemConfiguration
0x00000000032e2000 	/usr/lib/libCRFSuite.dylib
0x00000000032e2000 	/usr/lib/libc++.1.dylib
0x00000000032e2000 	/usr/lib/libc++abi.dylib
0x00000000032e2000 	/usr/lib/system/libcache.dylib
0x00000000032e2000 	/usr/lib/system/libcommonCrypto.dylib
0x00000000032e2000 	/usr/lib/system/libcompiler_rt.dylib
0x00000000032e2000 	/usr/lib/system/libcopyfile.dylib
0x00000000032e2000 	/usr/lib/system/libcorecrypto.dylib
0x00000000032e2000 	/usr/lib/system/libdispatch.dylib
0x00000000032e2000 	/usr/lib/system/libdyld.dylib
0x00000000032e2000 	/usr/lib/system/libkeymgr.dylib
0x00000000032e2000 	/usr/lib/system/liblaunch.dylib
0x00000000032e2000 	/usr/lib/system/libmacho.dylib
0x00000000032e2000 	/usr/lib/system/libquarantine.dylib
0x00000000032e2000 	/usr/lib/system/libremovefile.dylib
0x00000000032e2000 	/usr/lib/system/libsystem_asl.dylib
0x00000000032e2000 	/usr/lib/system/libsystem_blocks.dylib
0x00000000032e2000 	/usr/lib/system/libsystem_c.dylib
0x00000000032e2000 	/usr/lib/system/libsystem_configuration.dylib
0x00000000032e2000 	/usr/lib/system/libsystem_coreservices.dylib
0x00000000032e2000 	/usr/lib/system/libsystem_coretls.dylib
0x00000000032e2000 	/usr/lib/system/libsystem_dnssd.dylib
0x00000000032e2000 	/usr/lib/system/libsystem_info.dylib
0x00000000032e2000 	/usr/lib/system/libsystem_kernel.dylib
0x00000000032e2000 	/usr/lib/system/libsystem_m.dylib
0x00000000032e2000 	/usr/lib/system/libsystem_malloc.dylib
0x00000000032e2000 	/usr/lib/system/libsystem_network.dylib
0x00000000032e2000 	/usr/lib/system/libsystem_networkextension.dylib
0x00000000032e2000 	/usr/lib/system/libsystem_notify.dylib
0x00000000032e2000 	/usr/lib/system/libsystem_platform.dylib
0x00000000032e2000 	/usr/lib/system/libsystem_pthread.dylib
0x00000000032e2000 	/usr/lib/system/libsystem_sandbox.dylib
0x00000000032e2000 	/usr/lib/system/libsystem_secinit.dylib
0x00000000032e2000 	/usr/lib/system/libsystem_stats.dylib
0x00000000032e2000 	/usr/lib/system/libsystem_trace.dylib
0x00000000032e2000 	/usr/lib/system/libunc.dylib
0x00000000032e2000 	/usr/lib/system/libunwind.dylib
0x00000000032e2000 	/usr/lib/system/libxpc.dylib
0x00000000032e2000 	/usr/lib/libbz2.1.0.dylib
0x00000000032e2000 	/usr/lib/liblzma.5.dylib
0x00000000032e2000 	/usr/lib/libbsm.0.dylib
0x00000000032e2000 	/usr/lib/libsqlite3.dylib
0x00000000032e2000 	/usr/lib/system/libkxld.dylib
0x00000000032e2000 	/usr/lib/libxar.1.dylib
0x00000000032e2000 	/usr/lib/libpam.2.dylib
0x00000000032e2000 	/usr/lib/libOpenScriptingUtil.dylib
0x00000000032e2000 	/System/Library/Frameworks/CoreServices.framework/Versions/A/Frameworks/FSEvents.framework/Versions/A/FSEvents
0x00000000032e2000 	/System/Library/Frameworks/CoreServices.framework/Versions/A/Frameworks/CarbonCore.framework/Versions/A/CarbonCore
0x00000000032e2000 	/System/Library/Frameworks/CoreServices.framework/Versions/A/Frameworks/Metadata.framework/Versions/A/Metadata
0x00000000032e2000 	/System/Library/Frameworks/CoreServices.framework/Versions/A/Frameworks/OSServices.framework/Versions/A/OSServices
0x00000000032e2000 	/System/Library/Frameworks/CoreServices.framework/Versions/A/Frameworks/SearchKit.framework/Versions/A/SearchKit
0x00000000032e2000 	/System/Library/Frameworks/CoreServices.framework/Versions/A/Frameworks/AE.framework/Versions/A/AE
0x00000000032e2000 	/System/Library/Frameworks/CoreServices.framework/Versions/A/Frameworks/LaunchServices.framework/Versions/A/LaunchServices
0x00000000032e2000 	/System/Library/Frameworks/CoreServices.framework/Versions/A/Frameworks/DictionaryServices.framework/Versions/A/DictionaryServices
0x00000000032e2000 	/System/Library/Frameworks/NetFS.framework/Versions/A/NetFS
0x00000000032e2000 	/System/Library/PrivateFrameworks/NetAuth.framework/Versions/A/NetAuth
0x00000000032e2000 	/System/Library/PrivateFrameworks/login.framework/Versions/A/Frameworks/loginsupport.framework/Versions/A/loginsupport
0x00000000032e2000 	/System/Library/PrivateFrameworks/TCC.framework/Versions/A/TCC
0x00000000032e2000 	/usr/lib/libmecabra.dylib
0x00000000032e2000 	/System/Library/Frameworks/ApplicationServices.framework/Versions/A/Frameworks/ATS.framework/Versions/A/ATS
0x00000000032e2000 	/System/Library/Frameworks/ApplicationServices.framework/Versions/A/Frameworks/ColorSync.framework/Versions/A/ColorSync
0x00000000032e2000 	/System/Library/Frameworks/ApplicationServices.framework/Versions/A/Frameworks/HIServices.framework/Versions/A/HIServices
0x00000000032e2000 	/System/Library/Frameworks/ApplicationServices.framework/Versions/A/Frameworks/LangAnalysis.framework/Versions/A/LangAnalysis
0x00000000032e2000 	/System/Library/Frameworks/ApplicationServices.framework/Versions/A/Frameworks/PrintCore.framework/Versions/A/PrintCore
0x00000000032e2000 	/System/Library/Frameworks/ApplicationServices.framework/Versions/A/Frameworks/QD.framework/Versions/A/QD
0x00000000032e2000 	/System/Library/Frameworks/ApplicationServices.framework/Versions/A/Frameworks/SpeechSynthesis.framework/Versions/A/SpeechSynthesis
0x00000000032e2000 	/System/Library/Frameworks/Accelerate.framework/Versions/A/Accelerate
0x00000000032e2000 	/System/Library/Frameworks/Accelerate.framework/Versions/A/Frameworks/vImage.framework/Versions/A/vImage
0x00000000032e2000 	/System/Library/Frameworks/Accelerate.framework/Versions/A/Frameworks/vecLib.framework/Versions/A/vecLib
0x00000000032e2000 	/System/Library/Frameworks/Accelerate.framework/Versions/A/Frameworks/vecLib.framework/Versions/A/libvDSP.dylib
0x00000000032e2000 	/System/Library/Frameworks/Accelerate.framework/Versions/A/Frameworks/vecLib.framework/Versions/A/libvMisc.dylib
0x00000000032e2000 	/System/Library/Frameworks/Accelerate.framework/Versions/A/Frameworks/vecLib.framework/Versions/A/libLAPACK.dylib
0x00000000032e2000 	/System/Library/Frameworks/Accelerate.framework/Versions/A/Frameworks/vecLib.framework/Versions/A/libBLAS.dylib
0x00000000032e2000 	/System/Library/Frameworks/Accelerate.framework/Versions/A/Frameworks/vecLib.framework/Versions/A/libLinearAlgebra.dylib
0x00000000032e2000 	/System/Library/Frameworks/ApplicationServices.framework/Versions/A/Frameworks/ATS.framework/Versions/A/Resources/libFontParser.dylib
0x00000000032e2000 	/System/Library/Frameworks/ApplicationServices.framework/Versions/A/Frameworks/ATS.framework/Versions/A/Resources/libFontRegistry.dylib
0x00000000032e2000 	/System/Library/PrivateFrameworks/AppleVPA.framework/Versions/A/AppleVPA
0x00000000032e2000 	/System/Library/PrivateFrameworks/AppleJPEG.framework/Versions/A/AppleJPEG
0x00000000032e2000 	/System/Library/Frameworks/ImageIO.framework/Versions/A/Resources/libJPEG.dylib
0x00000000032e2000 	/System/Library/Frameworks/ImageIO.framework/Versions/A/Resources/libTIFF.dylib
0x00000000032e2000 	/System/Library/Frameworks/ImageIO.framework/Versions/A/Resources/libPng.dylib
0x00000000032e2000 	/System/Library/Frameworks/ImageIO.framework/Versions/A/Resources/libGIF.dylib
0x00000000032e2000 	/System/Library/Frameworks/ImageIO.framework/Versions/A/Resources/libJP2.dylib
0x00000000032e2000 	/System/Library/Frameworks/ImageIO.framework/Versions/A/Resources/libRadiance.dylib
0x00000000032e2000 	/System/Library/Frameworks/CoreVideo.framework/Versions/A/CoreVideo
0x00000000032e2000 	/System/Library/Frameworks/OpenGL.framework/Versions/A/Libraries/libGLU.dylib
0x00000000032e2000 	/System/Library/Frameworks/OpenGL.framework/Versions/A/Libraries/libGFXShared.dylib
0x00000000032e2000 	/System/Library/Frameworks/OpenGL.framework/Versions/A/Libraries/libGL.dylib
0x00000000032e2000 	/System/Library/Frameworks/OpenGL.framework/Versions/A/Libraries/libGLImage.dylib
0x00000000032e2000 	/System/Library/Frameworks/OpenGL.framework/Versions/A/Libraries/libCVMSPluginSupport.dylib
0x00000000032e2000 	/System/Library/Frameworks/OpenGL.framework/Versions/A/Libraries/libCoreVMClient.dylib
0x00000000032e2000 	/usr/lib/libcups.2.dylib
0x00000000032e2000 	/System/Library/Frameworks/Kerberos.framework/Versions/A/Kerberos
0x00000000032e2000 	/System/Library/Frameworks/GSS.framework/Versions/A/GSS
0x00000000032e2000 	/usr/lib/libresolv.9.dylib
0x00000000032e2000 	/usr/lib/libiconv.2.dylib
0x00000000032e2000 	/System/Library/PrivateFrameworks/Heimdal.framework/Versions/A/Heimdal
0x00000000032e2000 	/usr/lib/libheimdal-asn1.dylib
0x00000000032e2000 	/System/Library/Frameworks/OpenDirectory.framework/Versions/A/OpenDirectory
0x00000000032e2000 	/System/Library/PrivateFrameworks/CommonAuth.framework/Versions/A/CommonAuth
0x00000000032e2000 	/System/Library/Frameworks/OpenDirectory.framework/Versions/A/Frameworks/CFOpenDirectory.framework/Versions/A/CFOpenDirectory
0x00000000032e2000 	/System/Library/Frameworks/SecurityFoundation.framework/Versions/A/SecurityFoundation
0x00000000032e2000 	/System/Library/PrivateFrameworks/LanguageModeling.framework/Versions/A/LanguageModeling
0x00000000032e2000 	/usr/lib/libcmph.dylib
0x00000000032e2000 	/System/Library/Frameworks/ServiceManagement.framework/Versions/A/ServiceManagement
0x00000000032e2000 	/usr/lib/libxslt.1.dylib
0x00000000032e2000 	/System/Library/Frameworks/Carbon.framework/Versions/A/Frameworks/Ink.framework/Versions/A/Ink
0x00000000032e2000 	/System/Library/Frameworks/QuartzCore.framework/Versions/A/Frameworks/CoreImage.framework/Versions/A/CoreImage
0x00000000032e2000 	/System/Library/PrivateFrameworks/CrashReporterSupport.framework/Versions/A/CrashReporterSupport
0x00000000032e2000 	/System/Library/Frameworks/OpenCL.framework/Versions/A/OpenCL
0x00000000032e2000 	/System/Library/PrivateFrameworks/FaceCore.framework/Versions/A/FaceCore
0x00000000032e2000 	/System/Library/PrivateFrameworks/Ubiquity.framework/Versions/A/Ubiquity
0x00000000032e2000 	/System/Library/PrivateFrameworks/IconServices.framework/Versions/A/IconServices
0x00000000032e2000 	/System/Library/PrivateFrameworks/ChunkingLibrary.framework/Versions/A/ChunkingLibrary
0x00000000032e2000 	/System/Library/PrivateFrameworks/Apple80211.framework/Versions/A/Apple80211
0x00000000032e2000 	/System/Library/Frameworks/CoreWLAN.framework/Versions/A/CoreWLAN
0x00000000032e2000 	/System/Library/Frameworks/IOBluetooth.framework/Versions/A/IOBluetooth
0x00000000032e2000 	/System/Library/PrivateFrameworks/CoreWiFi.framework/Versions/A/CoreWiFi
0x00000000032e2000 	/System/Library/Frameworks/CoreBluetooth.framework/Versions/A/CoreBluetooth
0x00000000032e2000 	/System/Library/PrivateFrameworks/DebugSymbols.framework/Versions/A/DebugSymbols
0x00000000032e2000 	/System/Library/PrivateFrameworks/CoreSymbolication.framework/Versions/A/CoreSymbolication
0x00000000032e2000 	/System/Library/PrivateFrameworks/Symbolication.framework/Versions/A/Symbolication
0x00000000032e2000 	/System/Library/PrivateFrameworks/SpeechRecognitionCore.framework/Versions/A/SpeechRecognitionCore
0x000000010d800000 	/Library/Java/JavaVirtualMachines/jdk1.8.0_71.jdk/Contents/Home/jre/lib/server/libjvm.dylib
0x00000000032e2000 	/usr/lib/libstdc++.6.dylib
0x000000010cf05000 	/Library/Java/JavaVirtualMachines/jdk1.8.0_71.jdk/Contents/Home/jre/lib/libverify.dylib
0x000000010cf13000 	/Library/Java/JavaVirtualMachines/jdk1.8.0_71.jdk/Contents/Home/jre/lib/libjava.dylib
0x000000010cf52000 	/Library/Java/JavaVirtualMachines/jdk1.8.0_71.jdk/Contents/Home/jre/lib/libzip.dylib
0x0000000122309000 	/System/Library/Frameworks/JavaVM.framework/Frameworks/JavaRuntimeSupport.framework/JavaRuntimeSupport
0x0000000122321000 	/System/Library/Frameworks/JavaVM.framework/Versions/A/Frameworks/JavaNativeFoundation.framework/Versions/A/JavaNativeFoundation
0x000000010cff3000 	/System/Library/Frameworks/JavaVM.framework/Versions/A/JavaVM
0x00000000032e2000 	/System/Library/Frameworks/Carbon.framework/Versions/A/Carbon
0x0000000122336000 	/System/Library/PrivateFrameworks/JavaLaunching.framework/Versions/A/JavaLaunching
0x00000000032e2000 	/System/Library/Frameworks/Carbon.framework/Versions/A/Frameworks/CommonPanels.framework/Versions/A/CommonPanels
0x00000000032e2000 	/System/Library/Frameworks/Carbon.framework/Versions/A/Frameworks/Help.framework/Versions/A/Help
0x00000000032e2000 	/System/Library/Frameworks/Carbon.framework/Versions/A/Frameworks/ImageCapture.framework/Versions/A/ImageCapture
0x00000000032e2000 	/System/Library/Frameworks/Carbon.framework/Versions/A/Frameworks/OpenScripting.framework/Versions/A/OpenScripting
0x00000000032e2000 	/System/Library/Frameworks/Carbon.framework/Versions/A/Frameworks/Print.framework/Versions/A/Print
0x00000000032e2000 	/System/Library/Frameworks/Carbon.framework/Versions/A/Frameworks/SecurityHI.framework/Versions/A/SecurityHI
0x000000012426d000 	/Library/Java/JavaVirtualMachines/jdk1.8.0_71.jdk/Contents/Home/jre/lib/libawt.dylib
0x0000000124315000 	/Library/Java/JavaVirtualMachines/jdk1.8.0_71.jdk/Contents/Home/jre/lib/./libmlib_image.dylib
0x00000001243e1000 	/Library/Java/JavaVirtualMachines/jdk1.8.0_71.jdk/Contents/Home/jre/lib/libawt_lwawt.dylib
0x0000000124496000 	/Library/Java/JavaVirtualMachines/jdk1.8.0_71.jdk/Contents/Home/jre/lib/./libosxapp.dylib
0x00000000032e2000 	/System/Library/Frameworks/ExceptionHandling.framework/Versions/A/ExceptionHandling
0x00000000032e2000 	/System/Library/PrivateFrameworks/CoreServicesInternal.framework/Versions/A/CoreServicesInternal
0x00000000032e2000 	/System/Library/PrivateFrameworks/CloudDocs.framework/Versions/A/CloudDocs
0x00000000032e2000 	/System/Library/PrivateFrameworks/CoreDuet.framework/Versions/A/CoreDuet
0x00000000032e2000 	/System/Library/Frameworks/CloudKit.framework/Versions/A/CloudKit
0x00000000032e2000 	/System/Library/PrivateFrameworks/ProtocolBuffer.framework/Versions/A/ProtocolBuffer
0x00000000032e2000 	/System/Library/PrivateFrameworks/CoreDuetDaemonProtocol.framework/Versions/A/CoreDuetDaemonProtocol
0x00000000032e2000 	/System/Library/PrivateFrameworks/CoreDuetDebugLogging.framework/Versions/A/CoreDuetDebugLogging
0x00000000032e2000 	/System/Library/PrivateFrameworks/MMCS.framework/Versions/A/MMCS
0x00000000032e2000 	/System/Library/Frameworks/CoreLocation.framework/Versions/A/CoreLocation
0x00000000032e2000 	/System/Library/PrivateFrameworks/ProtectedCloudStorage.framework/Versions/A/ProtectedCloudStorage
0x00000000032e2000 	/System/Library/PrivateFrameworks/GeoServices.framework/Versions/A/GeoServices
0x00000000032e2000 	/System/Library/Frameworks/CoreGraphics.framework/Versions/A/Resources/libCGCMS.A.dylib
0x00000000032e2000 	/System/Library/Frameworks/CoreGraphics.framework/Versions/A/Resources/libRIP.A.dylib
0x00000000032e2000 	/System/Library/Frameworks/CoreGraphics.framework/Versions/A/Resources/libCGXType.A.dylib
0x00000000032e2000 	/System/Library/Frameworks/OpenCL.framework/Versions/A/Libraries/libcldcpuengine.dylib
0x00000000032e2000 	/System/Library/PrivateFrameworks/DiskImages.framework/Versions/A/DiskImages
0x00000000032e2000 	/System/Library/Frameworks/DiscRecording.framework/Versions/A/DiscRecording
0x00000000032e2000 	/usr/lib/libcsfde.dylib
0x00000000032e2000 	/usr/lib/libcurl.4.dylib
0x00000000032e2000 	/System/Library/PrivateFrameworks/MediaKit.framework/Versions/A/MediaKit
0x00000000032e2000 	/usr/lib/libCoreStorage.dylib
0x00000000032e2000 	/System/Library/PrivateFrameworks/EFILogin.framework/Versions/A/EFILogin
0x00000000032e2000 	/usr/lib/libutil.dylib
0x00000000032e2000 	/System/Library/PrivateFrameworks/FindMyDevice.framework/Versions/A/FindMyDevice
0x00000000032e2000 	/System/Library/Frameworks/LDAP.framework/Versions/A/LDAP
0x00000000032e2000 	/usr/lib/libsasl2.2.dylib
0x00000000032e2000 	/System/Library/PrivateFrameworks/CoreDaemon.framework/Versions/B/CoreDaemon
0x00000000032e2000 	/usr/lib/libcrypto.0.9.8.dylib
0x00000000032e2000 	/System/Library/PrivateFrameworks/AppleSRP.framework/Versions/A/AppleSRP
0x00000000032e2000 	/System/Library/PrivateFrameworks/TrustEvaluationAgent.framework/Versions/A/TrustEvaluationAgent
0x0000000124d22000 	cl_kernels
0x000000012778f000 	/System/Library/Frameworks/OpenCL.framework/Versions/A/Libraries/ImageFormats/unorm8_bgra.dylib
0x0000000124d27000 	cl_kernels
0x00000000032e2000 	/System/Library/PrivateFrameworks/FamilyControls.framework/Versions/A/FamilyControls
0x00000000032e2000 	/System/Library/PrivateFrameworks/CommerceKit.framework/Versions/A/Frameworks/CommerceCore.framework/Versions/A/CommerceCore
0x00000000032e2000 	/System/Library/PrivateFrameworks/SystemAdministration.framework/Versions/A/SystemAdministration
0x00000000032e2000 	/System/Library/PrivateFrameworks/AppContainer.framework/Versions/A/AppContainer
0x00000000032e2000 	/System/Library/PrivateFrameworks/SecCodeWrapper.framework/Versions/A/SecCodeWrapper
0x00000000032e2000 	/System/Library/Frameworks/DirectoryService.framework/Versions/A/DirectoryService
0x00000000032e2000 	/System/Library/PrivateFrameworks/LoginUIKit.framework/Versions/A/Frameworks/LoginUICore.framework/Versions/A/LoginUICore
0x00000000032e2000 	/usr/lib/libodfde.dylib
0x00000000032e2000 	/System/Library/Frameworks/OpenGL.framework/Versions/A/Resources/GLEngine.bundle/GLEngine
0x00000000032e2000 	/System/Library/Frameworks/OpenGL.framework/Versions/A/Libraries/libGLProgrammability.dylib
0x0000000128bff000 	/System/Library/Extensions/AppleIntelHD5000GraphicsGLDriver.bundle/Contents/MacOS/AppleIntelHD5000GraphicsGLDriver
0x00000000032e2000 	/System/Library/PrivateFrameworks/IOAccelerator.framework/Versions/A/IOAccelerator
0x00000000032e2000 	/System/Library/PrivateFrameworks/GPUSupport.framework/Versions/A/Libraries/libGPUSupportMercury.dylib
0x00000000032e2000 	/System/Library/Frameworks/OpenGL.framework/Versions/A/Resources/GLRendererFloat.bundle/GLRendererFloat
0x000000012a0a7000 	/Library/Java/JavaVirtualMachines/jdk1.8.0_71.jdk/Contents/Home/jre/lib/libfontmanager.dylib
0x000000012b2ea000 	/Library/Java/JavaVirtualMachines/jdk1.8.0_71.jdk/Contents/Home/jre/lib/libosxui.dylib
0x000000012b3b9000 	/Library/Java/JavaVirtualMachines/jdk1.8.0_71.jdk/Contents/Home/jre/lib/libnet.dylib
0x000000012b306000 	/Library/Java/JavaVirtualMachines/jdk1.8.0_71.jdk/Contents/Home/jre/lib/libnio.dylib
0x00000000032e2000 	/System/Library/Frameworks/ApplicationServices.framework/Versions/A/Frameworks/ATS.framework/Versions/A/Resources/libTrueTypeScaler.dylib
0x0000000178513000 	/private/var/folders/s4/ngcr_7ss02bdrtqp5hllhg2r0000gn/T/jogamp_0000/file_cache/jln2525138662590465364/jln4421444787184729030/libgluegen-rt.jnilib
0x0000000178517000 	/private/var/folders/s4/ngcr_7ss02bdrtqp5hllhg2r0000gn/T/jogamp_0000/file_cache/jln2525138662590465364/jln4421444787184729030/libnativewindow_awt.jnilib
0x000000017851a000 	/Library/Java/JavaVirtualMachines/jdk1.8.0_71.jdk/Contents/Home/jre/lib/libjawt.dylib
0x000000017851d000 	/private/var/folders/s4/ngcr_7ss02bdrtqp5hllhg2r0000gn/T/jogamp_0000/file_cache/jln2525138662590465364/jln4421444787184729030/libnativewindow_macosx.jnilib
0x000000017a37f000 	/private/var/folders/s4/ngcr_7ss02bdrtqp5hllhg2r0000gn/T/jogamp_0000/file_cache/jln2525138662590465364/jln4421444787184729030/libjogl_desktop.jnilib
0x00000001804fa000 	/Library/Java/JavaVirtualMachines/jdk1.8.0_71.jdk/Contents/Home/jre/lib/libt2k.dylib
0x0000000180547000 	/Library/Java/JavaVirtualMachines/jdk1.8.0_71.jdk/Contents/Home/jre/lib/libjpeg.dylib

VM Arguments:
jvm_args: -Djava.security.policy=java.policy.applet -Dfile.encoding=UTF-8 
java_command: sun.applet.AppletViewer module1.YelpDataSet1463355352713.html
java_class_path (initial): /Users/gsingh/Documents/workspace/YelpDataSet/bin:/Users/gsingh/Documents/workspace/YelpDataSet/libs/core.jar:/Users/gsingh/Documents/workspace/YelpDataSet/libs/gluegen-rt.jar:/Users/gsingh/Documents/workspace/YelpDataSet/libs/jogl-all.jar:/Users/gsingh/Documents/workspace/YelpDataSet/libs/json4processing.jar:/Users/gsingh/Documents/workspace/YelpDataSet/libs/libTUIO.jar:/Users/gsingh/Documents/workspace/YelpDataSet/libs/log4j-1.2.15.jar:/Users/gsingh/Documents/workspace/YelpDataSet/libs/sqlite-jdbc-3.7.2.jar:/Users/gsingh/Documents/workspace/YelpDataSet/libs/unfolding.0.9.6.jar
Launcher Type: SUN_STANDARD

Environment Variables:
PATH=/usr/bin:/bin:/usr/sbin:/sbin
SHELL=/bin/bash
DISPLAY=/private/tmp/com.apple.launchd.2mpiTaXw1A/org.macosforge.xquartz:0

Signal Handlers:
SIGSEGV: [libjvm.dylib+0x5a68c5], sa_mask[0]=11111111011111110111111111111111, sa_flags=SA_ONSTACK|SA_RESTART|SA_SIGINFO
SIGBUS: [libjvm.dylib+0x5a68c5], sa_mask[0]=11111111011111110111111111111111, sa_flags=SA_RESTART|SA_SIGINFO
SIGFPE: [libjvm.dylib+0x4805d4], sa_mask[0]=11111111011111110111111111111111, sa_flags=SA_RESTART|SA_SIGINFO
SIGPIPE: [libjvm.dylib+0x4805d4], sa_mask[0]=11111111011111110111111111111111, sa_flags=SA_RESTART|SA_SIGINFO
SIGXFSZ: [libjvm.dylib+0x4805d4], sa_mask[0]=11111111011111110111111111111111, sa_flags=SA_RESTART|SA_SIGINFO
SIGILL: [libjvm.dylib+0x4805d4], sa_mask[0]=11111111011111110111111111111111, sa_flags=SA_RESTART|SA_SIGINFO
SIGUSR1: SIG_DFL, sa_mask[0]=00000000000000000000000000000000, sa_flags=none
SIGUSR2: [libjvm.dylib+0x4800f2], sa_mask[0]=00100000000000000000000000000000, sa_flags=SA_RESTART|SA_SIGINFO
SIGHUP: [libjvm.dylib+0x47e6c9], sa_mask[0]=11111111011111110111111111111111, sa_flags=SA_RESTART|SA_SIGINFO
SIGINT: [libjvm.dylib+0x47e6c9], sa_mask[0]=11111111011111110111111111111111, sa_flags=SA_RESTART|SA_SIGINFO
SIGTERM: [libjvm.dylib+0x47e6c9], sa_mask[0]=11111111011111110111111111111111, sa_flags=SA_RESTART|SA_SIGINFO
SIGQUIT: [libjvm.dylib+0x47e6c9], sa_mask[0]=11111111011111110111111111111111, sa_flags=SA_RESTART|SA_SIGINFO


---------------  S Y S T E M  ---------------

OS:Bsduname:Darwin 14.5.0 Darwin Kernel Version 14.5.0: Tue Sep  1 21:23:09 PDT 2015; root:xnu-2782.50.1~1/RELEASE_X86_64 x86_64
rlimit: STACK 8192k, CORE 0k, NPROC 709, NOFILE 10240, AS infinity
load average:4.39 2.91 2.72

CPU:total 4 (2 cores per cpu, 2 threads per core) family 6 model 69 stepping 1, cmov, cx8, fxsr, mmx, sse, sse2, sse3, ssse3, sse4.1, sse4.2, popcnt, avx, avx2, aes, clmul, erms, lzcnt, ht, tsc, tscinvbit, bmi1, bmi2

Memory: 4k page, physical 4194304k(206804k free)

/proc/meminfo:


vm_info: Java HotSpot(TM) 64-Bit Server VM (25.71-b15) for bsd-amd64 JRE (1.8.0_71-b15), built on Dec 22 2015 15:11:44 by "java_re" with gcc 4.2.1 (Based on Apple Inc. build 5658) (LLVM build 2336.11.00)

time: Sun May 15 19:37:09 2016
elapsed time: 76 seconds (0d 0h 1m 16s)

