#
# A fatal error has been detected by the Java Runtime Environment:
#
#  SIGSEGV (0xb) at pc=0x00007fff8afd20dd, pid=76517, tid=1811
#
# JRE version: Java(TM) SE Runtime Environment (8.0_71-b15) (build 1.8.0_71-b15)
# Java VM: Java HotSpot(TM) 64-Bit Server VM (25.71-b15 mixed mode bsd-amd64 compressed oops)
# Problematic frame:
# C  [libobjc.A.dylib+0x10dd]  objc_msgSend+0x1d
#
# Failed to write core dump. Core dumps have been disabled. To enable core dumping, try "ulimit -c unlimited" before starting Java again
#
# If you would like to submit a bug report, please visit:
#   http://bugreport.java.com/bugreport/crash.jsp
# The crash happened outside the Java Virtual Machine in native code.
# See problematic frame for where to report the bug.
#

---------------  T H R E A D  ---------------

Current thread (0x00007fb6909a5800):  JavaThread "AWT-AppKit" daemon [_thread_in_native, id=1811, stack(0x00007fff56006000,0x00007fff56806000)]

siginfo: si_signo: 11 (SIGSEGV), si_code: 1 (SEGV_MAPERR), si_addr: 0x0000000000000018

Registers:
RAX=0x00007fb69524e8b0, RBX=0x0000000174a753b0, RCX=0x00000001751bbe80, RDX=0x00000001751bb3e0
RSP=0x00007fff56801488, RBP=0x00007fff56801540, RSI=0x00007fff8635640f, RDI=0x00007fb69524cec0
R8 =0x0000000000000000, R9 =0x0000000000000f50, R10=0x00007fff8635640f, R11=0x0000000000000000
R12=0x0000000000000000, R13=0x0000000176313d90, R14=0x0000000174a753a0, R15=0x00007fb6909a5800
RIP=0x00007fff8afd20dd, EFLAGS=0x0000000000010246, ERR=0x0000000000000004
  TRAPNO=0x000000000000000e

Top of Stack: (sp=0x00007fff56801488)
0x00007fff56801488:   0000000174a735d7 00007fff568014e0
0x00007fff56801498:   0000000000000003 00007fff568014c0
0x00007fff568014a8:   0000000109ff0d66 0000000176313d90
0x00007fff568014b8:   0000000176313d90 00007fb69524e8b0
0x00007fff568014c8:   0000000174a755c0 0000000174a75640
0x00007fff568014d8:   0000000174a753b0 00007fff7464d550
0x00007fff568014e8:   0000000174a755d0 00007fff757fec80
0x00007fff568014f8:   00007fb69524e8b0 00007fb69524cec0
0x00007fff56801508:   00007fb69056f4d0 00007fb69524e8b0
0x00007fff56801518:   00007fb69524cec0 00007fff568015c8
0x00007fff56801528:   00007fb6909a59f8 0000000176313d90
0x00007fff56801538:   00007fff568015f0 00007fff568015b8
0x00007fff56801548:   000000010aea7954 0000000176313d90
0x00007fff56801558:   00007fff568015f0 00007fff568015b8
0x00007fff56801568:   000000010aea76e7 000000010aea76a2
0x00007fff56801578:   00007fff56801578 0000000176313d90
0x00007fff56801588:   00007fff568015f0 0000000176316580
0x00007fff56801598:   0000000000000000 0000000176313d90
0x00007fff568015a8:   0000000000000000 00007fff568015d8
0x00007fff568015b8:   00007fff56801638 000000010ae99c4d
0x00007fff568015c8:   00000007acc725e0 000000010aea1578
0x00007fff568015d8:   00007fb69524e8b0 00007fff56801638
0x00007fff568015e8:   00007fb69524cec0 000000010aea2d82
0x00007fff568015f8:   00007fff568015f8 0000000176313f5a
0x00007fff56801608:   00007fff56801660 0000000176316580
0x00007fff56801618:   0000000000000000 0000000176313f68
0x00007fff56801628:   00007fff568015d8 00007fff56801648
0x00007fff56801638:   00007fff568016a8 000000010ae99c4d
0x00007fff56801648:   00007fb69524e8b0 0000000780a56350
0x00007fff56801658:   00007fb69524cec0 0000000780a56350
0x00007fff56801668:   00007fff56801668 000000017b216146
0x00007fff56801678:   00007fff568016b8 000000017b216200 

Instructions: (pc=0x00007fff8afd20dd)
0x00007fff8afd20bd:   00 00 00 48 85 ff 2e 74 7a 40 f6 c7 01 2e 75 7e
0x00007fff8afd20cd:   49 bb f8 ff ff ff ff 7f 00 00 4c 23 1f 49 89 f2
0x00007fff8afd20dd:   45 23 53 18 49 c1 e2 04 4d 03 53 10 49 3b 32 75
0x00007fff8afd20ed:   04 41 ff 62 08 49 83 3a 00 74 6a 4d 3b 53 10 74 

Register to memory mapping:

RAX=0x00007fb69524e8b0 is an unknown value
RBX=0x0000000174a753b0: Java_jogamp_nativewindow_macosx_OSXUtil_GetScreenRefreshRate0+0x1850 in /private/var/folders/s4/ngcr_7ss02bdrtqp5hllhg2r0000gn/T/jogamp_0000/file_cache/jln7625871188333063295/jln3245088272205756671/libnativewindow_macosx.jnilib at 0x0000000174a6e000
RCX=0x00000001751bbe80 is an unknown value
RDX=0x00000001751bb3e0 is an unknown value
RSP=0x00007fff56801488 is pointing into the stack for thread: 0x00007fb6909a5800
RBP=0x00007fff56801540 is pointing into the stack for thread: 0x00007fb6909a5800
RSI=0x00007fff8635640f is an unknown value
RDI=0x00007fb69524cec0 is an unknown value
R8 =0x0000000000000000 is an unknown value
R9 =0x0000000000000f50 is an unknown value
R10=0x00007fff8635640f is an unknown value
R11=0x0000000000000000 is an unknown value
R12=0x0000000000000000 is an unknown value
R13={method} {0x0000000176313d90} 'UnsetJAWTRootSurfaceLayer0' '(JJ)V' in 'jogamp/nativewindow/jawt/macosx/MacOSXJAWTWindow'
R14=0x0000000174a753a0: Java_jogamp_nativewindow_macosx_OSXUtil_GetScreenRefreshRate0+0x1840 in /private/var/folders/s4/ngcr_7ss02bdrtqp5hllhg2r0000gn/T/jogamp_0000/file_cache/jln7625871188333063295/jln3245088272205756671/libnativewindow_macosx.jnilib at 0x0000000174a6e000
R15=0x00007fb6909a5800 is a thread


Stack: [0x00007fff56006000,0x00007fff56806000],  sp=0x00007fff56801488,  free space=8173k
Native frames: (J=compiled Java code, j=interpreted, Vv=VM code, C=native code)
C  [libobjc.A.dylib+0x10dd]  objc_msgSend+0x1d
j  jogamp.nativewindow.jawt.macosx.MacOSXJAWTWindow.UnsetJAWTRootSurfaceLayer0(JJ)V+0
j  jogamp.nativewindow.jawt.macosx.MacOSXJAWTWindow.access$200(JJ)V+2
j  jogamp.nativewindow.jawt.macosx.MacOSXJAWTWindow$1.run()V+38
J 1764 C1 com.jogamp.common.util.RunnableTask.run()V (345 bytes) @ 0x000000010b43e1d4 [0x000000010b43e040+0x194]
v  ~StubRoutines::call_stub
V  [libjvm.dylib+0x2ea59a]
V  [libjvm.dylib+0x3216a3]
V  [libjvm.dylib+0x313e77]
C  [libnativewindow_macosx.jnilib+0x57ae]  Java_jogamp_nativewindow_jawt_macosx_MacOSXJAWTWindow_UnsetJAWTRootSurfaceLayer0+0x2be
C  [Foundation+0x92dd0]  __NSThreadPerformPerform+0x125
C  [CoreFoundation+0x80a01]  __CFRUNLOOP_IS_CALLING_OUT_TO_A_SOURCE0_PERFORM_FUNCTION__+0x11
C  [CoreFoundation+0x72c5c]  __CFRunLoopDoSources0+0x1dc
C  [CoreFoundation+0x721bf]  __CFRunLoopRun+0x39f
C  [CoreFoundation+0x71bd8]  CFRunLoopRunSpecific+0x128
C  [HIToolbox+0x3256f]  RunCurrentEventLoopInMode+0xeb
C  [HIToolbox+0x321ee]  ReceiveNextEventCommon+0xb3
C  [HIToolbox+0x3212b]  _BlockUntilNextEventMatchingListInModeWithFilter+0x47
C  [AppKit+0x918ab]  _DPSNextEvent+0x3d2
C  [AppKit+0x90e58]  -[NSApplication nextEventMatchingMask:untilDate:inMode:dequeue:]+0x15a
C  [libosxapp.dylib+0x23aa]  -[NSApplicationAWT nextEventMatchingMask:untilDate:inMode:dequeue:]+0x7c
C  [AppKit+0x86af3]  -[NSApplication run]+0x252
C  [libosxapp.dylib+0x214d]  +[NSApplicationAWT runAWTLoopWithApp:]+0x9c
C  [libawt_lwawt.dylib+0x4455b]  -[AWTStarter starter:]+0x389
C  [Foundation+0x92dd0]  __NSThreadPerformPerform+0x125
C  [CoreFoundation+0x80a01]  __CFRUNLOOP_IS_CALLING_OUT_TO_A_SOURCE0_PERFORM_FUNCTION__+0x11
C  [CoreFoundation+0x72b8d]  __CFRunLoopDoSources0+0x10d
C  [CoreFoundation+0x721bf]  __CFRunLoopRun+0x39f
C  [CoreFoundation+0x71bd8]  CFRunLoopRunSpecific+0x128
C  [java+0x6463]  CreateExecutionEnvironment+0x367
C  [java+0x21ac]  JLI_Launch+0x7a0
C  [java+0x84c0]  main+0x65
C  [java+0x1a04]  start+0x34
C  0x0000000000000007

Java frames: (J=compiled Java code, j=interpreted, Vv=VM code)
j  jogamp.nativewindow.jawt.macosx.MacOSXJAWTWindow.UnsetJAWTRootSurfaceLayer0(JJ)V+0
j  jogamp.nativewindow.jawt.macosx.MacOSXJAWTWindow.access$200(JJ)V+2
j  jogamp.nativewindow.jawt.macosx.MacOSXJAWTWindow$1.run()V+38
J 1764 C1 com.jogamp.common.util.RunnableTask.run()V (345 bytes) @ 0x000000010b43e1d4 [0x000000010b43e040+0x194]
v  ~StubRoutines::call_stub

---------------  P R O C E S S  ---------------

Java Threads: ( => current thread )
  0x00007fb6924ef000 JavaThread "Thread-27" [_thread_blocked, id=60715, stack(0x000000017bf7a000,0x000000017c07a000)]
  0x00007fb691a57000 JavaThread "Image Fetcher 3" daemon [_thread_blocked, id=65283, stack(0x000000017b7ee000,0x000000017b8ee000)]
  0x00007fb691a56000 JavaThread "Image Fetcher 2" daemon [_thread_blocked, id=64771, stack(0x000000017b6eb000,0x000000017b7eb000)]
  0x00007fb69183a800 JavaThread "Image Fetcher 1" daemon [_thread_blocked, id=64259, stack(0x000000017b5e8000,0x000000017b6e8000)]
  0x00007fb691839800 JavaThread "Image Fetcher 0" daemon [_thread_blocked, id=63747, stack(0x000000017b467000,0x000000017b567000)]
  0x00007fb691839000 JavaThread "Keep-Alive-Timer" daemon [_thread_blocked, id=63503, stack(0x000000017b364000,0x000000017b464000)]
  0x00007fb6921b5800 JavaThread "Animation Thread" [_thread_blocked, id=56347, stack(0x0000000174c3d000,0x0000000174d3d000)]
  0x00007fb692197000 JavaThread "AWT-EventQueue-1" [_thread_in_native, id=56607, stack(0x00000001750b9000,0x00000001751b9000)]
  0x00007fb692197800 JavaThread "DestroyJavaVM" [_thread_blocked, id=4867, stack(0x000000010ad90000,0x000000010ae90000)]
  0x00007fb691236800 JavaThread "AWT-EventQueue-0" [_thread_blocked, id=54275, stack(0x000000012773d000,0x000000012783d000)]
  0x00007fb690a6d000 JavaThread "Java2D Disposer" daemon [_thread_blocked, id=50967, stack(0x000000012608b000,0x000000012618b000)]
  0x00007fb6918dd800 JavaThread "Java2D Queue Flusher" daemon [_thread_blocked, id=49415, stack(0x000000012500d000,0x000000012510d000)]
  0x00007fb6918c7800 JavaThread "AWT-Shutdown" [_thread_blocked, id=27923, stack(0x000000012262b000,0x000000012272b000)]
=>0x00007fb6909a5800 JavaThread "AWT-AppKit" daemon [_thread_in_native, id=1811, stack(0x00007fff56006000,0x00007fff56806000)]
  0x00007fb691801800 JavaThread "Service Thread" daemon [_thread_blocked, id=18179, stack(0x000000012063d000,0x000000012073d000)]
  0x00007fb691062800 JavaThread "C1 CompilerThread2" daemon [_thread_blocked, id=17667, stack(0x000000012053a000,0x000000012063a000)]
  0x00007fb69100b800 JavaThread "C2 CompilerThread1" daemon [_thread_blocked, id=17155, stack(0x0000000120437000,0x0000000120537000)]
  0x00007fb691039800 JavaThread "C2 CompilerThread0" daemon [_thread_blocked, id=16643, stack(0x0000000120334000,0x0000000120434000)]
  0x00007fb692006800 JavaThread "Signal Dispatcher" daemon [_thread_blocked, id=13335, stack(0x0000000120231000,0x0000000120331000)]
  0x00007fb69083a000 JavaThread "Finalizer" daemon [_thread_blocked, id=11523, stack(0x000000011e807000,0x000000011e907000)]
  0x00007fb690839800 JavaThread "Reference Handler" daemon [_thread_blocked, id=11011, stack(0x000000011e704000,0x000000011e804000)]

Other Threads:
  0x00007fb690838800 VMThread [stack: 0x000000011e601000,0x000000011e701000] [id=10499]
  0x00007fb690854000 WatcherThread [stack: 0x0000000120740000,0x0000000120840000] [id=18691]

VM state:not at safepoint (normal execution)

VM Mutex/Monitor currently owned by a thread: None

Heap:
 PSYoungGen      total 35328K, used 12083K [0x00000007aab00000, 0x00000007afc00000, 0x00000007c0000000)
  eden space 32768K, 29% used [0x00000007aab00000,0x00000007ab450f68,0x00000007acb00000)
  from space 2560K, 99% used [0x00000007acb00000,0x00000007acd7c060,0x00000007acd80000)
  to   space 8704K, 0% used [0x00000007af380000,0x00000007af380000,0x00000007afc00000)
 ParOldGen       total 44032K, used 15008K [0x0000000780000000, 0x0000000782b00000, 0x00000007aab00000)
  object space 44032K, 34% used [0x0000000780000000,0x0000000780ea8230,0x0000000782b00000)
 Metaspace       used 18878K, capacity 19105K, committed 19456K, reserved 1067008K
  class space    used 1874K, capacity 1949K, committed 2048K, reserved 1048576K

Card table byte_map: [0x000000011a252000,0x000000011a453000] byte_map_base: 0x0000000116652000

Marking Bits: (ParMarkBitMap*) 0x000000010a6e3ea0
 Begin Bits: [0x000000011a9b5000, 0x000000011b9b5000)
 End Bits:   [0x000000011b9b5000, 0x000000011c9b5000)

Polling page: 0x0000000109553000

CodeCache: size=245760Kb used=6245Kb max_used=6258Kb free=239514Kb
 bounds [0x000000010ae92000, 0x000000010b4c2000, 0x0000000119e92000]
 total_blobs=2640 nmethods=1764 adapters=790
 compilation: enabled

Compilation events (10 events):
Event: 10.823 Thread 0x00007fb691062800 1880       3       sun.lwawt.LWWindowPeer::getLocationOnScreen (10 bytes)
Event: 10.824 Thread 0x00007fb691062800 nmethod 1880 0x000000010b4a9d50 code [0x000000010b4a9ee0, 0x000000010b4aa270]
Event: 10.828 Thread 0x00007fb691062800 1881   !   3       sun.lwawt.LWComponentPeer::isShowing (49 bytes)
Event: 10.829 Thread 0x00007fb691062800 nmethod 1881 0x000000010b4b00d0 code [0x000000010b4b0280, 0x000000010b4b0b68]
Event: 10.836 Thread 0x00007fb691039800 1882  s    4       sun.misc.URLClassPath::getNextLoader (88 bytes)
Event: 10.836 Thread 0x00007fb691062800 1883       3       java.util.Stack::empty (13 bytes)
Event: 10.836 Thread 0x00007fb691062800 nmethod 1883 0x000000010b4a9750 code [0x000000010b4a98c0, 0x000000010b4a9c90]
Event: 10.839 Thread 0x00007fb69100b800 1884  s!   4       sun.misc.URLClassPath::getLoader (197 bytes)
Event: 10.847 Thread 0x00007fb691039800 nmethod 1882 0x000000010b4addd0 code [0x000000010b4adf40, 0x000000010b4ae6b8]
Event: 10.848 Thread 0x00007fb69100b800 nmethod 1884 0x000000010b4b5550 code [0x000000010b4b56c0, 0x000000010b4b5e98]

GC Heap History (10 events):
Event: 3.767 GC heap before
{Heap before GC invocations=1 (full 0):
 PSYoungGen      total 18944K, used 16384K [0x00000007aab00000, 0x00000007ac000000, 0x00000007c0000000)
  eden space 16384K, 100% used [0x00000007aab00000,0x00000007abb00000,0x00000007abb00000)
  from space 2560K, 0% used [0x00000007abd80000,0x00000007abd80000,0x00000007ac000000)
  to   space 2560K, 0% used [0x00000007abb00000,0x00000007abb00000,0x00000007abd80000)
 ParOldGen       total 44032K, used 0K [0x0000000780000000, 0x0000000782b00000, 0x00000007aab00000)
  object space 44032K, 0% used [0x0000000780000000,0x0000000780000000,0x0000000782b00000)
 Metaspace       used 11292K, capacity 11460K, committed 11648K, reserved 1058816K
  class space    used 1271K, capacity 1346K, committed 1408K, reserved 1048576K
Event: 3.775 GC heap after
Heap after GC invocations=1 (full 0):
 PSYoungGen      total 18944K, used 2540K [0x00000007aab00000, 0x00000007ac000000, 0x00000007c0000000)
  eden space 16384K, 0% used [0x00000007aab00000,0x00000007aab00000,0x00000007abb00000)
  from space 2560K, 99% used [0x00000007abb00000,0x00000007abd7b160,0x00000007abd80000)
  to   space 2560K, 0% used [0x00000007abd80000,0x00000007abd80000,0x00000007ac000000)
 ParOldGen       total 44032K, used 987K [0x0000000780000000, 0x0000000782b00000, 0x00000007aab00000)
  object space 44032K, 2% used [0x0000000780000000,0x00000007800f6e60,0x0000000782b00000)
 Metaspace       used 11292K, capacity 11460K, committed 11648K, reserved 1058816K
  class space    used 1271K, capacity 1346K, committed 1408K, reserved 1048576K
}
Event: 4.340 GC heap before
{Heap before GC invocations=2 (full 0):
 PSYoungGen      total 18944K, used 18924K [0x00000007aab00000, 0x00000007ac000000, 0x00000007c0000000)
  eden space 16384K, 100% used [0x00000007aab00000,0x00000007abb00000,0x00000007abb00000)
  from space 2560K, 99% used [0x00000007abb00000,0x00000007abd7b160,0x00000007abd80000)
  to   space 2560K, 0% used [0x00000007abd80000,0x00000007abd80000,0x00000007ac000000)
 ParOldGen       total 44032K, used 987K [0x0000000780000000, 0x0000000782b00000, 0x00000007aab00000)
  object space 44032K, 2% used [0x0000000780000000,0x00000007800f6e60,0x0000000782b00000)
 Metaspace       used 15907K, capacity 16087K, committed 16384K, reserved 1064960K
  class space    used 1612K, capacity 1692K, committed 1792K, reserved 1048576K
Event: 4.348 GC heap after
Heap after GC invocations=2 (full 0):
 PSYoungGen      total 18944K, used 2544K [0x00000007aab00000, 0x00000007ac000000, 0x00000007c0000000)
  eden space 16384K, 0% used [0x00000007aab00000,0x00000007aab00000,0x00000007abb00000)
  from space 2560K, 99% used [0x00000007abd80000,0x00000007abffc010,0x00000007ac000000)
  to   space 2560K, 0% used [0x00000007abb00000,0x00000007abb00000,0x00000007abd80000)
 ParOldGen       total 44032K, used 2445K [0x0000000780000000, 0x0000000782b00000, 0x00000007aab00000)
  object space 44032K, 5% used [0x0000000780000000,0x00000007802636e8,0x0000000782b00000)
 Metaspace       used 15907K, capacity 16087K, committed 16384K, reserved 1064960K
  class space    used 1612K, capacity 1692K, committed 1792K, reserved 1048576K
}
Event: 5.394 GC heap before
{Heap before GC invocations=3 (full 0):
 PSYoungGen      total 18944K, used 18928K [0x00000007aab00000, 0x00000007ac000000, 0x00000007c0000000)
  eden space 16384K, 100% used [0x00000007aab00000,0x00000007abb00000,0x00000007abb00000)
  from space 2560K, 99% used [0x00000007abd80000,0x00000007abffc010,0x00000007ac000000)
  to   space 2560K, 0% used [0x00000007abb00000,0x00000007abb00000,0x00000007abd80000)
 ParOldGen       total 44032K, used 2445K [0x0000000780000000, 0x0000000782b00000, 0x00000007aab00000)
  object space 44032K, 5% used [0x0000000780000000,0x00000007802636e8,0x0000000782b00000)
 Metaspace       used 18061K, capacity 18263K, committed 18432K, reserved 1064960K
  class space    used 1845K, capacity 1948K, committed 2048K, reserved 1048576K
Event: 5.416 GC heap after
Heap after GC invocations=3 (full 0):
 PSYoungGen      total 18944K, used 2528K [0x00000007aab00000, 0x00000007ad000000, 0x00000007c0000000)
  eden space 16384K, 0% used [0x00000007aab00000,0x00000007aab00000,0x00000007abb00000)
  from space 2560K, 98% used [0x00000007abb00000,0x00000007abd78080,0x00000007abd80000)
  to   space 2560K, 0% used [0x00000007acd80000,0x00000007acd80000,0x00000007ad000000)
 ParOldGen       total 44032K, used 9736K [0x0000000780000000, 0x0000000782b00000, 0x00000007aab00000)
  object space 44032K, 22% used [0x0000000780000000,0x0000000780982080,0x0000000782b00000)
 Metaspace       used 18061K, capacity 18263K, committed 18432K, reserved 1064960K
  class space    used 1845K, capacity 1948K, committed 2048K, reserved 1048576K
}
Event: 5.695 GC heap before
{Heap before GC invocations=4 (full 0):
 PSYoungGen      total 18944K, used 18912K [0x00000007aab00000, 0x00000007ad000000, 0x00000007c0000000)
  eden space 16384K, 100% used [0x00000007aab00000,0x00000007abb00000,0x00000007abb00000)
  from space 2560K, 98% used [0x00000007abb00000,0x00000007abd78080,0x00000007abd80000)
  to   space 2560K, 0% used [0x00000007acd80000,0x00000007acd80000,0x00000007ad000000)
 ParOldGen       total 44032K, used 9736K [0x0000000780000000, 0x0000000782b00000, 0x00000007aab00000)
  object space 44032K, 22% used [0x0000000780000000,0x0000000780982080,0x0000000782b00000)
 Metaspace       used 18232K, capacity 18391K, committed 18688K, reserved 1067008K
  class space    used 1862K, capacity 1948K, committed 2048K, reserved 1048576K
Event: 5.718 GC heap after
Heap after GC invocations=4 (full 0):
 PSYoungGen      total 35328K, used 2528K [0x00000007aab00000, 0x00000007ad000000, 0x00000007c0000000)
  eden space 32768K, 0% used [0x00000007aab00000,0x00000007aab00000,0x00000007acb00000)
  from space 2560K, 98% used [0x00000007acd80000,0x00000007acff8070,0x00000007ad000000)
  to   space 2560K, 0% used [0x00000007acb00000,0x00000007acb00000,0x00000007acd80000)
 ParOldGen       total 44032K, used 11896K [0x0000000780000000, 0x0000000782b00000, 0x00000007aab00000)
  object space 44032K, 27% used [0x0000000780000000,0x0000000780b9e170,0x0000000782b00000)
 Metaspace       used 18232K, capacity 18391K, committed 18688K, reserved 1067008K
  class space    used 1862K, capacity 1948K, committed 2048K, reserved 1048576K
}
Event: 8.364 GC heap before
{Heap before GC invocations=5 (full 0):
 PSYoungGen      total 35328K, used 35296K [0x00000007aab00000, 0x00000007ad000000, 0x00000007c0000000)
  eden space 32768K, 100% used [0x00000007aab00000,0x00000007acb00000,0x00000007acb00000)
  from space 2560K, 98% used [0x00000007acd80000,0x00000007acff8070,0x00000007ad000000)
  to   space 2560K, 0% used [0x00000007acb00000,0x00000007acb00000,0x00000007acd80000)
 ParOldGen       total 44032K, used 11896K [0x0000000780000000, 0x0000000782b00000, 0x00000007aab00000)
  object space 44032K, 27% used [0x0000000780000000,0x0000000780b9e170,0x0000000782b00000)
 Metaspace       used 18653K, capacity 18913K, committed 19200K, reserved 1067008K
  class space    used 1866K, capacity 1949K, committed 2048K, reserved 1048576K
Event: 8.376 GC heap after
Heap after GC invocations=5 (full 0):
 PSYoungGen      total 35328K, used 2544K [0x00000007aab00000, 0x00000007afc00000, 0x00000007c0000000)
  eden space 32768K, 0% used [0x00000007aab00000,0x00000007aab00000,0x00000007acb00000)
  from space 2560K, 99% used [0x00000007acb00000,0x00000007acd7c060,0x00000007acd80000)
  to   space 8704K, 0% used [0x00000007af380000,0x00000007af380000,0x00000007afc00000)
 ParOldGen       total 44032K, used 15008K [0x0000000780000000, 0x0000000782b00000, 0x00000007aab00000)
  object space 44032K, 34% used [0x0000000780000000,0x0000000780ea8230,0x0000000782b00000)
 Metaspace       used 18653K, capacity 18913K, committed 19200K, reserved 1067008K
  class space    used 1866K, capacity 1949K, committed 2048K, reserved 1048576K
}

Deoptimization events (6 events):
Event: 3.524 Thread 0x00007fb691321000 Uncommon trap: reason=unstable_if action=reinterpret pc=0x000000010b065180 method=java.lang.String.toLowerCase(Ljava/util/Locale;)Ljava/lang/String; @ 85
Event: 3.812 Thread 0x00007fb6921b5800 Uncommon trap: reason=unstable_if action=reinterpret pc=0x000000010b0f24d4 method=java.lang.String.lastIndexOf([CII[CIII)I @ 66
Event: 3.889 Thread 0x00007fb6921b5800 Uncommon trap: reason=unstable_if action=reinterpret pc=0x000000010b0f5060 method=java.lang.String.indexOf([CII[CIII)I @ 3
Event: 3.889 Thread 0x00007fb6921b5800 Uncommon trap: reason=unstable_if action=reinterpret pc=0x000000010b04e618 method=java.lang.String.indexOf([CII[CIII)I @ 3
Event: 5.037 Thread 0x00007fb692197000 Uncommon trap: reason=unstable_if action=reinterpret pc=0x000000010b041eec method=java.lang.AbstractStringBuilder.append(Ljava/lang/String;)Ljava/lang/AbstractStringBuilder; @ 1
Event: 5.210 Thread 0x00007fb692197000 Uncommon trap: reason=unstable_if action=reinterpret pc=0x000000010b22693c method=com.jogamp.common.util.IntIntHashMap.get(I)I @ 28

Internal exceptions (10 events):
Event: 0.311 Thread 0x00007fb69080b000 Exception <a 'java/lang/NoSuchFieldError': method resolution failed> (0x00000007aad50530) thrown at [/Users/java_re/workspace/8-2-build-macosx-x86_64/jdk8u71/5731/hotspot/src/share/vm/prims/methodHandles.cpp, line 1146]
Event: 0.318 Thread 0x00007fb69080b000 Exception <a 'java/lang/NoSuchFieldError': method resolution failed> (0x00000007aad5dd00) thrown at [/Users/java_re/workspace/8-2-build-macosx-x86_64/jdk8u71/5731/hotspot/src/share/vm/prims/methodHandles.cpp, line 1146]
Event: 0.694 Thread 0x00007fb69080b000 Exception <a 'java/io/FileNotFoundException'> (0x00000007aadd9df0) thrown at [/Users/java_re/workspace/8-2-build-macosx-x86_64/jdk8u71/5731/hotspot/src/share/vm/prims/jni.cpp, line 709]
Event: 0.694 Thread 0x00007fb69080b000 Exception <a 'java/io/FileNotFoundException'> (0x00000007aadda938) thrown at [/Users/java_re/workspace/8-2-build-macosx-x86_64/jdk8u71/5731/hotspot/src/share/vm/prims/jni.cpp, line 709]
Event: 0.853 Thread 0x00007fb69080b000 Exception <a 'java/io/FileNotFoundException'> (0x00000007aaec4028) thrown at [/Users/java_re/workspace/8-2-build-macosx-x86_64/jdk8u71/5731/hotspot/src/share/vm/prims/jni.cpp, line 709]
Event: 3.776 Thread 0x00007fb69083a000 Exception <a 'java/lang/NullPointerException'> (0x00000007aab83de8) thrown at [/Users/java_re/workspace/8-2-build-macosx-x86_64/jdk8u71/5731/hotspot/src/share/vm/interpreter/linkResolver.cpp, line 1178]
Event: 3.919 Thread 0x00007fb6921b5800 Exception <a 'java/lang/UnsatisfiedLinkError': com.jogamp.common.util.JarUtil.fixNativeLibAttribs(Ljava/lang/String;)Z> (0x00000007aafa4068) thrown at [/Users/java_re/workspace/8-2-build-macosx-x86_64/jdk8u71/5731/hotspot/src/share/vm/prims/nativeLookup.c
Event: 5.037 Thread 0x00007fb692197000 Exception <a 'java/io/FileNotFoundException'> (0x00000007ab263a40) thrown at [/Users/java_re/workspace/8-2-build-macosx-x86_64/jdk8u71/5731/hotspot/src/share/vm/prims/jni.cpp, line 709]
Event: 5.037 Thread 0x00007fb692197000 Exception <a 'java/io/FileNotFoundException'> (0x00000007ab26ab70) thrown at [/Users/java_re/workspace/8-2-build-macosx-x86_64/jdk8u71/5731/hotspot/src/share/vm/prims/jni.cpp, line 709]
Event: 5.037 Thread 0x00007fb692197000 Implicit null exception at 0x000000010b041b75 to 0x000000010b041ed9

Events (10 events):
Event: 10.841 loading class java/awt/LightweightDispatcher$2 done
Event: 10.841 loading class java/awt/event/AWTEventListenerProxy
Event: 10.841 loading class java/awt/event/AWTEventListenerProxy done
Event: 10.841 loading class java/awt/Toolkit$ToolkitEventMulticaster
Event: 10.841 loading class java/awt/Toolkit$ToolkitEventMulticaster done
Event: 10.843 Thread 0x00007fb6911e2800 Thread exited: 0x00007fb6911e2800
Event: 10.844 loading class java/lang/IllegalThreadStateException
Event: 10.844 loading class java/lang/IllegalThreadStateException done
Event: 10.844 loading class java/awt/Window$1DisposeAction
Event: 10.844 loading class java/awt/Window$1DisposeAction done


Dynamic libraries:
0x00000000032e2000 	/System/Library/Frameworks/Cocoa.framework/Versions/A/Cocoa
0x00000000032e2000 	/System/Library/Frameworks/Security.framework/Versions/A/Security
0x00000000032e2000 	/System/Library/Frameworks/ApplicationServices.framework/Versions/A/ApplicationServices
0x00000000032e2000 	/usr/lib/libz.1.dylib
0x00000000032e2000 	/usr/lib/libSystem.B.dylib
0x00000000032e2000 	/usr/lib/libobjc.A.dylib
0x00000000032e2000 	/System/Library/Frameworks/CoreFoundation.framework/Versions/A/CoreFoundation
0x00000000032e2000 	/System/Library/Frameworks/Foundation.framework/Versions/C/Foundation
0x00000000032e2000 	/System/Library/Frameworks/AppKit.framework/Versions/C/AppKit
0x00000000032e2000 	/System/Library/Frameworks/CoreData.framework/Versions/A/CoreData
0x00000000032e2000 	/System/Library/PrivateFrameworks/RemoteViewServices.framework/Versions/A/RemoteViewServices
0x00000000032e2000 	/System/Library/PrivateFrameworks/UIFoundation.framework/Versions/A/UIFoundation
0x00000000032e2000 	/System/Library/Frameworks/IOSurface.framework/Versions/A/IOSurface
0x00000000032e2000 	/System/Library/Frameworks/AudioToolbox.framework/Versions/A/AudioToolbox
0x00000000032e2000 	/System/Library/Frameworks/AudioUnit.framework/Versions/A/AudioUnit
0x00000000032e2000 	/System/Library/PrivateFrameworks/DataDetectorsCore.framework/Versions/A/DataDetectorsCore
0x00000000032e2000 	/System/Library/PrivateFrameworks/DesktopServicesPriv.framework/Versions/A/DesktopServicesPriv
0x00000000032e2000 	/System/Library/Frameworks/Carbon.framework/Versions/A/Frameworks/HIToolbox.framework/Versions/A/HIToolbox
0x00000000032e2000 	/System/Library/Frameworks/QuartzCore.framework/Versions/A/QuartzCore
0x00000000032e2000 	/System/Library/Frameworks/Carbon.framework/Versions/A/Frameworks/SpeechRecognition.framework/Versions/A/SpeechRecognition
0x00000000032e2000 	/usr/lib/libauto.dylib
0x00000000032e2000 	/usr/lib/libicucore.A.dylib
0x00000000032e2000 	/usr/lib/libxml2.2.dylib
0x00000000032e2000 	/System/Library/PrivateFrameworks/CoreUI.framework/Versions/A/CoreUI
0x00000000032e2000 	/System/Library/Frameworks/CoreAudio.framework/Versions/A/CoreAudio
0x00000000032e2000 	/System/Library/Frameworks/DiskArbitration.framework/Versions/A/DiskArbitration
0x00000000032e2000 	/usr/lib/liblangid.dylib
0x00000000032e2000 	/System/Library/PrivateFrameworks/MultitouchSupport.framework/Versions/A/MultitouchSupport
0x00000000032e2000 	/System/Library/Frameworks/IOKit.framework/Versions/A/IOKit
0x00000000032e2000 	/usr/lib/libDiagnosticMessagesClient.dylib
0x00000000032e2000 	/System/Library/Frameworks/CoreServices.framework/Versions/A/CoreServices
0x00000000032e2000 	/System/Library/PrivateFrameworks/PerformanceAnalysis.framework/Versions/A/PerformanceAnalysis
0x00000000032e2000 	/System/Library/PrivateFrameworks/GenerationalStorage.framework/Versions/A/GenerationalStorage
0x00000000032e2000 	/System/Library/Frameworks/OpenGL.framework/Versions/A/OpenGL
0x00000000032e2000 	/System/Library/PrivateFrameworks/Sharing.framework/Versions/A/Sharing
0x00000000032e2000 	/System/Library/Frameworks/CoreGraphics.framework/Versions/A/CoreGraphics
0x00000000032e2000 	/System/Library/Frameworks/CoreText.framework/Versions/A/CoreText
0x00000000032e2000 	/System/Library/Frameworks/ImageIO.framework/Versions/A/ImageIO
0x00000000032e2000 	/usr/lib/libextension.dylib
0x00000000032e2000 	/System/Library/PrivateFrameworks/Backup.framework/Versions/A/Backup
0x00000000032e2000 	/usr/lib/libarchive.2.dylib
0x00000000032e2000 	/System/Library/Frameworks/CFNetwork.framework/Versions/A/CFNetwork
0x00000000032e2000 	/System/Library/Frameworks/SystemConfiguration.framework/Versions/A/SystemConfiguration
0x00000000032e2000 	/usr/lib/libCRFSuite.dylib
0x00000000032e2000 	/usr/lib/libc++.1.dylib
0x00000000032e2000 	/usr/lib/libc++abi.dylib
0x00000000032e2000 	/usr/lib/system/libcache.dylib
0x00000000032e2000 	/usr/lib/system/libcommonCrypto.dylib
0x00000000032e2000 	/usr/lib/system/libcompiler_rt.dylib
0x00000000032e2000 	/usr/lib/system/libcopyfile.dylib
0x00000000032e2000 	/usr/lib/system/libcorecrypto.dylib
0x00000000032e2000 	/usr/lib/system/libdispatch.dylib
0x00000000032e2000 	/usr/lib/system/libdyld.dylib
0x00000000032e2000 	/usr/lib/system/libkeymgr.dylib
0x00000000032e2000 	/usr/lib/system/liblaunch.dylib
0x00000000032e2000 	/usr/lib/system/libmacho.dylib
0x00000000032e2000 	/usr/lib/system/libquarantine.dylib
0x00000000032e2000 	/usr/lib/system/libremovefile.dylib
0x00000000032e2000 	/usr/lib/system/libsystem_asl.dylib
0x00000000032e2000 	/usr/lib/system/libsystem_blocks.dylib
0x00000000032e2000 	/usr/lib/system/libsystem_c.dylib
0x00000000032e2000 	/usr/lib/system/libsystem_configuration.dylib
0x00000000032e2000 	/usr/lib/system/libsystem_coreservices.dylib
0x00000000032e2000 	/usr/lib/system/libsystem_coretls.dylib
0x00000000032e2000 	/usr/lib/system/libsystem_dnssd.dylib
0x00000000032e2000 	/usr/lib/system/libsystem_info.dylib
0x00000000032e2000 	/usr/lib/system/libsystem_kernel.dylib
0x00000000032e2000 	/usr/lib/system/libsystem_m.dylib
0x00000000032e2000 	/usr/lib/system/libsystem_malloc.dylib
0x00000000032e2000 	/usr/lib/system/libsystem_network.dylib
0x00000000032e2000 	/usr/lib/system/libsystem_networkextension.dylib
0x00000000032e2000 	/usr/lib/system/libsystem_notify.dylib
0x00000000032e2000 	/usr/lib/system/libsystem_platform.dylib
0x00000000032e2000 	/usr/lib/system/libsystem_pthread.dylib
0x00000000032e2000 	/usr/lib/system/libsystem_sandbox.dylib
0x00000000032e2000 	/usr/lib/system/libsystem_secinit.dylib
0x00000000032e2000 	/usr/lib/system/libsystem_stats.dylib
0x00000000032e2000 	/usr/lib/system/libsystem_trace.dylib
0x00000000032e2000 	/usr/lib/system/libunc.dylib
0x00000000032e2000 	/usr/lib/system/libunwind.dylib
0x00000000032e2000 	/usr/lib/system/libxpc.dylib
0x00000000032e2000 	/usr/lib/libbz2.1.0.dylib
0x00000000032e2000 	/usr/lib/liblzma.5.dylib
0x00000000032e2000 	/usr/lib/libbsm.0.dylib
0x00000000032e2000 	/usr/lib/libsqlite3.dylib
0x00000000032e2000 	/usr/lib/system/libkxld.dylib
0x00000000032e2000 	/usr/lib/libxar.1.dylib
0x00000000032e2000 	/usr/lib/libpam.2.dylib
0x00000000032e2000 	/usr/lib/libOpenScriptingUtil.dylib
0x00000000032e2000 	/System/Library/Frameworks/CoreServices.framework/Versions/A/Frameworks/FSEvents.framework/Versions/A/FSEvents
0x00000000032e2000 	/System/Library/Frameworks/CoreServices.framework/Versions/A/Frameworks/CarbonCore.framework/Versions/A/CarbonCore
0x00000000032e2000 	/System/Library/Frameworks/CoreServices.framework/Versions/A/Frameworks/Metadata.framework/Versions/A/Metadata
0x00000000032e2000 	/System/Library/Frameworks/CoreServices.framework/Versions/A/Frameworks/OSServices.framework/Versions/A/OSServices
0x00000000032e2000 	/System/Library/Frameworks/CoreServices.framework/Versions/A/Frameworks/SearchKit.framework/Versions/A/SearchKit
0x00000000032e2000 	/System/Library/Frameworks/CoreServices.framework/Versions/A/Frameworks/AE.framework/Versions/A/AE
0x00000000032e2000 	/System/Library/Frameworks/CoreServices.framework/Versions/A/Frameworks/LaunchServices.framework/Versions/A/LaunchServices
0x00000000032e2000 	/System/Library/Frameworks/CoreServices.framework/Versions/A/Frameworks/DictionaryServices.framework/Versions/A/DictionaryServices
0x00000000032e2000 	/System/Library/Frameworks/NetFS.framework/Versions/A/NetFS
0x00000000032e2000 	/System/Library/PrivateFrameworks/NetAuth.framework/Versions/A/NetAuth
0x00000000032e2000 	/System/Library/PrivateFrameworks/login.framework/Versions/A/Frameworks/loginsupport.framework/Versions/A/loginsupport
0x00000000032e2000 	/System/Library/PrivateFrameworks/TCC.framework/Versions/A/TCC
0x00000000032e2000 	/usr/lib/libmecabra.dylib
0x00000000032e2000 	/System/Library/Frameworks/ApplicationServices.framework/Versions/A/Frameworks/ATS.framework/Versions/A/ATS
0x00000000032e2000 	/System/Library/Frameworks/ApplicationServices.framework/Versions/A/Frameworks/ColorSync.framework/Versions/A/ColorSync
0x00000000032e2000 	/System/Library/Frameworks/ApplicationServices.framework/Versions/A/Frameworks/HIServices.framework/Versions/A/HIServices
0x00000000032e2000 	/System/Library/Frameworks/ApplicationServices.framework/Versions/A/Frameworks/LangAnalysis.framework/Versions/A/LangAnalysis
0x00000000032e2000 	/System/Library/Frameworks/ApplicationServices.framework/Versions/A/Frameworks/PrintCore.framework/Versions/A/PrintCore
0x00000000032e2000 	/System/Library/Frameworks/ApplicationServices.framework/Versions/A/Frameworks/QD.framework/Versions/A/QD
0x00000000032e2000 	/System/Library/Frameworks/ApplicationServices.framework/Versions/A/Frameworks/SpeechSynthesis.framework/Versions/A/SpeechSynthesis
0x00000000032e2000 	/System/Library/Frameworks/Accelerate.framework/Versions/A/Accelerate
0x00000000032e2000 	/System/Library/Frameworks/Accelerate.framework/Versions/A/Frameworks/vImage.framework/Versions/A/vImage
0x00000000032e2000 	/System/Library/Frameworks/Accelerate.framework/Versions/A/Frameworks/vecLib.framework/Versions/A/vecLib
0x00000000032e2000 	/System/Library/Frameworks/Accelerate.framework/Versions/A/Frameworks/vecLib.framework/Versions/A/libvDSP.dylib
0x00000000032e2000 	/System/Library/Frameworks/Accelerate.framework/Versions/A/Frameworks/vecLib.framework/Versions/A/libvMisc.dylib
0x00000000032e2000 	/System/Library/Frameworks/Accelerate.framework/Versions/A/Frameworks/vecLib.framework/Versions/A/libLAPACK.dylib
0x00000000032e2000 	/System/Library/Frameworks/Accelerate.framework/Versions/A/Frameworks/vecLib.framework/Versions/A/libBLAS.dylib
0x00000000032e2000 	/System/Library/Frameworks/Accelerate.framework/Versions/A/Frameworks/vecLib.framework/Versions/A/libLinearAlgebra.dylib
0x00000000032e2000 	/System/Library/Frameworks/ApplicationServices.framework/Versions/A/Frameworks/ATS.framework/Versions/A/Resources/libFontParser.dylib
0x00000000032e2000 	/System/Library/Frameworks/ApplicationServices.framework/Versions/A/Frameworks/ATS.framework/Versions/A/Resources/libFontRegistry.dylib
0x00000000032e2000 	/System/Library/PrivateFrameworks/AppleVPA.framework/Versions/A/AppleVPA
0x00000000032e2000 	/System/Library/PrivateFrameworks/AppleJPEG.framework/Versions/A/AppleJPEG
0x00000000032e2000 	/System/Library/Frameworks/ImageIO.framework/Versions/A/Resources/libJPEG.dylib
0x00000000032e2000 	/System/Library/Frameworks/ImageIO.framework/Versions/A/Resources/libTIFF.dylib
0x00000000032e2000 	/System/Library/Frameworks/ImageIO.framework/Versions/A/Resources/libPng.dylib
0x00000000032e2000 	/System/Library/Frameworks/ImageIO.framework/Versions/A/Resources/libGIF.dylib
0x00000000032e2000 	/System/Library/Frameworks/ImageIO.framework/Versions/A/Resources/libJP2.dylib
0x00000000032e2000 	/System/Library/Frameworks/ImageIO.framework/Versions/A/Resources/libRadiance.dylib
0x00000000032e2000 	/System/Library/Frameworks/CoreVideo.framework/Versions/A/CoreVideo
0x00000000032e2000 	/System/Library/Frameworks/OpenGL.framework/Versions/A/Libraries/libGLU.dylib
0x00000000032e2000 	/System/Library/Frameworks/OpenGL.framework/Versions/A/Libraries/libGFXShared.dylib
0x00000000032e2000 	/System/Library/Frameworks/OpenGL.framework/Versions/A/Libraries/libGL.dylib
0x00000000032e2000 	/System/Library/Frameworks/OpenGL.framework/Versions/A/Libraries/libGLImage.dylib
0x00000000032e2000 	/System/Library/Frameworks/OpenGL.framework/Versions/A/Libraries/libCVMSPluginSupport.dylib
0x00000000032e2000 	/System/Library/Frameworks/OpenGL.framework/Versions/A/Libraries/libCoreVMClient.dylib
0x00000000032e2000 	/usr/lib/libcups.2.dylib
0x00000000032e2000 	/System/Library/Frameworks/Kerberos.framework/Versions/A/Kerberos
0x00000000032e2000 	/System/Library/Frameworks/GSS.framework/Versions/A/GSS
0x00000000032e2000 	/usr/lib/libresolv.9.dylib
0x00000000032e2000 	/usr/lib/libiconv.2.dylib
0x00000000032e2000 	/System/Library/PrivateFrameworks/Heimdal.framework/Versions/A/Heimdal
0x00000000032e2000 	/usr/lib/libheimdal-asn1.dylib
0x00000000032e2000 	/System/Library/Frameworks/OpenDirectory.framework/Versions/A/OpenDirectory
0x00000000032e2000 	/System/Library/PrivateFrameworks/CommonAuth.framework/Versions/A/CommonAuth
0x00000000032e2000 	/System/Library/Frameworks/OpenDirectory.framework/Versions/A/Frameworks/CFOpenDirectory.framework/Versions/A/CFOpenDirectory
0x00000000032e2000 	/System/Library/Frameworks/SecurityFoundation.framework/Versions/A/SecurityFoundation
0x00000000032e2000 	/System/Library/PrivateFrameworks/LanguageModeling.framework/Versions/A/LanguageModeling
0x00000000032e2000 	/usr/lib/libcmph.dylib
0x00000000032e2000 	/System/Library/Frameworks/ServiceManagement.framework/Versions/A/ServiceManagement
0x00000000032e2000 	/usr/lib/libxslt.1.dylib
0x00000000032e2000 	/System/Library/Frameworks/Carbon.framework/Versions/A/Frameworks/Ink.framework/Versions/A/Ink
0x00000000032e2000 	/System/Library/Frameworks/QuartzCore.framework/Versions/A/Frameworks/CoreImage.framework/Versions/A/CoreImage
0x00000000032e2000 	/System/Library/PrivateFrameworks/CrashReporterSupport.framework/Versions/A/CrashReporterSupport
0x00000000032e2000 	/System/Library/Frameworks/OpenCL.framework/Versions/A/OpenCL
0x00000000032e2000 	/System/Library/PrivateFrameworks/FaceCore.framework/Versions/A/FaceCore
0x00000000032e2000 	/System/Library/PrivateFrameworks/Ubiquity.framework/Versions/A/Ubiquity
0x00000000032e2000 	/System/Library/PrivateFrameworks/IconServices.framework/Versions/A/IconServices
0x00000000032e2000 	/System/Library/PrivateFrameworks/ChunkingLibrary.framework/Versions/A/ChunkingLibrary
0x00000000032e2000 	/System/Library/PrivateFrameworks/Apple80211.framework/Versions/A/Apple80211
0x00000000032e2000 	/System/Library/Frameworks/CoreWLAN.framework/Versions/A/CoreWLAN
0x00000000032e2000 	/System/Library/Frameworks/IOBluetooth.framework/Versions/A/IOBluetooth
0x00000000032e2000 	/System/Library/PrivateFrameworks/CoreWiFi.framework/Versions/A/CoreWiFi
0x00000000032e2000 	/System/Library/Frameworks/CoreBluetooth.framework/Versions/A/CoreBluetooth
0x00000000032e2000 	/System/Library/PrivateFrameworks/DebugSymbols.framework/Versions/A/DebugSymbols
0x00000000032e2000 	/System/Library/PrivateFrameworks/CoreSymbolication.framework/Versions/A/CoreSymbolication
0x00000000032e2000 	/System/Library/PrivateFrameworks/Symbolication.framework/Versions/A/Symbolication
0x00000000032e2000 	/System/Library/PrivateFrameworks/SpeechRecognitionCore.framework/Versions/A/SpeechRecognitionCore
0x0000000109e00000 	/Library/Java/JavaVirtualMachines/jdk1.8.0_71.jdk/Contents/Home/jre/lib/server/libjvm.dylib
0x00000000032e2000 	/usr/lib/libstdc++.6.dylib
0x0000000109510000 	/Library/Java/JavaVirtualMachines/jdk1.8.0_71.jdk/Contents/Home/jre/lib/libverify.dylib
0x000000010951e000 	/Library/Java/JavaVirtualMachines/jdk1.8.0_71.jdk/Contents/Home/jre/lib/libjava.dylib
0x000000010955d000 	/Library/Java/JavaVirtualMachines/jdk1.8.0_71.jdk/Contents/Home/jre/lib/libzip.dylib
0x000000011e909000 	/System/Library/Frameworks/JavaVM.framework/Frameworks/JavaRuntimeSupport.framework/JavaRuntimeSupport
0x000000011e921000 	/System/Library/Frameworks/JavaVM.framework/Versions/A/Frameworks/JavaNativeFoundation.framework/Versions/A/JavaNativeFoundation
0x000000011e936000 	/System/Library/Frameworks/JavaVM.framework/Versions/A/JavaVM
0x00000000032e2000 	/System/Library/Frameworks/Carbon.framework/Versions/A/Carbon
0x000000011e943000 	/System/Library/PrivateFrameworks/JavaLaunching.framework/Versions/A/JavaLaunching
0x00000000032e2000 	/System/Library/Frameworks/Carbon.framework/Versions/A/Frameworks/CommonPanels.framework/Versions/A/CommonPanels
0x00000000032e2000 	/System/Library/Frameworks/Carbon.framework/Versions/A/Frameworks/Help.framework/Versions/A/Help
0x00000000032e2000 	/System/Library/Frameworks/Carbon.framework/Versions/A/Frameworks/ImageCapture.framework/Versions/A/ImageCapture
0x00000000032e2000 	/System/Library/Frameworks/Carbon.framework/Versions/A/Frameworks/OpenScripting.framework/Versions/A/OpenScripting
0x00000000032e2000 	/System/Library/Frameworks/Carbon.framework/Versions/A/Frameworks/Print.framework/Versions/A/Print
0x00000000032e2000 	/System/Library/Frameworks/Carbon.framework/Versions/A/Frameworks/SecurityHI.framework/Versions/A/SecurityHI
0x0000000120878000 	/Library/Java/JavaVirtualMachines/jdk1.8.0_71.jdk/Contents/Home/jre/lib/libawt.dylib
0x0000000120920000 	/Library/Java/JavaVirtualMachines/jdk1.8.0_71.jdk/Contents/Home/jre/lib/./libmlib_image.dylib
0x00000001209ec000 	/Library/Java/JavaVirtualMachines/jdk1.8.0_71.jdk/Contents/Home/jre/lib/libawt_lwawt.dylib
0x0000000120aa1000 	/Library/Java/JavaVirtualMachines/jdk1.8.0_71.jdk/Contents/Home/jre/lib/./libosxapp.dylib
0x00000000032e2000 	/System/Library/Frameworks/ExceptionHandling.framework/Versions/A/ExceptionHandling
0x00000000032e2000 	/System/Library/PrivateFrameworks/CoreServicesInternal.framework/Versions/A/CoreServicesInternal
0x00000000032e2000 	/System/Library/PrivateFrameworks/CloudDocs.framework/Versions/A/CloudDocs
0x00000000032e2000 	/System/Library/PrivateFrameworks/CoreDuet.framework/Versions/A/CoreDuet
0x00000000032e2000 	/System/Library/Frameworks/CloudKit.framework/Versions/A/CloudKit
0x00000000032e2000 	/System/Library/PrivateFrameworks/ProtocolBuffer.framework/Versions/A/ProtocolBuffer
0x00000000032e2000 	/System/Library/PrivateFrameworks/CoreDuetDaemonProtocol.framework/Versions/A/CoreDuetDaemonProtocol
0x00000000032e2000 	/System/Library/PrivateFrameworks/CoreDuetDebugLogging.framework/Versions/A/CoreDuetDebugLogging
0x00000000032e2000 	/System/Library/PrivateFrameworks/MMCS.framework/Versions/A/MMCS
0x00000000032e2000 	/System/Library/Frameworks/CoreLocation.framework/Versions/A/CoreLocation
0x00000000032e2000 	/System/Library/PrivateFrameworks/ProtectedCloudStorage.framework/Versions/A/ProtectedCloudStorage
0x00000000032e2000 	/System/Library/PrivateFrameworks/GeoServices.framework/Versions/A/GeoServices
0x00000000032e2000 	/System/Library/Frameworks/CoreGraphics.framework/Versions/A/Resources/libCGCMS.A.dylib
0x00000000032e2000 	/System/Library/Frameworks/CoreGraphics.framework/Versions/A/Resources/libRIP.A.dylib
0x00000000032e2000 	/System/Library/Frameworks/CoreGraphics.framework/Versions/A/Resources/libCGXType.A.dylib
0x00000000032e2000 	/System/Library/Frameworks/OpenCL.framework/Versions/A/Libraries/libcldcpuengine.dylib
0x00000000032e2000 	/System/Library/PrivateFrameworks/DiskImages.framework/Versions/A/DiskImages
0x00000000032e2000 	/System/Library/Frameworks/DiscRecording.framework/Versions/A/DiscRecording
0x00000000032e2000 	/usr/lib/libcsfde.dylib
0x00000000032e2000 	/usr/lib/libcurl.4.dylib
0x00000000032e2000 	/System/Library/PrivateFrameworks/MediaKit.framework/Versions/A/MediaKit
0x00000000032e2000 	/usr/lib/libCoreStorage.dylib
0x00000000032e2000 	/System/Library/PrivateFrameworks/EFILogin.framework/Versions/A/EFILogin
0x00000000032e2000 	/usr/lib/libutil.dylib
0x00000000032e2000 	/System/Library/PrivateFrameworks/FindMyDevice.framework/Versions/A/FindMyDevice
0x00000000032e2000 	/System/Library/Frameworks/LDAP.framework/Versions/A/LDAP
0x00000000032e2000 	/usr/lib/libsasl2.2.dylib
0x00000000032e2000 	/System/Library/PrivateFrameworks/CoreDaemon.framework/Versions/B/CoreDaemon
0x00000000032e2000 	/usr/lib/libcrypto.0.9.8.dylib
0x00000000032e2000 	/System/Library/PrivateFrameworks/AppleSRP.framework/Versions/A/AppleSRP
0x00000000032e2000 	/System/Library/PrivateFrameworks/TrustEvaluationAgent.framework/Versions/A/TrustEvaluationAgent
0x0000000123d9d000 	cl_kernels
0x0000000123d9f000 	/System/Library/Frameworks/OpenCL.framework/Versions/A/Libraries/ImageFormats/unorm8_bgra.dylib
0x0000000123d8e000 	cl_kernels
0x00000000032e2000 	/System/Library/PrivateFrameworks/FamilyControls.framework/Versions/A/FamilyControls
0x00000000032e2000 	/System/Library/PrivateFrameworks/CommerceKit.framework/Versions/A/Frameworks/CommerceCore.framework/Versions/A/CommerceCore
0x00000000032e2000 	/System/Library/PrivateFrameworks/SystemAdministration.framework/Versions/A/SystemAdministration
0x00000000032e2000 	/System/Library/PrivateFrameworks/AppContainer.framework/Versions/A/AppContainer
0x00000000032e2000 	/System/Library/PrivateFrameworks/SecCodeWrapper.framework/Versions/A/SecCodeWrapper
0x00000000032e2000 	/System/Library/Frameworks/DirectoryService.framework/Versions/A/DirectoryService
0x00000000032e2000 	/System/Library/PrivateFrameworks/LoginUIKit.framework/Versions/A/Frameworks/LoginUICore.framework/Versions/A/LoginUICore
0x00000000032e2000 	/usr/lib/libodfde.dylib
0x00000000032e2000 	/System/Library/Frameworks/OpenGL.framework/Versions/A/Resources/GLEngine.bundle/GLEngine
0x00000000032e2000 	/System/Library/Frameworks/OpenGL.framework/Versions/A/Libraries/libGLProgrammability.dylib
0x000000012510f000 	/System/Library/Extensions/AppleIntelHD5000GraphicsGLDriver.bundle/Contents/MacOS/AppleIntelHD5000GraphicsGLDriver
0x00000000032e2000 	/System/Library/PrivateFrameworks/IOAccelerator.framework/Versions/A/IOAccelerator
0x00000000032e2000 	/System/Library/PrivateFrameworks/GPUSupport.framework/Versions/A/Libraries/libGPUSupportMercury.dylib
0x00000000032e2000 	/System/Library/Frameworks/OpenGL.framework/Versions/A/Resources/GLRendererFloat.bundle/GLRendererFloat
0x00000001265fc000 	/Library/Java/JavaVirtualMachines/jdk1.8.0_71.jdk/Contents/Home/jre/lib/libfontmanager.dylib
0x00000001276d3000 	/Library/Java/JavaVirtualMachines/jdk1.8.0_71.jdk/Contents/Home/jre/lib/libosxui.dylib
0x00000001278f9000 	/Library/Java/JavaVirtualMachines/jdk1.8.0_71.jdk/Contents/Home/jre/lib/libnet.dylib
0x0000000127910000 	/Library/Java/JavaVirtualMachines/jdk1.8.0_71.jdk/Contents/Home/jre/lib/libnio.dylib
0x00000000032e2000 	/System/Library/Frameworks/ApplicationServices.framework/Versions/A/Frameworks/ATS.framework/Versions/A/Resources/libTrueTypeScaler.dylib
0x0000000174a63000 	/private/var/folders/s4/ngcr_7ss02bdrtqp5hllhg2r0000gn/T/jogamp_0000/file_cache/jln7625871188333063295/jln3245088272205756671/libgluegen-rt.jnilib
0x0000000174a68000 	/private/var/folders/s4/ngcr_7ss02bdrtqp5hllhg2r0000gn/T/jogamp_0000/file_cache/jln7625871188333063295/jln3245088272205756671/libnativewindow_awt.jnilib
0x0000000174a6b000 	/Library/Java/JavaVirtualMachines/jdk1.8.0_71.jdk/Contents/Home/jre/lib/libjawt.dylib
0x0000000174a6e000 	/private/var/folders/s4/ngcr_7ss02bdrtqp5hllhg2r0000gn/T/jogamp_0000/file_cache/jln7625871188333063295/jln3245088272205756671/libnativewindow_macosx.jnilib
0x00000001761ce000 	/private/var/folders/s4/ngcr_7ss02bdrtqp5hllhg2r0000gn/T/jogamp_0000/file_cache/jln7625871188333063295/jln3245088272205756671/libjogl_desktop.jnilib
0x000000017b569000 	/Library/Java/JavaVirtualMachines/jdk1.8.0_71.jdk/Contents/Home/jre/lib/libjpeg.dylib

VM Arguments:
jvm_args: -Djava.security.policy=java.policy.applet -Dfile.encoding=UTF-8 
java_command: sun.applet.AppletViewer module1.YelpDataSet1463342255776.html
java_class_path (initial): /Users/gsingh/Documents/workspace/YelpDataSet/bin:/Users/gsingh/Documents/workspace/YelpDataSet/core.jar:/Users/gsingh/Documents/workspace/YelpDataSet/gluegen-rt.jar:/Users/gsingh/Documents/workspace/YelpDataSet/jogl-all.jar:/Users/gsingh/Documents/workspace/YelpDataSet/json4processing.jar:/Users/gsingh/Documents/workspace/YelpDataSet/libTUIO.jar:/Users/gsingh/Documents/workspace/YelpDataSet/log4j-1.2.15.jar:/Users/gsingh/Documents/workspace/YelpDataSet/sqlite-jdbc-3.7.2.jar:/Users/gsingh/Documents/workspace/YelpDataSet/unfolding.0.9.6.jar
Launcher Type: SUN_STANDARD

Environment Variables:
PATH=/usr/bin:/bin:/usr/sbin:/sbin
SHELL=/bin/bash
DISPLAY=/private/tmp/com.apple.launchd.2mpiTaXw1A/org.macosforge.xquartz:0

Signal Handlers:
SIGSEGV: [libjvm.dylib+0x5a68c5], sa_mask[0]=11111111011111110111111111111111, sa_flags=SA_ONSTACK|SA_RESTART|SA_SIGINFO
SIGBUS: [libjvm.dylib+0x5a68c5], sa_mask[0]=11111111011111110111111111111111, sa_flags=SA_RESTART|SA_SIGINFO
SIGFPE: [libjvm.dylib+0x4805d4], sa_mask[0]=11111111011111110111111111111111, sa_flags=SA_RESTART|SA_SIGINFO
SIGPIPE: [libjvm.dylib+0x4805d4], sa_mask[0]=11111111011111110111111111111111, sa_flags=SA_RESTART|SA_SIGINFO
SIGXFSZ: [libjvm.dylib+0x4805d4], sa_mask[0]=11111111011111110111111111111111, sa_flags=SA_RESTART|SA_SIGINFO
SIGILL: [libjvm.dylib+0x4805d4], sa_mask[0]=11111111011111110111111111111111, sa_flags=SA_RESTART|SA_SIGINFO
SIGUSR1: SIG_DFL, sa_mask[0]=00000000000000000000000000000000, sa_flags=none
SIGUSR2: [libjvm.dylib+0x4800f2], sa_mask[0]=00100000000000000000000000000000, sa_flags=SA_RESTART|SA_SIGINFO
SIGHUP: [libjvm.dylib+0x47e6c9], sa_mask[0]=11111111011111110111111111111111, sa_flags=SA_RESTART|SA_SIGINFO
SIGINT: [libjvm.dylib+0x47e6c9], sa_mask[0]=11111111011111110111111111111111, sa_flags=SA_RESTART|SA_SIGINFO
SIGTERM: [libjvm.dylib+0x47e6c9], sa_mask[0]=11111111011111110111111111111111, sa_flags=SA_RESTART|SA_SIGINFO
SIGQUIT: [libjvm.dylib+0x47e6c9], sa_mask[0]=11111111011111110111111111111111, sa_flags=SA_RESTART|SA_SIGINFO


---------------  S Y S T E M  ---------------

OS:Bsduname:Darwin 14.5.0 Darwin Kernel Version 14.5.0: Tue Sep  1 21:23:09 PDT 2015; root:xnu-2782.50.1~1/RELEASE_X86_64 x86_64
rlimit: STACK 8192k, CORE 0k, NPROC 709, NOFILE 10240, AS infinity
load average:2.69 2.64 2.62

CPU:total 4 (2 cores per cpu, 2 threads per core) family 6 model 69 stepping 1, cmov, cx8, fxsr, mmx, sse, sse2, sse3, ssse3, sse4.1, sse4.2, popcnt, avx, avx2, aes, clmul, erms, lzcnt, ht, tsc, tscinvbit, bmi1, bmi2

Memory: 4k page, physical 4194304k(103204k free)

/proc/meminfo:


vm_info: Java HotSpot(TM) 64-Bit Server VM (25.71-b15) for bsd-amd64 JRE (1.8.0_71-b15), built on Dec 22 2015 15:11:44 by "java_re" with gcc 4.2.1 (Based on Apple Inc. build 5658) (LLVM build 2336.11.00)

time: Sun May 15 15:57:46 2016
elapsed time: 10 seconds (0d 0h 0m 10s)

