#
# A fatal error has been detected by the Java Runtime Environment:
#
#  SIGSEGV (0xb) at pc=0x00007fff8afd20dd, pid=86123, tid=1811
#
# JRE version: Java(TM) SE Runtime Environment (8.0_71-b15) (build 1.8.0_71-b15)
# Java VM: Java HotSpot(TM) 64-Bit Server VM (25.71-b15 mixed mode bsd-amd64 compressed oops)
# Problematic frame:
# C  [libobjc.A.dylib+0x10dd]  objc_msgSend+0x1d
#
# Failed to write core dump. Core dumps have been disabled. To enable core dumping, try "ulimit -c unlimited" before starting Java again
#
# If you would like to submit a bug report, please visit:
#   http://bugreport.java.com/bugreport/crash.jsp
# The crash happened outside the Java Virtual Machine in native code.
# See problematic frame for where to report the bug.
#

---------------  T H R E A D  ---------------

Current thread (0x00007ff69c0ef800):  JavaThread "AWT-AppKit" daemon [_thread_in_native, id=1811, stack(0x00007fff5322c000,0x00007fff53a2c000)]

siginfo: si_signo: 11 (SIGSEGV), si_code: 1 (SEGV_MAPERR), si_addr: 0x0000000000000018

Registers:
RAX=0x00007ff69f83d160, RBX=0x000000017798a3b0, RCX=0x000000012a5b1be0, RDX=0x000000012a5b1b80
RSP=0x00007fff53a27558, RBP=0x00007fff53a27610, RSI=0x00007fff8635640f, RDI=0x00007ff69f83bd00
R8 =0x0000000000000000, R9 =0x0000000000000f50, R10=0x00007fff8635640f, R11=0x0000000000000000
R12=0x0000000000000000, R13=0x00000001793bdc20, R14=0x000000017798a3a0, R15=0x00007ff69c0ef800
RIP=0x00007fff8afd20dd, EFLAGS=0x0000000000010246, ERR=0x0000000000000004
  TRAPNO=0x000000000000000e

Top of Stack: (sp=0x00007fff53a27558)
0x00007fff53a27558:   00000001779885d7 00007fff53a275b0
0x00007fff53a27568:   0000000000000003 00007fff53a27590
0x00007fff53a27578:   000000010c4c3d66 00000001793bdc20
0x00007fff53a27588:   00000001793bdc20 00007ff69f83d160
0x00007fff53a27598:   000000017798a5c0 000000017798a640
0x00007fff53a275a8:   000000017798a3b0 00007fff7464d550
0x00007fff53a275b8:   000000017798a5d0 00007fff757fec80
0x00007fff53a275c8:   00007ff69f83d160 00007ff69f83bd00
0x00007fff53a275d8:   00007ff69a757270 00007ff69f83d160
0x00007fff53a275e8:   00007ff69f83bd00 00007fff53a27690
0x00007fff53a275f8:   00007ff69c0ef9f8 00000001793bdc20
0x00007fff53a27608:   00007fff53a276b8 00007fff53a27680
0x00007fff53a27618:   000000010dc15954 00007fff53a27680
0x00007fff53a27628:   000000010dc156d9 000000010dc21823
0x00007fff53a27638:   000000010dc156a2 00007fff53a27640
0x00007fff53a27648:   00000001793bdc20 00007fff53a276b8
0x00007fff53a27658:   00000001793c0410 0000000000000000
0x00007fff53a27668:   00000001793bdc20 0000000000000000
0x00007fff53a27678:   00007fff53a276a0 00007fff53a27700
0x00007fff53a27688:   000000010dc07c4d 0000000780e43320
0x00007fff53a27698:   000000010dc0f578 00007ff69f83d160
0x00007fff53a276a8:   000000010dc10db9 00007ff69f83bd00
0x00007fff53a276b8:   000000010dc10d82 00007fff53a276c0
0x00007fff53a276c8:   00000001793bddea 00007fff53a27728
0x00007fff53a276d8:   00000001793c0410 0000000000000000
0x00007fff53a276e8:   00000001793bddf8 00007fff53a276a0
0x00007fff53a276f8:   00007fff53a27710 00007fff53a27770
0x00007fff53a27708:   000000010dc07c4d 00007ff69f83d160
0x00007fff53a27718:   0000000780e43b78 00007ff69f83bd00
0x00007fff53a27728:   0000000780e43b78 00007fff53a27730
0x00007fff53a27738:   000000017dcb0a86 00007fff53a27780
0x00007fff53a27748:   000000017dcb0b40 0000000000000000 

Instructions: (pc=0x00007fff8afd20dd)
0x00007fff8afd20bd:   00 00 00 48 85 ff 2e 74 7a 40 f6 c7 01 2e 75 7e
0x00007fff8afd20cd:   49 bb f8 ff ff ff ff 7f 00 00 4c 23 1f 49 89 f2
0x00007fff8afd20dd:   45 23 53 18 49 c1 e2 04 4d 03 53 10 49 3b 32 75
0x00007fff8afd20ed:   04 41 ff 62 08 49 83 3a 00 74 6a 4d 3b 53 10 74 

Register to memory mapping:

RAX=0x00007ff69f83d160 is an unknown value
RBX=0x000000017798a3b0: Java_jogamp_nativewindow_macosx_OSXUtil_GetScreenRefreshRate0+0x1850 in /private/var/folders/s4/ngcr_7ss02bdrtqp5hllhg2r0000gn/T/jogamp_0000/file_cache/jln1174151359382588054/jln5266404795433178125/libnativewindow_macosx.jnilib at 0x0000000177983000
RCX=0x000000012a5b1be0 is an unknown value
RDX=0x000000012a5b1b80 is an unknown value
RSP=0x00007fff53a27558 is pointing into the stack for thread: 0x00007ff69c0ef800
RBP=0x00007fff53a27610 is pointing into the stack for thread: 0x00007ff69c0ef800
RSI=0x00007fff8635640f is an unknown value
RDI=0x00007ff69f83bd00 is an unknown value
R8 =0x0000000000000000 is an unknown value
R9 =0x0000000000000f50 is an unknown value
R10=0x00007fff8635640f is an unknown value
R11=0x0000000000000000 is an unknown value
R12=0x0000000000000000 is an unknown value
R13={method} {0x00000001793bdc20} 'UnsetJAWTRootSurfaceLayer0' '(JJ)V' in 'jogamp/nativewindow/jawt/macosx/MacOSXJAWTWindow'
R14=0x000000017798a3a0: Java_jogamp_nativewindow_macosx_OSXUtil_GetScreenRefreshRate0+0x1840 in /private/var/folders/s4/ngcr_7ss02bdrtqp5hllhg2r0000gn/T/jogamp_0000/file_cache/jln1174151359382588054/jln5266404795433178125/libnativewindow_macosx.jnilib at 0x0000000177983000
R15=0x00007ff69c0ef800 is a thread


Stack: [0x00007fff5322c000,0x00007fff53a2c000],  sp=0x00007fff53a27558,  free space=8173k
Native frames: (J=compiled Java code, j=interpreted, Vv=VM code, C=native code)
C  [libobjc.A.dylib+0x10dd]  objc_msgSend+0x1d
j  jogamp.nativewindow.jawt.macosx.MacOSXJAWTWindow.UnsetJAWTRootSurfaceLayer0(JJ)V+0
j  jogamp.nativewindow.jawt.macosx.MacOSXJAWTWindow.access$200(JJ)V+2
j  jogamp.nativewindow.jawt.macosx.MacOSXJAWTWindow$1.run()V+38
j  com.jogamp.common.util.RunnableTask.run()V+24
v  ~StubRoutines::call_stub
V  [libjvm.dylib+0x2ea59a]
V  [libjvm.dylib+0x3216a3]
V  [libjvm.dylib+0x313e77]
C  [libnativewindow_macosx.jnilib+0x57ae]  Java_jogamp_nativewindow_jawt_macosx_MacOSXJAWTWindow_UnsetJAWTRootSurfaceLayer0+0x2be
C  [Foundation+0x92dd0]  __NSThreadPerformPerform+0x125
C  [CoreFoundation+0x80a01]  __CFRUNLOOP_IS_CALLING_OUT_TO_A_SOURCE0_PERFORM_FUNCTION__+0x11
C  [CoreFoundation+0x72c5c]  __CFRunLoopDoSources0+0x1dc
C  [CoreFoundation+0x721bf]  __CFRunLoopRun+0x39f
C  [CoreFoundation+0x71bd8]  CFRunLoopRunSpecific+0x128
C  [HIToolbox+0x3256f]  RunCurrentEventLoopInMode+0xeb
C  [HIToolbox+0x321ee]  ReceiveNextEventCommon+0xb3
C  [HIToolbox+0x3212b]  _BlockUntilNextEventMatchingListInModeWithFilter+0x47
C  [AppKit+0x918ab]  _DPSNextEvent+0x3d2
C  [AppKit+0x90e58]  -[NSApplication nextEventMatchingMask:untilDate:inMode:dequeue:]+0x15a
C  [libosxapp.dylib+0x23aa]  -[NSApplicationAWT nextEventMatchingMask:untilDate:inMode:dequeue:]+0x7c
C  [AppKit+0x86af3]  -[NSApplication run]+0x252
C  [libosxapp.dylib+0x214d]  +[NSApplicationAWT runAWTLoopWithApp:]+0x9c
C  [libawt_lwawt.dylib+0x4455b]  -[AWTStarter starter:]+0x389
C  [Foundation+0x92dd0]  __NSThreadPerformPerform+0x125
C  [CoreFoundation+0x80a01]  __CFRUNLOOP_IS_CALLING_OUT_TO_A_SOURCE0_PERFORM_FUNCTION__+0x11
C  [CoreFoundation+0x72b8d]  __CFRunLoopDoSources0+0x10d
C  [CoreFoundation+0x721bf]  __CFRunLoopRun+0x39f
C  [CoreFoundation+0x71bd8]  CFRunLoopRunSpecific+0x128
C  [java+0x6463]  CreateExecutionEnvironment+0x367
C  [java+0x21ac]  JLI_Launch+0x7a0
C  [java+0x84c0]  main+0x65
C  [java+0x1a04]  start+0x34
C  0x0000000000000007

Java frames: (J=compiled Java code, j=interpreted, Vv=VM code)
j  jogamp.nativewindow.jawt.macosx.MacOSXJAWTWindow.UnsetJAWTRootSurfaceLayer0(JJ)V+0
j  jogamp.nativewindow.jawt.macosx.MacOSXJAWTWindow.access$200(JJ)V+2
j  jogamp.nativewindow.jawt.macosx.MacOSXJAWTWindow$1.run()V+38
j  com.jogamp.common.util.RunnableTask.run()V+24
v  ~StubRoutines::call_stub

---------------  P R O C E S S  ---------------

Java Threads: ( => current thread )
  0x00007ff69acc5000 JavaThread "Thread-27" [_thread_blocked, id=64779, stack(0x000000017e64a000,0x000000017e74a000)]
  0x00007ff69ba8a000 JavaThread "Keep-Alive-Timer" daemon [_thread_blocked, id=64059, stack(0x000000017e25c000,0x000000017e35c000)]
  0x00007ff69ab14800 JavaThread "AWT-EventQueue-1" [_thread_in_native, id=57371, stack(0x0000000177f9f000,0x000000017809f000)]
  0x00007ff69a806000 JavaThread "DestroyJavaVM" [_thread_blocked, id=4867, stack(0x000000010d27a000,0x000000010d37a000)]
  0x00007ff69c18f000 JavaThread "AWT-EventQueue-0" [_thread_blocked, id=54787, stack(0x000000012a61d000,0x000000012a71d000)]
  0x00007ff69c17a000 JavaThread "Java2D Disposer" daemon [_thread_blocked, id=51479, stack(0x0000000128f6c000,0x000000012906c000)]
  0x00007ff69a98c000 JavaThread "Java2D Queue Flusher" daemon [_thread_blocked, id=49927, stack(0x0000000127ef2000,0x0000000127ff2000)]
  0x00007ff69c0f3800 JavaThread "AWT-Shutdown" [_thread_blocked, id=28691, stack(0x0000000125521000,0x0000000125621000)]
=>0x00007ff69c0ef800 JavaThread "AWT-AppKit" daemon [_thread_in_native, id=1811, stack(0x00007fff5322c000,0x00007fff53a2c000)]
  0x00007ff69a821800 JavaThread "Service Thread" daemon [_thread_blocked, id=18179, stack(0x0000000123418000,0x0000000123518000)]
  0x00007ff69b050000 JavaThread "C1 CompilerThread2" daemon [_thread_blocked, id=17667, stack(0x0000000123315000,0x0000000123415000)]
  0x00007ff69c032000 JavaThread "C2 CompilerThread1" daemon [_thread_blocked, id=17155, stack(0x0000000123212000,0x0000000123312000)]
  0x00007ff69c013800 JavaThread "C2 CompilerThread0" daemon [_thread_blocked, id=16643, stack(0x000000012310f000,0x000000012320f000)]
  0x00007ff69b04f800 JavaThread "Signal Dispatcher" daemon [_thread_blocked, id=16159, stack(0x000000012300c000,0x000000012310c000)]
  0x00007ff69a81d000 JavaThread "Finalizer" daemon [_thread_blocked, id=11523, stack(0x00000001215f8000,0x00000001216f8000)]
  0x00007ff69a817000 JavaThread "Reference Handler" daemon [_thread_blocked, id=11011, stack(0x00000001214f5000,0x00000001215f5000)]

Other Threads:
  0x00007ff69b049000 VMThread [stack: 0x00000001213f2000,0x00000001214f2000] [id=10499]
  0x00007ff69a805800 WatcherThread [stack: 0x000000012351b000,0x000000012361b000] [id=18691]

VM state:not at safepoint (normal execution)

VM Mutex/Monitor currently owned by a thread: None

Heap:
 PSYoungGen      total 76800K, used 22163K [0x00000007aab00000, 0x00000007b0100000, 0x00000007c0000000)
  eden space 65536K, 21% used [0x00000007aab00000,0x00000007ab8b4c40,0x00000007aeb00000)
  from space 11264K, 72% used [0x00000007af600000,0x00000007afdf01f0,0x00000007b0100000)
  to   space 11264K, 0% used [0x00000007aeb00000,0x00000007aeb00000,0x00000007af600000)
 ParOldGen       total 44032K, used 15559K [0x0000000780000000, 0x0000000782b00000, 0x00000007aab00000)
  object space 44032K, 35% used [0x0000000780000000,0x0000000780f31f20,0x0000000782b00000)
 Metaspace       used 18911K, capacity 19141K, committed 19456K, reserved 1067008K
  class space    used 1897K, capacity 1981K, committed 2048K, reserved 1048576K

Card table byte_map: [0x000000011cfc0000,0x000000011d1c1000] byte_map_base: 0x00000001193c0000

Marking Bits: (ParMarkBitMap*) 0x000000010cbb6ea0
 Begin Bits: [0x000000011d723000, 0x000000011e723000)
 End Bits:   [0x000000011e723000, 0x000000011f723000)

Polling page: 0x000000010d3bf000

CodeCache: size=245760Kb used=5962Kb max_used=5975Kb free=239797Kb
 bounds [0x000000010dc00000, 0x000000010e1e0000, 0x000000011cc00000]
 total_blobs=2595 nmethods=1719 adapters=790
 compilation: enabled

Compilation events (10 events):
Event: 13.934 Thread 0x00007ff69c013800 1987  s    4       sun.misc.URLClassPath::getNextLoader (88 bytes)
Event: 13.934 Thread 0x00007ff69b050000 1988  s!   2       sun.misc.URLClassPath::getLoader (197 bytes)
Event: 13.937 Thread 0x00007ff69b050000 nmethod 1988 0x000000010e1d9650 code [0x000000010e1d9940, 0x000000010e1db048]
Event: 13.937 Thread 0x00007ff69b050000 1990       3       java.util.concurrent.locks.LockSupport::setBlocker (12 bytes)
Event: 13.938 Thread 0x00007ff69b050000 nmethod 1990 0x000000010e1cfdd0 code [0x000000010e1cff20, 0x000000010e1d0070]
Event: 13.939 Thread 0x00007ff69b050000 1991       3       java.security.AccessControlContext::<init> (63 bytes)
Event: 13.939 Thread 0x00007ff69b050000 nmethod 1991 0x000000010e1cf650 code [0x000000010e1cf7e0, 0x000000010e1cfc28]
Event: 13.939 Thread 0x00007ff69b050000 1992       3       java.util.IdentityHashMap::hash (18 bytes)
Event: 13.940 Thread 0x00007ff69b050000 nmethod 1992 0x000000010e1d3810 code [0x000000010e1d3980, 0x000000010e1d3b08]
Event: 13.942 Thread 0x00007ff69c013800 nmethod 1987 0x000000010e1de390 code [0x000000010e1de500, 0x000000010e1dec78]

GC Heap History (10 events):
Event: 5.639 GC heap before
{Heap before GC invocations=4 (full 0):
 PSYoungGen      total 18944K, used 18928K [0x00000007aab00000, 0x00000007ac000000, 0x00000007c0000000)
  eden space 16384K, 100% used [0x00000007aab00000,0x00000007abb00000,0x00000007abb00000)
  from space 2560K, 99% used [0x00000007abb00000,0x00000007abd7c050,0x00000007abd80000)
  to   space 2560K, 0% used [0x00000007abd80000,0x00000007abd80000,0x00000007ac000000)
 ParOldGen       total 44032K, used 5302K [0x0000000780000000, 0x0000000782b00000, 0x00000007aab00000)
  object space 44032K, 12% used [0x0000000780000000,0x000000078052dbd8,0x0000000782b00000)
 Metaspace       used 17662K, capacity 17819K, committed 18048K, reserved 1064960K
  class space    used 1809K, capacity 1884K, committed 1920K, reserved 1048576K
Event: 5.644 GC heap after
Heap after GC invocations=4 (full 0):
 PSYoungGen      total 18944K, used 2528K [0x00000007aab00000, 0x00000007ad000000, 0x00000007c0000000)
  eden space 16384K, 0% used [0x00000007aab00000,0x00000007aab00000,0x00000007abb00000)
  from space 2560K, 98% used [0x00000007abd80000,0x00000007abff8040,0x00000007ac000000)
  to   space 2560K, 0% used [0x00000007abb00000,0x00000007abb00000,0x00000007abd80000)
 ParOldGen       total 44032K, used 5638K [0x0000000780000000, 0x0000000782b00000, 0x00000007aab00000)
  object space 44032K, 12% used [0x0000000780000000,0x0000000780581bd8,0x0000000782b00000)
 Metaspace       used 17662K, capacity 17819K, committed 18048K, reserved 1064960K
  class space    used 1809K, capacity 1884K, committed 1920K, reserved 1048576K
}
Event: 5.891 GC heap before
{Heap before GC invocations=5 (full 0):
 PSYoungGen      total 18944K, used 18757K [0x00000007aab00000, 0x00000007ad000000, 0x00000007c0000000)
  eden space 16384K, 99% used [0x00000007aab00000,0x00000007abad9748,0x00000007abb00000)
  from space 2560K, 98% used [0x00000007abd80000,0x00000007abff8040,0x00000007ac000000)
  to   space 2560K, 0% used [0x00000007abb00000,0x00000007abb00000,0x00000007abd80000)
 ParOldGen       total 44032K, used 5638K [0x0000000780000000, 0x0000000782b00000, 0x00000007aab00000)
  object space 44032K, 12% used [0x0000000780000000,0x0000000780581bd8,0x0000000782b00000)
 Metaspace       used 18292K, capacity 18523K, committed 18688K, reserved 1067008K
  class space    used 1865K, capacity 1948K, committed 2048K, reserved 1048576K
Event: 5.902 GC heap after
Heap after GC invocations=5 (full 0):
 PSYoungGen      total 18944K, used 2528K [0x00000007aab00000, 0x00000007ade00000, 0x00000007c0000000)
  eden space 16384K, 0% used [0x00000007aab00000,0x00000007aab00000,0x00000007abb00000)
  from space 2560K, 98% used [0x00000007abb00000,0x00000007abd78020,0x00000007abd80000)
  to   space 9728K, 0% used [0x00000007ad480000,0x00000007ad480000,0x00000007ade00000)
 ParOldGen       total 44032K, used 13143K [0x0000000780000000, 0x0000000782b00000, 0x00000007aab00000)
  object space 44032K, 29% used [0x0000000780000000,0x0000000780cd5e28,0x0000000782b00000)
 Metaspace       used 18292K, capacity 18523K, committed 18688K, reserved 1067008K
  class space    used 1865K, capacity 1948K, committed 2048K, reserved 1048576K
}
Event: 6.330 GC heap before
{Heap before GC invocations=6 (full 0):
 PSYoungGen      total 18944K, used 18912K [0x00000007aab00000, 0x00000007ade00000, 0x00000007c0000000)
  eden space 16384K, 100% used [0x00000007aab00000,0x00000007abb00000,0x00000007abb00000)
  from space 2560K, 98% used [0x00000007abb00000,0x00000007abd78020,0x00000007abd80000)
  to   space 9728K, 0% used [0x00000007ad480000,0x00000007ad480000,0x00000007ade00000)
 ParOldGen       total 44032K, used 13143K [0x0000000780000000, 0x0000000782b00000, 0x00000007aab00000)
  object space 44032K, 29% used [0x0000000780000000,0x0000000780cd5e28,0x0000000782b00000)
 Metaspace       used 18599K, capacity 18811K, committed 18944K, reserved 1067008K
  class space    used 1888K, capacity 1980K, committed 2048K, reserved 1048576K
Event: 6.339 GC heap after
Heap after GC invocations=6 (full 0):
 PSYoungGen      total 42496K, used 6384K [0x00000007aab00000, 0x00000007ade00000, 0x00000007c0000000)
  eden space 32768K, 0% used [0x00000007aab00000,0x00000007aab00000,0x00000007acb00000)
  from space 9728K, 65% used [0x00000007ad480000,0x00000007adabc120,0x00000007ade00000)
  to   space 9728K, 0% used [0x00000007acb00000,0x00000007acb00000,0x00000007ad480000)
 ParOldGen       total 44032K, used 13151K [0x0000000780000000, 0x0000000782b00000, 0x00000007aab00000)
  object space 44032K, 29% used [0x0000000780000000,0x0000000780cd7e28,0x0000000782b00000)
 Metaspace       used 18599K, capacity 18811K, committed 18944K, reserved 1067008K
  class space    used 1888K, capacity 1980K, committed 2048K, reserved 1048576K
}
Event: 7.625 GC heap before
{Heap before GC invocations=7 (full 0):
 PSYoungGen      total 42496K, used 39152K [0x00000007aab00000, 0x00000007ade00000, 0x00000007c0000000)
  eden space 32768K, 100% used [0x00000007aab00000,0x00000007acb00000,0x00000007acb00000)
  from space 9728K, 65% used [0x00000007ad480000,0x00000007adabc120,0x00000007ade00000)
  to   space 9728K, 0% used [0x00000007acb00000,0x00000007acb00000,0x00000007ad480000)
 ParOldGen       total 44032K, used 13151K [0x0000000780000000, 0x0000000782b00000, 0x00000007aab00000)
  object space 44032K, 29% used [0x0000000780000000,0x0000000780cd7e28,0x0000000782b00000)
 Metaspace       used 18743K, capacity 18939K, committed 19200K, reserved 1067008K
  class space    used 1888K, capacity 1980K, committed 2048K, reserved 1048576K
Event: 7.638 GC heap after
Heap after GC invocations=7 (full 0):
 PSYoungGen      total 42496K, used 9080K [0x00000007aab00000, 0x00000007b0100000, 0x00000007c0000000)
  eden space 32768K, 0% used [0x00000007aab00000,0x00000007aab00000,0x00000007acb00000)
  from space 9728K, 93% used [0x00000007acb00000,0x00000007ad3de3b8,0x00000007ad480000)
  to   space 11264K, 0% used [0x00000007af600000,0x00000007af600000,0x00000007b0100000)
 ParOldGen       total 44032K, used 14580K [0x0000000780000000, 0x0000000782b00000, 0x00000007aab00000)
  object space 44032K, 33% used [0x0000000780000000,0x0000000780e3d288,0x0000000782b00000)
 Metaspace       used 18743K, capacity 18939K, committed 19200K, reserved 1067008K
  class space    used 1888K, capacity 1980K, committed 2048K, reserved 1048576K
}
Event: 12.379 GC heap before
{Heap before GC invocations=8 (full 0):
 PSYoungGen      total 42496K, used 41848K [0x00000007aab00000, 0x00000007b0100000, 0x00000007c0000000)
  eden space 32768K, 100% used [0x00000007aab00000,0x00000007acb00000,0x00000007acb00000)
  from space 9728K, 93% used [0x00000007acb00000,0x00000007ad3de3b8,0x00000007ad480000)
  to   space 11264K, 0% used [0x00000007af600000,0x00000007af600000,0x00000007b0100000)
 ParOldGen       total 44032K, used 14580K [0x0000000780000000, 0x0000000782b00000, 0x00000007aab00000)
  object space 44032K, 33% used [0x0000000780000000,0x0000000780e3d288,0x0000000782b00000)
 Metaspace       used 18835K, capacity 19077K, committed 19200K, reserved 1067008K
  class space    used 1888K, capacity 1981K, committed 2048K, reserved 1048576K
Event: 12.386 GC heap after
Heap after GC invocations=8 (full 0):
 PSYoungGen      total 76800K, used 8128K [0x00000007aab00000, 0x00000007b0100000, 0x00000007c0000000)
  eden space 65536K, 0% used [0x00000007aab00000,0x00000007aab00000,0x00000007aeb00000)
  from space 11264K, 72% used [0x00000007af600000,0x00000007afdf01f0,0x00000007b0100000)
  to   space 11264K, 0% used [0x00000007aeb00000,0x00000007aeb00000,0x00000007af600000)
 ParOldGen       total 44032K, used 15559K [0x0000000780000000, 0x0000000782b00000, 0x00000007aab00000)
  object space 44032K, 35% used [0x0000000780000000,0x0000000780f31f20,0x0000000782b00000)
 Metaspace       used 18835K, capacity 19077K, committed 19200K, reserved 1067008K
  class space    used 1888K, capacity 1981K, committed 2048K, reserved 1048576K
}

Deoptimization events (10 events):
Event: 5.921 Thread 0x00007ff69ab14800 Uncommon trap: reason=class_check action=maybe_recompile pc=0x000000010e02a2a4 method=java.util.regex.Pattern$Slice.match(Ljava/util/regex/Matcher;ILjava/lang/CharSequence;)Z @ 49
Event: 5.921 Thread 0x00007ff69ab14800 Uncommon trap: reason=class_check action=maybe_recompile pc=0x000000010e02a2a4 method=java.util.regex.Pattern$Slice.match(Ljava/util/regex/Matcher;ILjava/lang/CharSequence;)Z @ 49
Event: 5.921 Thread 0x00007ff69ab14800 Uncommon trap: reason=class_check action=maybe_recompile pc=0x000000010dffa77c method=java.util.regex.Pattern$Curly.match0(Ljava/util/regex/Matcher;IILjava/lang/CharSequence;)Z @ 31
Event: 5.921 Thread 0x00007ff69ab14800 Uncommon trap: reason=class_check action=maybe_recompile pc=0x000000010dffa77c method=java.util.regex.Pattern$Curly.match0(Ljava/util/regex/Matcher;IILjava/lang/CharSequence;)Z @ 31
Event: 6.059 Thread 0x00007ff69ab14800 Uncommon trap: reason=unstable_if action=reinterpret pc=0x000000010e12d6dc method=processing.opengl.PGraphicsOpenGL$Tessellator.addLineSegment2D(IIIZZ)I @ 25
Event: 6.138 Thread 0x00007ff69ab14800 Uncommon trap: reason=unstable_if action=reinterpret pc=0x000000010e0ca9e8 method=processing.opengl.PGraphicsOpenGL$InGeometry.addVertex(FFFIFFFFFIFIIIFIZ)I @ 218
Event: 6.138 Thread 0x00007ff69ab14800 Uncommon trap: reason=unstable_if action=reinterpret pc=0x000000010e14eeec method=processing.core.PApplet.max(III)I @ 20
Event: 6.138 Thread 0x00007ff69ab14800 Uncommon trap: reason=unstable_if action=reinterpret pc=0x000000010e0ac5b0 method=processing.core.PApplet.max(III)I @ 20
Event: 6.138 Thread 0x00007ff69ab14800 Uncommon trap: reason=predicate action=maybe_recompile pc=0x000000010e1471cc method=processing.opengl.PGraphicsOpenGL$TessGeometry.addPolyVertices(Lprocessing/opengl/PGraphicsOpenGL$InGeometry;IIZ)V @ 55
Event: 6.200 Thread 0x00007ff69ab14800 Uncommon trap: reason=unstable_if action=reinterpret pc=0x000000010e1567b0 method=processing.opengl.PGraphicsOpenGL$Tessellator.setLastTexIndex(II)V @ 15

Internal exceptions (10 events):
Event: 0.292 Thread 0x00007ff69a806000 Exception <a 'java/lang/NoSuchFieldError': method resolution failed> (0x00000007aad50560) thrown at [/Users/java_re/workspace/8-2-build-macosx-x86_64/jdk8u71/5731/hotspot/src/share/vm/prims/methodHandles.cpp, line 1146]
Event: 0.311 Thread 0x00007ff69a806000 Exception <a 'java/lang/NoSuchFieldError': method resolution failed> (0x00000007aad5dd30) thrown at [/Users/java_re/workspace/8-2-build-macosx-x86_64/jdk8u71/5731/hotspot/src/share/vm/prims/methodHandles.cpp, line 1146]
Event: 0.760 Thread 0x00007ff69a806000 Exception <a 'java/io/FileNotFoundException'> (0x00000007aadd9eb0) thrown at [/Users/java_re/workspace/8-2-build-macosx-x86_64/jdk8u71/5731/hotspot/src/share/vm/prims/jni.cpp, line 709]
Event: 0.760 Thread 0x00007ff69a806000 Exception <a 'java/io/FileNotFoundException'> (0x00000007aadda9f8) thrown at [/Users/java_re/workspace/8-2-build-macosx-x86_64/jdk8u71/5731/hotspot/src/share/vm/prims/jni.cpp, line 709]
Event: 0.920 Thread 0x00007ff69a806000 Exception <a 'java/io/FileNotFoundException'> (0x00000007aaec4338) thrown at [/Users/java_re/workspace/8-2-build-macosx-x86_64/jdk8u71/5731/hotspot/src/share/vm/prims/jni.cpp, line 709]
Event: 3.993 Thread 0x00007ff69a81d000 Exception <a 'java/lang/NullPointerException'> (0x00000007aab83cf0) thrown at [/Users/java_re/workspace/8-2-build-macosx-x86_64/jdk8u71/5731/hotspot/src/share/vm/interpreter/linkResolver.cpp, line 1178]
Event: 4.098 Thread 0x00007ff69ab69000 Exception <a 'java/lang/UnsatisfiedLinkError': com.jogamp.common.util.JarUtil.fixNativeLibAttribs(Ljava/lang/String;)Z> (0x00000007aafb6da0) thrown at [/Users/java_re/workspace/8-2-build-macosx-x86_64/jdk8u71/5731/hotspot/src/share/vm/prims/nativeLookup.c
Event: 5.372 Thread 0x00007ff69ab14800 Exception <a 'java/io/FileNotFoundException'> (0x00000007ab2731a8) thrown at [/Users/java_re/workspace/8-2-build-macosx-x86_64/jdk8u71/5731/hotspot/src/share/vm/prims/jni.cpp, line 709]
Event: 5.373 Thread 0x00007ff69ab14800 Exception <a 'java/io/FileNotFoundException'> (0x00000007ab27a2c0) thrown at [/Users/java_re/workspace/8-2-build-macosx-x86_64/jdk8u71/5731/hotspot/src/share/vm/prims/jni.cpp, line 709]
Event: 5.373 Thread 0x00007ff69ab14800 Implicit null exception at 0x000000010ddb9535 to 0x000000010ddb9899

Events (10 events):
Event: 13.936 loading class java/awt/LightweightDispatcher$2 done
Event: 13.937 loading class java/awt/event/AWTEventListenerProxy
Event: 13.937 loading class java/awt/event/AWTEventListenerProxy done
Event: 13.937 loading class java/awt/Toolkit$ToolkitEventMulticaster
Event: 13.937 loading class java/awt/Toolkit$ToolkitEventMulticaster done
Event: 13.938 Thread 0x00007ff69c17c800 Thread exited: 0x00007ff69c17c800
Event: 13.938 loading class java/lang/IllegalThreadStateException
Event: 13.938 loading class java/lang/IllegalThreadStateException done
Event: 13.939 loading class java/awt/Window$1DisposeAction
Event: 13.939 loading class java/awt/Window$1DisposeAction done


Dynamic libraries:
0x00000000032e2000 	/System/Library/Frameworks/Cocoa.framework/Versions/A/Cocoa
0x00000000032e2000 	/System/Library/Frameworks/Security.framework/Versions/A/Security
0x00000000032e2000 	/System/Library/Frameworks/ApplicationServices.framework/Versions/A/ApplicationServices
0x00000000032e2000 	/usr/lib/libz.1.dylib
0x00000000032e2000 	/usr/lib/libSystem.B.dylib
0x00000000032e2000 	/usr/lib/libobjc.A.dylib
0x00000000032e2000 	/System/Library/Frameworks/CoreFoundation.framework/Versions/A/CoreFoundation
0x00000000032e2000 	/System/Library/Frameworks/Foundation.framework/Versions/C/Foundation
0x00000000032e2000 	/System/Library/Frameworks/AppKit.framework/Versions/C/AppKit
0x00000000032e2000 	/System/Library/Frameworks/CoreData.framework/Versions/A/CoreData
0x00000000032e2000 	/System/Library/PrivateFrameworks/RemoteViewServices.framework/Versions/A/RemoteViewServices
0x00000000032e2000 	/System/Library/PrivateFrameworks/UIFoundation.framework/Versions/A/UIFoundation
0x00000000032e2000 	/System/Library/Frameworks/IOSurface.framework/Versions/A/IOSurface
0x00000000032e2000 	/System/Library/Frameworks/AudioToolbox.framework/Versions/A/AudioToolbox
0x00000000032e2000 	/System/Library/Frameworks/AudioUnit.framework/Versions/A/AudioUnit
0x00000000032e2000 	/System/Library/PrivateFrameworks/DataDetectorsCore.framework/Versions/A/DataDetectorsCore
0x00000000032e2000 	/System/Library/PrivateFrameworks/DesktopServicesPriv.framework/Versions/A/DesktopServicesPriv
0x00000000032e2000 	/System/Library/Frameworks/Carbon.framework/Versions/A/Frameworks/HIToolbox.framework/Versions/A/HIToolbox
0x00000000032e2000 	/System/Library/Frameworks/QuartzCore.framework/Versions/A/QuartzCore
0x00000000032e2000 	/System/Library/Frameworks/Carbon.framework/Versions/A/Frameworks/SpeechRecognition.framework/Versions/A/SpeechRecognition
0x00000000032e2000 	/usr/lib/libauto.dylib
0x00000000032e2000 	/usr/lib/libicucore.A.dylib
0x00000000032e2000 	/usr/lib/libxml2.2.dylib
0x00000000032e2000 	/System/Library/PrivateFrameworks/CoreUI.framework/Versions/A/CoreUI
0x00000000032e2000 	/System/Library/Frameworks/CoreAudio.framework/Versions/A/CoreAudio
0x00000000032e2000 	/System/Library/Frameworks/DiskArbitration.framework/Versions/A/DiskArbitration
0x00000000032e2000 	/usr/lib/liblangid.dylib
0x00000000032e2000 	/System/Library/PrivateFrameworks/MultitouchSupport.framework/Versions/A/MultitouchSupport
0x00000000032e2000 	/System/Library/Frameworks/IOKit.framework/Versions/A/IOKit
0x00000000032e2000 	/usr/lib/libDiagnosticMessagesClient.dylib
0x00000000032e2000 	/System/Library/Frameworks/CoreServices.framework/Versions/A/CoreServices
0x00000000032e2000 	/System/Library/PrivateFrameworks/PerformanceAnalysis.framework/Versions/A/PerformanceAnalysis
0x00000000032e2000 	/System/Library/PrivateFrameworks/GenerationalStorage.framework/Versions/A/GenerationalStorage
0x00000000032e2000 	/System/Library/Frameworks/OpenGL.framework/Versions/A/OpenGL
0x00000000032e2000 	/System/Library/PrivateFrameworks/Sharing.framework/Versions/A/Sharing
0x00000000032e2000 	/System/Library/Frameworks/CoreGraphics.framework/Versions/A/CoreGraphics
0x00000000032e2000 	/System/Library/Frameworks/CoreText.framework/Versions/A/CoreText
0x00000000032e2000 	/System/Library/Frameworks/ImageIO.framework/Versions/A/ImageIO
0x00000000032e2000 	/usr/lib/libextension.dylib
0x00000000032e2000 	/System/Library/PrivateFrameworks/Backup.framework/Versions/A/Backup
0x00000000032e2000 	/usr/lib/libarchive.2.dylib
0x00000000032e2000 	/System/Library/Frameworks/CFNetwork.framework/Versions/A/CFNetwork
0x00000000032e2000 	/System/Library/Frameworks/SystemConfiguration.framework/Versions/A/SystemConfiguration
0x00000000032e2000 	/usr/lib/libCRFSuite.dylib
0x00000000032e2000 	/usr/lib/libc++.1.dylib
0x00000000032e2000 	/usr/lib/libc++abi.dylib
0x00000000032e2000 	/usr/lib/system/libcache.dylib
0x00000000032e2000 	/usr/lib/system/libcommonCrypto.dylib
0x00000000032e2000 	/usr/lib/system/libcompiler_rt.dylib
0x00000000032e2000 	/usr/lib/system/libcopyfile.dylib
0x00000000032e2000 	/usr/lib/system/libcorecrypto.dylib
0x00000000032e2000 	/usr/lib/system/libdispatch.dylib
0x00000000032e2000 	/usr/lib/system/libdyld.dylib
0x00000000032e2000 	/usr/lib/system/libkeymgr.dylib
0x00000000032e2000 	/usr/lib/system/liblaunch.dylib
0x00000000032e2000 	/usr/lib/system/libmacho.dylib
0x00000000032e2000 	/usr/lib/system/libquarantine.dylib
0x00000000032e2000 	/usr/lib/system/libremovefile.dylib
0x00000000032e2000 	/usr/lib/system/libsystem_asl.dylib
0x00000000032e2000 	/usr/lib/system/libsystem_blocks.dylib
0x00000000032e2000 	/usr/lib/system/libsystem_c.dylib
0x00000000032e2000 	/usr/lib/system/libsystem_configuration.dylib
0x00000000032e2000 	/usr/lib/system/libsystem_coreservices.dylib
0x00000000032e2000 	/usr/lib/system/libsystem_coretls.dylib
0x00000000032e2000 	/usr/lib/system/libsystem_dnssd.dylib
0x00000000032e2000 	/usr/lib/system/libsystem_info.dylib
0x00000000032e2000 	/usr/lib/system/libsystem_kernel.dylib
0x00000000032e2000 	/usr/lib/system/libsystem_m.dylib
0x00000000032e2000 	/usr/lib/system/libsystem_malloc.dylib
0x00000000032e2000 	/usr/lib/system/libsystem_network.dylib
0x00000000032e2000 	/usr/lib/system/libsystem_networkextension.dylib
0x00000000032e2000 	/usr/lib/system/libsystem_notify.dylib
0x00000000032e2000 	/usr/lib/system/libsystem_platform.dylib
0x00000000032e2000 	/usr/lib/system/libsystem_pthread.dylib
0x00000000032e2000 	/usr/lib/system/libsystem_sandbox.dylib
0x00000000032e2000 	/usr/lib/system/libsystem_secinit.dylib
0x00000000032e2000 	/usr/lib/system/libsystem_stats.dylib
0x00000000032e2000 	/usr/lib/system/libsystem_trace.dylib
0x00000000032e2000 	/usr/lib/system/libunc.dylib
0x00000000032e2000 	/usr/lib/system/libunwind.dylib
0x00000000032e2000 	/usr/lib/system/libxpc.dylib
0x00000000032e2000 	/usr/lib/libbz2.1.0.dylib
0x00000000032e2000 	/usr/lib/liblzma.5.dylib
0x00000000032e2000 	/usr/lib/libbsm.0.dylib
0x00000000032e2000 	/usr/lib/libsqlite3.dylib
0x00000000032e2000 	/usr/lib/system/libkxld.dylib
0x00000000032e2000 	/usr/lib/libxar.1.dylib
0x00000000032e2000 	/usr/lib/libpam.2.dylib
0x00000000032e2000 	/usr/lib/libOpenScriptingUtil.dylib
0x00000000032e2000 	/System/Library/Frameworks/CoreServices.framework/Versions/A/Frameworks/FSEvents.framework/Versions/A/FSEvents
0x00000000032e2000 	/System/Library/Frameworks/CoreServices.framework/Versions/A/Frameworks/CarbonCore.framework/Versions/A/CarbonCore
0x00000000032e2000 	/System/Library/Frameworks/CoreServices.framework/Versions/A/Frameworks/Metadata.framework/Versions/A/Metadata
0x00000000032e2000 	/System/Library/Frameworks/CoreServices.framework/Versions/A/Frameworks/OSServices.framework/Versions/A/OSServices
0x00000000032e2000 	/System/Library/Frameworks/CoreServices.framework/Versions/A/Frameworks/SearchKit.framework/Versions/A/SearchKit
0x00000000032e2000 	/System/Library/Frameworks/CoreServices.framework/Versions/A/Frameworks/AE.framework/Versions/A/AE
0x00000000032e2000 	/System/Library/Frameworks/CoreServices.framework/Versions/A/Frameworks/LaunchServices.framework/Versions/A/LaunchServices
0x00000000032e2000 	/System/Library/Frameworks/CoreServices.framework/Versions/A/Frameworks/DictionaryServices.framework/Versions/A/DictionaryServices
0x00000000032e2000 	/System/Library/Frameworks/NetFS.framework/Versions/A/NetFS
0x00000000032e2000 	/System/Library/PrivateFrameworks/NetAuth.framework/Versions/A/NetAuth
0x00000000032e2000 	/System/Library/PrivateFrameworks/login.framework/Versions/A/Frameworks/loginsupport.framework/Versions/A/loginsupport
0x00000000032e2000 	/System/Library/PrivateFrameworks/TCC.framework/Versions/A/TCC
0x00000000032e2000 	/usr/lib/libmecabra.dylib
0x00000000032e2000 	/System/Library/Frameworks/ApplicationServices.framework/Versions/A/Frameworks/ATS.framework/Versions/A/ATS
0x00000000032e2000 	/System/Library/Frameworks/ApplicationServices.framework/Versions/A/Frameworks/ColorSync.framework/Versions/A/ColorSync
0x00000000032e2000 	/System/Library/Frameworks/ApplicationServices.framework/Versions/A/Frameworks/HIServices.framework/Versions/A/HIServices
0x00000000032e2000 	/System/Library/Frameworks/ApplicationServices.framework/Versions/A/Frameworks/LangAnalysis.framework/Versions/A/LangAnalysis
0x00000000032e2000 	/System/Library/Frameworks/ApplicationServices.framework/Versions/A/Frameworks/PrintCore.framework/Versions/A/PrintCore
0x00000000032e2000 	/System/Library/Frameworks/ApplicationServices.framework/Versions/A/Frameworks/QD.framework/Versions/A/QD
0x00000000032e2000 	/System/Library/Frameworks/ApplicationServices.framework/Versions/A/Frameworks/SpeechSynthesis.framework/Versions/A/SpeechSynthesis
0x00000000032e2000 	/System/Library/Frameworks/Accelerate.framework/Versions/A/Accelerate
0x00000000032e2000 	/System/Library/Frameworks/Accelerate.framework/Versions/A/Frameworks/vImage.framework/Versions/A/vImage
0x00000000032e2000 	/System/Library/Frameworks/Accelerate.framework/Versions/A/Frameworks/vecLib.framework/Versions/A/vecLib
0x00000000032e2000 	/System/Library/Frameworks/Accelerate.framework/Versions/A/Frameworks/vecLib.framework/Versions/A/libvDSP.dylib
0x00000000032e2000 	/System/Library/Frameworks/Accelerate.framework/Versions/A/Frameworks/vecLib.framework/Versions/A/libvMisc.dylib
0x00000000032e2000 	/System/Library/Frameworks/Accelerate.framework/Versions/A/Frameworks/vecLib.framework/Versions/A/libLAPACK.dylib
0x00000000032e2000 	/System/Library/Frameworks/Accelerate.framework/Versions/A/Frameworks/vecLib.framework/Versions/A/libBLAS.dylib
0x00000000032e2000 	/System/Library/Frameworks/Accelerate.framework/Versions/A/Frameworks/vecLib.framework/Versions/A/libLinearAlgebra.dylib
0x00000000032e2000 	/System/Library/Frameworks/ApplicationServices.framework/Versions/A/Frameworks/ATS.framework/Versions/A/Resources/libFontParser.dylib
0x00000000032e2000 	/System/Library/Frameworks/ApplicationServices.framework/Versions/A/Frameworks/ATS.framework/Versions/A/Resources/libFontRegistry.dylib
0x00000000032e2000 	/System/Library/PrivateFrameworks/AppleVPA.framework/Versions/A/AppleVPA
0x00000000032e2000 	/System/Library/PrivateFrameworks/AppleJPEG.framework/Versions/A/AppleJPEG
0x00000000032e2000 	/System/Library/Frameworks/ImageIO.framework/Versions/A/Resources/libJPEG.dylib
0x00000000032e2000 	/System/Library/Frameworks/ImageIO.framework/Versions/A/Resources/libTIFF.dylib
0x00000000032e2000 	/System/Library/Frameworks/ImageIO.framework/Versions/A/Resources/libPng.dylib
0x00000000032e2000 	/System/Library/Frameworks/ImageIO.framework/Versions/A/Resources/libGIF.dylib
0x00000000032e2000 	/System/Library/Frameworks/ImageIO.framework/Versions/A/Resources/libJP2.dylib
0x00000000032e2000 	/System/Library/Frameworks/ImageIO.framework/Versions/A/Resources/libRadiance.dylib
0x00000000032e2000 	/System/Library/Frameworks/CoreVideo.framework/Versions/A/CoreVideo
0x00000000032e2000 	/System/Library/Frameworks/OpenGL.framework/Versions/A/Libraries/libGLU.dylib
0x00000000032e2000 	/System/Library/Frameworks/OpenGL.framework/Versions/A/Libraries/libGFXShared.dylib
0x00000000032e2000 	/System/Library/Frameworks/OpenGL.framework/Versions/A/Libraries/libGL.dylib
0x00000000032e2000 	/System/Library/Frameworks/OpenGL.framework/Versions/A/Libraries/libGLImage.dylib
0x00000000032e2000 	/System/Library/Frameworks/OpenGL.framework/Versions/A/Libraries/libCVMSPluginSupport.dylib
0x00000000032e2000 	/System/Library/Frameworks/OpenGL.framework/Versions/A/Libraries/libCoreVMClient.dylib
0x00000000032e2000 	/usr/lib/libcups.2.dylib
0x00000000032e2000 	/System/Library/Frameworks/Kerberos.framework/Versions/A/Kerberos
0x00000000032e2000 	/System/Library/Frameworks/GSS.framework/Versions/A/GSS
0x00000000032e2000 	/usr/lib/libresolv.9.dylib
0x00000000032e2000 	/usr/lib/libiconv.2.dylib
0x00000000032e2000 	/System/Library/PrivateFrameworks/Heimdal.framework/Versions/A/Heimdal
0x00000000032e2000 	/usr/lib/libheimdal-asn1.dylib
0x00000000032e2000 	/System/Library/Frameworks/OpenDirectory.framework/Versions/A/OpenDirectory
0x00000000032e2000 	/System/Library/PrivateFrameworks/CommonAuth.framework/Versions/A/CommonAuth
0x00000000032e2000 	/System/Library/Frameworks/OpenDirectory.framework/Versions/A/Frameworks/CFOpenDirectory.framework/Versions/A/CFOpenDirectory
0x00000000032e2000 	/System/Library/Frameworks/SecurityFoundation.framework/Versions/A/SecurityFoundation
0x00000000032e2000 	/System/Library/PrivateFrameworks/LanguageModeling.framework/Versions/A/LanguageModeling
0x00000000032e2000 	/usr/lib/libcmph.dylib
0x00000000032e2000 	/System/Library/Frameworks/ServiceManagement.framework/Versions/A/ServiceManagement
0x00000000032e2000 	/usr/lib/libxslt.1.dylib
0x00000000032e2000 	/System/Library/Frameworks/Carbon.framework/Versions/A/Frameworks/Ink.framework/Versions/A/Ink
0x00000000032e2000 	/System/Library/Frameworks/QuartzCore.framework/Versions/A/Frameworks/CoreImage.framework/Versions/A/CoreImage
0x00000000032e2000 	/System/Library/PrivateFrameworks/CrashReporterSupport.framework/Versions/A/CrashReporterSupport
0x00000000032e2000 	/System/Library/Frameworks/OpenCL.framework/Versions/A/OpenCL
0x00000000032e2000 	/System/Library/PrivateFrameworks/FaceCore.framework/Versions/A/FaceCore
0x00000000032e2000 	/System/Library/PrivateFrameworks/Ubiquity.framework/Versions/A/Ubiquity
0x00000000032e2000 	/System/Library/PrivateFrameworks/IconServices.framework/Versions/A/IconServices
0x00000000032e2000 	/System/Library/PrivateFrameworks/ChunkingLibrary.framework/Versions/A/ChunkingLibrary
0x00000000032e2000 	/System/Library/PrivateFrameworks/Apple80211.framework/Versions/A/Apple80211
0x00000000032e2000 	/System/Library/Frameworks/CoreWLAN.framework/Versions/A/CoreWLAN
0x00000000032e2000 	/System/Library/Frameworks/IOBluetooth.framework/Versions/A/IOBluetooth
0x00000000032e2000 	/System/Library/PrivateFrameworks/CoreWiFi.framework/Versions/A/CoreWiFi
0x00000000032e2000 	/System/Library/Frameworks/CoreBluetooth.framework/Versions/A/CoreBluetooth
0x00000000032e2000 	/System/Library/PrivateFrameworks/DebugSymbols.framework/Versions/A/DebugSymbols
0x00000000032e2000 	/System/Library/PrivateFrameworks/CoreSymbolication.framework/Versions/A/CoreSymbolication
0x00000000032e2000 	/System/Library/PrivateFrameworks/Symbolication.framework/Versions/A/Symbolication
0x00000000032e2000 	/System/Library/PrivateFrameworks/SpeechRecognitionCore.framework/Versions/A/SpeechRecognitionCore
0x000000010c2d3000 	/Library/Java/JavaVirtualMachines/jdk1.8.0_71.jdk/Contents/Home/jre/lib/server/libjvm.dylib
0x00000000032e2000 	/usr/lib/libstdc++.6.dylib
0x000000010d37c000 	/Library/Java/JavaVirtualMachines/jdk1.8.0_71.jdk/Contents/Home/jre/lib/libverify.dylib
0x000000010d38a000 	/Library/Java/JavaVirtualMachines/jdk1.8.0_71.jdk/Contents/Home/jre/lib/libjava.dylib
0x000000010d3c9000 	/Library/Java/JavaVirtualMachines/jdk1.8.0_71.jdk/Contents/Home/jre/lib/libzip.dylib
0x000000010d3e7000 	/System/Library/Frameworks/JavaVM.framework/Frameworks/JavaRuntimeSupport.framework/JavaRuntimeSupport
0x00000001216fa000 	/System/Library/Frameworks/JavaVM.framework/Versions/A/Frameworks/JavaNativeFoundation.framework/Versions/A/JavaNativeFoundation
0x000000012170f000 	/System/Library/Frameworks/JavaVM.framework/Versions/A/JavaVM
0x00000000032e2000 	/System/Library/Frameworks/Carbon.framework/Versions/A/Carbon
0x000000012171c000 	/System/Library/PrivateFrameworks/JavaLaunching.framework/Versions/A/JavaLaunching
0x00000000032e2000 	/System/Library/Frameworks/Carbon.framework/Versions/A/Frameworks/CommonPanels.framework/Versions/A/CommonPanels
0x00000000032e2000 	/System/Library/Frameworks/Carbon.framework/Versions/A/Frameworks/Help.framework/Versions/A/Help
0x00000000032e2000 	/System/Library/Frameworks/Carbon.framework/Versions/A/Frameworks/ImageCapture.framework/Versions/A/ImageCapture
0x00000000032e2000 	/System/Library/Frameworks/Carbon.framework/Versions/A/Frameworks/OpenScripting.framework/Versions/A/OpenScripting
0x00000000032e2000 	/System/Library/Frameworks/Carbon.framework/Versions/A/Frameworks/Print.framework/Versions/A/Print
0x00000000032e2000 	/System/Library/Frameworks/Carbon.framework/Versions/A/Frameworks/SecurityHI.framework/Versions/A/SecurityHI
0x0000000123651000 	/Library/Java/JavaVirtualMachines/jdk1.8.0_71.jdk/Contents/Home/jre/lib/libawt.dylib
0x00000001236f9000 	/Library/Java/JavaVirtualMachines/jdk1.8.0_71.jdk/Contents/Home/jre/lib/./libmlib_image.dylib
0x00000001237c5000 	/Library/Java/JavaVirtualMachines/jdk1.8.0_71.jdk/Contents/Home/jre/lib/libawt_lwawt.dylib
0x000000012387a000 	/Library/Java/JavaVirtualMachines/jdk1.8.0_71.jdk/Contents/Home/jre/lib/./libosxapp.dylib
0x00000000032e2000 	/System/Library/Frameworks/ExceptionHandling.framework/Versions/A/ExceptionHandling
0x00000000032e2000 	/System/Library/PrivateFrameworks/CoreServicesInternal.framework/Versions/A/CoreServicesInternal
0x00000000032e2000 	/System/Library/PrivateFrameworks/CloudDocs.framework/Versions/A/CloudDocs
0x00000000032e2000 	/System/Library/PrivateFrameworks/CoreDuet.framework/Versions/A/CoreDuet
0x00000000032e2000 	/System/Library/Frameworks/CloudKit.framework/Versions/A/CloudKit
0x00000000032e2000 	/System/Library/PrivateFrameworks/ProtocolBuffer.framework/Versions/A/ProtocolBuffer
0x00000000032e2000 	/System/Library/PrivateFrameworks/CoreDuetDaemonProtocol.framework/Versions/A/CoreDuetDaemonProtocol
0x00000000032e2000 	/System/Library/PrivateFrameworks/CoreDuetDebugLogging.framework/Versions/A/CoreDuetDebugLogging
0x00000000032e2000 	/System/Library/PrivateFrameworks/MMCS.framework/Versions/A/MMCS
0x00000000032e2000 	/System/Library/Frameworks/CoreLocation.framework/Versions/A/CoreLocation
0x00000000032e2000 	/System/Library/PrivateFrameworks/ProtectedCloudStorage.framework/Versions/A/ProtectedCloudStorage
0x00000000032e2000 	/System/Library/PrivateFrameworks/GeoServices.framework/Versions/A/GeoServices
0x00000000032e2000 	/System/Library/Frameworks/CoreGraphics.framework/Versions/A/Resources/libCGCMS.A.dylib
0x00000000032e2000 	/System/Library/Frameworks/CoreGraphics.framework/Versions/A/Resources/libRIP.A.dylib
0x00000000032e2000 	/System/Library/Frameworks/CoreGraphics.framework/Versions/A/Resources/libCGXType.A.dylib
0x00000000032e2000 	/System/Library/Frameworks/OpenCL.framework/Versions/A/Libraries/libcldcpuengine.dylib
0x00000000032e2000 	/System/Library/PrivateFrameworks/DiskImages.framework/Versions/A/DiskImages
0x00000000032e2000 	/System/Library/Frameworks/DiscRecording.framework/Versions/A/DiscRecording
0x00000000032e2000 	/usr/lib/libcsfde.dylib
0x00000000032e2000 	/usr/lib/libcurl.4.dylib
0x00000000032e2000 	/System/Library/PrivateFrameworks/MediaKit.framework/Versions/A/MediaKit
0x00000000032e2000 	/usr/lib/libCoreStorage.dylib
0x00000000032e2000 	/System/Library/PrivateFrameworks/EFILogin.framework/Versions/A/EFILogin
0x00000000032e2000 	/usr/lib/libutil.dylib
0x00000000032e2000 	/System/Library/PrivateFrameworks/FindMyDevice.framework/Versions/A/FindMyDevice
0x00000000032e2000 	/System/Library/Frameworks/LDAP.framework/Versions/A/LDAP
0x00000000032e2000 	/usr/lib/libsasl2.2.dylib
0x00000000032e2000 	/System/Library/PrivateFrameworks/CoreDaemon.framework/Versions/B/CoreDaemon
0x00000000032e2000 	/usr/lib/libcrypto.0.9.8.dylib
0x00000000032e2000 	/System/Library/PrivateFrameworks/AppleSRP.framework/Versions/A/AppleSRP
0x00000000032e2000 	/System/Library/PrivateFrameworks/TrustEvaluationAgent.framework/Versions/A/TrustEvaluationAgent
0x0000000126c7e000 	cl_kernels
0x0000000126c80000 	/System/Library/Frameworks/OpenCL.framework/Versions/A/Libraries/ImageFormats/unorm8_bgra.dylib
0x0000000126daa000 	cl_kernels
0x00000000032e2000 	/System/Library/PrivateFrameworks/FamilyControls.framework/Versions/A/FamilyControls
0x00000000032e2000 	/System/Library/PrivateFrameworks/CommerceKit.framework/Versions/A/Frameworks/CommerceCore.framework/Versions/A/CommerceCore
0x00000000032e2000 	/System/Library/PrivateFrameworks/SystemAdministration.framework/Versions/A/SystemAdministration
0x00000000032e2000 	/System/Library/PrivateFrameworks/AppContainer.framework/Versions/A/AppContainer
0x00000000032e2000 	/System/Library/PrivateFrameworks/SecCodeWrapper.framework/Versions/A/SecCodeWrapper
0x00000000032e2000 	/System/Library/Frameworks/DirectoryService.framework/Versions/A/DirectoryService
0x00000000032e2000 	/System/Library/PrivateFrameworks/LoginUIKit.framework/Versions/A/Frameworks/LoginUICore.framework/Versions/A/LoginUICore
0x00000000032e2000 	/usr/lib/libodfde.dylib
0x00000000032e2000 	/System/Library/Frameworks/OpenGL.framework/Versions/A/Resources/GLEngine.bundle/GLEngine
0x00000000032e2000 	/System/Library/Frameworks/OpenGL.framework/Versions/A/Libraries/libGLProgrammability.dylib
0x0000000127ff4000 	/System/Library/Extensions/AppleIntelHD5000GraphicsGLDriver.bundle/Contents/MacOS/AppleIntelHD5000GraphicsGLDriver
0x00000000032e2000 	/System/Library/PrivateFrameworks/IOAccelerator.framework/Versions/A/IOAccelerator
0x00000000032e2000 	/System/Library/PrivateFrameworks/GPUSupport.framework/Versions/A/Libraries/libGPUSupportMercury.dylib
0x00000000032e2000 	/System/Library/Frameworks/OpenGL.framework/Versions/A/Resources/GLRendererFloat.bundle/GLRendererFloat
0x00000001294dc000 	/Library/Java/JavaVirtualMachines/jdk1.8.0_71.jdk/Contents/Home/jre/lib/libfontmanager.dylib
0x000000012a740000 	/Library/Java/JavaVirtualMachines/jdk1.8.0_71.jdk/Contents/Home/jre/lib/libosxui.dylib
0x000000012a80f000 	/Library/Java/JavaVirtualMachines/jdk1.8.0_71.jdk/Contents/Home/jre/lib/libnet.dylib
0x000000012a75c000 	/Library/Java/JavaVirtualMachines/jdk1.8.0_71.jdk/Contents/Home/jre/lib/libnio.dylib
0x00000000032e2000 	/System/Library/Frameworks/ApplicationServices.framework/Versions/A/Frameworks/ATS.framework/Versions/A/Resources/libTrueTypeScaler.dylib
0x0000000177979000 	/private/var/folders/s4/ngcr_7ss02bdrtqp5hllhg2r0000gn/T/jogamp_0000/file_cache/jln1174151359382588054/jln5266404795433178125/libgluegen-rt.jnilib
0x000000017797d000 	/private/var/folders/s4/ngcr_7ss02bdrtqp5hllhg2r0000gn/T/jogamp_0000/file_cache/jln1174151359382588054/jln5266404795433178125/libnativewindow_awt.jnilib
0x0000000177980000 	/Library/Java/JavaVirtualMachines/jdk1.8.0_71.jdk/Contents/Home/jre/lib/libjawt.dylib
0x0000000177983000 	/private/var/folders/s4/ngcr_7ss02bdrtqp5hllhg2r0000gn/T/jogamp_0000/file_cache/jln1174151359382588054/jln5266404795433178125/libnativewindow_macosx.jnilib
0x0000000179267000 	/private/var/folders/s4/ngcr_7ss02bdrtqp5hllhg2r0000gn/T/jogamp_0000/file_cache/jln1174151359382588054/jln5266404795433178125/libjogl_desktop.jnilib
0x000000017e785000 	/Library/Java/JavaVirtualMachines/jdk1.8.0_71.jdk/Contents/Home/jre/lib/libjpeg.dylib

VM Arguments:
jvm_args: -Djava.security.policy=java.policy.applet -Dfile.encoding=UTF-8 
java_command: sun.applet.AppletViewer module1.YelpDataSet1463353337328.html
java_class_path (initial): /Users/gsingh/Documents/workspace/YelpDataSet/bin:/Users/gsingh/Documents/workspace/YelpDataSet/libs/core.jar:/Users/gsingh/Documents/workspace/YelpDataSet/libs/gluegen-rt.jar:/Users/gsingh/Documents/workspace/YelpDataSet/libs/jogl-all.jar:/Users/gsingh/Documents/workspace/YelpDataSet/libs/json4processing.jar:/Users/gsingh/Documents/workspace/YelpDataSet/libs/libTUIO.jar:/Users/gsingh/Documents/workspace/YelpDataSet/libs/log4j-1.2.15.jar:/Users/gsingh/Documents/workspace/YelpDataSet/libs/sqlite-jdbc-3.7.2.jar:/Users/gsingh/Documents/workspace/YelpDataSet/libs/unfolding.0.9.6.jar
Launcher Type: SUN_STANDARD

Environment Variables:
PATH=/usr/bin:/bin:/usr/sbin:/sbin
SHELL=/bin/bash
DISPLAY=/private/tmp/com.apple.launchd.2mpiTaXw1A/org.macosforge.xquartz:0

Signal Handlers:
SIGSEGV: [libjvm.dylib+0x5a68c5], sa_mask[0]=11111111011111110111111111111111, sa_flags=SA_ONSTACK|SA_RESTART|SA_SIGINFO
SIGBUS: [libjvm.dylib+0x5a68c5], sa_mask[0]=11111111011111110111111111111111, sa_flags=SA_RESTART|SA_SIGINFO
SIGFPE: [libjvm.dylib+0x4805d4], sa_mask[0]=11111111011111110111111111111111, sa_flags=SA_RESTART|SA_SIGINFO
SIGPIPE: [libjvm.dylib+0x4805d4], sa_mask[0]=11111111011111110111111111111111, sa_flags=SA_RESTART|SA_SIGINFO
SIGXFSZ: [libjvm.dylib+0x4805d4], sa_mask[0]=11111111011111110111111111111111, sa_flags=SA_RESTART|SA_SIGINFO
SIGILL: [libjvm.dylib+0x4805d4], sa_mask[0]=11111111011111110111111111111111, sa_flags=SA_RESTART|SA_SIGINFO
SIGUSR1: SIG_DFL, sa_mask[0]=00000000000000000000000000000000, sa_flags=none
SIGUSR2: [libjvm.dylib+0x4800f2], sa_mask[0]=00100000000000000000000000000000, sa_flags=SA_RESTART|SA_SIGINFO
SIGHUP: [libjvm.dylib+0x47e6c9], sa_mask[0]=11111111011111110111111111111111, sa_flags=SA_RESTART|SA_SIGINFO
SIGINT: [libjvm.dylib+0x47e6c9], sa_mask[0]=11111111011111110111111111111111, sa_flags=SA_RESTART|SA_SIGINFO
SIGTERM: [libjvm.dylib+0x47e6c9], sa_mask[0]=11111111011111110111111111111111, sa_flags=SA_RESTART|SA_SIGINFO
SIGQUIT: [libjvm.dylib+0x47e6c9], sa_mask[0]=11111111011111110111111111111111, sa_flags=SA_RESTART|SA_SIGINFO


---------------  S Y S T E M  ---------------

OS:Bsduname:Darwin 14.5.0 Darwin Kernel Version 14.5.0: Tue Sep  1 21:23:09 PDT 2015; root:xnu-2782.50.1~1/RELEASE_X86_64 x86_64
rlimit: STACK 8192k, CORE 0k, NPROC 709, NOFILE 10240, AS infinity
load average:3.05 3.01 2.98

CPU:total 4 (2 cores per cpu, 2 threads per core) family 6 model 69 stepping 1, cmov, cx8, fxsr, mmx, sse, sse2, sse3, ssse3, sse4.1, sse4.2, popcnt, avx, avx2, aes, clmul, erms, lzcnt, ht, tsc, tscinvbit, bmi1, bmi2

Memory: 4k page, physical 4194304k(132060k free)

/proc/meminfo:


vm_info: Java HotSpot(TM) 64-Bit Server VM (25.71-b15) for bsd-amd64 JRE (1.8.0_71-b15), built on Dec 22 2015 15:11:44 by "java_re" with gcc 4.2.1 (Based on Apple Inc. build 5658) (LLVM build 2336.11.00)

time: Sun May 15 19:02:31 2016
elapsed time: 13 seconds (0d 0h 0m 13s)

