#
# A fatal error has been detected by the Java Runtime Environment:
#
#  SIGSEGV (0xb) at pc=0x00007fff8afd20dd, pid=79622, tid=1811
#
# JRE version: Java(TM) SE Runtime Environment (8.0_71-b15) (build 1.8.0_71-b15)
# Java VM: Java HotSpot(TM) 64-Bit Server VM (25.71-b15 mixed mode bsd-amd64 compressed oops)
# Problematic frame:
# C  [libobjc.A.dylib+0x10dd]  objc_msgSend+0x1d
#
# Failed to write core dump. Core dumps have been disabled. To enable core dumping, try "ulimit -c unlimited" before starting Java again
#
# If you would like to submit a bug report, please visit:
#   http://bugreport.java.com/bugreport/crash.jsp
# The crash happened outside the Java Virtual Machine in native code.
# See problematic frame for where to report the bug.
#

---------------  T H R E A D  ---------------

Current thread (0x00007fa66287e000):  JavaThread "AWT-AppKit" daemon [_thread_in_native, id=1811, stack(0x00007fff4f7b1000,0x00007fff4ffb1000)]

siginfo: si_signo: 11 (SIGSEGV), si_code: 1 (SEGV_MAPERR), si_addr: 0x0000000000000018

Registers:
RAX=0x00007fa666563bd0, RBX=0x000000017b3743b0, RCX=0x000000012df729c0, RDX=0x000000012df729a0
RSP=0x00007fff4ffac458, RBP=0x00007fff4ffac510, RSI=0x00007fff8635640f, RDI=0x00007fa661c59af0
R8 =0x0000000000000000, R9 =0x0000000000000f50, R10=0x00007fff8635640f, R11=0x0000000000000000
R12=0x0000000000000000, R13=0x000000017cc88d90, R14=0x000000017b3743a0, R15=0x00007fa66287e000
RIP=0x00007fff8afd20dd, EFLAGS=0x0000000000010246, ERR=0x0000000000000004
  TRAPNO=0x000000000000000e

Top of Stack: (sp=0x00007fff4ffac458)
0x00007fff4ffac458:   000000017b3725d7 00007fff4ffac4b0
0x00007fff4ffac468:   0000000000000003 00007fff4ffac490
0x00007fff4ffac478:   00000001107f0d66 000000017cc88d90
0x00007fff4ffac488:   000000017cc88d90 00007fa666563bd0
0x00007fff4ffac498:   000000017b3745c0 000000017b374640
0x00007fff4ffac4a8:   000000017b3743b0 00007fff7464d550
0x00007fff4ffac4b8:   000000017b3745d0 00007fff757fec80
0x00007fff4ffac4c8:   00007fa666563bd0 00007fa661c59af0
0x00007fff4ffac4d8:   00007fa661f19240 00007fa666563bd0
0x00007fff4ffac4e8:   00007fa661c59af0 00007fff4ffac598
0x00007fff4ffac4f8:   00007fa66287e1f8 000000017cc88d90
0x00007fff4ffac508:   00007fff4ffac5c0 00007fff4ffac588
0x00007fff4ffac518:   00000001116a7954 000000017cc88d90
0x00007fff4ffac528:   00007fff4ffac5c0 00007fff4ffac588
0x00007fff4ffac538:   00000001116a76e7 00000001116a76a2
0x00007fff4ffac548:   00007fff4ffac548 000000017cc88d90
0x00007fff4ffac558:   00007fff4ffac5c0 000000017cc8b580
0x00007fff4ffac568:   0000000000000000 000000017cc88d90
0x00007fff4ffac578:   0000000000000000 00007fff4ffac5a8
0x00007fff4ffac588:   00007fff4ffac608 0000000111699c4d
0x00007fff4ffac598:   00000007acb29028 00000001116a1578
0x00007fff4ffac5a8:   00007fa666563bd0 00007fff4ffac608
0x00007fff4ffac5b8:   00007fa661c59af0 00000001116a2d82
0x00007fff4ffac5c8:   00007fff4ffac5c8 000000017cc88f5a
0x00007fff4ffac5d8:   00007fff4ffac630 000000017cc8b580
0x00007fff4ffac5e8:   0000000000000000 000000017cc88f68
0x00007fff4ffac5f8:   00007fff4ffac5a8 00007fff4ffac618
0x00007fff4ffac608:   00007fff4ffac678 0000000111699c4d
0x00007fff4ffac618:   00007fa666563bd0 000000078046a6a8
0x00007fff4ffac628:   00007fa661c59af0 000000078046a6a8
0x00007fff4ffac638:   00007fff4ffac638 0000000181a2bf76
0x00007fff4ffac648:   00007fff4ffac688 0000000181a2c030 

Instructions: (pc=0x00007fff8afd20dd)
0x00007fff8afd20bd:   00 00 00 48 85 ff 2e 74 7a 40 f6 c7 01 2e 75 7e
0x00007fff8afd20cd:   49 bb f8 ff ff ff ff 7f 00 00 4c 23 1f 49 89 f2
0x00007fff8afd20dd:   45 23 53 18 49 c1 e2 04 4d 03 53 10 49 3b 32 75
0x00007fff8afd20ed:   04 41 ff 62 08 49 83 3a 00 74 6a 4d 3b 53 10 74 

Register to memory mapping:

RAX=0x00007fa666563bd0 is an unknown value
RBX=0x000000017b3743b0: Java_jogamp_nativewindow_macosx_OSXUtil_GetScreenRefreshRate0+0x1850 in /private/var/folders/s4/ngcr_7ss02bdrtqp5hllhg2r0000gn/T/jogamp_0000/file_cache/jln4766979413074932101/jln7144654466836037054/libnativewindow_macosx.jnilib at 0x000000017b36d000
RCX=0x000000012df729c0 is an unknown value
RDX=0x000000012df729a0 is an unknown value
RSP=0x00007fff4ffac458 is pointing into the stack for thread: 0x00007fa66287e000
RBP=0x00007fff4ffac510 is pointing into the stack for thread: 0x00007fa66287e000
RSI=0x00007fff8635640f is an unknown value
RDI=0x00007fa661c59af0 is an unknown value
R8 =0x0000000000000000 is an unknown value
R9 =0x0000000000000f50 is an unknown value
R10=0x00007fff8635640f is an unknown value
R11=0x0000000000000000 is an unknown value
R12=0x0000000000000000 is an unknown value
R13={method} {0x000000017cc88d90} 'UnsetJAWTRootSurfaceLayer0' '(JJ)V' in 'jogamp/nativewindow/jawt/macosx/MacOSXJAWTWindow'
R14=0x000000017b3743a0: Java_jogamp_nativewindow_macosx_OSXUtil_GetScreenRefreshRate0+0x1840 in /private/var/folders/s4/ngcr_7ss02bdrtqp5hllhg2r0000gn/T/jogamp_0000/file_cache/jln4766979413074932101/jln7144654466836037054/libnativewindow_macosx.jnilib at 0x000000017b36d000
R15=0x00007fa66287e000 is a thread


Stack: [0x00007fff4f7b1000,0x00007fff4ffb1000],  sp=0x00007fff4ffac458,  free space=8173k
Native frames: (J=compiled Java code, j=interpreted, Vv=VM code, C=native code)
C  [libobjc.A.dylib+0x10dd]  objc_msgSend+0x1d
j  jogamp.nativewindow.jawt.macosx.MacOSXJAWTWindow.UnsetJAWTRootSurfaceLayer0(JJ)V+0
j  jogamp.nativewindow.jawt.macosx.MacOSXJAWTWindow.access$200(JJ)V+2
j  jogamp.nativewindow.jawt.macosx.MacOSXJAWTWindow$1.run()V+38
J 1738 C1 com.jogamp.common.util.RunnableTask.run()V (345 bytes) @ 0x0000000111c2fcd4 [0x0000000111c2fb40+0x194]
v  ~StubRoutines::call_stub
V  [libjvm.dylib+0x2ea59a]
V  [libjvm.dylib+0x3216a3]
V  [libjvm.dylib+0x313e77]
C  [libnativewindow_macosx.jnilib+0x57ae]  Java_jogamp_nativewindow_jawt_macosx_MacOSXJAWTWindow_UnsetJAWTRootSurfaceLayer0+0x2be
C  [Foundation+0x92dd0]  __NSThreadPerformPerform+0x125
C  [CoreFoundation+0x80a01]  __CFRUNLOOP_IS_CALLING_OUT_TO_A_SOURCE0_PERFORM_FUNCTION__+0x11
C  [CoreFoundation+0x72c5c]  __CFRunLoopDoSources0+0x1dc
C  [CoreFoundation+0x721bf]  __CFRunLoopRun+0x39f
C  [CoreFoundation+0x71bd8]  CFRunLoopRunSpecific+0x128
C  [HIToolbox+0x3256f]  RunCurrentEventLoopInMode+0xeb
C  [HIToolbox+0x321ee]  ReceiveNextEventCommon+0xb3
C  [HIToolbox+0x3212b]  _BlockUntilNextEventMatchingListInModeWithFilter+0x47
C  [AppKit+0x918ab]  _DPSNextEvent+0x3d2
C  [AppKit+0x90e58]  -[NSApplication nextEventMatchingMask:untilDate:inMode:dequeue:]+0x15a
C  [libosxapp.dylib+0x23aa]  -[NSApplicationAWT nextEventMatchingMask:untilDate:inMode:dequeue:]+0x7c
C  [AppKit+0x86af3]  -[NSApplication run]+0x252
C  [libosxapp.dylib+0x214d]  +[NSApplicationAWT runAWTLoopWithApp:]+0x9c
C  [libawt_lwawt.dylib+0x4455b]  -[AWTStarter starter:]+0x389
C  [Foundation+0x92dd0]  __NSThreadPerformPerform+0x125
C  [CoreFoundation+0x80a01]  __CFRUNLOOP_IS_CALLING_OUT_TO_A_SOURCE0_PERFORM_FUNCTION__+0x11
C  [CoreFoundation+0x72b8d]  __CFRunLoopDoSources0+0x10d
C  [CoreFoundation+0x721bf]  __CFRunLoopRun+0x39f
C  [CoreFoundation+0x71bd8]  CFRunLoopRunSpecific+0x128
C  [java+0x6463]  CreateExecutionEnvironment+0x367
C  [java+0x21ac]  JLI_Launch+0x7a0
C  [java+0x84c0]  main+0x65
C  [java+0x1a04]  start+0x34
C  0x0000000000000007

Java frames: (J=compiled Java code, j=interpreted, Vv=VM code)
j  jogamp.nativewindow.jawt.macosx.MacOSXJAWTWindow.UnsetJAWTRootSurfaceLayer0(JJ)V+0
j  jogamp.nativewindow.jawt.macosx.MacOSXJAWTWindow.access$200(JJ)V+2
j  jogamp.nativewindow.jawt.macosx.MacOSXJAWTWindow$1.run()V+38
J 1738 C1 com.jogamp.common.util.RunnableTask.run()V (345 bytes) @ 0x0000000111c2fcd4 [0x0000000111c2fb40+0x194]
v  ~StubRoutines::call_stub

---------------  P R O C E S S  ---------------

Java Threads: ( => current thread )
  0x00007fa662617000 JavaThread "Thread-27" [_thread_blocked, id=55599, stack(0x000000017c7b3000,0x000000017c8b3000)]
  0x00007fa662348000 JavaThread "Animation Thread" [_thread_blocked, id=57371, stack(0x000000017b4c4000,0x000000017b5c4000)]
  0x00007fa6639d4800 JavaThread "AWT-EventQueue-1" [_thread_in_native, id=57879, stack(0x000000017b8f3000,0x000000017b9f3000)]
  0x00007fa6639cc800 JavaThread "DestroyJavaVM" [_thread_blocked, id=4867, stack(0x0000000111590000,0x0000000111690000)]
  0x00007fa662218800 JavaThread "AWT-EventQueue-0" [_thread_blocked, id=54815, stack(0x000000012e015000,0x000000012e115000)]
  0x00007fa66219d800 JavaThread "Java2D Disposer" daemon [_thread_blocked, id=50971, stack(0x000000012c963000,0x000000012ca63000)]
  0x00007fa6629be000 JavaThread "Java2D Queue Flusher" daemon [_thread_blocked, id=49671, stack(0x000000012b8e5000,0x000000012b9e5000)]
  0x00007fa6620f7000 JavaThread "AWT-Shutdown" [_thread_blocked, id=28435, stack(0x0000000128e80000,0x0000000128f80000)]
=>0x00007fa66287e000 JavaThread "AWT-AppKit" daemon [_thread_in_native, id=1811, stack(0x00007fff4f7b1000,0x00007fff4ffb1000)]
  0x00007fa662852000 JavaThread "Service Thread" daemon [_thread_blocked, id=18179, stack(0x0000000126e93000,0x0000000126f93000)]
  0x00007fa662831000 JavaThread "C1 CompilerThread2" daemon [_thread_blocked, id=17667, stack(0x0000000126d90000,0x0000000126e90000)]
  0x00007fa662830000 JavaThread "C2 CompilerThread1" daemon [_thread_blocked, id=17155, stack(0x0000000126c8d000,0x0000000126d8d000)]
  0x00007fa662040800 JavaThread "C2 CompilerThread0" daemon [_thread_blocked, id=16643, stack(0x0000000126b8a000,0x0000000126c8a000)]
  0x00007fa66203f800 JavaThread "Signal Dispatcher" daemon [_thread_blocked, id=13331, stack(0x0000000126a87000,0x0000000126b87000)]
  0x00007fa662037800 JavaThread "Finalizer" daemon [_thread_blocked, id=11523, stack(0x0000000125062000,0x0000000125162000)]
  0x00007fa662036800 JavaThread "Reference Handler" daemon [_thread_blocked, id=11011, stack(0x0000000124f5f000,0x000000012505f000)]

Other Threads:
  0x00007fa66281a800 VMThread [stack: 0x0000000124e5c000,0x0000000124f5c000] [id=10499]
  0x00007fa662056000 WatcherThread [stack: 0x0000000126f96000,0x0000000127096000] [id=18691]

VM state:not at safepoint (normal execution)

VM Mutex/Monitor currently owned by a thread: None

Heap:
 PSYoungGen      total 41984K, used 22833K [0x00000007aab00000, 0x00000007afd00000, 0x00000007c0000000)
  eden space 32768K, 60% used [0x00000007aab00000,0x00000007abe34678,0x00000007acb00000)
  from space 9216K, 34% used [0x00000007acb00000,0x00000007ace18090,0x00000007ad400000)
  to   space 9216K, 0% used [0x00000007af400000,0x00000007af400000,0x00000007afd00000)
 ParOldGen       total 44032K, used 18339K [0x0000000780000000, 0x0000000782b00000, 0x00000007aab00000)
  object space 44032K, 41% used [0x0000000780000000,0x00000007811e8c60,0x0000000782b00000)
 Metaspace       used 19005K, capacity 19173K, committed 19456K, reserved 1067008K
  class space    used 1875K, capacity 1949K, committed 2048K, reserved 1048576K

Card table byte_map: [0x0000000120a52000,0x0000000120c53000] byte_map_base: 0x000000011ce52000

Marking Bits: (ParMarkBitMap*) 0x0000000110ee3ea0
 Begin Bits: [0x00000001211b5000, 0x00000001221b5000)
 End Bits:   [0x00000001221b5000, 0x00000001231b5000)

Polling page: 0x000000010fda8000

CodeCache: size=245760Kb used=6919Kb max_used=6935Kb free=238840Kb
 bounds [0x0000000111692000, 0x0000000111d72000, 0x0000000120692000]
 total_blobs=2812 nmethods=1936 adapters=790
 compilation: enabled

Compilation events (10 events):
Event: 24.991 Thread 0x00007fa662040800 2067       4       processing.opengl.PJOGL::depthFunc (11 bytes)
Event: 24.996 Thread 0x00007fa662040800 nmethod 2067 0x00000001119d10d0 code [0x00000001119d1240, 0x00000001119d13a8]
Event: 25.319 Thread 0x00007fa662831000 2068       1       java.awt.Component::isEnabledImpl (5 bytes)
Event: 25.319 Thread 0x00007fa662831000 nmethod 2068 0x00000001119d0d50 code [0x00000001119d0ea0, 0x00000001119d0fb0]
Event: 25.337 Thread 0x00007fa662831000 2069       3       java.util.Stack::empty (13 bytes)
Event: 25.338 Thread 0x00007fa662831000 nmethod 2069 0x0000000111d3d610 code [0x0000000111d3d780, 0x0000000111d3db50]
Event: 25.345 Thread 0x00007fa662830000 2070  s    4       sun.misc.URLClassPath::getNextLoader (88 bytes)
Event: 25.346 Thread 0x00007fa662040800 2071  s!   4       sun.misc.URLClassPath::getLoader (197 bytes)
Event: 25.353 Thread 0x00007fa662830000 nmethod 2070 0x0000000111d3c810 code [0x0000000111d3c980, 0x0000000111d3d0f8]
Event: 25.354 Thread 0x00007fa662040800 nmethod 2071 0x0000000111d554d0 code [0x0000000111d55640, 0x0000000111d55e18]

GC Heap History (10 events):
Event: 6.955 GC heap before
{Heap before GC invocations=3 (full 0):
 PSYoungGen      total 18944K, used 18912K [0x00000007aab00000, 0x00000007ac000000, 0x00000007c0000000)
  eden space 16384K, 100% used [0x00000007aab00000,0x00000007abb00000,0x00000007abb00000)
  from space 2560K, 98% used [0x00000007abd80000,0x00000007abff8020,0x00000007ac000000)
  to   space 2560K, 0% used [0x00000007abb00000,0x00000007abb00000,0x00000007abd80000)
 ParOldGen       total 44032K, used 2514K [0x0000000780000000, 0x0000000782b00000, 0x00000007aab00000)
  object space 44032K, 5% used [0x0000000780000000,0x0000000780274aa0,0x0000000782b00000)
 Metaspace       used 18114K, capacity 18337K, committed 18688K, reserved 1067008K
  class space    used 1849K, capacity 1949K, committed 2048K, reserved 1048576K
Event: 6.973 GC heap after
Heap after GC invocations=3 (full 0):
 PSYoungGen      total 18944K, used 2545K [0x00000007aab00000, 0x00000007ac000000, 0x00000007c0000000)
  eden space 16384K, 0% used [0x00000007aab00000,0x00000007aab00000,0x00000007abb00000)
  from space 2560K, 99% used [0x00000007abb00000,0x00000007abd7c748,0x00000007abd80000)
  to   space 2560K, 0% used [0x00000007abd80000,0x00000007abd80000,0x00000007ac000000)
 ParOldGen       total 44032K, used 9828K [0x0000000780000000, 0x0000000782b00000, 0x00000007aab00000)
  object space 44032K, 22% used [0x0000000780000000,0x0000000780999280,0x0000000782b00000)
 Metaspace       used 18114K, capacity 18337K, committed 18688K, reserved 1067008K
  class space    used 1849K, capacity 1949K, committed 2048K, reserved 1048576K
}
Event: 7.304 GC heap before
{Heap before GC invocations=4 (full 0):
 PSYoungGen      total 18944K, used 18929K [0x00000007aab00000, 0x00000007ac000000, 0x00000007c0000000)
  eden space 16384K, 100% used [0x00000007aab00000,0x00000007abb00000,0x00000007abb00000)
  from space 2560K, 99% used [0x00000007abb00000,0x00000007abd7c748,0x00000007abd80000)
  to   space 2560K, 0% used [0x00000007abd80000,0x00000007abd80000,0x00000007ac000000)
 ParOldGen       total 44032K, used 9828K [0x0000000780000000, 0x0000000782b00000, 0x00000007aab00000)
  object space 44032K, 22% used [0x0000000780000000,0x0000000780999280,0x0000000782b00000)
 Metaspace       used 18288K, capacity 18465K, committed 18688K, reserved 1067008K
  class space    used 1867K, capacity 1949K, committed 2048K, reserved 1048576K
Event: 7.317 GC heap after
Heap after GC invocations=4 (full 0):
 PSYoungGen      total 18944K, used 2545K [0x00000007aab00000, 0x00000007ad000000, 0x00000007c0000000)
  eden space 16384K, 0% used [0x00000007aab00000,0x00000007aab00000,0x00000007abb00000)
  from space 2560K, 99% used [0x00000007abd80000,0x00000007abffc768,0x00000007ac000000)
  to   space 2560K, 0% used [0x00000007abb00000,0x00000007abb00000,0x00000007abd80000)
 ParOldGen       total 44032K, used 12986K [0x0000000780000000, 0x0000000782b00000, 0x00000007aab00000)
  object space 44032K, 29% used [0x0000000780000000,0x0000000780caeb70,0x0000000782b00000)
 Metaspace       used 18288K, capacity 18465K, committed 18688K, reserved 1067008K
  class space    used 1867K, capacity 1949K, committed 2048K, reserved 1048576K
}
Event: 7.513 GC heap before
{Heap before GC invocations=5 (full 0):
 PSYoungGen      total 18944K, used 18892K [0x00000007aab00000, 0x00000007ad000000, 0x00000007c0000000)
  eden space 16384K, 99% used [0x00000007aab00000,0x00000007abaf6a70,0x00000007abb00000)
  from space 2560K, 99% used [0x00000007abd80000,0x00000007abffc768,0x00000007ac000000)
  to   space 2560K, 0% used [0x00000007abb00000,0x00000007abb00000,0x00000007abd80000)
 ParOldGen       total 44032K, used 12986K [0x0000000780000000, 0x0000000782b00000, 0x00000007aab00000)
  object space 44032K, 29% used [0x0000000780000000,0x0000000780caeb70,0x0000000782b00000)
 Metaspace       used 18331K, capacity 18529K, committed 18688K, reserved 1067008K
  class space    used 1867K, capacity 1949K, committed 2048K, reserved 1048576K
Event: 7.521 GC heap after
Heap after GC invocations=5 (full 0):
 PSYoungGen      total 18944K, used 2545K [0x00000007aab00000, 0x00000007add00000, 0x00000007c0000000)
  eden space 16384K, 0% used [0x00000007aab00000,0x00000007aab00000,0x00000007abb00000)
  from space 2560K, 99% used [0x00000007abb00000,0x00000007abd7c788,0x00000007abd80000)
  to   space 9216K, 0% used [0x00000007ad400000,0x00000007ad400000,0x00000007add00000)
 ParOldGen       total 44032K, used 16994K [0x0000000780000000, 0x0000000782b00000, 0x00000007aab00000)
  object space 44032K, 38% used [0x0000000780000000,0x0000000781098bf0,0x0000000782b00000)
 Metaspace       used 18331K, capacity 18529K, committed 18688K, reserved 1067008K
  class space    used 1867K, capacity 1949K, committed 2048K, reserved 1048576K
}
Event: 9.991 GC heap before
{Heap before GC invocations=6 (full 0):
 PSYoungGen      total 18944K, used 18929K [0x00000007aab00000, 0x00000007add00000, 0x00000007c0000000)
  eden space 16384K, 100% used [0x00000007aab00000,0x00000007abb00000,0x00000007abb00000)
  from space 2560K, 99% used [0x00000007abb00000,0x00000007abd7c788,0x00000007abd80000)
  to   space 9216K, 0% used [0x00000007ad400000,0x00000007ad400000,0x00000007add00000)
 ParOldGen       total 44032K, used 16994K [0x0000000780000000, 0x0000000782b00000, 0x00000007aab00000)
  object space 44032K, 38% used [0x0000000780000000,0x0000000781098bf0,0x0000000782b00000)
 Metaspace       used 18664K, capacity 18913K, committed 19200K, reserved 1067008K
  class space    used 1867K, capacity 1949K, committed 2048K, reserved 1048576K
Event: 10.002 GC heap after
Heap after GC invocations=6 (full 0):
 PSYoungGen      total 41984K, used 4433K [0x00000007aab00000, 0x00000007add00000, 0x00000007c0000000)
  eden space 32768K, 0% used [0x00000007aab00000,0x00000007aab00000,0x00000007acb00000)
  from space 9216K, 48% used [0x00000007ad400000,0x00000007ad8547f8,0x00000007add00000)
  to   space 9216K, 0% used [0x00000007acb00000,0x00000007acb00000,0x00000007ad400000)
 ParOldGen       total 44032K, used 17002K [0x0000000780000000, 0x0000000782b00000, 0x00000007aab00000)
  object space 44032K, 38% used [0x0000000780000000,0x000000078109abf0,0x0000000782b00000)
 Metaspace       used 18664K, capacity 18913K, committed 19200K, reserved 1067008K
  class space    used 1867K, capacity 1949K, committed 2048K, reserved 1048576K
}
Event: 19.587 GC heap before
{Heap before GC invocations=7 (full 0):
 PSYoungGen      total 41984K, used 37201K [0x00000007aab00000, 0x00000007add00000, 0x00000007c0000000)
  eden space 32768K, 100% used [0x00000007aab00000,0x00000007acb00000,0x00000007acb00000)
  from space 9216K, 48% used [0x00000007ad400000,0x00000007ad8547f8,0x00000007add00000)
  to   space 9216K, 0% used [0x00000007acb00000,0x00000007acb00000,0x00000007ad400000)
 ParOldGen       total 44032K, used 17002K [0x0000000780000000, 0x0000000782b00000, 0x00000007aab00000)
  object space 44032K, 38% used [0x0000000780000000,0x000000078109abf0,0x0000000782b00000)
 Metaspace       used 18968K, capacity 19173K, committed 19456K, reserved 1067008K
  class space    used 1867K, capacity 1949K, committed 2048K, reserved 1048576K
Event: 19.606 GC heap after
Heap after GC invocations=7 (full 0):
 PSYoungGen      total 41984K, used 3168K [0x00000007aab00000, 0x00000007afd00000, 0x00000007c0000000)
  eden space 32768K, 0% used [0x00000007aab00000,0x00000007aab00000,0x00000007acb00000)
  from space 9216K, 34% used [0x00000007acb00000,0x00000007ace18090,0x00000007ad400000)
  to   space 9216K, 0% used [0x00000007af400000,0x00000007af400000,0x00000007afd00000)
 ParOldGen       total 44032K, used 18339K [0x0000000780000000, 0x0000000782b00000, 0x00000007aab00000)
  object space 44032K, 41% used [0x0000000780000000,0x00000007811e8c60,0x0000000782b00000)
 Metaspace       used 18968K, capacity 19173K, committed 19456K, reserved 1067008K
  class space    used 1867K, capacity 1949K, committed 2048K, reserved 1048576K
}

Deoptimization events (7 events):
Event: 4.935 Thread 0x00007fa662348000 Uncommon trap: reason=unstable_if action=reinterpret pc=0x0000000111862680 method=java.lang.String.toLowerCase(Ljava/util/Locale;)Ljava/lang/String; @ 85
Event: 5.291 Thread 0x00007fa662348000 Uncommon trap: reason=unstable_if action=reinterpret pc=0x0000000111902494 method=java.lang.String.lastIndexOf([CII[CIII)I @ 66
Event: 5.356 Thread 0x00007fa662348000 Uncommon trap: reason=unstable_if action=reinterpret pc=0x00000001118f1254 method=java.lang.String.indexOf([CII[CIII)I @ 3
Event: 5.357 Thread 0x00007fa662348000 Uncommon trap: reason=unstable_if action=reinterpret pc=0x0000000111853a98 method=java.lang.String.indexOf([CII[CIII)I @ 3
Event: 6.579 Thread 0x00007fa6639d4800 Uncommon trap: reason=unstable_if action=reinterpret pc=0x000000011183992c method=java.lang.AbstractStringBuilder.append(Ljava/lang/String;)Ljava/lang/AbstractStringBuilder; @ 1
Event: 6.805 Thread 0x00007fa6639d4800 Uncommon trap: reason=unstable_if action=reinterpret pc=0x0000000111a2533c method=com.jogamp.common.util.IntIntHashMap.get(I)I @ 28
Event: 25.334 Thread 0x00007fa6629cb800 Uncommon trap: reason=unstable_if action=reinterpret pc=0x0000000111ceb6bc method=java.util.HashMap.putVal(ILjava/lang/Object;Ljava/lang/Object;ZZ)Ljava/lang/Object; @ 81

Internal exceptions (10 events):
Event: 0.459 Thread 0x00007fa662802000 Exception <a 'java/lang/NoSuchFieldError': method resolution failed> (0x00000007aad50530) thrown at [/Users/java_re/workspace/8-2-build-macosx-x86_64/jdk8u71/5731/hotspot/src/share/vm/prims/methodHandles.cpp, line 1146]
Event: 0.462 Thread 0x00007fa662802000 Exception <a 'java/lang/NoSuchFieldError': method resolution failed> (0x00000007aad5dd00) thrown at [/Users/java_re/workspace/8-2-build-macosx-x86_64/jdk8u71/5731/hotspot/src/share/vm/prims/methodHandles.cpp, line 1146]
Event: 1.453 Thread 0x00007fa662802000 Exception <a 'java/io/FileNotFoundException'> (0x00000007aadd9e80) thrown at [/Users/java_re/workspace/8-2-build-macosx-x86_64/jdk8u71/5731/hotspot/src/share/vm/prims/jni.cpp, line 709]
Event: 1.453 Thread 0x00007fa662802000 Exception <a 'java/io/FileNotFoundException'> (0x00000007aadda9c8) thrown at [/Users/java_re/workspace/8-2-build-macosx-x86_64/jdk8u71/5731/hotspot/src/share/vm/prims/jni.cpp, line 709]
Event: 1.758 Thread 0x00007fa662802000 Exception <a 'java/io/FileNotFoundException'> (0x00000007aaec4308) thrown at [/Users/java_re/workspace/8-2-build-macosx-x86_64/jdk8u71/5731/hotspot/src/share/vm/prims/jni.cpp, line 709]
Event: 5.250 Thread 0x00007fa662037800 Exception <a 'java/lang/NullPointerException'> (0x00000007aab3c8a0) thrown at [/Users/java_re/workspace/8-2-build-macosx-x86_64/jdk8u71/5731/hotspot/src/share/vm/interpreter/linkResolver.cpp, line 1178]
Event: 5.400 Thread 0x00007fa662348000 Exception <a 'java/lang/UnsatisfiedLinkError': com.jogamp.common.util.JarUtil.fixNativeLibAttribs(Ljava/lang/String;)Z> (0x00000007aafed0d8) thrown at [/Users/java_re/workspace/8-2-build-macosx-x86_64/jdk8u71/5731/hotspot/src/share/vm/prims/nativeLookup.c
Event: 6.578 Thread 0x00007fa6639d4800 Exception <a 'java/io/FileNotFoundException'> (0x00000007ab25cfe8) thrown at [/Users/java_re/workspace/8-2-build-macosx-x86_64/jdk8u71/5731/hotspot/src/share/vm/prims/jni.cpp, line 709]
Event: 6.579 Thread 0x00007fa6639d4800 Exception <a 'java/io/FileNotFoundException'> (0x00000007ab264130) thrown at [/Users/java_re/workspace/8-2-build-macosx-x86_64/jdk8u71/5731/hotspot/src/share/vm/prims/jni.cpp, line 709]
Event: 6.579 Thread 0x00007fa6639d4800 Implicit null exception at 0x00000001118395b5 to 0x0000000111839919

Events (10 events):
Event: 25.348 loading class java/awt/event/AWTEventListenerProxy done
Event: 25.349 loading class java/awt/Toolkit$ToolkitEventMulticaster
Event: 25.349 loading class java/awt/Toolkit$ToolkitEventMulticaster done
Event: 25.349 Executing VM operation: RevokeBias
Event: 25.349 Executing VM operation: RevokeBias done
Event: 25.349 Thread 0x00007fa6629cb800 Thread exited: 0x00007fa6629cb800
Event: 25.350 loading class java/lang/IllegalThreadStateException
Event: 25.350 loading class java/lang/IllegalThreadStateException done
Event: 25.350 loading class java/awt/Window$1DisposeAction
Event: 25.350 loading class java/awt/Window$1DisposeAction done


Dynamic libraries:
0x00000000032e2000 	/System/Library/Frameworks/Cocoa.framework/Versions/A/Cocoa
0x00000000032e2000 	/System/Library/Frameworks/Security.framework/Versions/A/Security
0x00000000032e2000 	/System/Library/Frameworks/ApplicationServices.framework/Versions/A/ApplicationServices
0x00000000032e2000 	/usr/lib/libz.1.dylib
0x00000000032e2000 	/usr/lib/libSystem.B.dylib
0x00000000032e2000 	/usr/lib/libobjc.A.dylib
0x00000000032e2000 	/System/Library/Frameworks/CoreFoundation.framework/Versions/A/CoreFoundation
0x00000000032e2000 	/System/Library/Frameworks/Foundation.framework/Versions/C/Foundation
0x00000000032e2000 	/System/Library/Frameworks/AppKit.framework/Versions/C/AppKit
0x00000000032e2000 	/System/Library/Frameworks/CoreData.framework/Versions/A/CoreData
0x00000000032e2000 	/System/Library/PrivateFrameworks/RemoteViewServices.framework/Versions/A/RemoteViewServices
0x00000000032e2000 	/System/Library/PrivateFrameworks/UIFoundation.framework/Versions/A/UIFoundation
0x00000000032e2000 	/System/Library/Frameworks/IOSurface.framework/Versions/A/IOSurface
0x00000000032e2000 	/System/Library/Frameworks/AudioToolbox.framework/Versions/A/AudioToolbox
0x00000000032e2000 	/System/Library/Frameworks/AudioUnit.framework/Versions/A/AudioUnit
0x00000000032e2000 	/System/Library/PrivateFrameworks/DataDetectorsCore.framework/Versions/A/DataDetectorsCore
0x00000000032e2000 	/System/Library/PrivateFrameworks/DesktopServicesPriv.framework/Versions/A/DesktopServicesPriv
0x00000000032e2000 	/System/Library/Frameworks/Carbon.framework/Versions/A/Frameworks/HIToolbox.framework/Versions/A/HIToolbox
0x00000000032e2000 	/System/Library/Frameworks/QuartzCore.framework/Versions/A/QuartzCore
0x00000000032e2000 	/System/Library/Frameworks/Carbon.framework/Versions/A/Frameworks/SpeechRecognition.framework/Versions/A/SpeechRecognition
0x00000000032e2000 	/usr/lib/libauto.dylib
0x00000000032e2000 	/usr/lib/libicucore.A.dylib
0x00000000032e2000 	/usr/lib/libxml2.2.dylib
0x00000000032e2000 	/System/Library/PrivateFrameworks/CoreUI.framework/Versions/A/CoreUI
0x00000000032e2000 	/System/Library/Frameworks/CoreAudio.framework/Versions/A/CoreAudio
0x00000000032e2000 	/System/Library/Frameworks/DiskArbitration.framework/Versions/A/DiskArbitration
0x00000000032e2000 	/usr/lib/liblangid.dylib
0x00000000032e2000 	/System/Library/PrivateFrameworks/MultitouchSupport.framework/Versions/A/MultitouchSupport
0x00000000032e2000 	/System/Library/Frameworks/IOKit.framework/Versions/A/IOKit
0x00000000032e2000 	/usr/lib/libDiagnosticMessagesClient.dylib
0x00000000032e2000 	/System/Library/Frameworks/CoreServices.framework/Versions/A/CoreServices
0x00000000032e2000 	/System/Library/PrivateFrameworks/PerformanceAnalysis.framework/Versions/A/PerformanceAnalysis
0x00000000032e2000 	/System/Library/PrivateFrameworks/GenerationalStorage.framework/Versions/A/GenerationalStorage
0x00000000032e2000 	/System/Library/Frameworks/OpenGL.framework/Versions/A/OpenGL
0x00000000032e2000 	/System/Library/PrivateFrameworks/Sharing.framework/Versions/A/Sharing
0x00000000032e2000 	/System/Library/Frameworks/CoreGraphics.framework/Versions/A/CoreGraphics
0x00000000032e2000 	/System/Library/Frameworks/CoreText.framework/Versions/A/CoreText
0x00000000032e2000 	/System/Library/Frameworks/ImageIO.framework/Versions/A/ImageIO
0x00000000032e2000 	/usr/lib/libextension.dylib
0x00000000032e2000 	/System/Library/PrivateFrameworks/Backup.framework/Versions/A/Backup
0x00000000032e2000 	/usr/lib/libarchive.2.dylib
0x00000000032e2000 	/System/Library/Frameworks/CFNetwork.framework/Versions/A/CFNetwork
0x00000000032e2000 	/System/Library/Frameworks/SystemConfiguration.framework/Versions/A/SystemConfiguration
0x00000000032e2000 	/usr/lib/libCRFSuite.dylib
0x00000000032e2000 	/usr/lib/libc++.1.dylib
0x00000000032e2000 	/usr/lib/libc++abi.dylib
0x00000000032e2000 	/usr/lib/system/libcache.dylib
0x00000000032e2000 	/usr/lib/system/libcommonCrypto.dylib
0x00000000032e2000 	/usr/lib/system/libcompiler_rt.dylib
0x00000000032e2000 	/usr/lib/system/libcopyfile.dylib
0x00000000032e2000 	/usr/lib/system/libcorecrypto.dylib
0x00000000032e2000 	/usr/lib/system/libdispatch.dylib
0x00000000032e2000 	/usr/lib/system/libdyld.dylib
0x00000000032e2000 	/usr/lib/system/libkeymgr.dylib
0x00000000032e2000 	/usr/lib/system/liblaunch.dylib
0x00000000032e2000 	/usr/lib/system/libmacho.dylib
0x00000000032e2000 	/usr/lib/system/libquarantine.dylib
0x00000000032e2000 	/usr/lib/system/libremovefile.dylib
0x00000000032e2000 	/usr/lib/system/libsystem_asl.dylib
0x00000000032e2000 	/usr/lib/system/libsystem_blocks.dylib
0x00000000032e2000 	/usr/lib/system/libsystem_c.dylib
0x00000000032e2000 	/usr/lib/system/libsystem_configuration.dylib
0x00000000032e2000 	/usr/lib/system/libsystem_coreservices.dylib
0x00000000032e2000 	/usr/lib/system/libsystem_coretls.dylib
0x00000000032e2000 	/usr/lib/system/libsystem_dnssd.dylib
0x00000000032e2000 	/usr/lib/system/libsystem_info.dylib
0x00000000032e2000 	/usr/lib/system/libsystem_kernel.dylib
0x00000000032e2000 	/usr/lib/system/libsystem_m.dylib
0x00000000032e2000 	/usr/lib/system/libsystem_malloc.dylib
0x00000000032e2000 	/usr/lib/system/libsystem_network.dylib
0x00000000032e2000 	/usr/lib/system/libsystem_networkextension.dylib
0x00000000032e2000 	/usr/lib/system/libsystem_notify.dylib
0x00000000032e2000 	/usr/lib/system/libsystem_platform.dylib
0x00000000032e2000 	/usr/lib/system/libsystem_pthread.dylib
0x00000000032e2000 	/usr/lib/system/libsystem_sandbox.dylib
0x00000000032e2000 	/usr/lib/system/libsystem_secinit.dylib
0x00000000032e2000 	/usr/lib/system/libsystem_stats.dylib
0x00000000032e2000 	/usr/lib/system/libsystem_trace.dylib
0x00000000032e2000 	/usr/lib/system/libunc.dylib
0x00000000032e2000 	/usr/lib/system/libunwind.dylib
0x00000000032e2000 	/usr/lib/system/libxpc.dylib
0x00000000032e2000 	/usr/lib/libbz2.1.0.dylib
0x00000000032e2000 	/usr/lib/liblzma.5.dylib
0x00000000032e2000 	/usr/lib/libbsm.0.dylib
0x00000000032e2000 	/usr/lib/libsqlite3.dylib
0x00000000032e2000 	/usr/lib/system/libkxld.dylib
0x00000000032e2000 	/usr/lib/libxar.1.dylib
0x00000000032e2000 	/usr/lib/libpam.2.dylib
0x00000000032e2000 	/usr/lib/libOpenScriptingUtil.dylib
0x00000000032e2000 	/System/Library/Frameworks/CoreServices.framework/Versions/A/Frameworks/FSEvents.framework/Versions/A/FSEvents
0x00000000032e2000 	/System/Library/Frameworks/CoreServices.framework/Versions/A/Frameworks/CarbonCore.framework/Versions/A/CarbonCore
0x00000000032e2000 	/System/Library/Frameworks/CoreServices.framework/Versions/A/Frameworks/Metadata.framework/Versions/A/Metadata
0x00000000032e2000 	/System/Library/Frameworks/CoreServices.framework/Versions/A/Frameworks/OSServices.framework/Versions/A/OSServices
0x00000000032e2000 	/System/Library/Frameworks/CoreServices.framework/Versions/A/Frameworks/SearchKit.framework/Versions/A/SearchKit
0x00000000032e2000 	/System/Library/Frameworks/CoreServices.framework/Versions/A/Frameworks/AE.framework/Versions/A/AE
0x00000000032e2000 	/System/Library/Frameworks/CoreServices.framework/Versions/A/Frameworks/LaunchServices.framework/Versions/A/LaunchServices
0x00000000032e2000 	/System/Library/Frameworks/CoreServices.framework/Versions/A/Frameworks/DictionaryServices.framework/Versions/A/DictionaryServices
0x00000000032e2000 	/System/Library/Frameworks/NetFS.framework/Versions/A/NetFS
0x00000000032e2000 	/System/Library/PrivateFrameworks/NetAuth.framework/Versions/A/NetAuth
0x00000000032e2000 	/System/Library/PrivateFrameworks/login.framework/Versions/A/Frameworks/loginsupport.framework/Versions/A/loginsupport
0x00000000032e2000 	/System/Library/PrivateFrameworks/TCC.framework/Versions/A/TCC
0x00000000032e2000 	/usr/lib/libmecabra.dylib
0x00000000032e2000 	/System/Library/Frameworks/ApplicationServices.framework/Versions/A/Frameworks/ATS.framework/Versions/A/ATS
0x00000000032e2000 	/System/Library/Frameworks/ApplicationServices.framework/Versions/A/Frameworks/ColorSync.framework/Versions/A/ColorSync
0x00000000032e2000 	/System/Library/Frameworks/ApplicationServices.framework/Versions/A/Frameworks/HIServices.framework/Versions/A/HIServices
0x00000000032e2000 	/System/Library/Frameworks/ApplicationServices.framework/Versions/A/Frameworks/LangAnalysis.framework/Versions/A/LangAnalysis
0x00000000032e2000 	/System/Library/Frameworks/ApplicationServices.framework/Versions/A/Frameworks/PrintCore.framework/Versions/A/PrintCore
0x00000000032e2000 	/System/Library/Frameworks/ApplicationServices.framework/Versions/A/Frameworks/QD.framework/Versions/A/QD
0x00000000032e2000 	/System/Library/Frameworks/ApplicationServices.framework/Versions/A/Frameworks/SpeechSynthesis.framework/Versions/A/SpeechSynthesis
0x00000000032e2000 	/System/Library/Frameworks/Accelerate.framework/Versions/A/Accelerate
0x00000000032e2000 	/System/Library/Frameworks/Accelerate.framework/Versions/A/Frameworks/vImage.framework/Versions/A/vImage
0x00000000032e2000 	/System/Library/Frameworks/Accelerate.framework/Versions/A/Frameworks/vecLib.framework/Versions/A/vecLib
0x00000000032e2000 	/System/Library/Frameworks/Accelerate.framework/Versions/A/Frameworks/vecLib.framework/Versions/A/libvDSP.dylib
0x00000000032e2000 	/System/Library/Frameworks/Accelerate.framework/Versions/A/Frameworks/vecLib.framework/Versions/A/libvMisc.dylib
0x00000000032e2000 	/System/Library/Frameworks/Accelerate.framework/Versions/A/Frameworks/vecLib.framework/Versions/A/libLAPACK.dylib
0x00000000032e2000 	/System/Library/Frameworks/Accelerate.framework/Versions/A/Frameworks/vecLib.framework/Versions/A/libBLAS.dylib
0x00000000032e2000 	/System/Library/Frameworks/Accelerate.framework/Versions/A/Frameworks/vecLib.framework/Versions/A/libLinearAlgebra.dylib
0x00000000032e2000 	/System/Library/Frameworks/ApplicationServices.framework/Versions/A/Frameworks/ATS.framework/Versions/A/Resources/libFontParser.dylib
0x00000000032e2000 	/System/Library/Frameworks/ApplicationServices.framework/Versions/A/Frameworks/ATS.framework/Versions/A/Resources/libFontRegistry.dylib
0x00000000032e2000 	/System/Library/PrivateFrameworks/AppleVPA.framework/Versions/A/AppleVPA
0x00000000032e2000 	/System/Library/PrivateFrameworks/AppleJPEG.framework/Versions/A/AppleJPEG
0x00000000032e2000 	/System/Library/Frameworks/ImageIO.framework/Versions/A/Resources/libJPEG.dylib
0x00000000032e2000 	/System/Library/Frameworks/ImageIO.framework/Versions/A/Resources/libTIFF.dylib
0x00000000032e2000 	/System/Library/Frameworks/ImageIO.framework/Versions/A/Resources/libPng.dylib
0x00000000032e2000 	/System/Library/Frameworks/ImageIO.framework/Versions/A/Resources/libGIF.dylib
0x00000000032e2000 	/System/Library/Frameworks/ImageIO.framework/Versions/A/Resources/libJP2.dylib
0x00000000032e2000 	/System/Library/Frameworks/ImageIO.framework/Versions/A/Resources/libRadiance.dylib
0x00000000032e2000 	/System/Library/Frameworks/CoreVideo.framework/Versions/A/CoreVideo
0x00000000032e2000 	/System/Library/Frameworks/OpenGL.framework/Versions/A/Libraries/libGLU.dylib
0x00000000032e2000 	/System/Library/Frameworks/OpenGL.framework/Versions/A/Libraries/libGFXShared.dylib
0x00000000032e2000 	/System/Library/Frameworks/OpenGL.framework/Versions/A/Libraries/libGL.dylib
0x00000000032e2000 	/System/Library/Frameworks/OpenGL.framework/Versions/A/Libraries/libGLImage.dylib
0x00000000032e2000 	/System/Library/Frameworks/OpenGL.framework/Versions/A/Libraries/libCVMSPluginSupport.dylib
0x00000000032e2000 	/System/Library/Frameworks/OpenGL.framework/Versions/A/Libraries/libCoreVMClient.dylib
0x00000000032e2000 	/usr/lib/libcups.2.dylib
0x00000000032e2000 	/System/Library/Frameworks/Kerberos.framework/Versions/A/Kerberos
0x00000000032e2000 	/System/Library/Frameworks/GSS.framework/Versions/A/GSS
0x00000000032e2000 	/usr/lib/libresolv.9.dylib
0x00000000032e2000 	/usr/lib/libiconv.2.dylib
0x00000000032e2000 	/System/Library/PrivateFrameworks/Heimdal.framework/Versions/A/Heimdal
0x00000000032e2000 	/usr/lib/libheimdal-asn1.dylib
0x00000000032e2000 	/System/Library/Frameworks/OpenDirectory.framework/Versions/A/OpenDirectory
0x00000000032e2000 	/System/Library/PrivateFrameworks/CommonAuth.framework/Versions/A/CommonAuth
0x00000000032e2000 	/System/Library/Frameworks/OpenDirectory.framework/Versions/A/Frameworks/CFOpenDirectory.framework/Versions/A/CFOpenDirectory
0x00000000032e2000 	/System/Library/Frameworks/SecurityFoundation.framework/Versions/A/SecurityFoundation
0x00000000032e2000 	/System/Library/PrivateFrameworks/LanguageModeling.framework/Versions/A/LanguageModeling
0x00000000032e2000 	/usr/lib/libcmph.dylib
0x00000000032e2000 	/System/Library/Frameworks/ServiceManagement.framework/Versions/A/ServiceManagement
0x00000000032e2000 	/usr/lib/libxslt.1.dylib
0x00000000032e2000 	/System/Library/Frameworks/Carbon.framework/Versions/A/Frameworks/Ink.framework/Versions/A/Ink
0x00000000032e2000 	/System/Library/Frameworks/QuartzCore.framework/Versions/A/Frameworks/CoreImage.framework/Versions/A/CoreImage
0x00000000032e2000 	/System/Library/PrivateFrameworks/CrashReporterSupport.framework/Versions/A/CrashReporterSupport
0x00000000032e2000 	/System/Library/Frameworks/OpenCL.framework/Versions/A/OpenCL
0x00000000032e2000 	/System/Library/PrivateFrameworks/FaceCore.framework/Versions/A/FaceCore
0x00000000032e2000 	/System/Library/PrivateFrameworks/Ubiquity.framework/Versions/A/Ubiquity
0x00000000032e2000 	/System/Library/PrivateFrameworks/IconServices.framework/Versions/A/IconServices
0x00000000032e2000 	/System/Library/PrivateFrameworks/ChunkingLibrary.framework/Versions/A/ChunkingLibrary
0x00000000032e2000 	/System/Library/PrivateFrameworks/Apple80211.framework/Versions/A/Apple80211
0x00000000032e2000 	/System/Library/Frameworks/CoreWLAN.framework/Versions/A/CoreWLAN
0x00000000032e2000 	/System/Library/Frameworks/IOBluetooth.framework/Versions/A/IOBluetooth
0x00000000032e2000 	/System/Library/PrivateFrameworks/CoreWiFi.framework/Versions/A/CoreWiFi
0x00000000032e2000 	/System/Library/Frameworks/CoreBluetooth.framework/Versions/A/CoreBluetooth
0x00000000032e2000 	/System/Library/PrivateFrameworks/DebugSymbols.framework/Versions/A/DebugSymbols
0x00000000032e2000 	/System/Library/PrivateFrameworks/CoreSymbolication.framework/Versions/A/CoreSymbolication
0x00000000032e2000 	/System/Library/PrivateFrameworks/Symbolication.framework/Versions/A/Symbolication
0x00000000032e2000 	/System/Library/PrivateFrameworks/SpeechRecognitionCore.framework/Versions/A/SpeechRecognitionCore
0x0000000110600000 	/Library/Java/JavaVirtualMachines/jdk1.8.0_71.jdk/Contents/Home/jre/lib/server/libjvm.dylib
0x00000000032e2000 	/usr/lib/libstdc++.6.dylib
0x000000010fd65000 	/Library/Java/JavaVirtualMachines/jdk1.8.0_71.jdk/Contents/Home/jre/lib/libverify.dylib
0x000000010fd73000 	/Library/Java/JavaVirtualMachines/jdk1.8.0_71.jdk/Contents/Home/jre/lib/libjava.dylib
0x000000010fdb2000 	/Library/Java/JavaVirtualMachines/jdk1.8.0_71.jdk/Contents/Home/jre/lib/libzip.dylib
0x0000000125164000 	/System/Library/Frameworks/JavaVM.framework/Frameworks/JavaRuntimeSupport.framework/JavaRuntimeSupport
0x000000012517c000 	/System/Library/Frameworks/JavaVM.framework/Versions/A/Frameworks/JavaNativeFoundation.framework/Versions/A/JavaNativeFoundation
0x0000000125191000 	/System/Library/Frameworks/JavaVM.framework/Versions/A/JavaVM
0x00000000032e2000 	/System/Library/Frameworks/Carbon.framework/Versions/A/Carbon
0x000000012519e000 	/System/Library/PrivateFrameworks/JavaLaunching.framework/Versions/A/JavaLaunching
0x00000000032e2000 	/System/Library/Frameworks/Carbon.framework/Versions/A/Frameworks/CommonPanels.framework/Versions/A/CommonPanels
0x00000000032e2000 	/System/Library/Frameworks/Carbon.framework/Versions/A/Frameworks/Help.framework/Versions/A/Help
0x00000000032e2000 	/System/Library/Frameworks/Carbon.framework/Versions/A/Frameworks/ImageCapture.framework/Versions/A/ImageCapture
0x00000000032e2000 	/System/Library/Frameworks/Carbon.framework/Versions/A/Frameworks/OpenScripting.framework/Versions/A/OpenScripting
0x00000000032e2000 	/System/Library/Frameworks/Carbon.framework/Versions/A/Frameworks/Print.framework/Versions/A/Print
0x00000000032e2000 	/System/Library/Frameworks/Carbon.framework/Versions/A/Frameworks/SecurityHI.framework/Versions/A/SecurityHI
0x00000001270cc000 	/Library/Java/JavaVirtualMachines/jdk1.8.0_71.jdk/Contents/Home/jre/lib/libawt.dylib
0x0000000127174000 	/Library/Java/JavaVirtualMachines/jdk1.8.0_71.jdk/Contents/Home/jre/lib/./libmlib_image.dylib
0x0000000127240000 	/Library/Java/JavaVirtualMachines/jdk1.8.0_71.jdk/Contents/Home/jre/lib/libawt_lwawt.dylib
0x00000001272f5000 	/Library/Java/JavaVirtualMachines/jdk1.8.0_71.jdk/Contents/Home/jre/lib/./libosxapp.dylib
0x00000000032e2000 	/System/Library/Frameworks/ExceptionHandling.framework/Versions/A/ExceptionHandling
0x00000000032e2000 	/System/Library/PrivateFrameworks/CoreServicesInternal.framework/Versions/A/CoreServicesInternal
0x00000000032e2000 	/System/Library/PrivateFrameworks/CloudDocs.framework/Versions/A/CloudDocs
0x00000000032e2000 	/System/Library/PrivateFrameworks/CoreDuet.framework/Versions/A/CoreDuet
0x00000000032e2000 	/System/Library/Frameworks/CloudKit.framework/Versions/A/CloudKit
0x00000000032e2000 	/System/Library/PrivateFrameworks/ProtocolBuffer.framework/Versions/A/ProtocolBuffer
0x00000000032e2000 	/System/Library/PrivateFrameworks/CoreDuetDaemonProtocol.framework/Versions/A/CoreDuetDaemonProtocol
0x00000000032e2000 	/System/Library/PrivateFrameworks/CoreDuetDebugLogging.framework/Versions/A/CoreDuetDebugLogging
0x00000000032e2000 	/System/Library/PrivateFrameworks/MMCS.framework/Versions/A/MMCS
0x00000000032e2000 	/System/Library/Frameworks/CoreLocation.framework/Versions/A/CoreLocation
0x00000000032e2000 	/System/Library/PrivateFrameworks/ProtectedCloudStorage.framework/Versions/A/ProtectedCloudStorage
0x00000000032e2000 	/System/Library/PrivateFrameworks/GeoServices.framework/Versions/A/GeoServices
0x00000000032e2000 	/System/Library/Frameworks/CoreGraphics.framework/Versions/A/Resources/libCGCMS.A.dylib
0x00000000032e2000 	/System/Library/Frameworks/CoreGraphics.framework/Versions/A/Resources/libRIP.A.dylib
0x00000000032e2000 	/System/Library/Frameworks/CoreGraphics.framework/Versions/A/Resources/libCGXType.A.dylib
0x00000000032e2000 	/System/Library/Frameworks/OpenCL.framework/Versions/A/Libraries/libcldcpuengine.dylib
0x00000000032e2000 	/System/Library/PrivateFrameworks/DiskImages.framework/Versions/A/DiskImages
0x00000000032e2000 	/System/Library/Frameworks/DiscRecording.framework/Versions/A/DiscRecording
0x00000000032e2000 	/usr/lib/libcsfde.dylib
0x00000000032e2000 	/usr/lib/libcurl.4.dylib
0x00000000032e2000 	/System/Library/PrivateFrameworks/MediaKit.framework/Versions/A/MediaKit
0x00000000032e2000 	/usr/lib/libCoreStorage.dylib
0x00000000032e2000 	/System/Library/PrivateFrameworks/EFILogin.framework/Versions/A/EFILogin
0x00000000032e2000 	/usr/lib/libutil.dylib
0x00000000032e2000 	/System/Library/PrivateFrameworks/FindMyDevice.framework/Versions/A/FindMyDevice
0x00000000032e2000 	/System/Library/Frameworks/LDAP.framework/Versions/A/LDAP
0x00000000032e2000 	/usr/lib/libsasl2.2.dylib
0x00000000032e2000 	/System/Library/PrivateFrameworks/CoreDaemon.framework/Versions/B/CoreDaemon
0x00000000032e2000 	/usr/lib/libcrypto.0.9.8.dylib
0x00000000032e2000 	/System/Library/PrivateFrameworks/AppleSRP.framework/Versions/A/AppleSRP
0x00000000032e2000 	/System/Library/PrivateFrameworks/TrustEvaluationAgent.framework/Versions/A/TrustEvaluationAgent
0x000000012a5f2000 	cl_kernels
0x000000012a5f4000 	/System/Library/Frameworks/OpenCL.framework/Versions/A/Libraries/ImageFormats/unorm8_bgra.dylib
0x000000012a5e3000 	cl_kernels
0x00000000032e2000 	/System/Library/PrivateFrameworks/FamilyControls.framework/Versions/A/FamilyControls
0x00000000032e2000 	/System/Library/PrivateFrameworks/CommerceKit.framework/Versions/A/Frameworks/CommerceCore.framework/Versions/A/CommerceCore
0x00000000032e2000 	/System/Library/PrivateFrameworks/SystemAdministration.framework/Versions/A/SystemAdministration
0x00000000032e2000 	/System/Library/PrivateFrameworks/AppContainer.framework/Versions/A/AppContainer
0x00000000032e2000 	/System/Library/PrivateFrameworks/SecCodeWrapper.framework/Versions/A/SecCodeWrapper
0x00000000032e2000 	/System/Library/Frameworks/DirectoryService.framework/Versions/A/DirectoryService
0x00000000032e2000 	/System/Library/PrivateFrameworks/LoginUIKit.framework/Versions/A/Frameworks/LoginUICore.framework/Versions/A/LoginUICore
0x00000000032e2000 	/usr/lib/libodfde.dylib
0x00000000032e2000 	/System/Library/Frameworks/OpenGL.framework/Versions/A/Resources/GLEngine.bundle/GLEngine
0x00000000032e2000 	/System/Library/Frameworks/OpenGL.framework/Versions/A/Libraries/libGLProgrammability.dylib
0x000000012b9e7000 	/System/Library/Extensions/AppleIntelHD5000GraphicsGLDriver.bundle/Contents/MacOS/AppleIntelHD5000GraphicsGLDriver
0x00000000032e2000 	/System/Library/PrivateFrameworks/IOAccelerator.framework/Versions/A/IOAccelerator
0x00000000032e2000 	/System/Library/PrivateFrameworks/GPUSupport.framework/Versions/A/Libraries/libGPUSupportMercury.dylib
0x00000000032e2000 	/System/Library/Frameworks/OpenGL.framework/Versions/A/Resources/GLRendererFloat.bundle/GLRendererFloat
0x000000012ced4000 	/Library/Java/JavaVirtualMachines/jdk1.8.0_71.jdk/Contents/Home/jre/lib/libfontmanager.dylib
0x000000012e117000 	/Library/Java/JavaVirtualMachines/jdk1.8.0_71.jdk/Contents/Home/jre/lib/libosxui.dylib
0x000000012e210000 	/Library/Java/JavaVirtualMachines/jdk1.8.0_71.jdk/Contents/Home/jre/lib/libnet.dylib
0x000000012e15d000 	/Library/Java/JavaVirtualMachines/jdk1.8.0_71.jdk/Contents/Home/jre/lib/libnio.dylib
0x00000000032e2000 	/System/Library/Frameworks/ApplicationServices.framework/Versions/A/Frameworks/ATS.framework/Versions/A/Resources/libTrueTypeScaler.dylib
0x000000017b366000 	/private/var/folders/s4/ngcr_7ss02bdrtqp5hllhg2r0000gn/T/jogamp_0000/file_cache/jln4766979413074932101/jln7144654466836037054/libgluegen-rt.jnilib
0x000000012e1b6000 	/private/var/folders/s4/ngcr_7ss02bdrtqp5hllhg2r0000gn/T/jogamp_0000/file_cache/jln4766979413074932101/jln7144654466836037054/libnativewindow_awt.jnilib
0x000000017b36a000 	/Library/Java/JavaVirtualMachines/jdk1.8.0_71.jdk/Contents/Home/jre/lib/libjawt.dylib
0x000000017b36d000 	/private/var/folders/s4/ngcr_7ss02bdrtqp5hllhg2r0000gn/T/jogamp_0000/file_cache/jln4766979413074932101/jln7144654466836037054/libnativewindow_macosx.jnilib
0x000000017cb23000 	/private/var/folders/s4/ngcr_7ss02bdrtqp5hllhg2r0000gn/T/jogamp_0000/file_cache/jln4766979413074932101/jln7144654466836037054/libjogl_desktop.jnilib
0x00000001822a6000 	/Library/Java/JavaVirtualMachines/jdk1.8.0_71.jdk/Contents/Home/jre/lib/libjpeg.dylib

VM Arguments:
jvm_args: -Djava.security.policy=java.policy.applet -Dfile.encoding=UTF-8 
java_command: sun.applet.AppletViewer module1.YelpDataSet1463345867870.html
java_class_path (initial): /Users/gsingh/Documents/workspace/YelpDataSet/bin:/Users/gsingh/Documents/workspace/YelpDataSet/libs/core.jar:/Users/gsingh/Documents/workspace/YelpDataSet/libs/gluegen-rt.jar:/Users/gsingh/Documents/workspace/YelpDataSet/libs/jogl-all.jar:/Users/gsingh/Documents/workspace/YelpDataSet/libs/json4processing.jar:/Users/gsingh/Documents/workspace/YelpDataSet/libs/libTUIO.jar:/Users/gsingh/Documents/workspace/YelpDataSet/libs/log4j-1.2.15.jar:/Users/gsingh/Documents/workspace/YelpDataSet/libs/sqlite-jdbc-3.7.2.jar:/Users/gsingh/Documents/workspace/YelpDataSet/libs/unfolding.0.9.6.jar
Launcher Type: SUN_STANDARD

Environment Variables:
PATH=/usr/bin:/bin:/usr/sbin:/sbin
SHELL=/bin/bash
DISPLAY=/private/tmp/com.apple.launchd.2mpiTaXw1A/org.macosforge.xquartz:0

Signal Handlers:
SIGSEGV: [libjvm.dylib+0x5a68c5], sa_mask[0]=11111111011111110111111111111111, sa_flags=SA_ONSTACK|SA_RESTART|SA_SIGINFO
SIGBUS: [libjvm.dylib+0x5a68c5], sa_mask[0]=11111111011111110111111111111111, sa_flags=SA_RESTART|SA_SIGINFO
SIGFPE: [libjvm.dylib+0x4805d4], sa_mask[0]=11111111011111110111111111111111, sa_flags=SA_RESTART|SA_SIGINFO
SIGPIPE: [libjvm.dylib+0x4805d4], sa_mask[0]=11111111011111110111111111111111, sa_flags=SA_RESTART|SA_SIGINFO
SIGXFSZ: [libjvm.dylib+0x4805d4], sa_mask[0]=11111111011111110111111111111111, sa_flags=SA_RESTART|SA_SIGINFO
SIGILL: [libjvm.dylib+0x4805d4], sa_mask[0]=11111111011111110111111111111111, sa_flags=SA_RESTART|SA_SIGINFO
SIGUSR1: SIG_DFL, sa_mask[0]=00000000000000000000000000000000, sa_flags=none
SIGUSR2: [libjvm.dylib+0x4800f2], sa_mask[0]=00100000000000000000000000000000, sa_flags=SA_RESTART|SA_SIGINFO
SIGHUP: [libjvm.dylib+0x47e6c9], sa_mask[0]=11111111011111110111111111111111, sa_flags=SA_RESTART|SA_SIGINFO
SIGINT: [libjvm.dylib+0x47e6c9], sa_mask[0]=11111111011111110111111111111111, sa_flags=SA_RESTART|SA_SIGINFO
SIGTERM: [libjvm.dylib+0x47e6c9], sa_mask[0]=11111111011111110111111111111111, sa_flags=SA_RESTART|SA_SIGINFO
SIGQUIT: [libjvm.dylib+0x47e6c9], sa_mask[0]=11111111011111110111111111111111, sa_flags=SA_RESTART|SA_SIGINFO


---------------  S Y S T E M  ---------------

OS:Bsduname:Darwin 14.5.0 Darwin Kernel Version 14.5.0: Tue Sep  1 21:23:09 PDT 2015; root:xnu-2782.50.1~1/RELEASE_X86_64 x86_64
rlimit: STACK 8192k, CORE 0k, NPROC 709, NOFILE 10240, AS infinity
load average:3.08 2.55 2.44

CPU:total 4 (2 cores per cpu, 2 threads per core) family 6 model 69 stepping 1, cmov, cx8, fxsr, mmx, sse, sse2, sse3, ssse3, sse4.1, sse4.2, popcnt, avx, avx2, aes, clmul, erms, lzcnt, ht, tsc, tscinvbit, bmi1, bmi2

Memory: 4k page, physical 4194304k(105696k free)

/proc/meminfo:


vm_info: Java HotSpot(TM) 64-Bit Server VM (25.71-b15) for bsd-amd64 JRE (1.8.0_71-b15), built on Dec 22 2015 15:11:44 by "java_re" with gcc 4.2.1 (Based on Apple Inc. build 5658) (LLVM build 2336.11.00)

time: Sun May 15 16:58:13 2016
elapsed time: 25 seconds (0d 0h 0m 25s)

